2024-06-10 22:36:07,099 - textile_logger - INFO - [tui] starting textile
2024-06-10 22:36:08,046 - textile_logger - INFO - [text_agents] successfully loaded spacy
2024-06-10 22:36:08,078 - textile_logger - INFO - [text_agents] NLP model applied
2024-06-10 22:36:08,090 - textile_logger - INFO - [text_agents] analyzed text
2024-06-10 22:36:08,111 - textile_logger - INFO - [nouns_table] refreshing cache
2024-06-10 22:36:08,287 - textile_logger - INFO - [nouns_table] already available Name
2024-06-10 22:36:08,287 - textile_logger - INFO - [nouns_table] already available Jahren
2024-06-10 22:36:08,288 - textile_logger - INFO - [nouns_table] already available Jahre
2024-06-10 22:36:08,288 - textile_logger - INFO - [nouns_table] already available Geschwister
2024-06-10 22:36:08,288 - textile_logger - INFO - [nouns_table] already available Schwester
2024-06-10 22:36:08,289 - textile_logger - INFO - [nouns_table] already available Bruder
2024-06-10 22:36:08,289 - textile_logger - INFO - [nouns_table] already available Eltern
2024-06-10 22:36:08,290 - textile_logger - INFO - [nouns_table] already available Haus
2024-06-10 22:36:08,290 - textile_logger - INFO - [nouns_table] already available Nähe
2024-06-10 22:36:08,291 - textile_logger - INFO - [nouns_table] already available Mutter
2024-06-10 22:36:08,291 - textile_logger - INFO - [nouns_table] already available Köchin
2024-06-10 22:36:08,291 - textile_logger - INFO - [nouns_table] already available Vater
2024-06-10 22:36:08,292 - textile_logger - INFO - [nouns_table] already available Bank
2024-06-10 22:36:08,292 - textile_logger - INFO - [nouns_table] already available Richter
2024-06-10 22:36:08,293 - textile_logger - INFO - [nouns_table] already available Monat
2024-06-10 22:36:08,293 - textile_logger - INFO - [nouns_table] already available Gericht
2024-06-10 22:36:08,294 - textile_logger - INFO - [nouns_table] already available Fall
2024-06-10 22:36:08,294 - textile_logger - INFO - [nouns_table] already available Staatsanwalt
2024-06-10 22:36:08,294 - textile_logger - INFO - [nouns_table] already available Strafprozess
2024-06-10 22:36:08,295 - textile_logger - INFO - [nouns_table] already available Strafe
2024-06-10 22:36:08,295 - textile_logger - INFO - [nouns_table] already available Geschäftsunterlagen
2024-06-10 22:36:08,296 - textile_logger - INFO - [nouns_table] already available Stadt
2024-06-10 22:36:08,296 - textile_logger - INFO - [nouns_table] already available Verbotenes
2024-06-10 22:36:08,297 - textile_logger - INFO - [nouns_table] already available Wahl
2024-06-10 22:36:08,297 - textile_logger - INFO - [nouns_table] already available Land
2024-06-10 22:36:08,297 - textile_logger - INFO - [nouns_table] already available Januar
2024-06-10 22:36:08,298 - textile_logger - INFO - [nouns_table] already available Präsident
2024-06-10 22:36:08,298 - textile_logger - INFO - [nouns_table] already available Gerichtstermin
2024-06-10 22:36:08,299 - textile_logger - INFO - [nouns_table] already available Wahrheit
2024-06-10 22:36:08,299 - textile_logger - INFO - [nouns_table] already available  Bündnis
2024-06-10 22:36:08,300 - textile_logger - INFO - [nouns_table] already available Mitgliedsländer
2024-06-10 22:36:08,300 - textile_logger - INFO - [nouns_table] already available  Quartier
2024-06-10 22:36:08,300 - textile_logger - INFO - [nouns_table] already available Hauptquartier
2024-06-10 22:36:08,301 - textile_logger - INFO - [nouns_table] already available Russland
2024-06-10 22:36:08,301 - textile_logger - INFO - [nouns_table] already available Militär
2024-06-10 22:36:08,302 - textile_logger - INFO - [nouns_table] already available Mitglied
2024-06-10 22:36:08,321 - textile_logger - INFO - [nouns_table] already available Nato
2024-06-10 22:36:08,321 - textile_logger - INFO - [nouns_table] already available Mitglieds
2024-06-10 22:36:08,322 - textile_logger - INFO - [nouns_table] already available Erweiterung
2024-06-10 22:36:08,322 - textile_logger - INFO - [nouns_table] already available General
2024-06-10 22:36:08,323 - textile_logger - INFO - [nouns_table] already available Generalsekretär
2024-06-10 22:36:08,323 - textile_logger - INFO - [nouns_table] already available Beitritt
2024-06-10 22:36:08,324 - textile_logger - INFO - [nouns_table] already available  Länder
2024-06-10 22:36:08,324 - textile_logger - INFO - [nouns_table] already available Militärbündnis
2024-06-10 22:36:08,324 - textile_logger - INFO - [nouns_table] already available Fahne
2024-06-10 22:36:08,325 - textile_logger - INFO - [nouns_table] already available  Mitglied
2024-06-10 22:36:08,325 - textile_logger - INFO - [nouns_table] already available Haupt
2024-06-10 22:36:08,326 - textile_logger - INFO - [nouns_table] already available Länder
2024-06-10 22:36:08,326 - textile_logger - INFO - [nouns_table] already available Regierung
2024-06-10 22:36:08,327 - textile_logger - INFO - [nouns_table] already available Mitglieder
2024-06-10 22:36:08,327 - textile_logger - INFO - [nouns_table] already available  Sekretär
2024-06-10 22:36:08,328 - textile_logger - INFO - [nouns_table] already available Feier
2024-06-10 22:36:08,328 - textile_logger - INFO - [nouns_table] already available Schriftsteller
2024-06-10 22:36:08,334 - textile_logger - INFO - [nouns_table] already available Krieg
2024-06-10 22:36:08,334 - textile_logger - INFO - [nouns_table] already available  Musik
2024-06-10 22:36:08,335 - textile_logger - INFO - [nouns_table] already available Millionen
2024-06-10 22:36:08,335 - textile_logger - INFO - [nouns_table] already available Soldat
2024-06-10 22:36:08,336 - textile_logger - INFO - [nouns_table] already available Welt
2024-06-10 22:36:08,336 - textile_logger - INFO - [nouns_table] already available  Führung
2024-06-10 22:36:08,336 - textile_logger - INFO - [nouns_table] already available  Krieg
2024-06-10 22:36:08,337 - textile_logger - INFO - [nouns_table] already available Westen
2024-06-10 22:36:08,337 - textile_logger - INFO - [nouns_table] already available  Salon
2024-06-10 22:36:08,338 - textile_logger - INFO - [nouns_table] already available  Preisen
2024-06-10 22:36:08,338 - textile_logger - INFO - [nouns_table] already available  Bild
2024-06-10 22:36:08,339 - textile_logger - INFO - [nouns_table] already available Filmpreisen
2024-06-10 22:36:08,339 - textile_logger - INFO - [nouns_table] already available Waschsalon
2024-06-10 22:36:08,340 - textile_logger - INFO - [nouns_table] already available Kamera
2024-06-10 22:36:08,340 - textile_logger - INFO - [nouns_table] already available Jahr
2024-06-10 22:36:08,341 - textile_logger - INFO - [nouns_table] already available Besitzerin
2024-06-10 22:36:08,341 - textile_logger - INFO - [nouns_table] already available Szenen
2024-06-10 22:36:08,342 - textile_logger - INFO - [nouns_table] already available Kameraführung
2024-06-10 22:36:08,342 - textile_logger - INFO - [nouns_table] already available Menschen
2024-06-10 22:36:08,371 - textile_logger - INFO - [nouns_table] already available Grippe
2024-06-10 22:36:08,403 - textile_logger - INFO - [nouns_table] already available Fieber
2024-06-10 22:36:08,404 - textile_logger - INFO - [nouns_table] already available Alternative
2024-06-10 22:36:08,404 - textile_logger - INFO - [nouns_table] already available Kinder
2024-06-10 22:36:08,405 - textile_logger - INFO - [nouns_table] already available Essen
2024-06-10 22:36:08,405 - textile_logger - INFO - [nouns_table] already available Besserung
2024-06-10 22:36:08,408 - textile_logger - INFO - [nouns_table] already available Rezept
2024-06-10 22:36:08,413 - textile_logger - INFO - [nouns_table] already available leben
2024-06-10 22:36:08,419 - textile_logger - INFO - [nouns_table] already available Sohn
2024-06-10 22:36:08,442 - textile_logger - INFO - [nouns_table] already available Viren
2024-06-10 22:36:08,442 - textile_logger - INFO - [nouns_table] already available Podcast
2024-06-10 22:36:08,443 - textile_logger - INFO - [nouns_table] already available Husten
2024-06-10 22:36:08,443 - textile_logger - INFO - [nouns_table] already available Erkältung
2024-06-10 22:36:08,443 - textile_logger - INFO - [nouns_table] already available Saft
2024-06-10 22:36:08,445 - textile_logger - INFO - [nouns_table] already available Dialog
2024-06-10 22:36:08,446 - textile_logger - INFO - [nouns_table] already available Moderatoren
2024-06-10 22:36:08,446 - textile_logger - INFO - [nouns_table] already available Winter
2024-06-10 22:36:08,447 - textile_logger - INFO - [nouns_table] already available Morgen
2024-06-10 22:36:08,447 - textile_logger - INFO - [nouns_table] already available Zeit
2024-06-10 22:36:08,453 - textile_logger - INFO - [nouns_table] already available Mühe
2024-06-10 22:36:08,458 - textile_logger - INFO - [nouns_table] already available Wochen
2024-06-10 22:36:08,472 - textile_logger - INFO - [nouns_table] already available Wartezimmer
2024-06-10 22:36:08,472 - textile_logger - INFO - [nouns_table] already available Text
2024-06-10 22:36:08,473 - textile_logger - INFO - [nouns_table] already available Danke
2024-06-10 22:36:08,473 - textile_logger - INFO - [nouns_table] already available Radio
2024-06-10 22:36:08,473 - textile_logger - INFO - [nouns_table] already available Tage
2024-06-10 22:36:08,473 - textile_logger - INFO - [nouns_table] already available Katze
2024-06-10 22:36:08,474 - textile_logger - INFO - [nouns_table] already available Dialoges
2024-06-10 22:36:08,474 - textile_logger - INFO - [nouns_table] already available Schnupfen
2024-06-10 22:36:08,474 - textile_logger - INFO - [nouns_table] already available Arbeit
2024-06-10 22:36:08,475 - textile_logger - INFO - [nouns_table] already available Spaziergang
2024-06-10 22:36:08,475 - textile_logger - INFO - [nouns_table] already available Glück
2024-06-10 22:36:08,475 - textile_logger - INFO - [nouns_table] already available Gefühl
2024-06-10 22:36:08,476 - textile_logger - INFO - [nouns_table] already available Getränke
2024-06-10 22:36:08,476 - textile_logger - INFO - [nouns_table] already available Attest
2024-06-10 22:36:08,476 - textile_logger - INFO - [nouns_table] already available Kopfweh
2024-06-10 22:36:08,477 - textile_logger - INFO - [nouns_table] already available Wunder
2024-06-10 22:36:08,477 - textile_logger - INFO - [nouns_table] already available Kontakt
2024-06-10 22:36:08,477 - textile_logger - INFO - [nouns_table] already available Kind
2024-06-10 22:36:08,477 - textile_logger - INFO - [nouns_table] already available Kinderarzt
2024-06-10 22:36:08,478 - textile_logger - INFO - [nouns_table] already available Bleib
2024-06-10 22:36:08,478 - textile_logger - INFO - [nouns_table] already available Schmerzmittel
2024-06-10 22:36:08,478 - textile_logger - INFO - [nouns_table] already available Schule
2024-06-10 22:36:08,479 - textile_logger - INFO - [nouns_table] already available Medikamente
2024-06-10 22:36:08,479 - textile_logger - INFO - [nouns_table] already available Tag
2024-06-10 22:36:08,479 - textile_logger - INFO - [nouns_table] already available Schmerzen
2024-06-10 22:36:08,480 - textile_logger - INFO - [nouns_table] already available Arzt
2024-06-10 22:36:08,480 - textile_logger - INFO - [nouns_table] already available Nachrichten
2024-06-10 22:36:08,480 - textile_logger - INFO - [nouns_table] already available Geschichte
2024-06-10 22:36:08,481 - textile_logger - INFO - [nouns_table] already available Pflanzen
2024-06-10 22:36:08,481 - textile_logger - INFO - [nouns_table] already available  Mittel
2024-06-10 22:36:08,481 - textile_logger - INFO - [nouns_table] already available Chemie
2024-06-10 22:36:08,482 - textile_logger - INFO - [nouns_table] already available  Vertrag
2024-06-10 22:36:08,482 - textile_logger - INFO - [nouns_table] already available Bundesregierung
2024-06-10 22:36:08,482 - textile_logger - INFO - [nouns_table] already available Verkauf
2024-06-10 22:36:08,482 - textile_logger - INFO - [nouns_table] already available Parteien
2024-06-10 22:36:08,483 - textile_logger - INFO - [nouns_table] already available Gehirn
2024-06-10 22:36:08,483 - textile_logger - INFO - [nouns_table] already available Sand
2024-06-10 22:36:08,483 - textile_logger - INFO - [nouns_table] already available Drogenhändler
2024-06-10 22:36:08,484 - textile_logger - INFO - [nouns_table] already available Leute
2024-06-10 22:36:08,484 - textile_logger - INFO - [nouns_table] already available Zucker
2024-06-10 22:36:08,484 - textile_logger - INFO - [nouns_table] already available  Händler
2024-06-10 22:36:08,485 - textile_logger - INFO - [nouns_table] already available Blätter
2024-06-10 22:36:08,485 - textile_logger - INFO - [nouns_table] already available Beispiel
2024-06-10 22:36:08,485 - textile_logger - INFO - [nouns_table] already available Streit
2024-06-10 22:36:08,486 - textile_logger - INFO - [nouns_table] already available Bedingungen
2024-06-10 22:36:08,486 - textile_logger - INFO - [nouns_table] already available Rausch
2024-06-10 22:36:08,486 - textile_logger - INFO - [nouns_table] already available Cannabis
2024-06-10 22:36:08,487 - textile_logger - INFO - [nouns_table] already available Erlaubnis
2024-06-10 22:36:08,487 - textile_logger - INFO - [nouns_table] already available Koalitionsvertrag
2024-06-10 22:36:08,487 - textile_logger - INFO - [nouns_table] already available  Minister
2024-06-10 22:36:08,487 - textile_logger - INFO - [nouns_table] already available Drogenhändlern
2024-06-10 22:36:08,488 - textile_logger - INFO - [nouns_table] already available Fachleute
2024-06-10 22:36:08,488 - textile_logger - INFO - [nouns_table] already available Droge
2024-06-10 22:36:08,488 - textile_logger - INFO - [nouns_table] already available Geschäfte
2024-06-10 22:36:08,489 - textile_logger - INFO - [nouns_table] already available Teile
2024-06-10 22:36:08,489 - textile_logger - INFO - [nouns_table] already available Gewürze
2024-06-10 22:36:08,489 - textile_logger - INFO - [nouns_table] already available Ärzte
2024-06-10 22:36:08,490 - textile_logger - INFO - [nouns_table] already available Vereine
2024-06-10 22:36:08,490 - textile_logger - INFO - [nouns_table] already available  Regierung
2024-06-10 22:36:08,490 - textile_logger - INFO - [nouns_table] already available Gesundheits
2024-06-10 22:36:08,491 - textile_logger - INFO - [nouns_table] already available Gegenden
2024-06-10 22:36:08,491 - textile_logger - INFO - [nouns_table] already available Pflanze
2024-06-10 22:36:08,491 - textile_logger - INFO - [nouns_table] already available Moment
2024-06-10 22:36:08,491 - textile_logger - INFO - [nouns_table] already available Angst
2024-06-10 22:36:08,492 - textile_logger - INFO - [nouns_table] already available Drogen
2024-06-10 22:36:08,492 - textile_logger - INFO - [nouns_table] already available Gesundheitsminister
2024-06-10 22:36:08,492 - textile_logger - INFO - [nouns_table] already available Erwachsene
2024-06-10 22:36:08,493 - textile_logger - INFO - [nouns_table] already available Qualität
2024-06-10 22:36:08,493 - textile_logger - INFO - [nouns_table] already available Hause
2024-06-10 22:36:08,493 - textile_logger - INFO - [nouns_table] already available Dezember
2024-06-10 22:36:08,494 - textile_logger - INFO - [nouns_table] already available  Team
2024-06-10 22:36:08,494 - textile_logger - INFO - [nouns_table] already available Hinspiel
2024-06-10 22:36:08,494 - textile_logger - INFO - [nouns_table] already available WM
2024-06-10 22:36:08,495 - textile_logger - INFO - [nouns_table] already available Qualifikation
2024-06-10 22:36:08,495 - textile_logger - INFO - [nouns_table] already available Frauen
2024-06-10 22:36:08,495 - textile_logger - INFO - [nouns_table] already available Hin
2024-06-10 22:36:08,496 - textile_logger - INFO - [nouns_table] already available  Meisterschaft
2024-06-10 22:36:08,496 - textile_logger - INFO - [nouns_table] already available Grund
2024-06-10 22:36:08,496 - textile_logger - INFO - [nouns_table] already available Rück
2024-06-10 22:36:08,496 - textile_logger - INFO - [nouns_table] already available Ländern
2024-06-10 22:36:08,497 - textile_logger - INFO - [nouns_table] already available Toren
2024-06-10 22:36:08,497 - textile_logger - INFO - [nouns_table] already available Handballerinnen
2024-06-10 22:36:08,497 - textile_logger - INFO - [nouns_table] already available Weltmeisterschaft
2024-06-10 22:36:08,498 - textile_logger - INFO - [nouns_table] already available November
2024-06-10 22:36:08,498 - textile_logger - INFO - [nouns_table] already available Rückspiel
2024-06-10 22:36:08,498 - textile_logger - INFO - [nouns_table] already available  Spiel
2024-06-10 22:36:08,499 - textile_logger - INFO - [nouns_table] already available Potter
2024-06-10 22:36:08,505 - textile_logger - INFO - [nouns_table] already available Kinofilmen
2024-06-10 22:36:08,505 - textile_logger - INFO - [nouns_table] already available Geschichten
2024-06-10 22:36:08,511 - textile_logger - INFO - [nouns_table] already available Serie
2024-06-10 22:36:08,511 - textile_logger - INFO - [nouns_table] already available Firma
2024-06-10 22:36:08,511 - textile_logger - INFO - [nouns_table] already available Autorin
2024-06-10 22:36:08,512 - textile_logger - INFO - [nouns_table] already available Schauspielerinnen
2024-06-10 22:36:08,512 - textile_logger - INFO - [nouns_table] already available Platz
2024-06-10 22:36:08,513 - textile_logger - INFO - [nouns_table] already available Kino
2024-06-10 22:36:08,513 - textile_logger - INFO - [nouns_table] already available  Spieler
2024-06-10 22:36:08,513 - textile_logger - INFO - [nouns_table] already available Schau
2024-06-10 22:36:08,514 - textile_logger - INFO - [nouns_table] already available Einzelheiten
2024-06-10 22:36:08,514 - textile_logger - INFO - [nouns_table] already available Kinofilm
2024-06-10 22:36:08,514 - textile_logger - INFO - [nouns_table] already available Potter“büchern
2024-06-10 22:36:08,515 - textile_logger - INFO - [nouns_table] already available Potter“
2024-06-10 22:36:08,520 - textile_logger - INFO - [nouns_table] already available Bücher
2024-06-10 22:36:08,521 - textile_logger - INFO - [nouns_table] already available  Filmen
2024-06-10 22:36:08,521 - textile_logger - INFO - [nouns_table] already available  Film
2024-06-10 22:36:08,522 - textile_logger - INFO - [nouns_table] already available Streaming
2024-06-10 22:36:08,522 - textile_logger - INFO - [nouns_table] already available  Dienst
2024-06-10 22:36:08,522 - textile_logger - INFO - [nouns_table] already available Kinofilme
2024-06-10 22:36:08,523 - textile_logger - INFO - [nouns_table] already available Fernseh
2024-06-10 22:36:08,523 - textile_logger - INFO - [nouns_table] already available  Büchern
2024-06-10 22:36:08,524 - textile_logger - INFO - [nouns_table] already available Zauberer
2024-06-10 22:36:08,524 - textile_logger - INFO - [nouns_table] already available Fernsehserie
2024-06-10 22:36:08,524 - textile_logger - INFO - [nouns_table] already available  Serie
2024-06-10 22:36:08,525 - textile_logger - INFO - [nouns_table] already available Schauspieler
2024-06-10 22:36:08,525 - textile_logger - INFO - [nouns_table] already available Helfer
2024-06-10 22:36:08,525 - textile_logger - INFO - [nouns_table] already available Trinkwasser
2024-06-10 22:36:08,525 - textile_logger - INFO - [nouns_table] already available Armee
2024-06-10 22:36:08,526 - textile_logger - INFO - [nouns_table] already available Tagen
2024-06-10 22:36:08,526 - textile_logger - INFO - [nouns_table] already available  Armee
2024-06-10 22:36:08,526 - textile_logger - INFO - [nouns_table] already available Rebellen
2024-06-10 22:36:08,527 - textile_logger - INFO - [nouns_table] already available Wohn
2024-06-10 22:36:08,527 - textile_logger - INFO - [nouns_table] already available  Viertel
2024-06-10 22:36:08,530 - textile_logger - INFO - [nouns_table] already available Tote
2024-06-10 22:36:08,531 - textile_logger - INFO - [nouns_table] already available Rücksicht
2024-06-10 22:36:08,531 - textile_logger - INFO - [nouns_table] already available Macht
2024-06-10 22:36:08,531 - textile_logger - INFO - [nouns_table] already available Kämpfe
2024-06-10 22:36:08,532 - textile_logger - INFO - [nouns_table] already available Strom
2024-06-10 22:36:08,532 - textile_logger - INFO - [nouns_table] already available Armeen
2024-06-10 22:36:08,532 - textile_logger - INFO - [nouns_table] already available Trink
2024-06-10 22:36:08,533 - textile_logger - INFO - [nouns_table] already available  Wasser
2024-06-10 22:36:08,533 - textile_logger - INFO - [nouns_table] already available Wohnviertel
2024-06-10 22:36:08,533 - textile_logger - INFO - [nouns_table] already available Kontinent
2024-06-10 22:36:08,534 - textile_logger - INFO - [nouns_table] already available Kämpfen
2024-06-10 22:36:08,534 - textile_logger - INFO - [nouns_table] already available Helferinnen
2024-06-10 22:36:08,534 - textile_logger - INFO - [nouns_table] already available Hilfsorganisation
2024-06-10 22:36:08,535 - textile_logger - INFO - [nouns_table] already available Verkehrs
2024-06-10 22:36:08,535 - textile_logger - INFO - [nouns_table] already available Autos
2024-06-10 22:36:08,535 - textile_logger - INFO - [nouns_table] already available Auto
2024-06-10 22:36:08,536 - textile_logger - INFO - [nouns_table] already available Barrikaden
2024-06-10 22:36:08,536 - textile_logger - INFO - [nouns_table] already available Waffe
2024-06-10 22:36:08,536 - textile_logger - INFO - [nouns_table] already available Verkehrskontrolle
2024-06-10 22:36:08,537 - textile_logger - INFO - [nouns_table] already available Einrichtungen
2024-06-10 22:36:08,537 - textile_logger - INFO - [nouns_table] already available Müll
2024-06-10 22:36:08,537 - textile_logger - INFO - [nouns_table] already available Kugel
2024-06-10 22:36:08,538 - textile_logger - INFO - [nouns_table] already available Krawalle
2024-06-10 22:36:08,541 - textile_logger - INFO - [nouns_table] already available Video
2024-06-10 22:36:08,541 - textile_logger - INFO - [nouns_table] already available  Container
2024-06-10 22:36:08,542 - textile_logger - INFO - [nouns_table] already available Festnahmen
2024-06-10 22:36:08,542 - textile_logger - INFO - [nouns_table] already available 17
2024-06-10 22:36:08,542 - textile_logger - INFO - [nouns_table] already available Staat
2024-06-10 22:36:08,543 - textile_logger - INFO - [nouns_table] already available  Kontrolle
2024-06-10 22:36:08,543 - textile_logger - INFO - [nouns_table] already available Gewalt
2024-06-10 22:36:08,543 - textile_logger - INFO - [nouns_table] already available Satz
2024-06-10 22:36:08,544 - textile_logger - INFO - [nouns_table] already available Hauptstadt
2024-06-10 22:36:08,544 - textile_logger - INFO - [nouns_table] already available Feuerwerkskörpern
2024-06-10 22:36:08,544 - textile_logger - INFO - [nouns_table] already available Vorfall
2024-06-10 22:36:08,545 - textile_logger - INFO - [nouns_table] already available Demonstrierende
2024-06-10 22:36:08,545 - textile_logger - INFO - [nouns_table] already available Polizist
2024-06-10 22:36:08,545 - textile_logger - INFO - [nouns_table] already available Feuerwerks
2024-06-10 22:36:08,546 - textile_logger - INFO - [nouns_table] already available Vororten
2024-06-10 22:36:08,546 - textile_logger - INFO - [nouns_table] already available Müllcontainer
2024-06-10 22:36:08,546 - textile_logger - INFO - [nouns_table] already available  Körpern
2024-06-10 22:36:08,547 - textile_logger - INFO - [nouns_table] already available Polizisten
2024-06-10 22:36:08,547 - textile_logger - INFO - [nouns_table] already available Einsatz
2024-06-10 22:36:08,547 - textile_logger - INFO - [nouns_table] already available Jugendliche
2024-06-10 22:36:08,548 - textile_logger - INFO - [nouns_table] already available Kopf
2024-06-10 22:36:08,548 - textile_logger - INFO - [nouns_table] already available Stimmen
2024-06-10 22:36:08,548 - textile_logger - INFO - [nouns_table] already available  Wahl
2024-06-10 22:36:08,548 - textile_logger - INFO - [nouns_table] already available Ergebnis
2024-06-10 22:36:08,549 - textile_logger - INFO - [nouns_table] already available Sieg
2024-06-10 22:36:08,549 - textile_logger - INFO - [nouns_table] already available Polizeifoto
2024-06-10 22:36:08,549 - textile_logger - INFO - [nouns_table] already available  Präsident
2024-06-10 22:36:08,550 - textile_logger - INFO - [nouns_table] already available Verbrecher“foto
2024-06-10 22:36:08,550 - textile_logger - INFO - [nouns_table] already available Vorwürfe
2024-06-10 22:36:08,550 - textile_logger - INFO - [nouns_table] already available Medien
2024-06-10 22:36:08,551 - textile_logger - INFO - [nouns_table] already available Hexenjagd
2024-06-10 22:36:08,551 - textile_logger - INFO - [nouns_table] already available Behörden
2024-06-10 22:36:08,551 - textile_logger - INFO - [nouns_table] already available Verbrecher
2024-06-10 22:36:08,552 - textile_logger - INFO - [nouns_table] already available Bundesstaat
2024-06-10 22:36:08,552 - textile_logger - INFO - [nouns_table] already available  Foto
2024-06-10 22:36:08,552 - textile_logger - INFO - [nouns_table] already available Woche
2024-06-10 22:36:08,552 - textile_logger - INFO - [nouns_table] already available  Jagd
2024-06-10 22:36:08,553 - textile_logger - INFO - [nouns_table] already available  Bundes
2024-06-10 22:36:08,553 - textile_logger - INFO - [nouns_table] already available  Staat
2024-06-10 22:36:08,553 - textile_logger - INFO - [nouns_table] already available  Kampf
2024-06-10 22:36:08,554 - textile_logger - INFO - [nouns_table] already available Us
2024-06-10 22:36:08,554 - textile_logger - INFO - [nouns_table] already available  Shirts
2024-06-10 22:36:08,554 - textile_logger - INFO - [nouns_table] already available Hexen
2024-06-10 22:36:08,555 - textile_logger - INFO - [nouns_table] already available T
2024-06-10 22:36:08,555 - textile_logger - INFO - [nouns_table] already available Straßen
2024-06-10 22:36:08,555 - textile_logger - INFO - [nouns_table] already available Weg
2024-06-10 22:36:08,556 - textile_logger - INFO - [nouns_table] already available Wetter
2024-06-10 22:36:08,556 - textile_logger - INFO - [nouns_table] already available Wasser
2024-06-10 22:36:08,556 - textile_logger - INFO - [nouns_table] already available Reise
2024-06-10 22:36:08,557 - textile_logger - INFO - [nouns_table] already available Sonne
2024-06-10 22:36:08,557 - textile_logger - INFO - [nouns_table] already available Frau
2024-06-10 22:36:08,557 - textile_logger - INFO - [nouns_table] already available Route
2024-06-10 22:36:08,558 - textile_logger - INFO - [nouns_table] already available Flasche
2024-06-10 22:36:08,558 - textile_logger - INFO - [nouns_table] already available Buch
2024-06-10 22:36:08,558 - textile_logger - INFO - [nouns_table] already available Mann
2024-06-10 22:36:08,559 - textile_logger - INFO - [nouns_table] already available Bäumen
2024-06-10 22:36:08,559 - textile_logger - INFO - [nouns_table] already available Natur
2024-06-10 22:36:08,559 - textile_logger - INFO - [nouns_table] already available Bälle
2024-06-10 22:36:08,560 - textile_logger - INFO - [nouns_table] already available Park
2024-06-10 22:36:08,560 - textile_logger - INFO - [nouns_table] already available Vögel
2024-06-10 22:36:08,560 - textile_logger - INFO - [nouns_table] already available Wiese
2024-06-10 22:36:08,561 - textile_logger - INFO - [nouns_table] already available Mädchen
2024-06-10 22:36:08,561 - textile_logger - INFO - [nouns_table] already available Ball
2024-06-10 22:36:08,561 - textile_logger - INFO - [nouns_table] already available Hund
2024-06-10 22:36:08,562 - textile_logger - INFO - [nouns_table] already available Experimentieren
2024-06-10 22:36:08,562 - textile_logger - INFO - [nouns_table] already available Vordergrund
2024-06-10 22:36:08,562 - textile_logger - INFO - [nouns_table] already available Schmerzes
2024-06-10 22:36:08,563 - textile_logger - INFO - [nouns_table] already available Abendessen
2024-06-10 22:36:08,563 - textile_logger - INFO - [nouns_table] already available Möglichkeit
2024-06-10 22:36:08,563 - textile_logger - INFO - [nouns_table] already available Gemüse
2024-06-10 22:36:08,563 - textile_logger - INFO - [nouns_table] already available Höhen
2024-06-10 22:36:08,564 - textile_logger - INFO - [nouns_table] already available Küche
2024-06-10 22:36:08,564 - textile_logger - INFO - [nouns_table] already available Tränen
2024-06-10 22:36:08,564 - textile_logger - INFO - [nouns_table] already available Oscar
2024-06-10 22:36:08,565 - textile_logger - INFO - [nouns_table] already available Weltkrieg
2024-06-10 22:36:08,565 - textile_logger - INFO - [nouns_table] already available Regisseur
2024-06-10 22:36:08,565 - textile_logger - INFO - [nouns_table] already available Wasch
2024-06-10 22:36:08,566 - textile_logger - INFO - [nouns_table] already available Filmmusik
2024-06-10 22:36:08,566 - textile_logger - INFO - [nouns_table] already available Neues
2024-06-10 22:36:08,566 - textile_logger - INFO - [nouns_table] already available Film
2024-06-10 22:36:08,567 - textile_logger - INFO - [nouns_table] already available Oscars
2024-06-10 22:36:08,567 - textile_logger - INFO - [nouns_table] already available Generationen
2024-06-10 22:36:08,567 - textile_logger - INFO - [nouns_table] already available anderen
2024-06-10 22:36:08,568 - textile_logger - INFO - [nouns_table] already available Älteren
2024-06-10 22:36:08,568 - textile_logger - INFO - [nouns_table] already available Krankenschwester
2024-06-10 22:36:08,568 - textile_logger - INFO - [nouns_table] already available Alters
2024-06-10 22:36:08,569 - textile_logger - INFO - [nouns_table] already available Gemeinschaftsbereich
2024-06-10 22:36:08,569 - textile_logger - INFO - [nouns_table] already available Füreinander
2024-06-10 22:36:08,569 - textile_logger - INFO - [nouns_table] already available Gegenzug
2024-06-10 22:36:08,569 - textile_logger - INFO - [nouns_table] already available Unabhängigkeit
2024-06-10 22:36:08,570 - textile_logger - INFO - [nouns_table] already available Fähigkeiten
2024-06-10 22:36:08,570 - textile_logger - INFO - [nouns_table] already available Erziehung
2024-06-10 22:36:08,570 - textile_logger - INFO - [nouns_table] already available Erfahrungen
2024-06-10 22:36:08,571 - textile_logger - INFO - [nouns_table] already available Ende
2024-06-10 22:36:08,571 - textile_logger - INFO - [nouns_table] already available Gemeinschaft
2024-06-10 22:36:08,571 - textile_logger - INFO - [nouns_table] already available Teil
2024-06-10 22:36:08,572 - textile_logger - INFO - [nouns_table] already available Lösung
2024-06-10 22:36:08,572 - textile_logger - INFO - [nouns_table] already available Kindern
2024-06-10 22:36:08,572 - textile_logger - INFO - [nouns_table] already available  Jährige
2024-06-10 22:36:08,573 - textile_logger - INFO - [nouns_table] already available Schulaufgaben
2024-06-10 22:36:08,573 - textile_logger - INFO - [nouns_table] already available Geschwistern
2024-06-10 22:36:08,573 - textile_logger - INFO - [nouns_table] already available Motto
2024-06-10 22:36:08,574 - textile_logger - INFO - [nouns_table] already available Berufslebens
2024-06-10 22:36:08,574 - textile_logger - INFO - [nouns_table] already available 70
2024-06-10 22:36:08,574 - textile_logger - INFO - [nouns_table] already available Können
2024-06-10 22:36:08,574 - textile_logger - INFO - [nouns_table] already available Lebensgefühl
2024-06-10 22:36:08,575 - textile_logger - INFO - [nouns_table] already available Alter
2024-06-10 22:36:08,575 - textile_logger - INFO - [nouns_table] already available Altersheim
2024-06-10 22:36:08,591 - textile_logger - INFO - [nouns_table] already available Menschen
2024-06-10 22:36:08,592 - textile_logger - INFO - [nouns_table] already available Lebensgefühl
2024-06-10 22:36:08,592 - textile_logger - INFO - [nouns_table] already available Geschwistern
2024-06-10 22:36:08,593 - textile_logger - INFO - [nouns_table] already available Erwachsene
2024-06-10 22:36:08,593 - textile_logger - INFO - [nouns_table] already available Krankenschwester
2024-06-10 22:36:08,594 - textile_logger - INFO - [nouns_table] already available Wunder
2024-06-10 22:36:08,594 - textile_logger - INFO - [nouns_table] already available Alter
2024-06-10 22:36:09,209 - textile_logger - INFO - [nouns_table] parsing Gesellschaft
2024-06-10 22:36:09,210 - textile_logger - INFO - [nouns_table] already available Alters
2024-06-10 22:36:09,214 - textile_logger - INFO - [nouns_table] already available Altersheim
2024-06-10 22:36:09,506 - textile_logger - INFO - [nouns_table] parsing Option
2024-06-10 22:36:09,507 - textile_logger - INFO - [nouns_table] already available Lösung
2024-06-10 22:36:10,471 - textile_logger - INFO - [nouns_table] parsing Mehrgenerationenwohnen
2024-06-10 22:36:10,471 - textile_logger - INFO - [nouns_table] already available Motto
2024-06-10 22:36:10,475 - textile_logger - INFO - [nouns_table] already available Füreinander
2024-06-10 22:36:10,476 - textile_logger - INFO - [nouns_table] already available Älteren
2024-06-10 22:36:11,333 - textile_logger - INFO - [nouns_table] parsing Mehrgenerationenhaus
2024-06-10 22:36:12,157 - textile_logger - INFO - [nouns_table] parsing Wohnung
2024-06-10 22:36:12,158 - textile_logger - INFO - [nouns_table] already available Unabhängigkeit
2024-06-10 22:36:12,161 - textile_logger - INFO - [nouns_table] already available Zeit
2024-06-10 22:36:12,163 - textile_logger - INFO - [nouns_table] already available Gemeinschaftsbereich
2024-06-10 22:36:12,858 - textile_logger - INFO - [nouns_table] parsing Treff
2024-06-10 22:36:13,178 - textile_logger - INFO - [nouns_table] parsing Gespräch
2024-06-10 22:36:13,621 - textile_logger - INFO - [nouns_table] parsing Wohnzimmer
2024-06-10 22:36:14,587 - textile_logger - INFO - [nouns_table] parsing Treffpunkt
2024-06-10 22:36:14,588 - textile_logger - INFO - [nouns_table] already available Generationen
2024-06-10 22:36:14,591 - textile_logger - INFO - [nouns_table] already available Erfahrungen
2024-06-10 22:36:14,593 - textile_logger - INFO - [nouns_table] already available Fähigkeiten
2024-06-10 22:36:14,977 - textile_logger - INFO - [nouns_table] parsing Wissen
2024-06-10 22:36:14,977 - textile_logger - INFO - [nouns_table] already available Können
2024-06-10 22:36:14,978 - textile_logger - INFO - [nouns_table] already available anderen
2024-06-10 22:36:14,978 - textile_logger - INFO - [nouns_table] already available Kindern
2024-06-10 22:36:14,979 - textile_logger - INFO - [nouns_table] already available Schulaufgaben
2024-06-10 22:36:14,979 - textile_logger - INFO - [nouns_table] already available Eltern
2024-06-10 22:36:14,980 - textile_logger - INFO - [nouns_table] already available Erziehung
2024-06-10 22:36:15,769 - textile_logger - INFO - [nouns_table] parsing Ohr
2024-06-10 22:36:15,770 - textile_logger - INFO - [nouns_table] already available Gegenzug
2024-06-10 22:36:15,773 - textile_logger - INFO - [nouns_table] already available Teil
2024-06-10 22:36:15,775 - textile_logger - INFO - [nouns_table] already available Gemeinschaft
2024-06-10 22:36:15,776 - textile_logger - INFO - [nouns_table] already available Ende
2024-06-10 22:36:15,776 - textile_logger - INFO - [nouns_table] already available Berufslebens
2024-06-10 22:36:15,777 - textile_logger - INFO - [nouns_table] already available 70
2024-06-10 22:36:15,777 - textile_logger - INFO - [nouns_table] already available  Jährige
2024-06-10 22:36:16,536 - textile_logger - INFO - [nouns_table] parsing 70jährige
2024-06-10 22:36:16,536 - textile_logger - INFO - [nouns_table] caching nouns df
2024-06-10 22:36:16,634 - textile_logger - INFO - [nouns_table] refreshing cache
2024-06-10 22:36:16,688 - textile_logger - INFO - [nouns_table] already available Name
2024-06-10 22:36:16,688 - textile_logger - INFO - [nouns_table] already available Jahren
2024-06-10 22:36:16,689 - textile_logger - INFO - [nouns_table] already available Jahre
2024-06-10 22:36:16,689 - textile_logger - INFO - [nouns_table] already available Geschwister
2024-06-10 22:36:16,690 - textile_logger - INFO - [nouns_table] already available Schwester
2024-06-10 22:36:16,691 - textile_logger - INFO - [nouns_table] already available Bruder
2024-06-10 22:36:16,691 - textile_logger - INFO - [nouns_table] already available Eltern
2024-06-10 22:36:16,691 - textile_logger - INFO - [nouns_table] already available Haus
2024-06-10 22:36:16,692 - textile_logger - INFO - [nouns_table] already available Nähe
2024-06-10 22:36:16,692 - textile_logger - INFO - [nouns_table] already available Mutter
2024-06-10 22:36:16,693 - textile_logger - INFO - [nouns_table] already available Köchin
2024-06-10 22:36:16,693 - textile_logger - INFO - [nouns_table] already available Vater
2024-06-10 22:36:16,694 - textile_logger - INFO - [nouns_table] already available Bank
2024-06-10 22:36:16,694 - textile_logger - INFO - [nouns_table] already available Richter
2024-06-10 22:36:16,695 - textile_logger - INFO - [nouns_table] already available Monat
2024-06-10 22:36:16,695 - textile_logger - INFO - [nouns_table] already available Gericht
2024-06-10 22:36:16,696 - textile_logger - INFO - [nouns_table] already available Fall
2024-06-10 22:36:16,696 - textile_logger - INFO - [nouns_table] already available Staatsanwalt
2024-06-10 22:36:16,697 - textile_logger - INFO - [nouns_table] already available Strafprozess
2024-06-10 22:36:16,697 - textile_logger - INFO - [nouns_table] already available Strafe
2024-06-10 22:36:16,697 - textile_logger - INFO - [nouns_table] already available Geschäftsunterlagen
2024-06-10 22:36:16,698 - textile_logger - INFO - [nouns_table] already available Stadt
2024-06-10 22:36:16,698 - textile_logger - INFO - [nouns_table] already available Verbotenes
2024-06-10 22:36:16,699 - textile_logger - INFO - [nouns_table] already available Wahl
2024-06-10 22:36:16,699 - textile_logger - INFO - [nouns_table] already available Land
2024-06-10 22:36:16,700 - textile_logger - INFO - [nouns_table] already available Januar
2024-06-10 22:36:16,700 - textile_logger - INFO - [nouns_table] already available Präsident
2024-06-10 22:36:16,700 - textile_logger - INFO - [nouns_table] already available Gerichtstermin
2024-06-10 22:36:16,701 - textile_logger - INFO - [nouns_table] already available Wahrheit
2024-06-10 22:36:16,701 - textile_logger - INFO - [nouns_table] already available  Bündnis
2024-06-10 22:36:16,702 - textile_logger - INFO - [nouns_table] already available Mitgliedsländer
2024-06-10 22:36:16,702 - textile_logger - INFO - [nouns_table] already available  Quartier
2024-06-10 22:36:16,702 - textile_logger - INFO - [nouns_table] already available Hauptquartier
2024-06-10 22:36:16,703 - textile_logger - INFO - [nouns_table] already available Russland
2024-06-10 22:36:16,703 - textile_logger - INFO - [nouns_table] already available Militär
2024-06-10 22:36:16,703 - textile_logger - INFO - [nouns_table] already available Mitglied
2024-06-10 22:36:16,704 - textile_logger - INFO - [nouns_table] already available Nato
2024-06-10 22:36:16,704 - textile_logger - INFO - [nouns_table] already available Mitglieds
2024-06-10 22:36:16,705 - textile_logger - INFO - [nouns_table] already available Erweiterung
2024-06-10 22:36:16,705 - textile_logger - INFO - [nouns_table] already available General
2024-06-10 22:36:16,705 - textile_logger - INFO - [nouns_table] already available Generalsekretär
2024-06-10 22:36:16,706 - textile_logger - INFO - [nouns_table] already available Beitritt
2024-06-10 22:36:16,706 - textile_logger - INFO - [nouns_table] already available  Länder
2024-06-10 22:36:16,706 - textile_logger - INFO - [nouns_table] already available Militärbündnis
2024-06-10 22:36:16,707 - textile_logger - INFO - [nouns_table] already available Fahne
2024-06-10 22:36:16,707 - textile_logger - INFO - [nouns_table] already available  Mitglied
2024-06-10 22:36:16,707 - textile_logger - INFO - [nouns_table] already available Haupt
2024-06-10 22:36:16,708 - textile_logger - INFO - [nouns_table] already available Länder
2024-06-10 22:36:16,708 - textile_logger - INFO - [nouns_table] already available Regierung
2024-06-10 22:36:16,708 - textile_logger - INFO - [nouns_table] already available Mitglieder
2024-06-10 22:36:16,709 - textile_logger - INFO - [nouns_table] already available  Sekretär
2024-06-10 22:36:16,709 - textile_logger - INFO - [nouns_table] already available Feier
2024-06-10 22:36:16,710 - textile_logger - INFO - [nouns_table] already available Schriftsteller
2024-06-10 22:36:16,710 - textile_logger - INFO - [nouns_table] already available Krieg
2024-06-10 22:36:16,710 - textile_logger - INFO - [nouns_table] already available  Musik
2024-06-10 22:36:16,711 - textile_logger - INFO - [nouns_table] already available Millionen
2024-06-10 22:36:16,711 - textile_logger - INFO - [nouns_table] already available Soldat
2024-06-10 22:36:16,711 - textile_logger - INFO - [nouns_table] already available Welt
2024-06-10 22:36:16,712 - textile_logger - INFO - [nouns_table] already available  Führung
2024-06-10 22:36:16,712 - textile_logger - INFO - [nouns_table] already available  Krieg
2024-06-10 22:36:16,712 - textile_logger - INFO - [nouns_table] already available Westen
2024-06-10 22:36:16,712 - textile_logger - INFO - [nouns_table] already available  Salon
2024-06-10 22:36:16,713 - textile_logger - INFO - [nouns_table] already available  Preisen
2024-06-10 22:36:16,713 - textile_logger - INFO - [nouns_table] already available  Bild
2024-06-10 22:36:16,713 - textile_logger - INFO - [nouns_table] already available Filmpreisen
2024-06-10 22:36:16,714 - textile_logger - INFO - [nouns_table] already available Waschsalon
2024-06-10 22:36:16,714 - textile_logger - INFO - [nouns_table] already available Kamera
2024-06-10 22:36:16,714 - textile_logger - INFO - [nouns_table] already available Jahr
2024-06-10 22:36:16,715 - textile_logger - INFO - [nouns_table] already available Besitzerin
2024-06-10 22:36:16,715 - textile_logger - INFO - [nouns_table] already available Szenen
2024-06-10 22:36:16,715 - textile_logger - INFO - [nouns_table] already available Kameraführung
2024-06-10 22:36:16,716 - textile_logger - INFO - [nouns_table] already available Menschen
2024-06-10 22:36:16,716 - textile_logger - INFO - [nouns_table] already available Grippe
2024-06-10 22:36:16,716 - textile_logger - INFO - [nouns_table] already available Fieber
2024-06-10 22:36:16,717 - textile_logger - INFO - [nouns_table] already available Alternative
2024-06-10 22:36:16,717 - textile_logger - INFO - [nouns_table] already available Kinder
2024-06-10 22:36:16,717 - textile_logger - INFO - [nouns_table] already available Essen
2024-06-10 22:36:16,718 - textile_logger - INFO - [nouns_table] already available Besserung
2024-06-10 22:36:16,718 - textile_logger - INFO - [nouns_table] already available Rezept
2024-06-10 22:36:16,718 - textile_logger - INFO - [nouns_table] already available leben
2024-06-10 22:36:16,718 - textile_logger - INFO - [nouns_table] already available Sohn
2024-06-10 22:36:16,719 - textile_logger - INFO - [nouns_table] already available Viren
2024-06-10 22:36:16,719 - textile_logger - INFO - [nouns_table] already available Podcast
2024-06-10 22:36:16,719 - textile_logger - INFO - [nouns_table] already available Husten
2024-06-10 22:36:16,720 - textile_logger - INFO - [nouns_table] already available Erkältung
2024-06-10 22:36:16,720 - textile_logger - INFO - [nouns_table] already available Saft
2024-06-10 22:36:16,720 - textile_logger - INFO - [nouns_table] already available Dialog
2024-06-10 22:36:16,721 - textile_logger - INFO - [nouns_table] already available Moderatoren
2024-06-10 22:36:16,721 - textile_logger - INFO - [nouns_table] already available Winter
2024-06-10 22:36:16,721 - textile_logger - INFO - [nouns_table] already available Morgen
2024-06-10 22:36:16,722 - textile_logger - INFO - [nouns_table] already available Zeit
2024-06-10 22:36:16,722 - textile_logger - INFO - [nouns_table] already available Mühe
2024-06-10 22:36:16,722 - textile_logger - INFO - [nouns_table] already available Wochen
2024-06-10 22:36:16,722 - textile_logger - INFO - [nouns_table] already available Wartezimmer
2024-06-10 22:36:16,723 - textile_logger - INFO - [nouns_table] already available Text
2024-06-10 22:36:16,723 - textile_logger - INFO - [nouns_table] already available Danke
2024-06-10 22:36:16,723 - textile_logger - INFO - [nouns_table] already available Radio
2024-06-10 22:36:16,724 - textile_logger - INFO - [nouns_table] already available Tage
2024-06-10 22:36:16,724 - textile_logger - INFO - [nouns_table] already available Katze
2024-06-10 22:36:16,724 - textile_logger - INFO - [nouns_table] already available Dialoges
2024-06-10 22:36:16,725 - textile_logger - INFO - [nouns_table] already available Schnupfen
2024-06-10 22:36:16,725 - textile_logger - INFO - [nouns_table] already available Arbeit
2024-06-10 22:36:16,725 - textile_logger - INFO - [nouns_table] already available Spaziergang
2024-06-10 22:36:16,726 - textile_logger - INFO - [nouns_table] already available Glück
2024-06-10 22:36:16,726 - textile_logger - INFO - [nouns_table] already available Gefühl
2024-06-10 22:36:16,726 - textile_logger - INFO - [nouns_table] already available Getränke
2024-06-10 22:36:16,726 - textile_logger - INFO - [nouns_table] already available Attest
2024-06-10 22:36:16,727 - textile_logger - INFO - [nouns_table] already available Kopfweh
2024-06-10 22:36:16,727 - textile_logger - INFO - [nouns_table] already available Wunder
2024-06-10 22:36:16,727 - textile_logger - INFO - [nouns_table] already available Kontakt
2024-06-10 22:36:16,728 - textile_logger - INFO - [nouns_table] already available Kind
2024-06-10 22:36:16,728 - textile_logger - INFO - [nouns_table] already available Kinderarzt
2024-06-10 22:36:16,728 - textile_logger - INFO - [nouns_table] already available Bleib
2024-06-10 22:36:16,729 - textile_logger - INFO - [nouns_table] already available Schmerzmittel
2024-06-10 22:36:16,729 - textile_logger - INFO - [nouns_table] already available Schule
2024-06-10 22:36:16,729 - textile_logger - INFO - [nouns_table] already available Medikamente
2024-06-10 22:36:16,730 - textile_logger - INFO - [nouns_table] already available Tag
2024-06-10 22:36:16,730 - textile_logger - INFO - [nouns_table] already available Schmerzen
2024-06-10 22:36:16,730 - textile_logger - INFO - [nouns_table] already available Arzt
2024-06-10 22:36:16,730 - textile_logger - INFO - [nouns_table] already available Nachrichten
2024-06-10 22:36:16,731 - textile_logger - INFO - [nouns_table] already available Geschichte
2024-06-10 22:36:16,731 - textile_logger - INFO - [nouns_table] already available Pflanzen
2024-06-10 22:36:16,731 - textile_logger - INFO - [nouns_table] already available  Mittel
2024-06-10 22:36:16,732 - textile_logger - INFO - [nouns_table] already available Chemie
2024-06-10 22:36:16,732 - textile_logger - INFO - [nouns_table] already available  Vertrag
2024-06-10 22:36:16,732 - textile_logger - INFO - [nouns_table] already available Bundesregierung
2024-06-10 22:36:16,733 - textile_logger - INFO - [nouns_table] already available Verkauf
2024-06-10 22:36:16,733 - textile_logger - INFO - [nouns_table] already available Parteien
2024-06-10 22:36:16,733 - textile_logger - INFO - [nouns_table] already available Gehirn
2024-06-10 22:36:16,734 - textile_logger - INFO - [nouns_table] already available Sand
2024-06-10 22:36:16,734 - textile_logger - INFO - [nouns_table] already available Drogenhändler
2024-06-10 22:36:16,734 - textile_logger - INFO - [nouns_table] already available Leute
2024-06-10 22:36:16,734 - textile_logger - INFO - [nouns_table] already available Zucker
2024-06-10 22:36:16,735 - textile_logger - INFO - [nouns_table] already available  Händler
2024-06-10 22:36:16,735 - textile_logger - INFO - [nouns_table] already available Blätter
2024-06-10 22:36:16,735 - textile_logger - INFO - [nouns_table] already available Beispiel
2024-06-10 22:36:16,736 - textile_logger - INFO - [nouns_table] already available Streit
2024-06-10 22:36:16,736 - textile_logger - INFO - [nouns_table] already available Bedingungen
2024-06-10 22:36:16,736 - textile_logger - INFO - [nouns_table] already available Rausch
2024-06-10 22:36:16,737 - textile_logger - INFO - [nouns_table] already available Cannabis
2024-06-10 22:36:16,737 - textile_logger - INFO - [nouns_table] already available Erlaubnis
2024-06-10 22:36:16,737 - textile_logger - INFO - [nouns_table] already available Koalitionsvertrag
2024-06-10 22:36:16,738 - textile_logger - INFO - [nouns_table] already available  Minister
2024-06-10 22:36:16,738 - textile_logger - INFO - [nouns_table] already available Drogenhändlern
2024-06-10 22:36:16,738 - textile_logger - INFO - [nouns_table] already available Fachleute
2024-06-10 22:36:16,739 - textile_logger - INFO - [nouns_table] already available Droge
2024-06-10 22:36:16,739 - textile_logger - INFO - [nouns_table] already available Geschäfte
2024-06-10 22:36:16,739 - textile_logger - INFO - [nouns_table] already available Teile
2024-06-10 22:36:16,739 - textile_logger - INFO - [nouns_table] already available Gewürze
2024-06-10 22:36:16,740 - textile_logger - INFO - [nouns_table] already available Ärzte
2024-06-10 22:36:16,740 - textile_logger - INFO - [nouns_table] already available Vereine
2024-06-10 22:36:16,740 - textile_logger - INFO - [nouns_table] already available  Regierung
2024-06-10 22:36:16,741 - textile_logger - INFO - [nouns_table] already available Gesundheits
2024-06-10 22:36:16,741 - textile_logger - INFO - [nouns_table] already available Gegenden
2024-06-10 22:36:16,741 - textile_logger - INFO - [nouns_table] already available Pflanze
2024-06-10 22:36:16,742 - textile_logger - INFO - [nouns_table] already available Moment
2024-06-10 22:36:16,742 - textile_logger - INFO - [nouns_table] already available Angst
2024-06-10 22:36:16,742 - textile_logger - INFO - [nouns_table] already available Drogen
2024-06-10 22:36:16,743 - textile_logger - INFO - [nouns_table] already available Gesundheitsminister
2024-06-10 22:36:16,743 - textile_logger - INFO - [nouns_table] already available Erwachsene
2024-06-10 22:36:16,743 - textile_logger - INFO - [nouns_table] already available Qualität
2024-06-10 22:36:16,743 - textile_logger - INFO - [nouns_table] already available Hause
2024-06-10 22:36:16,744 - textile_logger - INFO - [nouns_table] already available Dezember
2024-06-10 22:36:16,744 - textile_logger - INFO - [nouns_table] already available  Team
2024-06-10 22:36:16,744 - textile_logger - INFO - [nouns_table] already available Hinspiel
2024-06-10 22:36:16,745 - textile_logger - INFO - [nouns_table] already available WM
2024-06-10 22:36:16,745 - textile_logger - INFO - [nouns_table] already available Qualifikation
2024-06-10 22:36:16,745 - textile_logger - INFO - [nouns_table] already available Frauen
2024-06-10 22:36:16,746 - textile_logger - INFO - [nouns_table] already available Hin
2024-06-10 22:36:16,746 - textile_logger - INFO - [nouns_table] already available  Meisterschaft
2024-06-10 22:36:16,746 - textile_logger - INFO - [nouns_table] already available Grund
2024-06-10 22:36:16,747 - textile_logger - INFO - [nouns_table] already available Rück
2024-06-10 22:36:16,747 - textile_logger - INFO - [nouns_table] already available Ländern
2024-06-10 22:36:16,747 - textile_logger - INFO - [nouns_table] already available Toren
2024-06-10 22:36:16,747 - textile_logger - INFO - [nouns_table] already available Handballerinnen
2024-06-10 22:36:16,748 - textile_logger - INFO - [nouns_table] already available Weltmeisterschaft
2024-06-10 22:36:16,748 - textile_logger - INFO - [nouns_table] already available November
2024-06-10 22:36:16,748 - textile_logger - INFO - [nouns_table] already available Rückspiel
2024-06-10 22:36:16,749 - textile_logger - INFO - [nouns_table] already available  Spiel
2024-06-10 22:36:16,749 - textile_logger - INFO - [nouns_table] already available Potter
2024-06-10 22:36:16,749 - textile_logger - INFO - [nouns_table] already available Kinofilmen
2024-06-10 22:36:16,750 - textile_logger - INFO - [nouns_table] already available Geschichten
2024-06-10 22:36:16,750 - textile_logger - INFO - [nouns_table] already available Serie
2024-06-10 22:36:16,750 - textile_logger - INFO - [nouns_table] already available Firma
2024-06-10 22:36:16,751 - textile_logger - INFO - [nouns_table] already available Autorin
2024-06-10 22:36:16,751 - textile_logger - INFO - [nouns_table] already available Schauspielerinnen
2024-06-10 22:36:16,751 - textile_logger - INFO - [nouns_table] already available Platz
2024-06-10 22:36:16,752 - textile_logger - INFO - [nouns_table] already available Kino
2024-06-10 22:36:16,752 - textile_logger - INFO - [nouns_table] already available  Spieler
2024-06-10 22:36:16,752 - textile_logger - INFO - [nouns_table] already available Schau
2024-06-10 22:36:16,752 - textile_logger - INFO - [nouns_table] already available Einzelheiten
2024-06-10 22:36:16,753 - textile_logger - INFO - [nouns_table] already available Kinofilm
2024-06-10 22:36:16,753 - textile_logger - INFO - [nouns_table] already available Potter“büchern
2024-06-10 22:36:16,753 - textile_logger - INFO - [nouns_table] already available Potter“
2024-06-10 22:36:16,754 - textile_logger - INFO - [nouns_table] already available Bücher
2024-06-10 22:36:16,754 - textile_logger - INFO - [nouns_table] already available  Filmen
2024-06-10 22:36:16,754 - textile_logger - INFO - [nouns_table] already available  Film
2024-06-10 22:36:16,755 - textile_logger - INFO - [nouns_table] already available Streaming
2024-06-10 22:36:16,755 - textile_logger - INFO - [nouns_table] already available  Dienst
2024-06-10 22:36:16,755 - textile_logger - INFO - [nouns_table] already available Kinofilme
2024-06-10 22:36:16,756 - textile_logger - INFO - [nouns_table] already available Fernseh
2024-06-10 22:36:16,756 - textile_logger - INFO - [nouns_table] already available  Büchern
2024-06-10 22:36:16,756 - textile_logger - INFO - [nouns_table] already available Zauberer
2024-06-10 22:36:16,756 - textile_logger - INFO - [nouns_table] already available Fernsehserie
2024-06-10 22:36:16,757 - textile_logger - INFO - [nouns_table] already available  Serie
2024-06-10 22:36:16,757 - textile_logger - INFO - [nouns_table] already available Schauspieler
2024-06-10 22:36:16,757 - textile_logger - INFO - [nouns_table] already available Helfer
2024-06-10 22:36:16,758 - textile_logger - INFO - [nouns_table] already available Trinkwasser
2024-06-10 22:36:16,758 - textile_logger - INFO - [nouns_table] already available Armee
2024-06-10 22:36:16,758 - textile_logger - INFO - [nouns_table] already available Tagen
2024-06-10 22:36:16,759 - textile_logger - INFO - [nouns_table] already available  Armee
2024-06-10 22:36:16,759 - textile_logger - INFO - [nouns_table] already available Rebellen
2024-06-10 22:36:16,759 - textile_logger - INFO - [nouns_table] already available Wohn
2024-06-10 22:36:16,760 - textile_logger - INFO - [nouns_table] already available  Viertel
2024-06-10 22:36:16,760 - textile_logger - INFO - [nouns_table] already available Tote
2024-06-10 22:36:16,760 - textile_logger - INFO - [nouns_table] already available Rücksicht
2024-06-10 22:36:16,760 - textile_logger - INFO - [nouns_table] already available Macht
2024-06-10 22:36:16,761 - textile_logger - INFO - [nouns_table] already available Kämpfe
2024-06-10 22:36:16,761 - textile_logger - INFO - [nouns_table] already available Strom
2024-06-10 22:36:16,761 - textile_logger - INFO - [nouns_table] already available Armeen
2024-06-10 22:36:16,762 - textile_logger - INFO - [nouns_table] already available Trink
2024-06-10 22:36:16,762 - textile_logger - INFO - [nouns_table] already available  Wasser
2024-06-10 22:36:16,762 - textile_logger - INFO - [nouns_table] already available Wohnviertel
2024-06-10 22:36:16,763 - textile_logger - INFO - [nouns_table] already available Kontinent
2024-06-10 22:36:16,763 - textile_logger - INFO - [nouns_table] already available Kämpfen
2024-06-10 22:36:16,763 - textile_logger - INFO - [nouns_table] already available Helferinnen
2024-06-10 22:36:16,764 - textile_logger - INFO - [nouns_table] already available Hilfsorganisation
2024-06-10 22:36:16,764 - textile_logger - INFO - [nouns_table] already available Verkehrs
2024-06-10 22:36:16,764 - textile_logger - INFO - [nouns_table] already available Autos
2024-06-10 22:36:16,765 - textile_logger - INFO - [nouns_table] already available Auto
2024-06-10 22:36:16,765 - textile_logger - INFO - [nouns_table] already available Barrikaden
2024-06-10 22:36:16,765 - textile_logger - INFO - [nouns_table] already available Waffe
2024-06-10 22:36:16,765 - textile_logger - INFO - [nouns_table] already available Verkehrskontrolle
2024-06-10 22:36:16,766 - textile_logger - INFO - [nouns_table] already available Einrichtungen
2024-06-10 22:36:16,766 - textile_logger - INFO - [nouns_table] already available Müll
2024-06-10 22:36:16,766 - textile_logger - INFO - [nouns_table] already available Kugel
2024-06-10 22:36:16,767 - textile_logger - INFO - [nouns_table] already available Krawalle
2024-06-10 22:36:16,767 - textile_logger - INFO - [nouns_table] already available Video
2024-06-10 22:36:16,767 - textile_logger - INFO - [nouns_table] already available  Container
2024-06-10 22:36:16,768 - textile_logger - INFO - [nouns_table] already available Festnahmen
2024-06-10 22:36:16,768 - textile_logger - INFO - [nouns_table] already available 17
2024-06-10 22:36:16,768 - textile_logger - INFO - [nouns_table] already available Staat
2024-06-10 22:36:16,769 - textile_logger - INFO - [nouns_table] already available  Kontrolle
2024-06-10 22:36:16,769 - textile_logger - INFO - [nouns_table] already available Gewalt
2024-06-10 22:36:16,769 - textile_logger - INFO - [nouns_table] already available Satz
2024-06-10 22:36:16,770 - textile_logger - INFO - [nouns_table] already available Hauptstadt
2024-06-10 22:36:16,770 - textile_logger - INFO - [nouns_table] already available Feuerwerkskörpern
2024-06-10 22:36:16,770 - textile_logger - INFO - [nouns_table] already available Vorfall
2024-06-10 22:36:16,770 - textile_logger - INFO - [nouns_table] already available Demonstrierende
2024-06-10 22:36:16,771 - textile_logger - INFO - [nouns_table] already available Polizist
2024-06-10 22:36:16,771 - textile_logger - INFO - [nouns_table] already available Feuerwerks
2024-06-10 22:36:16,771 - textile_logger - INFO - [nouns_table] already available Vororten
2024-06-10 22:36:16,772 - textile_logger - INFO - [nouns_table] already available Müllcontainer
2024-06-10 22:36:16,772 - textile_logger - INFO - [nouns_table] already available  Körpern
2024-06-10 22:36:16,772 - textile_logger - INFO - [nouns_table] already available Polizisten
2024-06-10 22:36:16,775 - textile_logger - INFO - [nouns_table] already available Einsatz
2024-06-10 22:36:16,776 - textile_logger - INFO - [nouns_table] already available Jugendliche
2024-06-10 22:36:16,776 - textile_logger - INFO - [nouns_table] already available Kopf
2024-06-10 22:36:16,776 - textile_logger - INFO - [nouns_table] already available Stimmen
2024-06-10 22:36:16,777 - textile_logger - INFO - [nouns_table] already available  Wahl
2024-06-10 22:36:16,777 - textile_logger - INFO - [nouns_table] already available Ergebnis
2024-06-10 22:36:16,777 - textile_logger - INFO - [nouns_table] already available Sieg
2024-06-10 22:36:16,778 - textile_logger - INFO - [nouns_table] already available Polizeifoto
2024-06-10 22:36:16,778 - textile_logger - INFO - [nouns_table] already available  Präsident
2024-06-10 22:36:16,778 - textile_logger - INFO - [nouns_table] already available Verbrecher“foto
2024-06-10 22:36:16,779 - textile_logger - INFO - [nouns_table] already available Vorwürfe
2024-06-10 22:36:16,779 - textile_logger - INFO - [nouns_table] already available Medien
2024-06-10 22:36:16,779 - textile_logger - INFO - [nouns_table] already available Hexenjagd
2024-06-10 22:36:16,780 - textile_logger - INFO - [nouns_table] already available Behörden
2024-06-10 22:36:16,780 - textile_logger - INFO - [nouns_table] already available Verbrecher
2024-06-10 22:36:16,780 - textile_logger - INFO - [nouns_table] already available Bundesstaat
2024-06-10 22:36:16,781 - textile_logger - INFO - [nouns_table] already available  Foto
2024-06-10 22:36:16,781 - textile_logger - INFO - [nouns_table] already available Woche
2024-06-10 22:36:16,781 - textile_logger - INFO - [nouns_table] already available  Jagd
2024-06-10 22:36:16,781 - textile_logger - INFO - [nouns_table] already available  Bundes
2024-06-10 22:36:16,782 - textile_logger - INFO - [nouns_table] already available  Staat
2024-06-10 22:36:16,782 - textile_logger - INFO - [nouns_table] already available  Kampf
2024-06-10 22:36:16,782 - textile_logger - INFO - [nouns_table] already available Us
2024-06-10 22:36:16,783 - textile_logger - INFO - [nouns_table] already available  Shirts
2024-06-10 22:36:16,783 - textile_logger - INFO - [nouns_table] already available Hexen
2024-06-10 22:36:16,783 - textile_logger - INFO - [nouns_table] already available T
2024-06-10 22:36:16,784 - textile_logger - INFO - [nouns_table] already available Straßen
2024-06-10 22:36:16,784 - textile_logger - INFO - [nouns_table] already available Weg
2024-06-10 22:36:16,784 - textile_logger - INFO - [nouns_table] already available Wetter
2024-06-10 22:36:16,785 - textile_logger - INFO - [nouns_table] already available Wasser
2024-06-10 22:36:16,785 - textile_logger - INFO - [nouns_table] already available Reise
2024-06-10 22:36:16,785 - textile_logger - INFO - [nouns_table] already available Sonne
2024-06-10 22:36:16,785 - textile_logger - INFO - [nouns_table] already available Frau
2024-06-10 22:36:16,786 - textile_logger - INFO - [nouns_table] already available Route
2024-06-10 22:36:16,786 - textile_logger - INFO - [nouns_table] already available Flasche
2024-06-10 22:36:16,786 - textile_logger - INFO - [nouns_table] already available Buch
2024-06-10 22:36:16,787 - textile_logger - INFO - [nouns_table] already available Mann
2024-06-10 22:36:16,787 - textile_logger - INFO - [nouns_table] already available Bäumen
2024-06-10 22:36:16,787 - textile_logger - INFO - [nouns_table] already available Natur
2024-06-10 22:36:16,788 - textile_logger - INFO - [nouns_table] already available Bälle
2024-06-10 22:36:16,788 - textile_logger - INFO - [nouns_table] already available Park
2024-06-10 22:36:16,788 - textile_logger - INFO - [nouns_table] already available Vögel
2024-06-10 22:36:16,789 - textile_logger - INFO - [nouns_table] already available Wiese
2024-06-10 22:36:16,789 - textile_logger - INFO - [nouns_table] already available Mädchen
2024-06-10 22:36:16,789 - textile_logger - INFO - [nouns_table] already available Ball
2024-06-10 22:36:16,790 - textile_logger - INFO - [nouns_table] already available Hund
2024-06-10 22:36:16,790 - textile_logger - INFO - [nouns_table] already available Experimentieren
2024-06-10 22:36:16,790 - textile_logger - INFO - [nouns_table] already available Vordergrund
2024-06-10 22:36:16,791 - textile_logger - INFO - [nouns_table] already available Schmerzes
2024-06-10 22:36:16,791 - textile_logger - INFO - [nouns_table] already available Abendessen
2024-06-10 22:36:16,791 - textile_logger - INFO - [nouns_table] already available Möglichkeit
2024-06-10 22:36:16,791 - textile_logger - INFO - [nouns_table] already available Gemüse
2024-06-10 22:36:16,792 - textile_logger - INFO - [nouns_table] already available Höhen
2024-06-10 22:36:16,792 - textile_logger - INFO - [nouns_table] already available Küche
2024-06-10 22:36:16,792 - textile_logger - INFO - [nouns_table] already available Tränen
2024-06-10 22:36:16,793 - textile_logger - INFO - [nouns_table] already available Oscar
2024-06-10 22:36:16,793 - textile_logger - INFO - [nouns_table] already available Weltkrieg
2024-06-10 22:36:16,793 - textile_logger - INFO - [nouns_table] already available Regisseur
2024-06-10 22:36:16,794 - textile_logger - INFO - [nouns_table] already available Wasch
2024-06-10 22:36:16,794 - textile_logger - INFO - [nouns_table] already available Filmmusik
2024-06-10 22:36:16,794 - textile_logger - INFO - [nouns_table] already available Neues
2024-06-10 22:36:16,795 - textile_logger - INFO - [nouns_table] already available Film
2024-06-10 22:36:16,795 - textile_logger - INFO - [nouns_table] already available Oscars
2024-06-10 22:36:16,795 - textile_logger - INFO - [nouns_table] already available Generationen
2024-06-10 22:36:16,796 - textile_logger - INFO - [nouns_table] already available anderen
2024-06-10 22:36:16,796 - textile_logger - INFO - [nouns_table] already available Älteren
2024-06-10 22:36:16,796 - textile_logger - INFO - [nouns_table] already available Krankenschwester
2024-06-10 22:36:16,796 - textile_logger - INFO - [nouns_table] already available Alters
2024-06-10 22:36:16,797 - textile_logger - INFO - [nouns_table] already available Gemeinschaftsbereich
2024-06-10 22:36:16,797 - textile_logger - INFO - [nouns_table] already available Füreinander
2024-06-10 22:36:16,797 - textile_logger - INFO - [nouns_table] already available Gegenzug
2024-06-10 22:36:16,798 - textile_logger - INFO - [nouns_table] already available Unabhängigkeit
2024-06-10 22:36:16,798 - textile_logger - INFO - [nouns_table] already available Fähigkeiten
2024-06-10 22:36:16,798 - textile_logger - INFO - [nouns_table] already available Erziehung
2024-06-10 22:36:16,799 - textile_logger - INFO - [nouns_table] already available Erfahrungen
2024-06-10 22:36:16,799 - textile_logger - INFO - [nouns_table] already available Ende
2024-06-10 22:36:16,799 - textile_logger - INFO - [nouns_table] already available Gemeinschaft
2024-06-10 22:36:16,800 - textile_logger - INFO - [nouns_table] already available Teil
2024-06-10 22:36:16,800 - textile_logger - INFO - [nouns_table] already available Lösung
2024-06-10 22:36:16,800 - textile_logger - INFO - [nouns_table] already available Kindern
2024-06-10 22:36:16,801 - textile_logger - INFO - [nouns_table] already available  Jährige
2024-06-10 22:36:16,801 - textile_logger - INFO - [nouns_table] already available Schulaufgaben
2024-06-10 22:36:16,801 - textile_logger - INFO - [nouns_table] already available Geschwistern
2024-06-10 22:36:16,801 - textile_logger - INFO - [nouns_table] already available Motto
2024-06-10 22:36:16,802 - textile_logger - INFO - [nouns_table] already available Berufslebens
2024-06-10 22:36:16,802 - textile_logger - INFO - [nouns_table] already available 70
2024-06-10 22:36:16,802 - textile_logger - INFO - [nouns_table] already available Können
2024-06-10 22:36:16,803 - textile_logger - INFO - [nouns_table] already available Lebensgefühl
2024-06-10 22:36:16,803 - textile_logger - INFO - [nouns_table] already available Alter
2024-06-10 22:36:16,803 - textile_logger - INFO - [nouns_table] already available Altersheim
2024-06-10 22:36:17,005 - textile_logger - INFO - [nouns_table] already available Menschen
2024-06-10 22:36:17,006 - textile_logger - INFO - [nouns_table] already available Lebensgefühl
2024-06-10 22:36:17,006 - textile_logger - INFO - [nouns_table] already available Geschwistern
2024-06-10 22:36:17,006 - textile_logger - INFO - [nouns_table] already available Erwachsene
2024-06-10 22:36:17,007 - textile_logger - INFO - [nouns_table] already available Krankenschwester
2024-06-10 22:36:17,007 - textile_logger - INFO - [nouns_table] already available Wunder
2024-06-10 22:36:17,008 - textile_logger - INFO - [nouns_table] already available Alter
2024-06-10 22:36:17,347 - textile_logger - INFO - [nouns_table] parsing Gesellschaft
2024-06-10 22:36:17,347 - textile_logger - INFO - [nouns_table] already available Alters
2024-06-10 22:36:17,350 - textile_logger - INFO - [nouns_table] already available Altersheim
2024-06-10 22:36:18,352 - textile_logger - INFO - [nouns_table] parsing Option
2024-06-10 22:36:18,353 - textile_logger - INFO - [nouns_table] already available Lösung
2024-06-10 22:36:18,796 - textile_logger - INFO - [nouns_table] parsing Mehrgenerationenwohnen
2024-06-10 22:36:18,797 - textile_logger - INFO - [nouns_table] already available Motto
2024-06-10 22:36:18,799 - textile_logger - INFO - [nouns_table] already available Füreinander
2024-06-10 22:36:18,801 - textile_logger - INFO - [nouns_table] already available Älteren
2024-06-10 22:36:19,285 - textile_logger - INFO - [nouns_table] parsing Mehrgenerationenhaus
2024-06-10 22:36:19,756 - textile_logger - INFO - [nouns_table] parsing Wohnung
2024-06-10 22:36:19,756 - textile_logger - INFO - [nouns_table] already available Unabhängigkeit
2024-06-10 22:36:19,756 - textile_logger - INFO - [nouns_table] already available Zeit
2024-06-10 22:36:19,757 - textile_logger - INFO - [nouns_table] already available Gemeinschaftsbereich
2024-06-10 22:36:20,455 - textile_logger - INFO - [nouns_table] parsing Treff
2024-06-10 22:36:20,835 - textile_logger - INFO - [nouns_table] parsing Gespräch
2024-06-10 22:36:21,655 - textile_logger - INFO - [nouns_table] parsing Wohnzimmer
2024-06-10 22:36:22,562 - textile_logger - INFO - [nouns_table] parsing Treffpunkt
2024-06-10 22:36:22,562 - textile_logger - INFO - [nouns_table] already available Generationen
2024-06-10 22:36:22,565 - textile_logger - INFO - [nouns_table] already available Erfahrungen
2024-06-10 22:36:22,568 - textile_logger - INFO - [nouns_table] already available Fähigkeiten
2024-06-10 22:36:22,775 - textile_logger - INFO - [nouns_table] parsing Wissen
2024-06-10 22:36:22,775 - textile_logger - INFO - [nouns_table] already available Können
2024-06-10 22:36:22,778 - textile_logger - INFO - [nouns_table] already available anderen
2024-06-10 22:36:22,781 - textile_logger - INFO - [nouns_table] already available Kindern
2024-06-10 22:36:22,781 - textile_logger - INFO - [nouns_table] already available Schulaufgaben
2024-06-10 22:36:22,781 - textile_logger - INFO - [nouns_table] already available Eltern
2024-06-10 22:36:22,782 - textile_logger - INFO - [nouns_table] already available Erziehung
2024-06-10 22:36:23,301 - textile_logger - INFO - [nouns_table] parsing Ohr
2024-06-10 22:36:23,302 - textile_logger - INFO - [nouns_table] already available Gegenzug
2024-06-10 22:36:23,304 - textile_logger - INFO - [nouns_table] already available Teil
2024-06-10 22:36:23,307 - textile_logger - INFO - [nouns_table] already available Gemeinschaft
2024-06-10 22:36:23,307 - textile_logger - INFO - [nouns_table] already available Ende
2024-06-10 22:36:23,307 - textile_logger - INFO - [nouns_table] already available Berufslebens
2024-06-10 22:36:23,308 - textile_logger - INFO - [nouns_table] already available 70
2024-06-10 22:36:23,308 - textile_logger - INFO - [nouns_table] already available  Jährige
2024-06-10 22:36:23,999 - textile_logger - INFO - [nouns_table] parsing 70jährige
