2024-06-10 22:28:27,822 - textile_logger - INFO - [tui] starting textile
2024-06-10 22:28:28,764 - textile_logger - INFO - [text_agents] successfully loaded spacy
2024-06-10 22:28:28,796 - textile_logger - INFO - [text_agents] NLP model applied
2024-06-10 22:28:28,809 - textile_logger - INFO - [text_agents] analyzed text
2024-06-10 22:28:28,830 - textile_logger - INFO - [nouns_table] refreshing cache
2024-06-10 22:28:29,000 - textile_logger - INFO - [nouns_table] already available Name
2024-06-10 22:28:29,001 - textile_logger - INFO - [nouns_table] already available Jahren
2024-06-10 22:28:29,001 - textile_logger - INFO - [nouns_table] already available Jahre
2024-06-10 22:28:29,002 - textile_logger - INFO - [nouns_table] already available Geschwister
2024-06-10 22:28:29,002 - textile_logger - INFO - [nouns_table] already available Schwester
2024-06-10 22:28:29,003 - textile_logger - INFO - [nouns_table] already available Bruder
2024-06-10 22:28:29,003 - textile_logger - INFO - [nouns_table] already available Eltern
2024-06-10 22:28:29,004 - textile_logger - INFO - [nouns_table] already available Haus
2024-06-10 22:28:29,004 - textile_logger - INFO - [nouns_table] already available Nähe
2024-06-10 22:28:29,004 - textile_logger - INFO - [nouns_table] already available Mutter
2024-06-10 22:28:29,005 - textile_logger - INFO - [nouns_table] already available Köchin
2024-06-10 22:28:29,005 - textile_logger - INFO - [nouns_table] already available Vater
2024-06-10 22:28:29,006 - textile_logger - INFO - [nouns_table] already available Bank
2024-06-10 22:28:29,006 - textile_logger - INFO - [nouns_table] already available Richter
2024-06-10 22:28:29,007 - textile_logger - INFO - [nouns_table] already available Monat
2024-06-10 22:28:29,007 - textile_logger - INFO - [nouns_table] already available Gericht
2024-06-10 22:28:29,007 - textile_logger - INFO - [nouns_table] already available Fall
2024-06-10 22:28:29,008 - textile_logger - INFO - [nouns_table] already available Staatsanwalt
2024-06-10 22:28:29,008 - textile_logger - INFO - [nouns_table] already available Strafprozess
2024-06-10 22:28:29,009 - textile_logger - INFO - [nouns_table] already available Strafe
2024-06-10 22:28:29,009 - textile_logger - INFO - [nouns_table] already available Geschäftsunterlagen
2024-06-10 22:28:29,010 - textile_logger - INFO - [nouns_table] already available Stadt
2024-06-10 22:28:29,010 - textile_logger - INFO - [nouns_table] already available Verbotenes
2024-06-10 22:28:29,011 - textile_logger - INFO - [nouns_table] already available Wahl
2024-06-10 22:28:29,011 - textile_logger - INFO - [nouns_table] already available Land
2024-06-10 22:28:29,011 - textile_logger - INFO - [nouns_table] already available Januar
2024-06-10 22:28:29,012 - textile_logger - INFO - [nouns_table] already available Präsident
2024-06-10 22:28:29,012 - textile_logger - INFO - [nouns_table] already available Gerichtstermin
2024-06-10 22:28:29,013 - textile_logger - INFO - [nouns_table] already available Wahrheit
2024-06-10 22:28:29,014 - textile_logger - INFO - [nouns_table] already available  Bündnis
2024-06-10 22:28:29,014 - textile_logger - INFO - [nouns_table] already available Mitgliedsländer
2024-06-10 22:28:29,015 - textile_logger - INFO - [nouns_table] already available  Quartier
2024-06-10 22:28:29,015 - textile_logger - INFO - [nouns_table] already available Hauptquartier
2024-06-10 22:28:29,015 - textile_logger - INFO - [nouns_table] already available Russland
2024-06-10 22:28:29,016 - textile_logger - INFO - [nouns_table] already available Militär
2024-06-10 22:28:29,016 - textile_logger - INFO - [nouns_table] already available Mitglied
2024-06-10 22:28:29,017 - textile_logger - INFO - [nouns_table] already available Nato
2024-06-10 22:28:29,017 - textile_logger - INFO - [nouns_table] already available Mitglieds
2024-06-10 22:28:29,018 - textile_logger - INFO - [nouns_table] already available Erweiterung
2024-06-10 22:28:29,018 - textile_logger - INFO - [nouns_table] already available General
2024-06-10 22:28:29,019 - textile_logger - INFO - [nouns_table] already available Generalsekretär
2024-06-10 22:28:29,019 - textile_logger - INFO - [nouns_table] already available Beitritt
2024-06-10 22:28:29,020 - textile_logger - INFO - [nouns_table] already available  Länder
2024-06-10 22:28:29,020 - textile_logger - INFO - [nouns_table] already available Militärbündnis
2024-06-10 22:28:29,021 - textile_logger - INFO - [nouns_table] already available Fahne
2024-06-10 22:28:29,021 - textile_logger - INFO - [nouns_table] already available  Mitglied
2024-06-10 22:28:29,022 - textile_logger - INFO - [nouns_table] already available Haupt
2024-06-10 22:28:29,022 - textile_logger - INFO - [nouns_table] already available Länder
2024-06-10 22:28:29,022 - textile_logger - INFO - [nouns_table] already available Regierung
2024-06-10 22:28:29,023 - textile_logger - INFO - [nouns_table] already available Mitglieder
2024-06-10 22:28:29,023 - textile_logger - INFO - [nouns_table] already available  Sekretär
2024-06-10 22:28:29,024 - textile_logger - INFO - [nouns_table] already available Feier
2024-06-10 22:28:29,024 - textile_logger - INFO - [nouns_table] already available Schriftsteller
2024-06-10 22:28:29,025 - textile_logger - INFO - [nouns_table] already available Krieg
2024-06-10 22:28:29,025 - textile_logger - INFO - [nouns_table] already available  Musik
2024-06-10 22:28:29,026 - textile_logger - INFO - [nouns_table] already available Millionen
2024-06-10 22:28:29,026 - textile_logger - INFO - [nouns_table] already available Soldat
2024-06-10 22:28:29,027 - textile_logger - INFO - [nouns_table] already available Welt
2024-06-10 22:28:29,027 - textile_logger - INFO - [nouns_table] already available  Führung
2024-06-10 22:28:29,028 - textile_logger - INFO - [nouns_table] already available  Krieg
2024-06-10 22:28:29,028 - textile_logger - INFO - [nouns_table] already available Westen
2024-06-10 22:28:29,028 - textile_logger - INFO - [nouns_table] already available  Salon
2024-06-10 22:28:29,029 - textile_logger - INFO - [nouns_table] already available  Preisen
2024-06-10 22:28:29,029 - textile_logger - INFO - [nouns_table] already available  Bild
2024-06-10 22:28:29,030 - textile_logger - INFO - [nouns_table] already available Filmpreisen
2024-06-10 22:28:29,030 - textile_logger - INFO - [nouns_table] already available Waschsalon
2024-06-10 22:28:29,031 - textile_logger - INFO - [nouns_table] already available Kamera
2024-06-10 22:28:29,031 - textile_logger - INFO - [nouns_table] already available Jahr
2024-06-10 22:28:29,032 - textile_logger - INFO - [nouns_table] already available Besitzerin
2024-06-10 22:28:29,032 - textile_logger - INFO - [nouns_table] already available Szenen
2024-06-10 22:28:29,033 - textile_logger - INFO - [nouns_table] already available Kameraführung
2024-06-10 22:28:29,033 - textile_logger - INFO - [nouns_table] already available Menschen
2024-06-10 22:28:29,034 - textile_logger - INFO - [nouns_table] already available Grippe
2024-06-10 22:28:29,034 - textile_logger - INFO - [nouns_table] already available Fieber
2024-06-10 22:28:29,035 - textile_logger - INFO - [nouns_table] already available Alternative
2024-06-10 22:28:29,035 - textile_logger - INFO - [nouns_table] already available Kinder
2024-06-10 22:28:29,035 - textile_logger - INFO - [nouns_table] already available Essen
2024-06-10 22:28:29,036 - textile_logger - INFO - [nouns_table] already available Besserung
2024-06-10 22:28:29,036 - textile_logger - INFO - [nouns_table] already available Rezept
2024-06-10 22:28:29,037 - textile_logger - INFO - [nouns_table] already available leben
2024-06-10 22:28:29,037 - textile_logger - INFO - [nouns_table] already available Sohn
2024-06-10 22:28:29,038 - textile_logger - INFO - [nouns_table] already available Viren
2024-06-10 22:28:29,038 - textile_logger - INFO - [nouns_table] already available Podcast
2024-06-10 22:28:29,039 - textile_logger - INFO - [nouns_table] already available Husten
2024-06-10 22:28:29,039 - textile_logger - INFO - [nouns_table] already available Erkältung
2024-06-10 22:28:29,040 - textile_logger - INFO - [nouns_table] already available Saft
2024-06-10 22:28:29,040 - textile_logger - INFO - [nouns_table] already available Dialog
2024-06-10 22:28:29,041 - textile_logger - INFO - [nouns_table] already available Moderatoren
2024-06-10 22:28:29,041 - textile_logger - INFO - [nouns_table] already available Winter
2024-06-10 22:28:29,041 - textile_logger - INFO - [nouns_table] already available Morgen
2024-06-10 22:28:29,042 - textile_logger - INFO - [nouns_table] already available Zeit
2024-06-10 22:28:29,042 - textile_logger - INFO - [nouns_table] already available Mühe
2024-06-10 22:28:29,043 - textile_logger - INFO - [nouns_table] already available Wochen
2024-06-10 22:28:29,043 - textile_logger - INFO - [nouns_table] already available Wartezimmer
2024-06-10 22:28:29,044 - textile_logger - INFO - [nouns_table] already available Text
2024-06-10 22:28:29,044 - textile_logger - INFO - [nouns_table] already available Danke
2024-06-10 22:28:29,045 - textile_logger - INFO - [nouns_table] already available Radio
2024-06-10 22:28:29,045 - textile_logger - INFO - [nouns_table] already available Tage
2024-06-10 22:28:29,046 - textile_logger - INFO - [nouns_table] already available Katze
2024-06-10 22:28:29,046 - textile_logger - INFO - [nouns_table] already available Dialoges
2024-06-10 22:28:29,047 - textile_logger - INFO - [nouns_table] already available Schnupfen
2024-06-10 22:28:29,047 - textile_logger - INFO - [nouns_table] already available Arbeit
2024-06-10 22:28:29,047 - textile_logger - INFO - [nouns_table] already available Spaziergang
2024-06-10 22:28:29,048 - textile_logger - INFO - [nouns_table] already available Glück
2024-06-10 22:28:29,048 - textile_logger - INFO - [nouns_table] already available Gefühl
2024-06-10 22:28:29,049 - textile_logger - INFO - [nouns_table] already available Getränke
2024-06-10 22:28:29,049 - textile_logger - INFO - [nouns_table] already available Attest
2024-06-10 22:28:29,050 - textile_logger - INFO - [nouns_table] already available Kopfweh
2024-06-10 22:28:29,050 - textile_logger - INFO - [nouns_table] already available Wunder
2024-06-10 22:28:29,051 - textile_logger - INFO - [nouns_table] already available Kontakt
2024-06-10 22:28:29,051 - textile_logger - INFO - [nouns_table] already available Kind
2024-06-10 22:28:29,052 - textile_logger - INFO - [nouns_table] already available Kinderarzt
2024-06-10 22:28:29,052 - textile_logger - INFO - [nouns_table] already available Bleib
2024-06-10 22:28:29,053 - textile_logger - INFO - [nouns_table] already available Schmerzmittel
2024-06-10 22:28:29,053 - textile_logger - INFO - [nouns_table] already available Schule
2024-06-10 22:28:29,054 - textile_logger - INFO - [nouns_table] already available Medikamente
2024-06-10 22:28:29,054 - textile_logger - INFO - [nouns_table] already available Tag
2024-06-10 22:28:29,054 - textile_logger - INFO - [nouns_table] already available Schmerzen
2024-06-10 22:28:29,055 - textile_logger - INFO - [nouns_table] already available Arzt
2024-06-10 22:28:29,055 - textile_logger - INFO - [nouns_table] already available Nachrichten
2024-06-10 22:28:29,056 - textile_logger - INFO - [nouns_table] already available Geschichte
2024-06-10 22:28:29,056 - textile_logger - INFO - [nouns_table] already available Pflanzen
2024-06-10 22:28:29,057 - textile_logger - INFO - [nouns_table] already available  Mittel
2024-06-10 22:28:29,057 - textile_logger - INFO - [nouns_table] already available Chemie
2024-06-10 22:28:29,058 - textile_logger - INFO - [nouns_table] already available  Vertrag
2024-06-10 22:28:29,058 - textile_logger - INFO - [nouns_table] already available Bundesregierung
2024-06-10 22:28:29,059 - textile_logger - INFO - [nouns_table] already available Verkauf
2024-06-10 22:28:29,059 - textile_logger - INFO - [nouns_table] already available Parteien
2024-06-10 22:28:29,060 - textile_logger - INFO - [nouns_table] already available Gehirn
2024-06-10 22:28:29,060 - textile_logger - INFO - [nouns_table] already available Sand
2024-06-10 22:28:29,061 - textile_logger - INFO - [nouns_table] already available Drogenhändler
2024-06-10 22:28:29,061 - textile_logger - INFO - [nouns_table] already available Leute
2024-06-10 22:28:29,061 - textile_logger - INFO - [nouns_table] already available Zucker
2024-06-10 22:28:29,062 - textile_logger - INFO - [nouns_table] already available  Händler
2024-06-10 22:28:29,062 - textile_logger - INFO - [nouns_table] already available Blätter
2024-06-10 22:28:29,063 - textile_logger - INFO - [nouns_table] already available Beispiel
2024-06-10 22:28:29,063 - textile_logger - INFO - [nouns_table] already available Streit
2024-06-10 22:28:29,064 - textile_logger - INFO - [nouns_table] already available Bedingungen
2024-06-10 22:28:29,064 - textile_logger - INFO - [nouns_table] already available Rausch
2024-06-10 22:28:29,065 - textile_logger - INFO - [nouns_table] already available Cannabis
2024-06-10 22:28:29,065 - textile_logger - INFO - [nouns_table] already available Erlaubnis
2024-06-10 22:28:29,066 - textile_logger - INFO - [nouns_table] already available Koalitionsvertrag
2024-06-10 22:28:29,066 - textile_logger - INFO - [nouns_table] already available  Minister
2024-06-10 22:28:29,067 - textile_logger - INFO - [nouns_table] already available Drogenhändlern
2024-06-10 22:28:29,067 - textile_logger - INFO - [nouns_table] already available Fachleute
2024-06-10 22:28:29,068 - textile_logger - INFO - [nouns_table] already available Droge
2024-06-10 22:28:29,068 - textile_logger - INFO - [nouns_table] already available Geschäfte
2024-06-10 22:28:29,069 - textile_logger - INFO - [nouns_table] already available Teile
2024-06-10 22:28:29,069 - textile_logger - INFO - [nouns_table] already available Gewürze
2024-06-10 22:28:29,069 - textile_logger - INFO - [nouns_table] already available Ärzte
2024-06-10 22:28:29,070 - textile_logger - INFO - [nouns_table] already available Vereine
2024-06-10 22:28:29,070 - textile_logger - INFO - [nouns_table] already available  Regierung
2024-06-10 22:28:29,071 - textile_logger - INFO - [nouns_table] already available Gesundheits
2024-06-10 22:28:29,077 - textile_logger - INFO - [nouns_table] already available Gegenden
2024-06-10 22:28:29,078 - textile_logger - INFO - [nouns_table] already available Pflanze
2024-06-10 22:28:29,078 - textile_logger - INFO - [nouns_table] already available Moment
2024-06-10 22:28:29,079 - textile_logger - INFO - [nouns_table] already available Angst
2024-06-10 22:28:29,079 - textile_logger - INFO - [nouns_table] already available Drogen
2024-06-10 22:28:29,080 - textile_logger - INFO - [nouns_table] already available Gesundheitsminister
2024-06-10 22:28:29,080 - textile_logger - INFO - [nouns_table] already available Erwachsene
2024-06-10 22:28:29,081 - textile_logger - INFO - [nouns_table] already available Qualität
2024-06-10 22:28:29,081 - textile_logger - INFO - [nouns_table] already available Hause
2024-06-10 22:28:29,081 - textile_logger - INFO - [nouns_table] already available Dezember
2024-06-10 22:28:29,082 - textile_logger - INFO - [nouns_table] already available  Team
2024-06-10 22:28:29,082 - textile_logger - INFO - [nouns_table] already available Hinspiel
2024-06-10 22:28:29,083 - textile_logger - INFO - [nouns_table] already available WM
2024-06-10 22:28:29,083 - textile_logger - INFO - [nouns_table] already available Qualifikation
2024-06-10 22:28:29,084 - textile_logger - INFO - [nouns_table] already available Frauen
2024-06-10 22:28:29,084 - textile_logger - INFO - [nouns_table] already available Hin
2024-06-10 22:28:29,085 - textile_logger - INFO - [nouns_table] already available  Meisterschaft
2024-06-10 22:28:29,085 - textile_logger - INFO - [nouns_table] already available Grund
2024-06-10 22:28:29,086 - textile_logger - INFO - [nouns_table] already available Rück
2024-06-10 22:28:29,086 - textile_logger - INFO - [nouns_table] already available Ländern
2024-06-10 22:28:29,087 - textile_logger - INFO - [nouns_table] already available Toren
2024-06-10 22:28:29,087 - textile_logger - INFO - [nouns_table] already available Handballerinnen
2024-06-10 22:28:29,088 - textile_logger - INFO - [nouns_table] already available Weltmeisterschaft
2024-06-10 22:28:29,088 - textile_logger - INFO - [nouns_table] already available November
2024-06-10 22:28:29,089 - textile_logger - INFO - [nouns_table] already available Rückspiel
2024-06-10 22:28:29,089 - textile_logger - INFO - [nouns_table] already available  Spiel
2024-06-10 22:28:29,090 - textile_logger - INFO - [nouns_table] already available Potter
2024-06-10 22:28:29,090 - textile_logger - INFO - [nouns_table] already available Kinofilmen
2024-06-10 22:28:29,090 - textile_logger - INFO - [nouns_table] already available Geschichten
2024-06-10 22:28:29,091 - textile_logger - INFO - [nouns_table] already available Serie
2024-06-10 22:28:29,091 - textile_logger - INFO - [nouns_table] already available Firma
2024-06-10 22:28:29,092 - textile_logger - INFO - [nouns_table] already available Autorin
2024-06-10 22:28:29,092 - textile_logger - INFO - [nouns_table] already available Schauspielerinnen
2024-06-10 22:28:29,093 - textile_logger - INFO - [nouns_table] already available Platz
2024-06-10 22:28:29,093 - textile_logger - INFO - [nouns_table] already available Kino
2024-06-10 22:28:29,093 - textile_logger - INFO - [nouns_table] already available  Spieler
2024-06-10 22:28:29,094 - textile_logger - INFO - [nouns_table] already available Schau
2024-06-10 22:28:29,094 - textile_logger - INFO - [nouns_table] already available Einzelheiten
2024-06-10 22:28:29,095 - textile_logger - INFO - [nouns_table] already available Kinofilm
2024-06-10 22:28:29,095 - textile_logger - INFO - [nouns_table] already available Potter“büchern
2024-06-10 22:28:29,096 - textile_logger - INFO - [nouns_table] already available Potter“
2024-06-10 22:28:29,096 - textile_logger - INFO - [nouns_table] already available Bücher
2024-06-10 22:28:29,097 - textile_logger - INFO - [nouns_table] already available  Filmen
2024-06-10 22:28:29,097 - textile_logger - INFO - [nouns_table] already available  Film
2024-06-10 22:28:29,097 - textile_logger - INFO - [nouns_table] already available Streaming
2024-06-10 22:28:29,098 - textile_logger - INFO - [nouns_table] already available  Dienst
2024-06-10 22:28:29,098 - textile_logger - INFO - [nouns_table] already available Kinofilme
2024-06-10 22:28:29,099 - textile_logger - INFO - [nouns_table] already available Fernseh
2024-06-10 22:28:29,099 - textile_logger - INFO - [nouns_table] already available  Büchern
2024-06-10 22:28:29,100 - textile_logger - INFO - [nouns_table] already available Zauberer
2024-06-10 22:28:29,100 - textile_logger - INFO - [nouns_table] already available Fernsehserie
2024-06-10 22:28:29,101 - textile_logger - INFO - [nouns_table] already available  Serie
2024-06-10 22:28:29,101 - textile_logger - INFO - [nouns_table] already available Schauspieler
2024-06-10 22:28:29,102 - textile_logger - INFO - [nouns_table] already available Helfer
2024-06-10 22:28:29,102 - textile_logger - INFO - [nouns_table] already available Trinkwasser
2024-06-10 22:28:29,102 - textile_logger - INFO - [nouns_table] already available Armee
2024-06-10 22:28:29,103 - textile_logger - INFO - [nouns_table] already available Tagen
2024-06-10 22:28:29,103 - textile_logger - INFO - [nouns_table] already available  Armee
2024-06-10 22:28:29,104 - textile_logger - INFO - [nouns_table] already available Rebellen
2024-06-10 22:28:29,104 - textile_logger - INFO - [nouns_table] already available Wohn
2024-06-10 22:28:29,105 - textile_logger - INFO - [nouns_table] already available  Viertel
2024-06-10 22:28:29,105 - textile_logger - INFO - [nouns_table] already available Tote
2024-06-10 22:28:29,106 - textile_logger - INFO - [nouns_table] already available Rücksicht
2024-06-10 22:28:29,106 - textile_logger - INFO - [nouns_table] already available Macht
2024-06-10 22:28:29,106 - textile_logger - INFO - [nouns_table] already available Kämpfe
2024-06-10 22:28:29,107 - textile_logger - INFO - [nouns_table] already available Strom
2024-06-10 22:28:29,107 - textile_logger - INFO - [nouns_table] already available Armeen
2024-06-10 22:28:29,108 - textile_logger - INFO - [nouns_table] already available Trink
2024-06-10 22:28:29,108 - textile_logger - INFO - [nouns_table] already available  Wasser
2024-06-10 22:28:29,109 - textile_logger - INFO - [nouns_table] already available Wohnviertel
2024-06-10 22:28:29,109 - textile_logger - INFO - [nouns_table] already available Kontinent
2024-06-10 22:28:29,110 - textile_logger - INFO - [nouns_table] already available Kämpfen
2024-06-10 22:28:29,110 - textile_logger - INFO - [nouns_table] already available Helferinnen
2024-06-10 22:28:29,110 - textile_logger - INFO - [nouns_table] already available Hilfsorganisation
2024-06-10 22:28:29,111 - textile_logger - INFO - [nouns_table] already available Verkehrs
2024-06-10 22:28:29,111 - textile_logger - INFO - [nouns_table] already available Autos
2024-06-10 22:28:29,112 - textile_logger - INFO - [nouns_table] already available Auto
2024-06-10 22:28:29,112 - textile_logger - INFO - [nouns_table] already available Barrikaden
2024-06-10 22:28:29,113 - textile_logger - INFO - [nouns_table] already available Waffe
2024-06-10 22:28:29,113 - textile_logger - INFO - [nouns_table] already available Verkehrskontrolle
2024-06-10 22:28:29,114 - textile_logger - INFO - [nouns_table] already available Einrichtungen
2024-06-10 22:28:29,114 - textile_logger - INFO - [nouns_table] already available Müll
2024-06-10 22:28:29,114 - textile_logger - INFO - [nouns_table] already available Kugel
2024-06-10 22:28:29,115 - textile_logger - INFO - [nouns_table] already available Krawalle
2024-06-10 22:28:29,115 - textile_logger - INFO - [nouns_table] already available Video
2024-06-10 22:28:29,116 - textile_logger - INFO - [nouns_table] already available  Container
2024-06-10 22:28:29,116 - textile_logger - INFO - [nouns_table] already available Festnahmen
2024-06-10 22:28:29,117 - textile_logger - INFO - [nouns_table] already available 17
2024-06-10 22:28:29,117 - textile_logger - INFO - [nouns_table] already available Staat
2024-06-10 22:28:29,118 - textile_logger - INFO - [nouns_table] already available  Kontrolle
2024-06-10 22:28:29,118 - textile_logger - INFO - [nouns_table] already available Gewalt
2024-06-10 22:28:29,118 - textile_logger - INFO - [nouns_table] already available Satz
2024-06-10 22:28:29,119 - textile_logger - INFO - [nouns_table] already available Hauptstadt
2024-06-10 22:28:29,119 - textile_logger - INFO - [nouns_table] already available Feuerwerkskörpern
2024-06-10 22:28:29,120 - textile_logger - INFO - [nouns_table] already available Vorfall
2024-06-10 22:28:29,120 - textile_logger - INFO - [nouns_table] already available Demonstrierende
2024-06-10 22:28:29,121 - textile_logger - INFO - [nouns_table] already available Polizist
2024-06-10 22:28:29,121 - textile_logger - INFO - [nouns_table] already available Feuerwerks
2024-06-10 22:28:29,122 - textile_logger - INFO - [nouns_table] already available Vororten
2024-06-10 22:28:29,122 - textile_logger - INFO - [nouns_table] already available Müllcontainer
2024-06-10 22:28:29,123 - textile_logger - INFO - [nouns_table] already available  Körpern
2024-06-10 22:28:29,123 - textile_logger - INFO - [nouns_table] already available Polizisten
2024-06-10 22:28:29,123 - textile_logger - INFO - [nouns_table] already available Einsatz
2024-06-10 22:28:29,124 - textile_logger - INFO - [nouns_table] already available Jugendliche
2024-06-10 22:28:29,124 - textile_logger - INFO - [nouns_table] already available Kopf
2024-06-10 22:28:29,125 - textile_logger - INFO - [nouns_table] already available Stimmen
2024-06-10 22:28:29,125 - textile_logger - INFO - [nouns_table] already available  Wahl
2024-06-10 22:28:29,126 - textile_logger - INFO - [nouns_table] already available Ergebnis
2024-06-10 22:28:29,126 - textile_logger - INFO - [nouns_table] already available Sieg
2024-06-10 22:28:29,127 - textile_logger - INFO - [nouns_table] already available Polizeifoto
2024-06-10 22:28:29,127 - textile_logger - INFO - [nouns_table] already available  Präsident
2024-06-10 22:28:29,127 - textile_logger - INFO - [nouns_table] already available Verbrecher“foto
2024-06-10 22:28:29,128 - textile_logger - INFO - [nouns_table] already available Vorwürfe
2024-06-10 22:28:29,128 - textile_logger - INFO - [nouns_table] already available Medien
2024-06-10 22:28:29,129 - textile_logger - INFO - [nouns_table] already available Hexenjagd
2024-06-10 22:28:29,129 - textile_logger - INFO - [nouns_table] already available Behörden
2024-06-10 22:28:29,130 - textile_logger - INFO - [nouns_table] already available Verbrecher
2024-06-10 22:28:29,130 - textile_logger - INFO - [nouns_table] already available Bundesstaat
2024-06-10 22:28:29,131 - textile_logger - INFO - [nouns_table] already available  Foto
2024-06-10 22:28:29,131 - textile_logger - INFO - [nouns_table] already available Woche
2024-06-10 22:28:29,132 - textile_logger - INFO - [nouns_table] already available  Jagd
2024-06-10 22:28:29,163 - textile_logger - INFO - [nouns_table] already available  Bundes
2024-06-10 22:28:29,163 - textile_logger - INFO - [nouns_table] already available  Staat
2024-06-10 22:28:29,164 - textile_logger - INFO - [nouns_table] already available  Kampf
2024-06-10 22:28:29,164 - textile_logger - INFO - [nouns_table] already available Us
2024-06-10 22:28:29,165 - textile_logger - INFO - [nouns_table] already available  Shirts
2024-06-10 22:28:29,165 - textile_logger - INFO - [nouns_table] already available Hexen
2024-06-10 22:28:29,166 - textile_logger - INFO - [nouns_table] already available T
2024-06-10 22:28:29,166 - textile_logger - INFO - [nouns_table] already available Straßen
2024-06-10 22:28:29,166 - textile_logger - INFO - [nouns_table] already available Weg
2024-06-10 22:28:29,167 - textile_logger - INFO - [nouns_table] already available Wetter
2024-06-10 22:28:29,167 - textile_logger - INFO - [nouns_table] already available Wasser
2024-06-10 22:28:29,168 - textile_logger - INFO - [nouns_table] already available Reise
2024-06-10 22:28:29,168 - textile_logger - INFO - [nouns_table] already available Sonne
2024-06-10 22:28:29,169 - textile_logger - INFO - [nouns_table] already available Frau
2024-06-10 22:28:29,169 - textile_logger - INFO - [nouns_table] already available Route
2024-06-10 22:28:29,170 - textile_logger - INFO - [nouns_table] already available Flasche
2024-06-10 22:28:29,170 - textile_logger - INFO - [nouns_table] already available Buch
2024-06-10 22:28:29,171 - textile_logger - INFO - [nouns_table] already available Mann
2024-06-10 22:28:29,171 - textile_logger - INFO - [nouns_table] already available Bäumen
2024-06-10 22:28:29,171 - textile_logger - INFO - [nouns_table] already available Natur
2024-06-10 22:28:29,172 - textile_logger - INFO - [nouns_table] already available Bälle
2024-06-10 22:28:29,172 - textile_logger - INFO - [nouns_table] already available Park
2024-06-10 22:28:29,173 - textile_logger - INFO - [nouns_table] already available Vögel
2024-06-10 22:28:29,173 - textile_logger - INFO - [nouns_table] already available Wiese
2024-06-10 22:28:29,174 - textile_logger - INFO - [nouns_table] already available Mädchen
2024-06-10 22:28:29,174 - textile_logger - INFO - [nouns_table] already available Ball
2024-06-10 22:28:29,175 - textile_logger - INFO - [nouns_table] already available Hund
2024-06-10 22:28:29,176 - textile_logger - INFO - [nouns_table] already available Experimentieren
2024-06-10 22:28:29,177 - textile_logger - INFO - [nouns_table] already available Vordergrund
2024-06-10 22:28:29,177 - textile_logger - INFO - [nouns_table] already available Schmerzes
2024-06-10 22:28:29,178 - textile_logger - INFO - [nouns_table] already available Abendessen
2024-06-10 22:28:29,178 - textile_logger - INFO - [nouns_table] already available Möglichkeit
2024-06-10 22:28:29,179 - textile_logger - INFO - [nouns_table] already available Gemüse
2024-06-10 22:28:29,179 - textile_logger - INFO - [nouns_table] already available Höhen
2024-06-10 22:28:29,180 - textile_logger - INFO - [nouns_table] already available Küche
2024-06-10 22:28:29,180 - textile_logger - INFO - [nouns_table] already available Tränen
2024-06-10 22:28:29,181 - textile_logger - INFO - [nouns_table] already available Oscar
2024-06-10 22:28:29,181 - textile_logger - INFO - [nouns_table] already available Weltkrieg
2024-06-10 22:28:29,182 - textile_logger - INFO - [nouns_table] already available Regisseur
2024-06-10 22:28:29,182 - textile_logger - INFO - [nouns_table] already available Wasch
2024-06-10 22:28:29,183 - textile_logger - INFO - [nouns_table] already available Filmmusik
2024-06-10 22:28:29,183 - textile_logger - INFO - [nouns_table] already available Neues
2024-06-10 22:28:29,184 - textile_logger - INFO - [nouns_table] already available Film
2024-06-10 22:28:29,184 - textile_logger - INFO - [nouns_table] already available Oscars
2024-06-10 22:28:29,185 - textile_logger - INFO - [nouns_table] already available Generationen
2024-06-10 22:28:29,185 - textile_logger - INFO - [nouns_table] already available anderen
2024-06-10 22:28:29,186 - textile_logger - INFO - [nouns_table] already available Älteren
2024-06-10 22:28:29,186 - textile_logger - INFO - [nouns_table] already available Krankenschwester
2024-06-10 22:28:29,187 - textile_logger - INFO - [nouns_table] already available Alters
2024-06-10 22:28:29,187 - textile_logger - INFO - [nouns_table] already available Gemeinschaftsbereich
2024-06-10 22:28:29,187 - textile_logger - INFO - [nouns_table] already available Füreinander
2024-06-10 22:28:29,188 - textile_logger - INFO - [nouns_table] already available Gegenzug
2024-06-10 22:28:29,188 - textile_logger - INFO - [nouns_table] already available Unabhängigkeit
2024-06-10 22:28:29,189 - textile_logger - INFO - [nouns_table] already available Fähigkeiten
2024-06-10 22:28:29,189 - textile_logger - INFO - [nouns_table] already available Erziehung
2024-06-10 22:28:29,190 - textile_logger - INFO - [nouns_table] already available Erfahrungen
2024-06-10 22:28:29,190 - textile_logger - INFO - [nouns_table] already available Ende
2024-06-10 22:28:29,191 - textile_logger - INFO - [nouns_table] already available Gemeinschaft
2024-06-10 22:28:29,191 - textile_logger - INFO - [nouns_table] already available Teil
2024-06-10 22:28:29,192 - textile_logger - INFO - [nouns_table] already available Lösung
2024-06-10 22:28:29,192 - textile_logger - INFO - [nouns_table] already available Kindern
2024-06-10 22:28:29,193 - textile_logger - INFO - [nouns_table] already available  Jährige
2024-06-10 22:28:29,193 - textile_logger - INFO - [nouns_table] already available Schulaufgaben
2024-06-10 22:28:29,193 - textile_logger - INFO - [nouns_table] already available Geschwistern
2024-06-10 22:28:29,194 - textile_logger - INFO - [nouns_table] already available Motto
2024-06-10 22:28:29,194 - textile_logger - INFO - [nouns_table] already available Berufslebens
2024-06-10 22:28:29,195 - textile_logger - INFO - [nouns_table] already available 70
2024-06-10 22:28:29,195 - textile_logger - INFO - [nouns_table] already available Können
2024-06-10 22:28:29,196 - textile_logger - INFO - [nouns_table] already available Lebensgefühl
2024-06-10 22:28:29,196 - textile_logger - INFO - [nouns_table] already available Alter
2024-06-10 22:28:29,197 - textile_logger - INFO - [nouns_table] already available Altersheim
2024-06-10 22:28:29,784 - textile_logger - INFO - [nouns_table] parsing Mehrgenerationenhaus
2024-06-10 22:28:30,244 - textile_logger - INFO - [nouns_table] parsing Treff
2024-06-10 22:28:30,245 - textile_logger - INFO - [nouns_table] already available Eltern
2024-06-10 22:28:30,248 - textile_logger - INFO - [nouns_table] already available Wunder
2024-06-10 22:28:30,250 - textile_logger - INFO - [nouns_table] already available Gemeinschaftsbereich
2024-06-10 22:28:30,251 - textile_logger - INFO - [nouns_table] already available Füreinander
2024-06-10 22:28:30,251 - textile_logger - INFO - [nouns_table] already available Alter
2024-06-10 22:28:31,125 - textile_logger - INFO - [nouns_table] parsing Wohnung
2024-06-10 22:28:31,125 - textile_logger - INFO - [nouns_table] already available Generationen
2024-06-10 22:28:31,129 - textile_logger - INFO - [nouns_table] already available Kindern
2024-06-10 22:28:31,130 - textile_logger - INFO - [nouns_table] already available Alters
2024-06-10 22:28:31,131 - textile_logger - INFO - [nouns_table] already available Lösung
2024-06-10 22:28:31,131 - textile_logger - INFO - [nouns_table] already available Können
2024-06-10 22:28:31,132 - textile_logger - INFO - [nouns_table] already available Krankenschwester
2024-06-10 22:28:31,132 - textile_logger - INFO - [nouns_table] already available Motto
2024-06-10 22:28:31,133 - textile_logger - INFO - [nouns_table] already available Erziehung
2024-06-10 22:28:31,133 - textile_logger - INFO - [nouns_table] already available 70
2024-06-10 22:28:31,134 - textile_logger - INFO - [nouns_table] already available Unabhängigkeit
2024-06-10 22:28:31,134 - textile_logger - INFO - [nouns_table] already available Gemeinschaft
2024-06-10 22:28:31,649 - textile_logger - INFO - [nouns_table] parsing Wissen
2024-06-10 22:28:31,649 - textile_logger - INFO - [nouns_table] already available Berufslebens
2024-06-10 22:28:31,989 - textile_logger - INFO - [nouns_table] parsing Mehrgenerationenwohnen
2024-06-10 22:28:31,989 - textile_logger - INFO - [nouns_table] already available Zeit
2024-06-10 22:28:31,993 - textile_logger - INFO - [nouns_table] already available Erfahrungen
2024-06-10 22:28:31,994 - textile_logger - INFO - [nouns_table] already available Schulaufgaben
2024-06-10 22:28:31,995 - textile_logger - INFO - [nouns_table] already available Menschen
2024-06-10 22:28:31,995 - textile_logger - INFO - [nouns_table] already available Erwachsene
2024-06-10 22:28:32,768 - textile_logger - INFO - [nouns_table] parsing Option
2024-06-10 22:28:33,693 - textile_logger - INFO - [nouns_table] parsing Treffpunkt
2024-06-10 22:28:33,693 - textile_logger - INFO - [nouns_table] already available Teil
2024-06-10 22:28:33,694 - textile_logger - INFO - [nouns_table] already available Gegenzug
2024-06-10 22:28:33,695 - textile_logger - INFO - [nouns_table] already available Ende
2024-06-10 22:28:33,888 - textile_logger - INFO - [nouns_table] parsing 70jährige
2024-06-10 22:28:33,888 - textile_logger - INFO - [nouns_table] already available Geschwistern
2024-06-10 22:28:33,892 - textile_logger - INFO - [nouns_table] already available anderen
2024-06-10 22:28:33,895 - textile_logger - INFO - [nouns_table] already available Lebensgefühl
2024-06-10 22:28:33,898 - textile_logger - INFO - [nouns_table] already available Fähigkeiten
2024-06-10 22:28:34,662 - textile_logger - INFO - [nouns_table] parsing Ohr
2024-06-10 22:28:34,662 - textile_logger - INFO - [nouns_table] already available Älteren
2024-06-10 22:28:35,041 - textile_logger - INFO - [nouns_table] parsing Gespräch
2024-06-10 22:28:35,041 - textile_logger - INFO - [nouns_table] already available Altersheim
2024-06-10 22:28:35,045 - textile_logger - INFO - [nouns_table] already available  Jährige
2024-06-10 22:28:35,293 - textile_logger - INFO - [nouns_table] parsing Gesellschaft
2024-06-10 22:28:36,099 - textile_logger - INFO - [nouns_table] parsing Wohnzimmer
2024-06-10 22:28:36,100 - textile_logger - INFO - [nouns_table] caching nouns df
2024-06-10 22:28:36,172 - textile_logger - INFO - [nouns_table] refreshing cache
2024-06-10 22:28:36,188 - textile_logger - INFO - [nouns_table] already available Name
2024-06-10 22:28:36,188 - textile_logger - INFO - [nouns_table] already available Jahren
2024-06-10 22:28:36,189 - textile_logger - INFO - [nouns_table] already available Jahre
2024-06-10 22:28:36,189 - textile_logger - INFO - [nouns_table] already available Geschwister
2024-06-10 22:28:36,189 - textile_logger - INFO - [nouns_table] already available Schwester
2024-06-10 22:28:36,190 - textile_logger - INFO - [nouns_table] already available Bruder
2024-06-10 22:28:36,190 - textile_logger - INFO - [nouns_table] already available Eltern
2024-06-10 22:28:36,190 - textile_logger - INFO - [nouns_table] already available Haus
2024-06-10 22:28:36,191 - textile_logger - INFO - [nouns_table] already available Nähe
2024-06-10 22:28:36,191 - textile_logger - INFO - [nouns_table] already available Mutter
2024-06-10 22:28:36,191 - textile_logger - INFO - [nouns_table] already available Köchin
2024-06-10 22:28:36,192 - textile_logger - INFO - [nouns_table] already available Vater
2024-06-10 22:28:36,192 - textile_logger - INFO - [nouns_table] already available Bank
2024-06-10 22:28:36,192 - textile_logger - INFO - [nouns_table] already available Richter
2024-06-10 22:28:36,193 - textile_logger - INFO - [nouns_table] already available Monat
2024-06-10 22:28:36,193 - textile_logger - INFO - [nouns_table] already available Gericht
2024-06-10 22:28:36,193 - textile_logger - INFO - [nouns_table] already available Fall
2024-06-10 22:28:36,194 - textile_logger - INFO - [nouns_table] already available Staatsanwalt
2024-06-10 22:28:36,194 - textile_logger - INFO - [nouns_table] already available Strafprozess
2024-06-10 22:28:36,194 - textile_logger - INFO - [nouns_table] already available Strafe
2024-06-10 22:28:36,195 - textile_logger - INFO - [nouns_table] already available Geschäftsunterlagen
2024-06-10 22:28:36,195 - textile_logger - INFO - [nouns_table] already available Stadt
2024-06-10 22:28:36,195 - textile_logger - INFO - [nouns_table] already available Verbotenes
2024-06-10 22:28:36,195 - textile_logger - INFO - [nouns_table] already available Wahl
2024-06-10 22:28:36,196 - textile_logger - INFO - [nouns_table] already available Land
2024-06-10 22:28:36,196 - textile_logger - INFO - [nouns_table] already available Januar
2024-06-10 22:28:36,196 - textile_logger - INFO - [nouns_table] already available Präsident
2024-06-10 22:28:36,197 - textile_logger - INFO - [nouns_table] already available Gerichtstermin
2024-06-10 22:28:36,197 - textile_logger - INFO - [nouns_table] already available Wahrheit
2024-06-10 22:28:36,197 - textile_logger - INFO - [nouns_table] already available  Bündnis
2024-06-10 22:28:36,198 - textile_logger - INFO - [nouns_table] already available Mitgliedsländer
2024-06-10 22:28:36,198 - textile_logger - INFO - [nouns_table] already available  Quartier
2024-06-10 22:28:36,198 - textile_logger - INFO - [nouns_table] already available Hauptquartier
2024-06-10 22:28:36,199 - textile_logger - INFO - [nouns_table] already available Russland
2024-06-10 22:28:36,199 - textile_logger - INFO - [nouns_table] already available Militär
2024-06-10 22:28:36,199 - textile_logger - INFO - [nouns_table] already available Mitglied
2024-06-10 22:28:36,200 - textile_logger - INFO - [nouns_table] already available Nato
2024-06-10 22:28:36,200 - textile_logger - INFO - [nouns_table] already available Mitglieds
2024-06-10 22:28:36,200 - textile_logger - INFO - [nouns_table] already available Erweiterung
2024-06-10 22:28:36,201 - textile_logger - INFO - [nouns_table] already available General
2024-06-10 22:28:36,201 - textile_logger - INFO - [nouns_table] already available Generalsekretär
2024-06-10 22:28:36,201 - textile_logger - INFO - [nouns_table] already available Beitritt
2024-06-10 22:28:36,201 - textile_logger - INFO - [nouns_table] already available  Länder
2024-06-10 22:28:36,202 - textile_logger - INFO - [nouns_table] already available Militärbündnis
2024-06-10 22:28:36,202 - textile_logger - INFO - [nouns_table] already available Fahne
2024-06-10 22:28:36,202 - textile_logger - INFO - [nouns_table] already available  Mitglied
2024-06-10 22:28:36,203 - textile_logger - INFO - [nouns_table] already available Haupt
2024-06-10 22:28:36,203 - textile_logger - INFO - [nouns_table] already available Länder
2024-06-10 22:28:36,203 - textile_logger - INFO - [nouns_table] already available Regierung
2024-06-10 22:28:36,204 - textile_logger - INFO - [nouns_table] already available Mitglieder
2024-06-10 22:28:36,204 - textile_logger - INFO - [nouns_table] already available  Sekretär
2024-06-10 22:28:36,204 - textile_logger - INFO - [nouns_table] already available Feier
2024-06-10 22:28:36,205 - textile_logger - INFO - [nouns_table] already available Schriftsteller
2024-06-10 22:28:36,205 - textile_logger - INFO - [nouns_table] already available Krieg
2024-06-10 22:28:36,205 - textile_logger - INFO - [nouns_table] already available  Musik
2024-06-10 22:28:36,206 - textile_logger - INFO - [nouns_table] already available Millionen
2024-06-10 22:28:36,206 - textile_logger - INFO - [nouns_table] already available Soldat
2024-06-10 22:28:36,206 - textile_logger - INFO - [nouns_table] already available Welt
2024-06-10 22:28:36,207 - textile_logger - INFO - [nouns_table] already available  Führung
2024-06-10 22:28:36,207 - textile_logger - INFO - [nouns_table] already available  Krieg
2024-06-10 22:28:36,207 - textile_logger - INFO - [nouns_table] already available Westen
2024-06-10 22:28:36,207 - textile_logger - INFO - [nouns_table] already available  Salon
2024-06-10 22:28:36,208 - textile_logger - INFO - [nouns_table] already available  Preisen
2024-06-10 22:28:36,208 - textile_logger - INFO - [nouns_table] already available  Bild
2024-06-10 22:28:36,208 - textile_logger - INFO - [nouns_table] already available Filmpreisen
2024-06-10 22:28:36,209 - textile_logger - INFO - [nouns_table] already available Waschsalon
2024-06-10 22:28:36,209 - textile_logger - INFO - [nouns_table] already available Kamera
2024-06-10 22:28:36,209 - textile_logger - INFO - [nouns_table] already available Jahr
2024-06-10 22:28:36,210 - textile_logger - INFO - [nouns_table] already available Besitzerin
2024-06-10 22:28:36,210 - textile_logger - INFO - [nouns_table] already available Szenen
2024-06-10 22:28:36,210 - textile_logger - INFO - [nouns_table] already available Kameraführung
2024-06-10 22:28:36,211 - textile_logger - INFO - [nouns_table] already available Menschen
2024-06-10 22:28:36,211 - textile_logger - INFO - [nouns_table] already available Grippe
2024-06-10 22:28:36,211 - textile_logger - INFO - [nouns_table] already available Fieber
2024-06-10 22:28:36,212 - textile_logger - INFO - [nouns_table] already available Alternative
2024-06-10 22:28:36,212 - textile_logger - INFO - [nouns_table] already available Kinder
2024-06-10 22:28:36,212 - textile_logger - INFO - [nouns_table] already available Essen
2024-06-10 22:28:36,213 - textile_logger - INFO - [nouns_table] already available Besserung
2024-06-10 22:28:36,213 - textile_logger - INFO - [nouns_table] already available Rezept
2024-06-10 22:28:36,213 - textile_logger - INFO - [nouns_table] already available leben
2024-06-10 22:28:36,213 - textile_logger - INFO - [nouns_table] already available Sohn
2024-06-10 22:28:36,214 - textile_logger - INFO - [nouns_table] already available Viren
2024-06-10 22:28:36,214 - textile_logger - INFO - [nouns_table] already available Podcast
2024-06-10 22:28:36,214 - textile_logger - INFO - [nouns_table] already available Husten
2024-06-10 22:28:36,215 - textile_logger - INFO - [nouns_table] already available Erkältung
2024-06-10 22:28:36,215 - textile_logger - INFO - [nouns_table] already available Saft
2024-06-10 22:28:36,215 - textile_logger - INFO - [nouns_table] already available Dialog
2024-06-10 22:28:36,216 - textile_logger - INFO - [nouns_table] already available Moderatoren
2024-06-10 22:28:36,216 - textile_logger - INFO - [nouns_table] already available Winter
2024-06-10 22:28:36,216 - textile_logger - INFO - [nouns_table] already available Morgen
2024-06-10 22:28:36,217 - textile_logger - INFO - [nouns_table] already available Zeit
2024-06-10 22:28:36,217 - textile_logger - INFO - [nouns_table] already available Mühe
2024-06-10 22:28:36,217 - textile_logger - INFO - [nouns_table] already available Wochen
2024-06-10 22:28:36,218 - textile_logger - INFO - [nouns_table] already available Wartezimmer
2024-06-10 22:28:36,218 - textile_logger - INFO - [nouns_table] already available Text
2024-06-10 22:28:36,218 - textile_logger - INFO - [nouns_table] already available Danke
2024-06-10 22:28:36,218 - textile_logger - INFO - [nouns_table] already available Radio
2024-06-10 22:28:36,219 - textile_logger - INFO - [nouns_table] already available Tage
2024-06-10 22:28:36,219 - textile_logger - INFO - [nouns_table] already available Katze
2024-06-10 22:28:36,219 - textile_logger - INFO - [nouns_table] already available Dialoges
2024-06-10 22:28:36,220 - textile_logger - INFO - [nouns_table] already available Schnupfen
2024-06-10 22:28:36,220 - textile_logger - INFO - [nouns_table] already available Arbeit
2024-06-10 22:28:36,220 - textile_logger - INFO - [nouns_table] already available Spaziergang
2024-06-10 22:28:36,221 - textile_logger - INFO - [nouns_table] already available Glück
2024-06-10 22:28:36,221 - textile_logger - INFO - [nouns_table] already available Gefühl
2024-06-10 22:28:36,221 - textile_logger - INFO - [nouns_table] already available Getränke
2024-06-10 22:28:36,222 - textile_logger - INFO - [nouns_table] already available Attest
2024-06-10 22:28:36,222 - textile_logger - INFO - [nouns_table] already available Kopfweh
2024-06-10 22:28:36,222 - textile_logger - INFO - [nouns_table] already available Wunder
2024-06-10 22:28:36,223 - textile_logger - INFO - [nouns_table] already available Kontakt
2024-06-10 22:28:36,223 - textile_logger - INFO - [nouns_table] already available Kind
2024-06-10 22:28:36,223 - textile_logger - INFO - [nouns_table] already available Kinderarzt
2024-06-10 22:28:36,224 - textile_logger - INFO - [nouns_table] already available Bleib
2024-06-10 22:28:36,224 - textile_logger - INFO - [nouns_table] already available Schmerzmittel
2024-06-10 22:28:36,224 - textile_logger - INFO - [nouns_table] already available Schule
2024-06-10 22:28:36,224 - textile_logger - INFO - [nouns_table] already available Medikamente
2024-06-10 22:28:36,225 - textile_logger - INFO - [nouns_table] already available Tag
2024-06-10 22:28:36,225 - textile_logger - INFO - [nouns_table] already available Schmerzen
2024-06-10 22:28:36,225 - textile_logger - INFO - [nouns_table] already available Arzt
2024-06-10 22:28:36,226 - textile_logger - INFO - [nouns_table] already available Nachrichten
2024-06-10 22:28:36,226 - textile_logger - INFO - [nouns_table] already available Geschichte
2024-06-10 22:28:36,226 - textile_logger - INFO - [nouns_table] already available Pflanzen
2024-06-10 22:28:36,227 - textile_logger - INFO - [nouns_table] already available  Mittel
2024-06-10 22:28:36,227 - textile_logger - INFO - [nouns_table] already available Chemie
2024-06-10 22:28:36,228 - textile_logger - INFO - [nouns_table] already available  Vertrag
2024-06-10 22:28:36,228 - textile_logger - INFO - [nouns_table] already available Bundesregierung
2024-06-10 22:28:36,228 - textile_logger - INFO - [nouns_table] already available Verkauf
2024-06-10 22:28:36,229 - textile_logger - INFO - [nouns_table] already available Parteien
2024-06-10 22:28:36,229 - textile_logger - INFO - [nouns_table] already available Gehirn
2024-06-10 22:28:36,229 - textile_logger - INFO - [nouns_table] already available Sand
2024-06-10 22:28:36,230 - textile_logger - INFO - [nouns_table] already available Drogenhändler
2024-06-10 22:28:36,230 - textile_logger - INFO - [nouns_table] already available Leute
2024-06-10 22:28:36,230 - textile_logger - INFO - [nouns_table] already available Zucker
2024-06-10 22:28:36,231 - textile_logger - INFO - [nouns_table] already available  Händler
2024-06-10 22:28:36,231 - textile_logger - INFO - [nouns_table] already available Blätter
2024-06-10 22:28:36,231 - textile_logger - INFO - [nouns_table] already available Beispiel
2024-06-10 22:28:36,232 - textile_logger - INFO - [nouns_table] already available Streit
2024-06-10 22:28:36,232 - textile_logger - INFO - [nouns_table] already available Bedingungen
2024-06-10 22:28:36,232 - textile_logger - INFO - [nouns_table] already available Rausch
2024-06-10 22:28:36,232 - textile_logger - INFO - [nouns_table] already available Cannabis
2024-06-10 22:28:36,233 - textile_logger - INFO - [nouns_table] already available Erlaubnis
2024-06-10 22:28:36,233 - textile_logger - INFO - [nouns_table] already available Koalitionsvertrag
2024-06-10 22:28:36,233 - textile_logger - INFO - [nouns_table] already available  Minister
2024-06-10 22:28:36,234 - textile_logger - INFO - [nouns_table] already available Drogenhändlern
2024-06-10 22:28:36,234 - textile_logger - INFO - [nouns_table] already available Fachleute
2024-06-10 22:28:36,234 - textile_logger - INFO - [nouns_table] already available Droge
2024-06-10 22:28:36,235 - textile_logger - INFO - [nouns_table] already available Geschäfte
2024-06-10 22:28:36,235 - textile_logger - INFO - [nouns_table] already available Teile
2024-06-10 22:28:36,235 - textile_logger - INFO - [nouns_table] already available Gewürze
2024-06-10 22:28:36,236 - textile_logger - INFO - [nouns_table] already available Ärzte
2024-06-10 22:28:36,236 - textile_logger - INFO - [nouns_table] already available Vereine
2024-06-10 22:28:36,236 - textile_logger - INFO - [nouns_table] already available  Regierung
2024-06-10 22:28:36,237 - textile_logger - INFO - [nouns_table] already available Gesundheits
2024-06-10 22:28:36,237 - textile_logger - INFO - [nouns_table] already available Gegenden
2024-06-10 22:28:36,237 - textile_logger - INFO - [nouns_table] already available Pflanze
2024-06-10 22:28:36,238 - textile_logger - INFO - [nouns_table] already available Moment
2024-06-10 22:28:36,238 - textile_logger - INFO - [nouns_table] already available Angst
2024-06-10 22:28:36,238 - textile_logger - INFO - [nouns_table] already available Drogen
2024-06-10 22:28:36,239 - textile_logger - INFO - [nouns_table] already available Gesundheitsminister
2024-06-10 22:28:36,239 - textile_logger - INFO - [nouns_table] already available Erwachsene
2024-06-10 22:28:36,239 - textile_logger - INFO - [nouns_table] already available Qualität
2024-06-10 22:28:36,240 - textile_logger - INFO - [nouns_table] already available Hause
2024-06-10 22:28:36,240 - textile_logger - INFO - [nouns_table] already available Dezember
2024-06-10 22:28:36,240 - textile_logger - INFO - [nouns_table] already available  Team
2024-06-10 22:28:36,240 - textile_logger - INFO - [nouns_table] already available Hinspiel
2024-06-10 22:28:36,241 - textile_logger - INFO - [nouns_table] already available WM
2024-06-10 22:28:36,241 - textile_logger - INFO - [nouns_table] already available Qualifikation
2024-06-10 22:28:36,241 - textile_logger - INFO - [nouns_table] already available Frauen
2024-06-10 22:28:36,242 - textile_logger - INFO - [nouns_table] already available Hin
2024-06-10 22:28:36,242 - textile_logger - INFO - [nouns_table] already available  Meisterschaft
2024-06-10 22:28:36,242 - textile_logger - INFO - [nouns_table] already available Grund
2024-06-10 22:28:36,243 - textile_logger - INFO - [nouns_table] already available Rück
2024-06-10 22:28:36,243 - textile_logger - INFO - [nouns_table] already available Ländern
2024-06-10 22:28:36,243 - textile_logger - INFO - [nouns_table] already available Toren
2024-06-10 22:28:36,244 - textile_logger - INFO - [nouns_table] already available Handballerinnen
2024-06-10 22:28:36,244 - textile_logger - INFO - [nouns_table] already available Weltmeisterschaft
2024-06-10 22:28:36,244 - textile_logger - INFO - [nouns_table] already available November
2024-06-10 22:28:36,245 - textile_logger - INFO - [nouns_table] already available Rückspiel
2024-06-10 22:28:36,245 - textile_logger - INFO - [nouns_table] already available  Spiel
2024-06-10 22:28:36,245 - textile_logger - INFO - [nouns_table] already available Potter
2024-06-10 22:28:36,246 - textile_logger - INFO - [nouns_table] already available Kinofilmen
2024-06-10 22:28:36,246 - textile_logger - INFO - [nouns_table] already available Geschichten
2024-06-10 22:28:36,246 - textile_logger - INFO - [nouns_table] already available Serie
2024-06-10 22:28:36,246 - textile_logger - INFO - [nouns_table] already available Firma
2024-06-10 22:28:36,247 - textile_logger - INFO - [nouns_table] already available Autorin
2024-06-10 22:28:36,247 - textile_logger - INFO - [nouns_table] already available Schauspielerinnen
2024-06-10 22:28:36,247 - textile_logger - INFO - [nouns_table] already available Platz
2024-06-10 22:28:36,248 - textile_logger - INFO - [nouns_table] already available Kino
2024-06-10 22:28:36,248 - textile_logger - INFO - [nouns_table] already available  Spieler
2024-06-10 22:28:36,248 - textile_logger - INFO - [nouns_table] already available Schau
2024-06-10 22:28:36,249 - textile_logger - INFO - [nouns_table] already available Einzelheiten
2024-06-10 22:28:36,249 - textile_logger - INFO - [nouns_table] already available Kinofilm
2024-06-10 22:28:36,249 - textile_logger - INFO - [nouns_table] already available Potter“büchern
2024-06-10 22:28:36,250 - textile_logger - INFO - [nouns_table] already available Potter“
2024-06-10 22:28:36,250 - textile_logger - INFO - [nouns_table] already available Bücher
2024-06-10 22:28:36,250 - textile_logger - INFO - [nouns_table] already available  Filmen
2024-06-10 22:28:36,251 - textile_logger - INFO - [nouns_table] already available  Film
2024-06-10 22:28:36,251 - textile_logger - INFO - [nouns_table] already available Streaming
2024-06-10 22:28:36,251 - textile_logger - INFO - [nouns_table] already available  Dienst
2024-06-10 22:28:36,252 - textile_logger - INFO - [nouns_table] already available Kinofilme
2024-06-10 22:28:36,252 - textile_logger - INFO - [nouns_table] already available Fernseh
2024-06-10 22:28:36,252 - textile_logger - INFO - [nouns_table] already available  Büchern
2024-06-10 22:28:36,252 - textile_logger - INFO - [nouns_table] already available Zauberer
2024-06-10 22:28:36,253 - textile_logger - INFO - [nouns_table] already available Fernsehserie
2024-06-10 22:28:36,253 - textile_logger - INFO - [nouns_table] already available  Serie
2024-06-10 22:28:36,253 - textile_logger - INFO - [nouns_table] already available Schauspieler
2024-06-10 22:28:36,254 - textile_logger - INFO - [nouns_table] already available Helfer
2024-06-10 22:28:36,254 - textile_logger - INFO - [nouns_table] already available Trinkwasser
2024-06-10 22:28:36,254 - textile_logger - INFO - [nouns_table] already available Armee
2024-06-10 22:28:36,255 - textile_logger - INFO - [nouns_table] already available Tagen
2024-06-10 22:28:36,255 - textile_logger - INFO - [nouns_table] already available  Armee
2024-06-10 22:28:36,255 - textile_logger - INFO - [nouns_table] already available Rebellen
2024-06-10 22:28:36,256 - textile_logger - INFO - [nouns_table] already available Wohn
2024-06-10 22:28:36,256 - textile_logger - INFO - [nouns_table] already available  Viertel
2024-06-10 22:28:36,256 - textile_logger - INFO - [nouns_table] already available Tote
2024-06-10 22:28:36,257 - textile_logger - INFO - [nouns_table] already available Rücksicht
2024-06-10 22:28:36,257 - textile_logger - INFO - [nouns_table] already available Macht
2024-06-10 22:28:36,257 - textile_logger - INFO - [nouns_table] already available Kämpfe
2024-06-10 22:28:36,258 - textile_logger - INFO - [nouns_table] already available Strom
2024-06-10 22:28:36,258 - textile_logger - INFO - [nouns_table] already available Armeen
2024-06-10 22:28:36,258 - textile_logger - INFO - [nouns_table] already available Trink
2024-06-10 22:28:36,259 - textile_logger - INFO - [nouns_table] already available  Wasser
2024-06-10 22:28:36,259 - textile_logger - INFO - [nouns_table] already available Wohnviertel
2024-06-10 22:28:36,259 - textile_logger - INFO - [nouns_table] already available Kontinent
2024-06-10 22:28:36,259 - textile_logger - INFO - [nouns_table] already available Kämpfen
2024-06-10 22:28:36,260 - textile_logger - INFO - [nouns_table] already available Helferinnen
2024-06-10 22:28:36,260 - textile_logger - INFO - [nouns_table] already available Hilfsorganisation
2024-06-10 22:28:36,260 - textile_logger - INFO - [nouns_table] already available Verkehrs
2024-06-10 22:28:36,261 - textile_logger - INFO - [nouns_table] already available Autos
2024-06-10 22:28:36,261 - textile_logger - INFO - [nouns_table] already available Auto
2024-06-10 22:28:36,261 - textile_logger - INFO - [nouns_table] already available Barrikaden
2024-06-10 22:28:36,262 - textile_logger - INFO - [nouns_table] already available Waffe
2024-06-10 22:28:36,262 - textile_logger - INFO - [nouns_table] already available Verkehrskontrolle
2024-06-10 22:28:36,262 - textile_logger - INFO - [nouns_table] already available Einrichtungen
2024-06-10 22:28:36,263 - textile_logger - INFO - [nouns_table] already available Müll
2024-06-10 22:28:36,263 - textile_logger - INFO - [nouns_table] already available Kugel
2024-06-10 22:28:36,263 - textile_logger - INFO - [nouns_table] already available Krawalle
2024-06-10 22:28:36,264 - textile_logger - INFO - [nouns_table] already available Video
2024-06-10 22:28:36,264 - textile_logger - INFO - [nouns_table] already available  Container
2024-06-10 22:28:36,264 - textile_logger - INFO - [nouns_table] already available Festnahmen
2024-06-10 22:28:36,265 - textile_logger - INFO - [nouns_table] already available 17
2024-06-10 22:28:36,265 - textile_logger - INFO - [nouns_table] already available Staat
2024-06-10 22:28:36,265 - textile_logger - INFO - [nouns_table] already available  Kontrolle
2024-06-10 22:28:36,266 - textile_logger - INFO - [nouns_table] already available Gewalt
2024-06-10 22:28:36,266 - textile_logger - INFO - [nouns_table] already available Satz
2024-06-10 22:28:36,266 - textile_logger - INFO - [nouns_table] already available Hauptstadt
2024-06-10 22:28:36,266 - textile_logger - INFO - [nouns_table] already available Feuerwerkskörpern
2024-06-10 22:28:36,267 - textile_logger - INFO - [nouns_table] already available Vorfall
2024-06-10 22:28:36,267 - textile_logger - INFO - [nouns_table] already available Demonstrierende
2024-06-10 22:28:36,267 - textile_logger - INFO - [nouns_table] already available Polizist
2024-06-10 22:28:36,268 - textile_logger - INFO - [nouns_table] already available Feuerwerks
2024-06-10 22:28:36,268 - textile_logger - INFO - [nouns_table] already available Vororten
2024-06-10 22:28:36,268 - textile_logger - INFO - [nouns_table] already available Müllcontainer
2024-06-10 22:28:36,269 - textile_logger - INFO - [nouns_table] already available  Körpern
2024-06-10 22:28:36,269 - textile_logger - INFO - [nouns_table] already available Polizisten
2024-06-10 22:28:36,269 - textile_logger - INFO - [nouns_table] already available Einsatz
2024-06-10 22:28:36,270 - textile_logger - INFO - [nouns_table] already available Jugendliche
2024-06-10 22:28:36,270 - textile_logger - INFO - [nouns_table] already available Kopf
2024-06-10 22:28:36,270 - textile_logger - INFO - [nouns_table] already available Stimmen
2024-06-10 22:28:36,271 - textile_logger - INFO - [nouns_table] already available  Wahl
2024-06-10 22:28:36,271 - textile_logger - INFO - [nouns_table] already available Ergebnis
2024-06-10 22:28:36,271 - textile_logger - INFO - [nouns_table] already available Sieg
2024-06-10 22:28:36,272 - textile_logger - INFO - [nouns_table] already available Polizeifoto
2024-06-10 22:28:36,272 - textile_logger - INFO - [nouns_table] already available  Präsident
2024-06-10 22:28:36,272 - textile_logger - INFO - [nouns_table] already available Verbrecher“foto
2024-06-10 22:28:36,272 - textile_logger - INFO - [nouns_table] already available Vorwürfe
2024-06-10 22:28:36,273 - textile_logger - INFO - [nouns_table] already available Medien
2024-06-10 22:28:36,273 - textile_logger - INFO - [nouns_table] already available Hexenjagd
2024-06-10 22:28:36,273 - textile_logger - INFO - [nouns_table] already available Behörden
2024-06-10 22:28:36,274 - textile_logger - INFO - [nouns_table] already available Verbrecher
2024-06-10 22:28:36,274 - textile_logger - INFO - [nouns_table] already available Bundesstaat
2024-06-10 22:28:36,274 - textile_logger - INFO - [nouns_table] already available  Foto
2024-06-10 22:28:36,275 - textile_logger - INFO - [nouns_table] already available Woche
2024-06-10 22:28:36,275 - textile_logger - INFO - [nouns_table] already available  Jagd
2024-06-10 22:28:36,275 - textile_logger - INFO - [nouns_table] already available  Bundes
2024-06-10 22:28:36,276 - textile_logger - INFO - [nouns_table] already available  Staat
2024-06-10 22:28:36,276 - textile_logger - INFO - [nouns_table] already available  Kampf
2024-06-10 22:28:36,276 - textile_logger - INFO - [nouns_table] already available Us
2024-06-10 22:28:36,277 - textile_logger - INFO - [nouns_table] already available  Shirts
2024-06-10 22:28:36,277 - textile_logger - INFO - [nouns_table] already available Hexen
2024-06-10 22:28:36,277 - textile_logger - INFO - [nouns_table] already available T
2024-06-10 22:28:36,278 - textile_logger - INFO - [nouns_table] already available Straßen
2024-06-10 22:28:36,278 - textile_logger - INFO - [nouns_table] already available Weg
2024-06-10 22:28:36,278 - textile_logger - INFO - [nouns_table] already available Wetter
2024-06-10 22:28:36,279 - textile_logger - INFO - [nouns_table] already available Wasser
2024-06-10 22:28:36,279 - textile_logger - INFO - [nouns_table] already available Reise
2024-06-10 22:28:36,279 - textile_logger - INFO - [nouns_table] already available Sonne
2024-06-10 22:28:36,279 - textile_logger - INFO - [nouns_table] already available Frau
2024-06-10 22:28:36,280 - textile_logger - INFO - [nouns_table] already available Route
2024-06-10 22:28:36,280 - textile_logger - INFO - [nouns_table] already available Flasche
2024-06-10 22:28:36,280 - textile_logger - INFO - [nouns_table] already available Buch
2024-06-10 22:28:36,281 - textile_logger - INFO - [nouns_table] already available Mann
2024-06-10 22:28:36,281 - textile_logger - INFO - [nouns_table] already available Bäumen
2024-06-10 22:28:36,281 - textile_logger - INFO - [nouns_table] already available Natur
2024-06-10 22:28:36,282 - textile_logger - INFO - [nouns_table] already available Bälle
2024-06-10 22:28:36,282 - textile_logger - INFO - [nouns_table] already available Park
2024-06-10 22:28:36,282 - textile_logger - INFO - [nouns_table] already available Vögel
2024-06-10 22:28:36,283 - textile_logger - INFO - [nouns_table] already available Wiese
2024-06-10 22:28:36,283 - textile_logger - INFO - [nouns_table] already available Mädchen
2024-06-10 22:28:36,283 - textile_logger - INFO - [nouns_table] already available Ball
2024-06-10 22:28:36,284 - textile_logger - INFO - [nouns_table] already available Hund
2024-06-10 22:28:36,284 - textile_logger - INFO - [nouns_table] already available Experimentieren
2024-06-10 22:28:36,284 - textile_logger - INFO - [nouns_table] already available Vordergrund
2024-06-10 22:28:36,285 - textile_logger - INFO - [nouns_table] already available Schmerzes
2024-06-10 22:28:36,285 - textile_logger - INFO - [nouns_table] already available Abendessen
2024-06-10 22:28:36,285 - textile_logger - INFO - [nouns_table] already available Möglichkeit
2024-06-10 22:28:36,285 - textile_logger - INFO - [nouns_table] already available Gemüse
2024-06-10 22:28:36,286 - textile_logger - INFO - [nouns_table] already available Höhen
2024-06-10 22:28:36,286 - textile_logger - INFO - [nouns_table] already available Küche
2024-06-10 22:28:36,286 - textile_logger - INFO - [nouns_table] already available Tränen
2024-06-10 22:28:36,287 - textile_logger - INFO - [nouns_table] already available Oscar
2024-06-10 22:28:36,287 - textile_logger - INFO - [nouns_table] already available Weltkrieg
2024-06-10 22:28:36,287 - textile_logger - INFO - [nouns_table] already available Regisseur
2024-06-10 22:28:36,288 - textile_logger - INFO - [nouns_table] already available Wasch
2024-06-10 22:28:36,288 - textile_logger - INFO - [nouns_table] already available Filmmusik
2024-06-10 22:28:36,288 - textile_logger - INFO - [nouns_table] already available Neues
2024-06-10 22:28:36,289 - textile_logger - INFO - [nouns_table] already available Film
2024-06-10 22:28:36,289 - textile_logger - INFO - [nouns_table] already available Oscars
2024-06-10 22:28:36,289 - textile_logger - INFO - [nouns_table] already available Generationen
2024-06-10 22:28:36,290 - textile_logger - INFO - [nouns_table] already available anderen
2024-06-10 22:28:36,290 - textile_logger - INFO - [nouns_table] already available Älteren
2024-06-10 22:28:36,290 - textile_logger - INFO - [nouns_table] already available Krankenschwester
2024-06-10 22:28:36,291 - textile_logger - INFO - [nouns_table] already available Alters
2024-06-10 22:28:36,291 - textile_logger - INFO - [nouns_table] already available Gemeinschaftsbereich
2024-06-10 22:28:36,291 - textile_logger - INFO - [nouns_table] already available Füreinander
2024-06-10 22:28:36,292 - textile_logger - INFO - [nouns_table] already available Gegenzug
2024-06-10 22:28:36,292 - textile_logger - INFO - [nouns_table] already available Unabhängigkeit
2024-06-10 22:28:36,292 - textile_logger - INFO - [nouns_table] already available Fähigkeiten
2024-06-10 22:28:36,293 - textile_logger - INFO - [nouns_table] already available Erziehung
2024-06-10 22:28:36,293 - textile_logger - INFO - [nouns_table] already available Erfahrungen
2024-06-10 22:28:36,293 - textile_logger - INFO - [nouns_table] already available Ende
2024-06-10 22:28:36,294 - textile_logger - INFO - [nouns_table] already available Gemeinschaft
2024-06-10 22:28:36,294 - textile_logger - INFO - [nouns_table] already available Teil
2024-06-10 22:28:36,294 - textile_logger - INFO - [nouns_table] already available Lösung
2024-06-10 22:28:36,295 - textile_logger - INFO - [nouns_table] already available Kindern
2024-06-10 22:28:36,295 - textile_logger - INFO - [nouns_table] already available  Jährige
2024-06-10 22:28:36,295 - textile_logger - INFO - [nouns_table] already available Schulaufgaben
2024-06-10 22:28:36,296 - textile_logger - INFO - [nouns_table] already available Geschwistern
2024-06-10 22:28:36,296 - textile_logger - INFO - [nouns_table] already available Motto
2024-06-10 22:28:36,296 - textile_logger - INFO - [nouns_table] already available Berufslebens
2024-06-10 22:28:36,297 - textile_logger - INFO - [nouns_table] already available 70
2024-06-10 22:28:36,297 - textile_logger - INFO - [nouns_table] already available Können
2024-06-10 22:28:36,297 - textile_logger - INFO - [nouns_table] already available Lebensgefühl
2024-06-10 22:28:36,298 - textile_logger - INFO - [nouns_table] already available Alter
2024-06-10 22:28:36,298 - textile_logger - INFO - [nouns_table] already available Altersheim
2024-06-10 22:28:36,501 - textile_logger - INFO - [nouns_table] already available Menschen
2024-06-10 22:28:36,502 - textile_logger - INFO - [nouns_table] already available Lebensgefühl
2024-06-10 22:28:36,502 - textile_logger - INFO - [nouns_table] already available Geschwistern
2024-06-10 22:28:36,503 - textile_logger - INFO - [nouns_table] already available Erwachsene
2024-06-10 22:28:36,503 - textile_logger - INFO - [nouns_table] already available Krankenschwester
2024-06-10 22:28:36,504 - textile_logger - INFO - [nouns_table] already available Wunder
2024-06-10 22:28:36,504 - textile_logger - INFO - [nouns_table] already available Alter
2024-06-10 22:28:37,215 - textile_logger - INFO - [nouns_table] parsing Gesellschaft
2024-06-10 22:28:37,216 - textile_logger - INFO - [nouns_table] already available Alters
2024-06-10 22:28:37,218 - textile_logger - INFO - [nouns_table] already available Altersheim
2024-06-10 22:28:38,092 - textile_logger - INFO - [nouns_table] parsing Option
2024-06-10 22:28:38,093 - textile_logger - INFO - [nouns_table] already available Lösung
2024-06-10 22:28:38,811 - textile_logger - INFO - [nouns_table] parsing Mehrgenerationenwohnen
2024-06-10 22:28:38,811 - textile_logger - INFO - [nouns_table] already available Motto
2024-06-10 22:28:38,814 - textile_logger - INFO - [nouns_table] already available Füreinander
2024-06-10 22:28:38,815 - textile_logger - INFO - [nouns_table] already available Älteren
2024-06-10 22:28:39,521 - textile_logger - INFO - [nouns_table] parsing Mehrgenerationenhaus
2024-06-10 22:28:39,963 - textile_logger - INFO - [nouns_table] parsing Wohnung
2024-06-10 22:28:39,964 - textile_logger - INFO - [nouns_table] already available Unabhängigkeit
2024-06-10 22:28:39,966 - textile_logger - INFO - [nouns_table] already available Zeit
2024-06-10 22:28:39,968 - textile_logger - INFO - [nouns_table] already available Gemeinschaftsbereich
2024-06-10 22:28:40,901 - textile_logger - INFO - [nouns_table] parsing Treff
2024-06-10 22:28:41,471 - textile_logger - INFO - [nouns_table] parsing Gespräch
2024-06-10 22:28:42,202 - textile_logger - INFO - [nouns_table] parsing Wohnzimmer
2024-06-10 22:28:42,879 - textile_logger - INFO - [nouns_table] parsing Treffpunkt
2024-06-10 22:28:42,880 - textile_logger - INFO - [nouns_table] already available Generationen
2024-06-10 22:28:42,883 - textile_logger - INFO - [nouns_table] already available Erfahrungen
2024-06-10 22:28:42,884 - textile_logger - INFO - [nouns_table] already available Fähigkeiten
2024-06-10 22:28:43,679 - textile_logger - INFO - [nouns_table] parsing Wissen
2024-06-10 22:28:43,680 - textile_logger - INFO - [nouns_table] already available Können
2024-06-10 22:28:43,682 - textile_logger - INFO - [nouns_table] already available anderen
2024-06-10 22:28:43,684 - textile_logger - INFO - [nouns_table] already available Kindern
2024-06-10 22:28:43,685 - textile_logger - INFO - [nouns_table] already available Schulaufgaben
2024-06-10 22:28:43,685 - textile_logger - INFO - [nouns_table] already available Eltern
2024-06-10 22:28:43,685 - textile_logger - INFO - [nouns_table] already available Erziehung
2024-06-10 22:28:44,261 - textile_logger - INFO - [nouns_table] parsing Ohr
2024-06-10 22:28:44,262 - textile_logger - INFO - [nouns_table] already available Gegenzug
2024-06-10 22:28:44,266 - textile_logger - INFO - [nouns_table] already available Teil
2024-06-10 22:28:44,268 - textile_logger - INFO - [nouns_table] already available Gemeinschaft
2024-06-10 22:28:44,268 - textile_logger - INFO - [nouns_table] already available Ende
2024-06-10 22:28:44,268 - textile_logger - INFO - [nouns_table] already available Berufslebens
2024-06-10 22:28:44,269 - textile_logger - INFO - [nouns_table] already available 70
2024-06-10 22:28:44,269 - textile_logger - INFO - [nouns_table] already available  Jährige
2024-06-10 22:28:44,994 - textile_logger - INFO - [nouns_table] parsing 70jährige
