2024-06-10 21:47:02,327 - textile_logger - INFO - [tui] starting textile
2024-06-10 21:47:03,308 - textile_logger - INFO - [text_agents] successfully loaded spacy
2024-06-10 21:47:03,340 - textile_logger - INFO - [text_agents] NLP model applied
2024-06-10 21:47:03,354 - textile_logger - INFO - [text_agents] analyzed text
2024-06-10 21:47:03,374 - textile_logger - INFO - [nouns_table] refreshing cache
2024-06-10 21:47:03,535 - textile_logger - INFO - [nouns_table] already available Name
2024-06-10 21:47:03,537 - textile_logger - INFO - [nouns_table] already available Jahren
2024-06-10 21:47:03,538 - textile_logger - INFO - [nouns_table] already available Jahre
2024-06-10 21:47:03,538 - textile_logger - INFO - [nouns_table] already available Geschwister
2024-06-10 21:47:03,539 - textile_logger - INFO - [nouns_table] already available Schwester
2024-06-10 21:47:03,539 - textile_logger - INFO - [nouns_table] already available Bruder
2024-06-10 21:47:03,540 - textile_logger - INFO - [nouns_table] already available Eltern
2024-06-10 21:47:03,540 - textile_logger - INFO - [nouns_table] already available Haus
2024-06-10 21:47:03,541 - textile_logger - INFO - [nouns_table] already available Nähe
2024-06-10 21:47:03,541 - textile_logger - INFO - [nouns_table] already available Mutter
2024-06-10 21:47:03,541 - textile_logger - INFO - [nouns_table] already available Köchin
2024-06-10 21:47:03,542 - textile_logger - INFO - [nouns_table] already available Vater
2024-06-10 21:47:03,542 - textile_logger - INFO - [nouns_table] already available Bank
2024-06-10 21:47:03,543 - textile_logger - INFO - [nouns_table] already available Richter
2024-06-10 21:47:03,543 - textile_logger - INFO - [nouns_table] already available Monat
2024-06-10 21:47:03,544 - textile_logger - INFO - [nouns_table] already available Gericht
2024-06-10 21:47:03,544 - textile_logger - INFO - [nouns_table] already available Fall
2024-06-10 21:47:03,545 - textile_logger - INFO - [nouns_table] already available Staatsanwalt
2024-06-10 21:47:03,545 - textile_logger - INFO - [nouns_table] already available Strafprozess
2024-06-10 21:47:03,546 - textile_logger - INFO - [nouns_table] already available Strafe
2024-06-10 21:47:03,546 - textile_logger - INFO - [nouns_table] already available Geschäftsunterlagen
2024-06-10 21:47:03,546 - textile_logger - INFO - [nouns_table] already available Stadt
2024-06-10 21:47:03,547 - textile_logger - INFO - [nouns_table] already available Verbotenes
2024-06-10 21:47:03,547 - textile_logger - INFO - [nouns_table] already available Wahl
2024-06-10 21:47:03,548 - textile_logger - INFO - [nouns_table] already available Land
2024-06-10 21:47:03,548 - textile_logger - INFO - [nouns_table] already available Januar
2024-06-10 21:47:03,549 - textile_logger - INFO - [nouns_table] already available Präsident
2024-06-10 21:47:03,549 - textile_logger - INFO - [nouns_table] already available Gerichtstermin
2024-06-10 21:47:03,550 - textile_logger - INFO - [nouns_table] already available Wahrheit
2024-06-10 21:47:03,550 - textile_logger - INFO - [nouns_table] already available  Bündnis
2024-06-10 21:47:03,551 - textile_logger - INFO - [nouns_table] already available Mitgliedsländer
2024-06-10 21:47:03,551 - textile_logger - INFO - [nouns_table] already available  Quartier
2024-06-10 21:47:03,551 - textile_logger - INFO - [nouns_table] already available Hauptquartier
2024-06-10 21:47:03,552 - textile_logger - INFO - [nouns_table] already available Russland
2024-06-10 21:47:03,552 - textile_logger - INFO - [nouns_table] already available Militär
2024-06-10 21:47:03,553 - textile_logger - INFO - [nouns_table] already available Mitglied
2024-06-10 21:47:03,553 - textile_logger - INFO - [nouns_table] already available Nato
2024-06-10 21:47:03,554 - textile_logger - INFO - [nouns_table] already available Mitglieds
2024-06-10 21:47:03,554 - textile_logger - INFO - [nouns_table] already available Erweiterung
2024-06-10 21:47:03,555 - textile_logger - INFO - [nouns_table] already available General
2024-06-10 21:47:03,555 - textile_logger - INFO - [nouns_table] already available Generalsekretär
2024-06-10 21:47:03,556 - textile_logger - INFO - [nouns_table] already available Beitritt
2024-06-10 21:47:03,556 - textile_logger - INFO - [nouns_table] already available  Länder
2024-06-10 21:47:03,556 - textile_logger - INFO - [nouns_table] already available Militärbündnis
2024-06-10 21:47:03,557 - textile_logger - INFO - [nouns_table] already available Fahne
2024-06-10 21:47:03,557 - textile_logger - INFO - [nouns_table] already available  Mitglied
2024-06-10 21:47:03,558 - textile_logger - INFO - [nouns_table] already available Haupt
2024-06-10 21:47:03,558 - textile_logger - INFO - [nouns_table] already available Länder
2024-06-10 21:47:03,559 - textile_logger - INFO - [nouns_table] already available Regierung
2024-06-10 21:47:03,559 - textile_logger - INFO - [nouns_table] already available Mitglieder
2024-06-10 21:47:03,560 - textile_logger - INFO - [nouns_table] already available  Sekretär
2024-06-10 21:47:03,560 - textile_logger - INFO - [nouns_table] already available Feier
2024-06-10 21:47:03,560 - textile_logger - INFO - [nouns_table] already available Schriftsteller
2024-06-10 21:47:03,561 - textile_logger - INFO - [nouns_table] already available Krieg
2024-06-10 21:47:03,561 - textile_logger - INFO - [nouns_table] already available  Musik
2024-06-10 21:47:03,562 - textile_logger - INFO - [nouns_table] already available Millionen
2024-06-10 21:47:03,562 - textile_logger - INFO - [nouns_table] already available Soldat
2024-06-10 21:47:03,563 - textile_logger - INFO - [nouns_table] already available Welt
2024-06-10 21:47:03,563 - textile_logger - INFO - [nouns_table] already available  Führung
2024-06-10 21:47:03,564 - textile_logger - INFO - [nouns_table] already available  Krieg
2024-06-10 21:47:03,564 - textile_logger - INFO - [nouns_table] already available Westen
2024-06-10 21:47:03,565 - textile_logger - INFO - [nouns_table] already available  Salon
2024-06-10 21:47:03,565 - textile_logger - INFO - [nouns_table] already available  Preisen
2024-06-10 21:47:03,566 - textile_logger - INFO - [nouns_table] already available  Bild
2024-06-10 21:47:03,566 - textile_logger - INFO - [nouns_table] already available Filmpreisen
2024-06-10 21:47:03,566 - textile_logger - INFO - [nouns_table] already available Waschsalon
2024-06-10 21:47:03,567 - textile_logger - INFO - [nouns_table] already available Kamera
2024-06-10 21:47:03,570 - textile_logger - INFO - [nouns_table] already available Jahr
2024-06-10 21:47:03,570 - textile_logger - INFO - [nouns_table] already available Besitzerin
2024-06-10 21:47:03,571 - textile_logger - INFO - [nouns_table] already available Szenen
2024-06-10 21:47:03,571 - textile_logger - INFO - [nouns_table] already available Kameraführung
2024-06-10 21:47:03,572 - textile_logger - INFO - [nouns_table] already available Menschen
2024-06-10 21:47:03,572 - textile_logger - INFO - [nouns_table] already available Grippe
2024-06-10 21:47:03,573 - textile_logger - INFO - [nouns_table] already available Fieber
2024-06-10 21:47:03,573 - textile_logger - INFO - [nouns_table] already available Alternative
2024-06-10 21:47:03,574 - textile_logger - INFO - [nouns_table] already available Kinder
2024-06-10 21:47:03,574 - textile_logger - INFO - [nouns_table] already available Essen
2024-06-10 21:47:03,575 - textile_logger - INFO - [nouns_table] already available Besserung
2024-06-10 21:47:03,575 - textile_logger - INFO - [nouns_table] already available Rezept
2024-06-10 21:47:03,576 - textile_logger - INFO - [nouns_table] already available leben
2024-06-10 21:47:03,576 - textile_logger - INFO - [nouns_table] already available Sohn
2024-06-10 21:47:03,577 - textile_logger - INFO - [nouns_table] already available Viren
2024-06-10 21:47:03,577 - textile_logger - INFO - [nouns_table] already available Podcast
2024-06-10 21:47:03,578 - textile_logger - INFO - [nouns_table] already available Husten
2024-06-10 21:47:03,578 - textile_logger - INFO - [nouns_table] already available Erkältung
2024-06-10 21:47:03,578 - textile_logger - INFO - [nouns_table] already available Saft
2024-06-10 21:47:03,579 - textile_logger - INFO - [nouns_table] already available Dialog
2024-06-10 21:47:03,579 - textile_logger - INFO - [nouns_table] already available Moderatoren
2024-06-10 21:47:03,580 - textile_logger - INFO - [nouns_table] already available Winter
2024-06-10 21:47:03,580 - textile_logger - INFO - [nouns_table] already available Morgen
2024-06-10 21:47:03,581 - textile_logger - INFO - [nouns_table] already available Zeit
2024-06-10 21:47:03,581 - textile_logger - INFO - [nouns_table] already available Mühe
2024-06-10 21:47:03,582 - textile_logger - INFO - [nouns_table] already available Wochen
2024-06-10 21:47:03,582 - textile_logger - INFO - [nouns_table] already available Wartezimmer
2024-06-10 21:47:03,582 - textile_logger - INFO - [nouns_table] already available Text
2024-06-10 21:47:03,583 - textile_logger - INFO - [nouns_table] already available Danke
2024-06-10 21:47:03,583 - textile_logger - INFO - [nouns_table] already available Radio
2024-06-10 21:47:03,584 - textile_logger - INFO - [nouns_table] already available Tage
2024-06-10 21:47:03,584 - textile_logger - INFO - [nouns_table] already available Katze
2024-06-10 21:47:03,585 - textile_logger - INFO - [nouns_table] already available Dialoges
2024-06-10 21:47:03,585 - textile_logger - INFO - [nouns_table] already available Schnupfen
2024-06-10 21:47:03,585 - textile_logger - INFO - [nouns_table] already available Arbeit
2024-06-10 21:47:03,586 - textile_logger - INFO - [nouns_table] already available Spaziergang
2024-06-10 21:47:03,586 - textile_logger - INFO - [nouns_table] already available Glück
2024-06-10 21:47:03,587 - textile_logger - INFO - [nouns_table] already available Gefühl
2024-06-10 21:47:03,587 - textile_logger - INFO - [nouns_table] already available Getränke
2024-06-10 21:47:03,588 - textile_logger - INFO - [nouns_table] already available Attest
2024-06-10 21:47:03,588 - textile_logger - INFO - [nouns_table] already available Kopfweh
2024-06-10 21:47:03,589 - textile_logger - INFO - [nouns_table] already available Wunder
2024-06-10 21:47:03,589 - textile_logger - INFO - [nouns_table] already available Kontakt
2024-06-10 21:47:03,589 - textile_logger - INFO - [nouns_table] already available Kind
2024-06-10 21:47:03,590 - textile_logger - INFO - [nouns_table] already available Kinderarzt
2024-06-10 21:47:03,590 - textile_logger - INFO - [nouns_table] already available Bleib
2024-06-10 21:47:03,591 - textile_logger - INFO - [nouns_table] already available Schmerzmittel
2024-06-10 21:47:03,591 - textile_logger - INFO - [nouns_table] already available Schule
2024-06-10 21:47:03,592 - textile_logger - INFO - [nouns_table] already available Medikamente
2024-06-10 21:47:03,592 - textile_logger - INFO - [nouns_table] already available Tag
2024-06-10 21:47:03,593 - textile_logger - INFO - [nouns_table] already available Schmerzen
2024-06-10 21:47:03,593 - textile_logger - INFO - [nouns_table] already available Arzt
2024-06-10 21:47:03,593 - textile_logger - INFO - [nouns_table] already available Nachrichten
2024-06-10 21:47:03,594 - textile_logger - INFO - [nouns_table] already available Geschichte
2024-06-10 21:47:03,594 - textile_logger - INFO - [nouns_table] already available Pflanzen
2024-06-10 21:47:03,595 - textile_logger - INFO - [nouns_table] already available  Mittel
2024-06-10 21:47:03,595 - textile_logger - INFO - [nouns_table] already available Chemie
2024-06-10 21:47:03,596 - textile_logger - INFO - [nouns_table] already available  Vertrag
2024-06-10 21:47:03,596 - textile_logger - INFO - [nouns_table] already available Bundesregierung
2024-06-10 21:47:03,597 - textile_logger - INFO - [nouns_table] already available Verkauf
2024-06-10 21:47:03,597 - textile_logger - INFO - [nouns_table] already available Parteien
2024-06-10 21:47:03,597 - textile_logger - INFO - [nouns_table] already available Gehirn
2024-06-10 21:47:03,598 - textile_logger - INFO - [nouns_table] already available Sand
2024-06-10 21:47:03,598 - textile_logger - INFO - [nouns_table] already available Drogenhändler
2024-06-10 21:47:03,599 - textile_logger - INFO - [nouns_table] already available Leute
2024-06-10 21:47:03,599 - textile_logger - INFO - [nouns_table] already available Zucker
2024-06-10 21:47:03,600 - textile_logger - INFO - [nouns_table] already available  Händler
2024-06-10 21:47:03,600 - textile_logger - INFO - [nouns_table] already available Blätter
2024-06-10 21:47:03,601 - textile_logger - INFO - [nouns_table] already available Beispiel
2024-06-10 21:47:03,601 - textile_logger - INFO - [nouns_table] already available Streit
2024-06-10 21:47:03,601 - textile_logger - INFO - [nouns_table] already available Bedingungen
2024-06-10 21:47:03,602 - textile_logger - INFO - [nouns_table] already available Rausch
2024-06-10 21:47:03,602 - textile_logger - INFO - [nouns_table] already available Cannabis
2024-06-10 21:47:03,603 - textile_logger - INFO - [nouns_table] already available Erlaubnis
2024-06-10 21:47:03,603 - textile_logger - INFO - [nouns_table] already available Koalitionsvertrag
2024-06-10 21:47:03,604 - textile_logger - INFO - [nouns_table] already available  Minister
2024-06-10 21:47:03,604 - textile_logger - INFO - [nouns_table] already available Drogenhändlern
2024-06-10 21:47:03,605 - textile_logger - INFO - [nouns_table] already available Fachleute
2024-06-10 21:47:03,605 - textile_logger - INFO - [nouns_table] already available Droge
2024-06-10 21:47:03,606 - textile_logger - INFO - [nouns_table] already available Geschäfte
2024-06-10 21:47:03,606 - textile_logger - INFO - [nouns_table] already available Teile
2024-06-10 21:47:03,607 - textile_logger - INFO - [nouns_table] already available Gewürze
2024-06-10 21:47:03,607 - textile_logger - INFO - [nouns_table] already available Ärzte
2024-06-10 21:47:03,607 - textile_logger - INFO - [nouns_table] already available Vereine
2024-06-10 21:47:03,608 - textile_logger - INFO - [nouns_table] already available  Regierung
2024-06-10 21:47:03,608 - textile_logger - INFO - [nouns_table] already available Gesundheits
2024-06-10 21:47:03,609 - textile_logger - INFO - [nouns_table] already available Gegenden
2024-06-10 21:47:03,609 - textile_logger - INFO - [nouns_table] already available Pflanze
2024-06-10 21:47:03,610 - textile_logger - INFO - [nouns_table] already available Moment
2024-06-10 21:47:03,610 - textile_logger - INFO - [nouns_table] already available Angst
2024-06-10 21:47:03,611 - textile_logger - INFO - [nouns_table] already available Drogen
2024-06-10 21:47:03,611 - textile_logger - INFO - [nouns_table] already available Gesundheitsminister
2024-06-10 21:47:03,611 - textile_logger - INFO - [nouns_table] already available Erwachsene
2024-06-10 21:47:03,612 - textile_logger - INFO - [nouns_table] already available Qualität
2024-06-10 21:47:03,612 - textile_logger - INFO - [nouns_table] already available Hause
2024-06-10 21:47:03,613 - textile_logger - INFO - [nouns_table] already available Dezember
2024-06-10 21:47:03,613 - textile_logger - INFO - [nouns_table] already available  Team
2024-06-10 21:47:03,614 - textile_logger - INFO - [nouns_table] already available Hinspiel
2024-06-10 21:47:03,614 - textile_logger - INFO - [nouns_table] already available WM
2024-06-10 21:47:03,615 - textile_logger - INFO - [nouns_table] already available Qualifikation
2024-06-10 21:47:03,615 - textile_logger - INFO - [nouns_table] already available Frauen
2024-06-10 21:47:03,615 - textile_logger - INFO - [nouns_table] already available Hin
2024-06-10 21:47:03,616 - textile_logger - INFO - [nouns_table] already available  Meisterschaft
2024-06-10 21:47:03,616 - textile_logger - INFO - [nouns_table] already available Grund
2024-06-10 21:47:03,617 - textile_logger - INFO - [nouns_table] already available Rück
2024-06-10 21:47:03,617 - textile_logger - INFO - [nouns_table] already available Ländern
2024-06-10 21:47:03,618 - textile_logger - INFO - [nouns_table] already available Toren
2024-06-10 21:47:03,618 - textile_logger - INFO - [nouns_table] already available Handballerinnen
2024-06-10 21:47:03,618 - textile_logger - INFO - [nouns_table] already available Weltmeisterschaft
2024-06-10 21:47:03,619 - textile_logger - INFO - [nouns_table] already available November
2024-06-10 21:47:03,621 - textile_logger - INFO - [nouns_table] already available Rückspiel
2024-06-10 21:47:03,622 - textile_logger - INFO - [nouns_table] already available  Spiel
2024-06-10 21:47:03,622 - textile_logger - INFO - [nouns_table] already available Potter
2024-06-10 21:47:03,623 - textile_logger - INFO - [nouns_table] already available Kinofilmen
2024-06-10 21:47:03,626 - textile_logger - INFO - [nouns_table] already available Geschichten
2024-06-10 21:47:03,627 - textile_logger - INFO - [nouns_table] already available Serie
2024-06-10 21:47:03,627 - textile_logger - INFO - [nouns_table] already available Firma
2024-06-10 21:47:03,628 - textile_logger - INFO - [nouns_table] already available Autorin
2024-06-10 21:47:03,628 - textile_logger - INFO - [nouns_table] already available Schauspielerinnen
2024-06-10 21:47:03,629 - textile_logger - INFO - [nouns_table] already available Platz
2024-06-10 21:47:03,639 - textile_logger - INFO - [nouns_table] already available Kino
2024-06-10 21:47:03,646 - textile_logger - INFO - [nouns_table] already available  Spieler
2024-06-10 21:47:03,647 - textile_logger - INFO - [nouns_table] already available Schau
2024-06-10 21:47:03,647 - textile_logger - INFO - [nouns_table] already available Einzelheiten
2024-06-10 21:47:03,648 - textile_logger - INFO - [nouns_table] already available Kinofilm
2024-06-10 21:47:03,648 - textile_logger - INFO - [nouns_table] already available Potter“büchern
2024-06-10 21:47:03,649 - textile_logger - INFO - [nouns_table] already available Potter“
2024-06-10 21:47:03,649 - textile_logger - INFO - [nouns_table] already available Bücher
2024-06-10 21:47:03,650 - textile_logger - INFO - [nouns_table] already available  Filmen
2024-06-10 21:47:03,650 - textile_logger - INFO - [nouns_table] already available  Film
2024-06-10 21:47:03,652 - textile_logger - INFO - [nouns_table] already available Streaming
2024-06-10 21:47:03,652 - textile_logger - INFO - [nouns_table] already available  Dienst
2024-06-10 21:47:03,653 - textile_logger - INFO - [nouns_table] already available Kinofilme
2024-06-10 21:47:03,653 - textile_logger - INFO - [nouns_table] already available Fernseh
2024-06-10 21:47:03,654 - textile_logger - INFO - [nouns_table] already available  Büchern
2024-06-10 21:47:03,654 - textile_logger - INFO - [nouns_table] already available Zauberer
2024-06-10 21:47:03,655 - textile_logger - INFO - [nouns_table] already available Fernsehserie
2024-06-10 21:47:03,655 - textile_logger - INFO - [nouns_table] already available  Serie
2024-06-10 21:47:03,659 - textile_logger - INFO - [nouns_table] already available Schauspieler
2024-06-10 21:47:03,659 - textile_logger - INFO - [nouns_table] already available Helfer
2024-06-10 21:47:03,660 - textile_logger - INFO - [nouns_table] already available Trinkwasser
2024-06-10 21:47:03,660 - textile_logger - INFO - [nouns_table] already available Armee
2024-06-10 21:47:03,661 - textile_logger - INFO - [nouns_table] already available Tagen
2024-06-10 21:47:03,661 - textile_logger - INFO - [nouns_table] already available  Armee
2024-06-10 21:47:03,662 - textile_logger - INFO - [nouns_table] already available Rebellen
2024-06-10 21:47:03,662 - textile_logger - INFO - [nouns_table] already available Wohn
2024-06-10 21:47:03,663 - textile_logger - INFO - [nouns_table] already available  Viertel
2024-06-10 21:47:03,708 - textile_logger - INFO - [nouns_table] already available Tote
2024-06-10 21:47:03,708 - textile_logger - INFO - [nouns_table] already available Rücksicht
2024-06-10 21:47:03,709 - textile_logger - INFO - [nouns_table] already available Macht
2024-06-10 21:47:03,709 - textile_logger - INFO - [nouns_table] already available Kämpfe
2024-06-10 21:47:03,710 - textile_logger - INFO - [nouns_table] already available Strom
2024-06-10 21:47:03,710 - textile_logger - INFO - [nouns_table] already available Armeen
2024-06-10 21:47:03,728 - textile_logger - INFO - [nouns_table] already available Trink
2024-06-10 21:47:03,730 - textile_logger - INFO - [nouns_table] already available  Wasser
2024-06-10 21:47:03,732 - textile_logger - INFO - [nouns_table] already available Wohnviertel
2024-06-10 21:47:03,733 - textile_logger - INFO - [nouns_table] already available Kontinent
2024-06-10 21:47:03,733 - textile_logger - INFO - [nouns_table] already available Kämpfen
2024-06-10 21:47:03,751 - textile_logger - INFO - [nouns_table] already available Helferinnen
2024-06-10 21:47:03,752 - textile_logger - INFO - [nouns_table] already available Hilfsorganisation
2024-06-10 21:47:03,752 - textile_logger - INFO - [nouns_table] already available Verkehrs
2024-06-10 21:47:03,753 - textile_logger - INFO - [nouns_table] already available Autos
2024-06-10 21:47:03,758 - textile_logger - INFO - [nouns_table] already available Auto
2024-06-10 21:47:03,759 - textile_logger - INFO - [nouns_table] already available Barrikaden
2024-06-10 21:47:03,760 - textile_logger - INFO - [nouns_table] already available Waffe
2024-06-10 21:47:03,760 - textile_logger - INFO - [nouns_table] already available Verkehrskontrolle
2024-06-10 21:47:03,761 - textile_logger - INFO - [nouns_table] already available Einrichtungen
2024-06-10 21:47:03,761 - textile_logger - INFO - [nouns_table] already available Müll
2024-06-10 21:47:03,762 - textile_logger - INFO - [nouns_table] already available Kugel
2024-06-10 21:47:03,762 - textile_logger - INFO - [nouns_table] already available Krawalle
2024-06-10 21:47:03,763 - textile_logger - INFO - [nouns_table] already available Video
2024-06-10 21:47:03,763 - textile_logger - INFO - [nouns_table] already available  Container
2024-06-10 21:47:03,764 - textile_logger - INFO - [nouns_table] already available Festnahmen
2024-06-10 21:47:03,764 - textile_logger - INFO - [nouns_table] already available 17
2024-06-10 21:47:03,765 - textile_logger - INFO - [nouns_table] already available Staat
2024-06-10 21:47:03,765 - textile_logger - INFO - [nouns_table] already available  Kontrolle
2024-06-10 21:47:03,766 - textile_logger - INFO - [nouns_table] already available Gewalt
2024-06-10 21:47:03,766 - textile_logger - INFO - [nouns_table] already available Satz
2024-06-10 21:47:03,767 - textile_logger - INFO - [nouns_table] already available Hauptstadt
2024-06-10 21:47:03,767 - textile_logger - INFO - [nouns_table] already available Feuerwerkskörpern
2024-06-10 21:47:03,768 - textile_logger - INFO - [nouns_table] already available Vorfall
2024-06-10 21:47:03,768 - textile_logger - INFO - [nouns_table] already available Demonstrierende
2024-06-10 21:47:03,769 - textile_logger - INFO - [nouns_table] already available Polizist
2024-06-10 21:47:03,769 - textile_logger - INFO - [nouns_table] already available Feuerwerks
2024-06-10 21:47:03,770 - textile_logger - INFO - [nouns_table] already available Vororten
2024-06-10 21:47:03,770 - textile_logger - INFO - [nouns_table] already available Müllcontainer
2024-06-10 21:47:03,771 - textile_logger - INFO - [nouns_table] already available  Körpern
2024-06-10 21:47:03,771 - textile_logger - INFO - [nouns_table] already available Polizisten
2024-06-10 21:47:03,772 - textile_logger - INFO - [nouns_table] already available Einsatz
2024-06-10 21:47:03,772 - textile_logger - INFO - [nouns_table] already available Jugendliche
2024-06-10 21:47:03,773 - textile_logger - INFO - [nouns_table] already available Kopf
2024-06-10 21:47:03,773 - textile_logger - INFO - [nouns_table] already available Stimmen
2024-06-10 21:47:03,774 - textile_logger - INFO - [nouns_table] already available  Wahl
2024-06-10 21:47:03,774 - textile_logger - INFO - [nouns_table] already available Ergebnis
2024-06-10 21:47:03,775 - textile_logger - INFO - [nouns_table] already available Sieg
2024-06-10 21:47:03,775 - textile_logger - INFO - [nouns_table] already available Polizeifoto
2024-06-10 21:47:03,776 - textile_logger - INFO - [nouns_table] already available  Präsident
2024-06-10 21:47:03,776 - textile_logger - INFO - [nouns_table] already available Verbrecher“foto
2024-06-10 21:47:03,777 - textile_logger - INFO - [nouns_table] already available Vorwürfe
2024-06-10 21:47:03,778 - textile_logger - INFO - [nouns_table] already available Medien
2024-06-10 21:47:03,779 - textile_logger - INFO - [nouns_table] already available Hexenjagd
2024-06-10 21:47:03,779 - textile_logger - INFO - [nouns_table] already available Behörden
2024-06-10 21:47:03,780 - textile_logger - INFO - [nouns_table] already available Verbrecher
2024-06-10 21:47:03,780 - textile_logger - INFO - [nouns_table] already available Bundesstaat
2024-06-10 21:47:03,781 - textile_logger - INFO - [nouns_table] already available  Foto
2024-06-10 21:47:03,781 - textile_logger - INFO - [nouns_table] already available Woche
2024-06-10 21:47:03,782 - textile_logger - INFO - [nouns_table] already available  Jagd
2024-06-10 21:47:03,782 - textile_logger - INFO - [nouns_table] already available  Bundes
2024-06-10 21:47:03,783 - textile_logger - INFO - [nouns_table] already available  Staat
2024-06-10 21:47:03,783 - textile_logger - INFO - [nouns_table] already available  Kampf
2024-06-10 21:47:03,784 - textile_logger - INFO - [nouns_table] already available Us
2024-06-10 21:47:03,784 - textile_logger - INFO - [nouns_table] already available  Shirts
2024-06-10 21:47:03,785 - textile_logger - INFO - [nouns_table] already available Hexen
2024-06-10 21:47:03,785 - textile_logger - INFO - [nouns_table] already available T
2024-06-10 21:47:03,786 - textile_logger - INFO - [nouns_table] already available Straßen
2024-06-10 21:47:03,786 - textile_logger - INFO - [nouns_table] already available Weg
2024-06-10 21:47:03,787 - textile_logger - INFO - [nouns_table] already available Wetter
2024-06-10 21:47:03,787 - textile_logger - INFO - [nouns_table] already available Wasser
2024-06-10 21:47:03,788 - textile_logger - INFO - [nouns_table] already available Reise
2024-06-10 21:47:03,788 - textile_logger - INFO - [nouns_table] already available Sonne
2024-06-10 21:47:03,788 - textile_logger - INFO - [nouns_table] already available Frau
2024-06-10 21:47:03,789 - textile_logger - INFO - [nouns_table] already available Route
2024-06-10 21:47:03,789 - textile_logger - INFO - [nouns_table] already available Flasche
2024-06-10 21:47:03,790 - textile_logger - INFO - [nouns_table] already available Buch
2024-06-10 21:47:03,790 - textile_logger - INFO - [nouns_table] already available Mann
2024-06-10 21:47:03,791 - textile_logger - INFO - [nouns_table] already available Bäumen
2024-06-10 21:47:03,791 - textile_logger - INFO - [nouns_table] already available Natur
2024-06-10 21:47:03,792 - textile_logger - INFO - [nouns_table] already available Bälle
2024-06-10 21:47:03,792 - textile_logger - INFO - [nouns_table] already available Park
2024-06-10 21:47:03,793 - textile_logger - INFO - [nouns_table] already available Vögel
2024-06-10 21:47:03,795 - textile_logger - INFO - [nouns_table] already available Wiese
2024-06-10 21:47:03,795 - textile_logger - INFO - [nouns_table] already available Mädchen
2024-06-10 21:47:03,795 - textile_logger - INFO - [nouns_table] already available Ball
2024-06-10 21:47:03,796 - textile_logger - INFO - [nouns_table] already available Hund
2024-06-10 21:47:03,796 - textile_logger - INFO - [nouns_table] already available Experimentieren
2024-06-10 21:47:03,797 - textile_logger - INFO - [nouns_table] already available Vordergrund
2024-06-10 21:47:03,802 - textile_logger - INFO - [nouns_table] already available Schmerzes
2024-06-10 21:47:03,803 - textile_logger - INFO - [nouns_table] already available Abendessen
2024-06-10 21:47:03,803 - textile_logger - INFO - [nouns_table] already available Möglichkeit
2024-06-10 21:47:03,803 - textile_logger - INFO - [nouns_table] already available Gemüse
2024-06-10 21:47:03,804 - textile_logger - INFO - [nouns_table] already available Höhen
2024-06-10 21:47:03,804 - textile_logger - INFO - [nouns_table] already available Küche
2024-06-10 21:47:03,804 - textile_logger - INFO - [nouns_table] already available Tränen
2024-06-10 21:47:03,805 - textile_logger - INFO - [nouns_table] already available Oscar
2024-06-10 21:47:03,805 - textile_logger - INFO - [nouns_table] already available Weltkrieg
2024-06-10 21:47:03,805 - textile_logger - INFO - [nouns_table] already available Regisseur
2024-06-10 21:47:03,806 - textile_logger - INFO - [nouns_table] already available Wasch
2024-06-10 21:47:03,806 - textile_logger - INFO - [nouns_table] already available Filmmusik
2024-06-10 21:47:03,806 - textile_logger - INFO - [nouns_table] already available Neues
2024-06-10 21:47:03,807 - textile_logger - INFO - [nouns_table] already available Film
2024-06-10 21:47:03,807 - textile_logger - INFO - [nouns_table] already available Oscars
2024-06-10 21:47:03,808 - textile_logger - INFO - [nouns_table] already available Generationen
2024-06-10 21:47:03,808 - textile_logger - INFO - [nouns_table] already available anderen
2024-06-10 21:47:03,808 - textile_logger - INFO - [nouns_table] already available Älteren
2024-06-10 21:47:03,809 - textile_logger - INFO - [nouns_table] already available Krankenschwester
2024-06-10 21:47:03,809 - textile_logger - INFO - [nouns_table] already available Alters
2024-06-10 21:47:03,809 - textile_logger - INFO - [nouns_table] already available Gemeinschaftsbereich
2024-06-10 21:47:03,809 - textile_logger - INFO - [nouns_table] already available Füreinander
2024-06-10 21:47:03,810 - textile_logger - INFO - [nouns_table] already available Gegenzug
2024-06-10 21:47:03,810 - textile_logger - INFO - [nouns_table] already available Unabhängigkeit
2024-06-10 21:47:03,810 - textile_logger - INFO - [nouns_table] already available Fähigkeiten
2024-06-10 21:47:03,811 - textile_logger - INFO - [nouns_table] already available Erziehung
2024-06-10 21:47:03,811 - textile_logger - INFO - [nouns_table] already available Erfahrungen
2024-06-10 21:47:03,813 - textile_logger - INFO - [nouns_table] already available Ende
2024-06-10 21:47:03,813 - textile_logger - INFO - [nouns_table] already available Gemeinschaft
2024-06-10 21:47:03,813 - textile_logger - INFO - [nouns_table] already available Teil
2024-06-10 21:47:03,814 - textile_logger - INFO - [nouns_table] already available Lösung
2024-06-10 21:47:03,814 - textile_logger - INFO - [nouns_table] already available Kindern
2024-06-10 21:47:03,814 - textile_logger - INFO - [nouns_table] already available  Jährige
2024-06-10 21:47:03,815 - textile_logger - INFO - [nouns_table] already available Schulaufgaben
2024-06-10 21:47:03,815 - textile_logger - INFO - [nouns_table] already available Geschwistern
2024-06-10 21:47:03,815 - textile_logger - INFO - [nouns_table] already available Motto
2024-06-10 21:47:03,821 - textile_logger - INFO - [nouns_table] already available Berufslebens
2024-06-10 21:47:03,826 - textile_logger - INFO - [nouns_table] already available 70
2024-06-10 21:47:03,838 - textile_logger - INFO - [nouns_table] already available Können
2024-06-10 21:47:03,838 - textile_logger - INFO - [nouns_table] already available Lebensgefühl
2024-06-10 21:47:03,839 - textile_logger - INFO - [nouns_table] already available Alter
2024-06-10 21:47:03,839 - textile_logger - INFO - [nouns_table] already available Altersheim
2024-06-10 21:47:03,840 - textile_logger - INFO - [noun_agents] retrieving: Wunder
2024-06-10 21:47:03,840 - textile_logger - INFO - [nouns_table] already available Wunder
2024-06-10 21:47:03,840 - textile_logger - INFO - [noun_agents] retrieving: Schulaufgaben
2024-06-10 21:47:03,840 - textile_logger - INFO - [nouns_table] already available Schulaufgaben
2024-06-10 21:47:03,840 - textile_logger - INFO - [noun_agents] retrieving: Gemeinschaftsbereich
2024-06-10 21:47:03,840 - textile_logger - INFO - [nouns_table] already available Gemeinschaftsbereich
2024-06-10 21:47:03,841 - textile_logger - INFO - [noun_agents] retrieving: Unabhängigkeit
2024-06-10 21:47:03,841 - textile_logger - INFO - [nouns_table] already available Unabhängigkeit
2024-06-10 21:47:03,841 - textile_logger - INFO - [noun_agents] retrieving:  Jährige
2024-06-10 21:47:03,841 - textile_logger - INFO - [nouns_table] already available  Jährige
2024-06-10 21:47:03,841 - textile_logger - INFO - [noun_agents] retrieving: Eltern
2024-06-10 21:47:03,841 - textile_logger - INFO - [nouns_table] already available Eltern
2024-06-10 21:47:03,841 - textile_logger - INFO - [noun_agents] retrieving: Gespräch
2024-06-10 21:47:04,466 - textile_logger - INFO - [nouns_table] parsing Gespräch
2024-06-10 21:47:04,466 - textile_logger - INFO - [noun_agents] retrieving: Mehrgenerationenhaus
2024-06-10 21:47:04,914 - textile_logger - INFO - [nouns_table] parsing Mehrgenerationenhaus
2024-06-10 21:47:04,915 - textile_logger - INFO - [noun_agents] retrieving: Gegenzug
2024-06-10 21:47:04,915 - textile_logger - INFO - [nouns_table] already available Gegenzug
2024-06-10 21:47:04,915 - textile_logger - INFO - [noun_agents] retrieving: Gemeinschaft
2024-06-10 21:47:04,916 - textile_logger - INFO - [nouns_table] already available Gemeinschaft
2024-06-10 21:47:04,916 - textile_logger - INFO - [noun_agents] retrieving: Wohnzimmer
2024-06-10 21:47:05,033 - textile_logger - INFO - [nouns_table] parsing Wohnzimmer
2024-06-10 21:47:05,034 - textile_logger - INFO - [noun_agents] retrieving: Kindern
2024-06-10 21:47:05,034 - textile_logger - INFO - [nouns_table] already available Kindern
2024-06-10 21:47:05,034 - textile_logger - INFO - [noun_agents] retrieving: Gesellschaft
2024-06-10 21:47:05,484 - textile_logger - INFO - [nouns_table] parsing Gesellschaft
2024-06-10 21:47:05,485 - textile_logger - INFO - [noun_agents] retrieving: Alter
2024-06-10 21:47:05,485 - textile_logger - INFO - [nouns_table] already available Alter
2024-06-10 21:47:05,485 - textile_logger - INFO - [noun_agents] retrieving: Wohnung
2024-06-10 21:47:06,217 - textile_logger - INFO - [nouns_table] parsing Wohnung
2024-06-10 21:47:06,217 - textile_logger - INFO - [noun_agents] retrieving: Älteren
2024-06-10 21:47:06,217 - textile_logger - INFO - [nouns_table] already available Älteren
2024-06-10 21:47:06,218 - textile_logger - INFO - [noun_agents] retrieving: Ohr
2024-06-10 21:47:07,122 - textile_logger - INFO - [nouns_table] parsing Ohr
2024-06-10 21:47:07,122 - textile_logger - INFO - [noun_agents] retrieving: Füreinander
2024-06-10 21:47:07,123 - textile_logger - INFO - [nouns_table] already available Füreinander
2024-06-10 21:47:07,123 - textile_logger - INFO - [noun_agents] retrieving: anderen
2024-06-10 21:47:07,123 - textile_logger - INFO - [nouns_table] already available anderen
2024-06-10 21:47:07,123 - textile_logger - INFO - [noun_agents] retrieving: 70
2024-06-10 21:47:07,124 - textile_logger - INFO - [nouns_table] already available 70
2024-06-10 21:47:07,124 - textile_logger - INFO - [noun_agents] retrieving: Altersheim
2024-06-10 21:47:07,124 - textile_logger - INFO - [nouns_table] already available Altersheim
2024-06-10 21:47:07,124 - textile_logger - INFO - [noun_agents] retrieving: Erwachsene
2024-06-10 21:47:07,124 - textile_logger - INFO - [nouns_table] already available Erwachsene
2024-06-10 21:47:07,125 - textile_logger - INFO - [noun_agents] retrieving: Teil
2024-06-10 21:47:07,125 - textile_logger - INFO - [nouns_table] already available Teil
2024-06-10 21:47:07,125 - textile_logger - INFO - [noun_agents] retrieving: Lebensgefühl
2024-06-10 21:47:07,125 - textile_logger - INFO - [nouns_table] already available Lebensgefühl
2024-06-10 21:47:07,125 - textile_logger - INFO - [noun_agents] retrieving: Alters
2024-06-10 21:47:07,125 - textile_logger - INFO - [nouns_table] already available Alters
2024-06-10 21:47:07,126 - textile_logger - INFO - [noun_agents] retrieving: Lösung
2024-06-10 21:47:07,126 - textile_logger - INFO - [nouns_table] already available Lösung
2024-06-10 21:47:07,126 - textile_logger - INFO - [noun_agents] retrieving: Geschwistern
2024-06-10 21:47:07,126 - textile_logger - INFO - [nouns_table] already available Geschwistern
2024-06-10 21:47:07,126 - textile_logger - INFO - [noun_agents] retrieving: Option
2024-06-10 21:47:07,467 - textile_logger - INFO - [nouns_table] parsing Option
2024-06-10 21:47:07,467 - textile_logger - INFO - [noun_agents] retrieving: Erfahrungen
2024-06-10 21:47:07,467 - textile_logger - INFO - [nouns_table] already available Erfahrungen
2024-06-10 21:47:07,468 - textile_logger - INFO - [noun_agents] retrieving: Menschen
2024-06-10 21:47:07,468 - textile_logger - INFO - [nouns_table] already available Menschen
2024-06-10 21:47:07,468 - textile_logger - INFO - [noun_agents] retrieving: Treffpunkt
2024-06-10 21:47:08,331 - textile_logger - INFO - [nouns_table] parsing Treffpunkt
2024-06-10 21:47:08,331 - textile_logger - INFO - [noun_agents] retrieving: Mehrgenerationenwohnen
2024-06-10 21:47:08,919 - textile_logger - INFO - [nouns_table] parsing Mehrgenerationenwohnen
2024-06-10 21:47:08,919 - textile_logger - INFO - [noun_agents] retrieving: Motto
2024-06-10 21:47:08,919 - textile_logger - INFO - [nouns_table] already available Motto
2024-06-10 21:47:08,919 - textile_logger - INFO - [noun_agents] retrieving: 70jährige
2024-06-10 21:47:09,058 - textile_logger - INFO - [nouns_table] parsing 70jährige
2024-06-10 21:47:09,058 - textile_logger - INFO - [noun_agents] retrieving: Erziehung
2024-06-10 21:47:09,058 - textile_logger - INFO - [nouns_table] already available Erziehung
2024-06-10 21:47:09,059 - textile_logger - INFO - [noun_agents] retrieving: Generationen
2024-06-10 21:47:09,059 - textile_logger - INFO - [nouns_table] already available Generationen
2024-06-10 21:47:09,059 - textile_logger - INFO - [noun_agents] retrieving: Treff
2024-06-10 21:47:09,289 - textile_logger - INFO - [nouns_table] parsing Treff
2024-06-10 21:47:09,289 - textile_logger - INFO - [noun_agents] retrieving: Zeit
2024-06-10 21:47:09,289 - textile_logger - INFO - [nouns_table] already available Zeit
2024-06-10 21:47:09,289 - textile_logger - INFO - [noun_agents] retrieving: Ende
2024-06-10 21:47:09,289 - textile_logger - INFO - [nouns_table] already available Ende
2024-06-10 21:47:09,289 - textile_logger - INFO - [noun_agents] retrieving: Fähigkeiten
2024-06-10 21:47:09,289 - textile_logger - INFO - [nouns_table] already available Fähigkeiten
2024-06-10 21:47:09,290 - textile_logger - INFO - [noun_agents] retrieving: Krankenschwester
2024-06-10 21:47:09,290 - textile_logger - INFO - [nouns_table] already available Krankenschwester
2024-06-10 21:47:09,290 - textile_logger - INFO - [noun_agents] retrieving: Können
2024-06-10 21:47:09,290 - textile_logger - INFO - [nouns_table] already available Können
2024-06-10 21:47:09,290 - textile_logger - INFO - [noun_agents] retrieving: Wissen
2024-06-10 21:47:09,495 - textile_logger - INFO - [nouns_table] parsing Wissen
2024-06-10 21:47:09,495 - textile_logger - INFO - [noun_agents] retrieving: Berufslebens
2024-06-10 21:47:09,495 - textile_logger - INFO - [nouns_table] already available Berufslebens
2024-06-10 21:47:09,515 - textile_logger - INFO - [nouns_table] already available Wunder
2024-06-10 21:47:09,515 - textile_logger - INFO - [nouns_table] already available Schulaufgaben
2024-06-10 21:47:09,516 - textile_logger - INFO - [nouns_table] already available Gemeinschaftsbereich
2024-06-10 21:47:09,516 - textile_logger - INFO - [nouns_table] already available Unabhängigkeit
2024-06-10 21:47:09,517 - textile_logger - INFO - [nouns_table] already available  Jährige
2024-06-10 21:47:09,517 - textile_logger - INFO - [nouns_table] already available Eltern
2024-06-10 21:47:10,123 - textile_logger - INFO - [nouns_table] parsing Gespräch
2024-06-10 21:47:10,326 - textile_logger - INFO - [nouns_table] parsing Mehrgenerationenhaus
2024-06-10 21:47:10,326 - textile_logger - INFO - [nouns_table] already available Gegenzug
2024-06-10 21:47:10,327 - textile_logger - INFO - [nouns_table] already available Gemeinschaft
2024-06-10 21:47:11,078 - textile_logger - INFO - [nouns_table] parsing Wohnzimmer
2024-06-10 21:47:11,078 - textile_logger - INFO - [nouns_table] already available Kindern
2024-06-10 21:47:11,644 - textile_logger - INFO - [nouns_table] parsing Gesellschaft
2024-06-10 21:47:11,644 - textile_logger - INFO - [nouns_table] already available Alter
2024-06-10 21:47:11,985 - textile_logger - INFO - [nouns_table] parsing Wohnung
2024-06-10 21:47:11,986 - textile_logger - INFO - [nouns_table] already available Älteren
2024-06-10 21:47:12,570 - textile_logger - INFO - [nouns_table] parsing Ohr
2024-06-10 21:47:12,571 - textile_logger - INFO - [nouns_table] already available Füreinander
2024-06-10 21:47:12,574 - textile_logger - INFO - [nouns_table] already available anderen
2024-06-10 21:47:12,576 - textile_logger - INFO - [nouns_table] already available 70
2024-06-10 21:47:12,577 - textile_logger - INFO - [nouns_table] already available Altersheim
2024-06-10 21:47:12,577 - textile_logger - INFO - [nouns_table] already available Erwachsene
2024-06-10 21:47:12,578 - textile_logger - INFO - [nouns_table] already available Teil
2024-06-10 21:47:12,578 - textile_logger - INFO - [nouns_table] already available Lebensgefühl
2024-06-10 21:47:12,579 - textile_logger - INFO - [nouns_table] already available Alters
2024-06-10 21:47:12,579 - textile_logger - INFO - [nouns_table] already available Lösung
2024-06-10 21:47:12,580 - textile_logger - INFO - [nouns_table] already available Geschwistern
2024-06-10 21:47:13,514 - textile_logger - INFO - [nouns_table] parsing Option
2024-06-10 21:47:13,514 - textile_logger - INFO - [nouns_table] already available Erfahrungen
2024-06-10 21:47:13,515 - textile_logger - INFO - [nouns_table] already available Menschen
2024-06-10 21:47:13,736 - textile_logger - INFO - [nouns_table] parsing Treffpunkt
2024-06-10 21:47:14,632 - textile_logger - INFO - [nouns_table] parsing Mehrgenerationenwohnen
2024-06-10 21:47:14,639 - textile_logger - INFO - [nouns_table] already available Motto
2024-06-10 21:47:14,954 - textile_logger - INFO - [nouns_table] parsing 70jährige
2024-06-10 21:47:14,955 - textile_logger - INFO - [nouns_table] already available Erziehung
2024-06-10 21:47:14,958 - textile_logger - INFO - [nouns_table] already available Generationen
2024-06-10 21:47:15,379 - textile_logger - INFO - [nouns_table] parsing Treff
2024-06-10 21:47:15,379 - textile_logger - INFO - [nouns_table] already available Zeit
2024-06-10 21:47:15,383 - textile_logger - INFO - [nouns_table] already available Ende
2024-06-10 21:47:15,384 - textile_logger - INFO - [nouns_table] already available Fähigkeiten
2024-06-10 21:47:15,385 - textile_logger - INFO - [nouns_table] already available Krankenschwester
2024-06-10 21:47:15,385 - textile_logger - INFO - [nouns_table] already available Können
2024-06-10 21:47:16,097 - textile_logger - INFO - [nouns_table] parsing Wissen
2024-06-10 21:47:16,098 - textile_logger - INFO - [nouns_table] already available Berufslebens
2024-06-10 21:47:16,101 - textile_logger - INFO - [nouns_table] caching nouns df
2024-06-10 21:47:16,141 - textile_logger - INFO - [nouns_table] refreshing cache
2024-06-10 21:47:16,156 - textile_logger - INFO - [nouns_table] already available Name
2024-06-10 21:47:16,157 - textile_logger - INFO - [nouns_table] already available Jahren
2024-06-10 21:47:16,157 - textile_logger - INFO - [nouns_table] already available Jahre
2024-06-10 21:47:16,157 - textile_logger - INFO - [nouns_table] already available Geschwister
2024-06-10 21:47:16,158 - textile_logger - INFO - [nouns_table] already available Schwester
2024-06-10 21:47:16,158 - textile_logger - INFO - [nouns_table] already available Bruder
2024-06-10 21:47:16,158 - textile_logger - INFO - [nouns_table] already available Eltern
2024-06-10 21:47:16,159 - textile_logger - INFO - [nouns_table] already available Haus
2024-06-10 21:47:16,159 - textile_logger - INFO - [nouns_table] already available Nähe
2024-06-10 21:47:16,159 - textile_logger - INFO - [nouns_table] already available Mutter
2024-06-10 21:47:16,160 - textile_logger - INFO - [nouns_table] already available Köchin
2024-06-10 21:47:16,160 - textile_logger - INFO - [nouns_table] already available Vater
2024-06-10 21:47:16,160 - textile_logger - INFO - [nouns_table] already available Bank
2024-06-10 21:47:16,161 - textile_logger - INFO - [nouns_table] already available Richter
2024-06-10 21:47:16,161 - textile_logger - INFO - [nouns_table] already available Monat
2024-06-10 21:47:16,161 - textile_logger - INFO - [nouns_table] already available Gericht
2024-06-10 21:47:16,162 - textile_logger - INFO - [nouns_table] already available Fall
2024-06-10 21:47:16,162 - textile_logger - INFO - [nouns_table] already available Staatsanwalt
2024-06-10 21:47:16,162 - textile_logger - INFO - [nouns_table] already available Strafprozess
2024-06-10 21:47:16,163 - textile_logger - INFO - [nouns_table] already available Strafe
2024-06-10 21:47:16,163 - textile_logger - INFO - [nouns_table] already available Geschäftsunterlagen
2024-06-10 21:47:16,163 - textile_logger - INFO - [nouns_table] already available Stadt
2024-06-10 21:47:16,163 - textile_logger - INFO - [nouns_table] already available Verbotenes
2024-06-10 21:47:16,164 - textile_logger - INFO - [nouns_table] already available Wahl
2024-06-10 21:47:16,164 - textile_logger - INFO - [nouns_table] already available Land
2024-06-10 21:47:16,164 - textile_logger - INFO - [nouns_table] already available Januar
2024-06-10 21:47:16,165 - textile_logger - INFO - [nouns_table] already available Präsident
2024-06-10 21:47:16,165 - textile_logger - INFO - [nouns_table] already available Gerichtstermin
2024-06-10 21:47:16,165 - textile_logger - INFO - [nouns_table] already available Wahrheit
2024-06-10 21:47:16,166 - textile_logger - INFO - [nouns_table] already available  Bündnis
2024-06-10 21:47:16,166 - textile_logger - INFO - [nouns_table] already available Mitgliedsländer
2024-06-10 21:47:16,166 - textile_logger - INFO - [nouns_table] already available  Quartier
2024-06-10 21:47:16,167 - textile_logger - INFO - [nouns_table] already available Hauptquartier
2024-06-10 21:47:16,167 - textile_logger - INFO - [nouns_table] already available Russland
2024-06-10 21:47:16,167 - textile_logger - INFO - [nouns_table] already available Militär
2024-06-10 21:47:16,167 - textile_logger - INFO - [nouns_table] already available Mitglied
2024-06-10 21:47:16,168 - textile_logger - INFO - [nouns_table] already available Nato
2024-06-10 21:47:16,168 - textile_logger - INFO - [nouns_table] already available Mitglieds
2024-06-10 21:47:16,168 - textile_logger - INFO - [nouns_table] already available Erweiterung
2024-06-10 21:47:16,169 - textile_logger - INFO - [nouns_table] already available General
2024-06-10 21:47:16,169 - textile_logger - INFO - [nouns_table] already available Generalsekretär
2024-06-10 21:47:16,169 - textile_logger - INFO - [nouns_table] already available Beitritt
2024-06-10 21:47:16,170 - textile_logger - INFO - [nouns_table] already available  Länder
2024-06-10 21:47:16,170 - textile_logger - INFO - [nouns_table] already available Militärbündnis
2024-06-10 21:47:16,170 - textile_logger - INFO - [nouns_table] already available Fahne
2024-06-10 21:47:16,171 - textile_logger - INFO - [nouns_table] already available  Mitglied
2024-06-10 21:47:16,171 - textile_logger - INFO - [nouns_table] already available Haupt
2024-06-10 21:47:16,171 - textile_logger - INFO - [nouns_table] already available Länder
2024-06-10 21:47:16,172 - textile_logger - INFO - [nouns_table] already available Regierung
2024-06-10 21:47:16,172 - textile_logger - INFO - [nouns_table] already available Mitglieder
2024-06-10 21:47:16,172 - textile_logger - INFO - [nouns_table] already available  Sekretär
2024-06-10 21:47:16,173 - textile_logger - INFO - [nouns_table] already available Feier
2024-06-10 21:47:16,173 - textile_logger - INFO - [nouns_table] already available Schriftsteller
2024-06-10 21:47:16,173 - textile_logger - INFO - [nouns_table] already available Krieg
2024-06-10 21:47:16,174 - textile_logger - INFO - [nouns_table] already available  Musik
2024-06-10 21:47:16,174 - textile_logger - INFO - [nouns_table] already available Millionen
2024-06-10 21:47:16,174 - textile_logger - INFO - [nouns_table] already available Soldat
2024-06-10 21:47:16,175 - textile_logger - INFO - [nouns_table] already available Welt
2024-06-10 21:47:16,175 - textile_logger - INFO - [nouns_table] already available  Führung
2024-06-10 21:47:16,175 - textile_logger - INFO - [nouns_table] already available  Krieg
2024-06-10 21:47:16,176 - textile_logger - INFO - [nouns_table] already available Westen
2024-06-10 21:47:16,176 - textile_logger - INFO - [nouns_table] already available  Salon
2024-06-10 21:47:16,176 - textile_logger - INFO - [nouns_table] already available  Preisen
2024-06-10 21:47:16,177 - textile_logger - INFO - [nouns_table] already available  Bild
2024-06-10 21:47:16,177 - textile_logger - INFO - [nouns_table] already available Filmpreisen
2024-06-10 21:47:16,177 - textile_logger - INFO - [nouns_table] already available Waschsalon
2024-06-10 21:47:16,177 - textile_logger - INFO - [nouns_table] already available Kamera
2024-06-10 21:47:16,178 - textile_logger - INFO - [nouns_table] already available Jahr
2024-06-10 21:47:16,178 - textile_logger - INFO - [nouns_table] already available Besitzerin
2024-06-10 21:47:16,178 - textile_logger - INFO - [nouns_table] already available Szenen
2024-06-10 21:47:16,179 - textile_logger - INFO - [nouns_table] already available Kameraführung
2024-06-10 21:47:16,179 - textile_logger - INFO - [nouns_table] already available Menschen
2024-06-10 21:47:16,179 - textile_logger - INFO - [nouns_table] already available Grippe
2024-06-10 21:47:16,180 - textile_logger - INFO - [nouns_table] already available Fieber
2024-06-10 21:47:16,180 - textile_logger - INFO - [nouns_table] already available Alternative
2024-06-10 21:47:16,180 - textile_logger - INFO - [nouns_table] already available Kinder
2024-06-10 21:47:16,181 - textile_logger - INFO - [nouns_table] already available Essen
2024-06-10 21:47:16,181 - textile_logger - INFO - [nouns_table] already available Besserung
2024-06-10 21:47:16,181 - textile_logger - INFO - [nouns_table] already available Rezept
2024-06-10 21:47:16,181 - textile_logger - INFO - [nouns_table] already available leben
2024-06-10 21:47:16,182 - textile_logger - INFO - [nouns_table] already available Sohn
2024-06-10 21:47:16,182 - textile_logger - INFO - [nouns_table] already available Viren
2024-06-10 21:47:16,182 - textile_logger - INFO - [nouns_table] already available Podcast
2024-06-10 21:47:16,183 - textile_logger - INFO - [nouns_table] already available Husten
2024-06-10 21:47:16,183 - textile_logger - INFO - [nouns_table] already available Erkältung
2024-06-10 21:47:16,183 - textile_logger - INFO - [nouns_table] already available Saft
2024-06-10 21:47:16,184 - textile_logger - INFO - [nouns_table] already available Dialog
2024-06-10 21:47:16,184 - textile_logger - INFO - [nouns_table] already available Moderatoren
2024-06-10 21:47:16,184 - textile_logger - INFO - [nouns_table] already available Winter
2024-06-10 21:47:16,185 - textile_logger - INFO - [nouns_table] already available Morgen
2024-06-10 21:47:16,185 - textile_logger - INFO - [nouns_table] already available Zeit
2024-06-10 21:47:16,185 - textile_logger - INFO - [nouns_table] already available Mühe
2024-06-10 21:47:16,186 - textile_logger - INFO - [nouns_table] already available Wochen
2024-06-10 21:47:16,186 - textile_logger - INFO - [nouns_table] already available Wartezimmer
2024-06-10 21:47:16,186 - textile_logger - INFO - [nouns_table] already available Text
2024-06-10 21:47:16,186 - textile_logger - INFO - [nouns_table] already available Danke
2024-06-10 21:47:16,187 - textile_logger - INFO - [nouns_table] already available Radio
2024-06-10 21:47:16,187 - textile_logger - INFO - [nouns_table] already available Tage
2024-06-10 21:47:16,187 - textile_logger - INFO - [nouns_table] already available Katze
2024-06-10 21:47:16,188 - textile_logger - INFO - [nouns_table] already available Dialoges
2024-06-10 21:47:16,188 - textile_logger - INFO - [nouns_table] already available Schnupfen
2024-06-10 21:47:16,188 - textile_logger - INFO - [nouns_table] already available Arbeit
2024-06-10 21:47:16,189 - textile_logger - INFO - [nouns_table] already available Spaziergang
2024-06-10 21:47:16,189 - textile_logger - INFO - [nouns_table] already available Glück
2024-06-10 21:47:16,189 - textile_logger - INFO - [nouns_table] already available Gefühl
2024-06-10 21:47:16,190 - textile_logger - INFO - [nouns_table] already available Getränke
2024-06-10 21:47:16,190 - textile_logger - INFO - [nouns_table] already available Attest
2024-06-10 21:47:16,190 - textile_logger - INFO - [nouns_table] already available Kopfweh
2024-06-10 21:47:16,190 - textile_logger - INFO - [nouns_table] already available Wunder
2024-06-10 21:47:16,191 - textile_logger - INFO - [nouns_table] already available Kontakt
2024-06-10 21:47:16,191 - textile_logger - INFO - [nouns_table] already available Kind
2024-06-10 21:47:16,191 - textile_logger - INFO - [nouns_table] already available Kinderarzt
2024-06-10 21:47:16,192 - textile_logger - INFO - [nouns_table] already available Bleib
2024-06-10 21:47:16,192 - textile_logger - INFO - [nouns_table] already available Schmerzmittel
2024-06-10 21:47:16,192 - textile_logger - INFO - [nouns_table] already available Schule
2024-06-10 21:47:16,193 - textile_logger - INFO - [nouns_table] already available Medikamente
2024-06-10 21:47:16,193 - textile_logger - INFO - [nouns_table] already available Tag
2024-06-10 21:47:16,193 - textile_logger - INFO - [nouns_table] already available Schmerzen
2024-06-10 21:47:16,194 - textile_logger - INFO - [nouns_table] already available Arzt
2024-06-10 21:47:16,194 - textile_logger - INFO - [nouns_table] already available Nachrichten
2024-06-10 21:47:16,194 - textile_logger - INFO - [nouns_table] already available Geschichte
2024-06-10 21:47:16,195 - textile_logger - INFO - [nouns_table] already available Pflanzen
2024-06-10 21:47:16,195 - textile_logger - INFO - [nouns_table] already available  Mittel
2024-06-10 21:47:16,195 - textile_logger - INFO - [nouns_table] already available Chemie
2024-06-10 21:47:16,196 - textile_logger - INFO - [nouns_table] already available  Vertrag
2024-06-10 21:47:16,196 - textile_logger - INFO - [nouns_table] already available Bundesregierung
2024-06-10 21:47:16,196 - textile_logger - INFO - [nouns_table] already available Verkauf
2024-06-10 21:47:16,196 - textile_logger - INFO - [nouns_table] already available Parteien
2024-06-10 21:47:16,197 - textile_logger - INFO - [nouns_table] already available Gehirn
2024-06-10 21:47:16,197 - textile_logger - INFO - [nouns_table] already available Sand
2024-06-10 21:47:16,197 - textile_logger - INFO - [nouns_table] already available Drogenhändler
2024-06-10 21:47:16,198 - textile_logger - INFO - [nouns_table] already available Leute
2024-06-10 21:47:16,198 - textile_logger - INFO - [nouns_table] already available Zucker
2024-06-10 21:47:16,198 - textile_logger - INFO - [nouns_table] already available  Händler
2024-06-10 21:47:16,199 - textile_logger - INFO - [nouns_table] already available Blätter
2024-06-10 21:47:16,199 - textile_logger - INFO - [nouns_table] already available Beispiel
2024-06-10 21:47:16,199 - textile_logger - INFO - [nouns_table] already available Streit
2024-06-10 21:47:16,200 - textile_logger - INFO - [nouns_table] already available Bedingungen
2024-06-10 21:47:16,200 - textile_logger - INFO - [nouns_table] already available Rausch
2024-06-10 21:47:16,200 - textile_logger - INFO - [nouns_table] already available Cannabis
2024-06-10 21:47:16,200 - textile_logger - INFO - [nouns_table] already available Erlaubnis
2024-06-10 21:47:16,201 - textile_logger - INFO - [nouns_table] already available Koalitionsvertrag
2024-06-10 21:47:16,201 - textile_logger - INFO - [nouns_table] already available  Minister
2024-06-10 21:47:16,201 - textile_logger - INFO - [nouns_table] already available Drogenhändlern
2024-06-10 21:47:16,202 - textile_logger - INFO - [nouns_table] already available Fachleute
2024-06-10 21:47:16,202 - textile_logger - INFO - [nouns_table] already available Droge
2024-06-10 21:47:16,202 - textile_logger - INFO - [nouns_table] already available Geschäfte
2024-06-10 21:47:16,203 - textile_logger - INFO - [nouns_table] already available Teile
2024-06-10 21:47:16,203 - textile_logger - INFO - [nouns_table] already available Gewürze
2024-06-10 21:47:16,203 - textile_logger - INFO - [nouns_table] already available Ärzte
2024-06-10 21:47:16,204 - textile_logger - INFO - [nouns_table] already available Vereine
2024-06-10 21:47:16,204 - textile_logger - INFO - [nouns_table] already available  Regierung
2024-06-10 21:47:16,204 - textile_logger - INFO - [nouns_table] already available Gesundheits
2024-06-10 21:47:16,205 - textile_logger - INFO - [nouns_table] already available Gegenden
2024-06-10 21:47:16,205 - textile_logger - INFO - [nouns_table] already available Pflanze
2024-06-10 21:47:16,205 - textile_logger - INFO - [nouns_table] already available Moment
2024-06-10 21:47:16,205 - textile_logger - INFO - [nouns_table] already available Angst
2024-06-10 21:47:16,206 - textile_logger - INFO - [nouns_table] already available Drogen
2024-06-10 21:47:16,206 - textile_logger - INFO - [nouns_table] already available Gesundheitsminister
2024-06-10 21:47:16,206 - textile_logger - INFO - [nouns_table] already available Erwachsene
2024-06-10 21:47:16,207 - textile_logger - INFO - [nouns_table] already available Qualität
2024-06-10 21:47:16,207 - textile_logger - INFO - [nouns_table] already available Hause
2024-06-10 21:47:16,207 - textile_logger - INFO - [nouns_table] already available Dezember
2024-06-10 21:47:16,208 - textile_logger - INFO - [nouns_table] already available  Team
2024-06-10 21:47:16,208 - textile_logger - INFO - [nouns_table] already available Hinspiel
2024-06-10 21:47:16,208 - textile_logger - INFO - [nouns_table] already available WM
2024-06-10 21:47:16,209 - textile_logger - INFO - [nouns_table] already available Qualifikation
2024-06-10 21:47:16,209 - textile_logger - INFO - [nouns_table] already available Frauen
2024-06-10 21:47:16,209 - textile_logger - INFO - [nouns_table] already available Hin
2024-06-10 21:47:16,209 - textile_logger - INFO - [nouns_table] already available  Meisterschaft
2024-06-10 21:47:16,210 - textile_logger - INFO - [nouns_table] already available Grund
2024-06-10 21:47:16,210 - textile_logger - INFO - [nouns_table] already available Rück
2024-06-10 21:47:16,210 - textile_logger - INFO - [nouns_table] already available Ländern
2024-06-10 21:47:16,211 - textile_logger - INFO - [nouns_table] already available Toren
2024-06-10 21:47:16,211 - textile_logger - INFO - [nouns_table] already available Handballerinnen
2024-06-10 21:47:16,211 - textile_logger - INFO - [nouns_table] already available Weltmeisterschaft
2024-06-10 21:47:16,212 - textile_logger - INFO - [nouns_table] already available November
2024-06-10 21:47:16,212 - textile_logger - INFO - [nouns_table] already available Rückspiel
2024-06-10 21:47:16,212 - textile_logger - INFO - [nouns_table] already available  Spiel
2024-06-10 21:47:16,213 - textile_logger - INFO - [nouns_table] already available Potter
2024-06-10 21:47:16,213 - textile_logger - INFO - [nouns_table] already available Kinofilmen
2024-06-10 21:47:16,213 - textile_logger - INFO - [nouns_table] already available Geschichten
2024-06-10 21:47:16,214 - textile_logger - INFO - [nouns_table] already available Serie
2024-06-10 21:47:16,214 - textile_logger - INFO - [nouns_table] already available Firma
2024-06-10 21:47:16,214 - textile_logger - INFO - [nouns_table] already available Autorin
2024-06-10 21:47:16,214 - textile_logger - INFO - [nouns_table] already available Schauspielerinnen
2024-06-10 21:47:16,215 - textile_logger - INFO - [nouns_table] already available Platz
2024-06-10 21:47:16,215 - textile_logger - INFO - [nouns_table] already available Kino
2024-06-10 21:47:16,215 - textile_logger - INFO - [nouns_table] already available  Spieler
2024-06-10 21:47:16,216 - textile_logger - INFO - [nouns_table] already available Schau
2024-06-10 21:47:16,216 - textile_logger - INFO - [nouns_table] already available Einzelheiten
2024-06-10 21:47:16,216 - textile_logger - INFO - [nouns_table] already available Kinofilm
2024-06-10 21:47:16,217 - textile_logger - INFO - [nouns_table] already available Potter“büchern
2024-06-10 21:47:16,217 - textile_logger - INFO - [nouns_table] already available Potter“
2024-06-10 21:47:16,217 - textile_logger - INFO - [nouns_table] already available Bücher
2024-06-10 21:47:16,218 - textile_logger - INFO - [nouns_table] already available  Filmen
2024-06-10 21:47:16,218 - textile_logger - INFO - [nouns_table] already available  Film
2024-06-10 21:47:16,218 - textile_logger - INFO - [nouns_table] already available Streaming
2024-06-10 21:47:16,219 - textile_logger - INFO - [nouns_table] already available  Dienst
2024-06-10 21:47:16,219 - textile_logger - INFO - [nouns_table] already available Kinofilme
2024-06-10 21:47:16,219 - textile_logger - INFO - [nouns_table] already available Fernseh
2024-06-10 21:47:16,220 - textile_logger - INFO - [nouns_table] already available  Büchern
2024-06-10 21:47:16,220 - textile_logger - INFO - [nouns_table] already available Zauberer
2024-06-10 21:47:16,220 - textile_logger - INFO - [nouns_table] already available Fernsehserie
2024-06-10 21:47:16,220 - textile_logger - INFO - [nouns_table] already available  Serie
2024-06-10 21:47:16,221 - textile_logger - INFO - [nouns_table] already available Schauspieler
2024-06-10 21:47:16,221 - textile_logger - INFO - [nouns_table] already available Helfer
2024-06-10 21:47:16,221 - textile_logger - INFO - [nouns_table] already available Trinkwasser
2024-06-10 21:47:16,222 - textile_logger - INFO - [nouns_table] already available Armee
2024-06-10 21:47:16,222 - textile_logger - INFO - [nouns_table] already available Tagen
2024-06-10 21:47:16,222 - textile_logger - INFO - [nouns_table] already available  Armee
2024-06-10 21:47:16,223 - textile_logger - INFO - [nouns_table] already available Rebellen
2024-06-10 21:47:16,223 - textile_logger - INFO - [nouns_table] already available Wohn
2024-06-10 21:47:16,223 - textile_logger - INFO - [nouns_table] already available  Viertel
2024-06-10 21:47:16,224 - textile_logger - INFO - [nouns_table] already available Tote
2024-06-10 21:47:16,224 - textile_logger - INFO - [nouns_table] already available Rücksicht
2024-06-10 21:47:16,224 - textile_logger - INFO - [nouns_table] already available Macht
2024-06-10 21:47:16,224 - textile_logger - INFO - [nouns_table] already available Kämpfe
2024-06-10 21:47:16,225 - textile_logger - INFO - [nouns_table] already available Strom
2024-06-10 21:47:16,225 - textile_logger - INFO - [nouns_table] already available Armeen
2024-06-10 21:47:16,225 - textile_logger - INFO - [nouns_table] already available Trink
2024-06-10 21:47:16,226 - textile_logger - INFO - [nouns_table] already available  Wasser
2024-06-10 21:47:16,226 - textile_logger - INFO - [nouns_table] already available Wohnviertel
2024-06-10 21:47:16,226 - textile_logger - INFO - [nouns_table] already available Kontinent
2024-06-10 21:47:16,227 - textile_logger - INFO - [nouns_table] already available Kämpfen
2024-06-10 21:47:16,227 - textile_logger - INFO - [nouns_table] already available Helferinnen
2024-06-10 21:47:16,227 - textile_logger - INFO - [nouns_table] already available Hilfsorganisation
2024-06-10 21:47:16,228 - textile_logger - INFO - [nouns_table] already available Verkehrs
2024-06-10 21:47:16,228 - textile_logger - INFO - [nouns_table] already available Autos
2024-06-10 21:47:16,228 - textile_logger - INFO - [nouns_table] already available Auto
2024-06-10 21:47:16,229 - textile_logger - INFO - [nouns_table] already available Barrikaden
2024-06-10 21:47:16,229 - textile_logger - INFO - [nouns_table] already available Waffe
2024-06-10 21:47:16,229 - textile_logger - INFO - [nouns_table] already available Verkehrskontrolle
2024-06-10 21:47:16,229 - textile_logger - INFO - [nouns_table] already available Einrichtungen
2024-06-10 21:47:16,230 - textile_logger - INFO - [nouns_table] already available Müll
2024-06-10 21:47:16,230 - textile_logger - INFO - [nouns_table] already available Kugel
2024-06-10 21:47:16,230 - textile_logger - INFO - [nouns_table] already available Krawalle
2024-06-10 21:47:16,231 - textile_logger - INFO - [nouns_table] already available Video
2024-06-10 21:47:16,231 - textile_logger - INFO - [nouns_table] already available  Container
2024-06-10 21:47:16,231 - textile_logger - INFO - [nouns_table] already available Festnahmen
2024-06-10 21:47:16,232 - textile_logger - INFO - [nouns_table] already available 17
2024-06-10 21:47:16,232 - textile_logger - INFO - [nouns_table] already available Staat
2024-06-10 21:47:16,232 - textile_logger - INFO - [nouns_table] already available  Kontrolle
2024-06-10 21:47:16,233 - textile_logger - INFO - [nouns_table] already available Gewalt
2024-06-10 21:47:16,233 - textile_logger - INFO - [nouns_table] already available Satz
2024-06-10 21:47:16,233 - textile_logger - INFO - [nouns_table] already available Hauptstadt
2024-06-10 21:47:16,233 - textile_logger - INFO - [nouns_table] already available Feuerwerkskörpern
2024-06-10 21:47:16,234 - textile_logger - INFO - [nouns_table] already available Vorfall
2024-06-10 21:47:16,234 - textile_logger - INFO - [nouns_table] already available Demonstrierende
2024-06-10 21:47:16,234 - textile_logger - INFO - [nouns_table] already available Polizist
2024-06-10 21:47:16,235 - textile_logger - INFO - [nouns_table] already available Feuerwerks
2024-06-10 21:47:16,235 - textile_logger - INFO - [nouns_table] already available Vororten
2024-06-10 21:47:16,235 - textile_logger - INFO - [nouns_table] already available Müllcontainer
2024-06-10 21:47:16,236 - textile_logger - INFO - [nouns_table] already available  Körpern
2024-06-10 21:47:16,236 - textile_logger - INFO - [nouns_table] already available Polizisten
2024-06-10 21:47:16,236 - textile_logger - INFO - [nouns_table] already available Einsatz
2024-06-10 21:47:16,237 - textile_logger - INFO - [nouns_table] already available Jugendliche
2024-06-10 21:47:16,237 - textile_logger - INFO - [nouns_table] already available Kopf
2024-06-10 21:47:16,237 - textile_logger - INFO - [nouns_table] already available Stimmen
2024-06-10 21:47:16,238 - textile_logger - INFO - [nouns_table] already available  Wahl
2024-06-10 21:47:16,238 - textile_logger - INFO - [nouns_table] already available Ergebnis
2024-06-10 21:47:16,238 - textile_logger - INFO - [nouns_table] already available Sieg
2024-06-10 21:47:16,239 - textile_logger - INFO - [nouns_table] already available Polizeifoto
2024-06-10 21:47:16,239 - textile_logger - INFO - [nouns_table] already available  Präsident
2024-06-10 21:47:16,239 - textile_logger - INFO - [nouns_table] already available Verbrecher“foto
2024-06-10 21:47:16,239 - textile_logger - INFO - [nouns_table] already available Vorwürfe
2024-06-10 21:47:16,240 - textile_logger - INFO - [nouns_table] already available Medien
2024-06-10 21:47:16,240 - textile_logger - INFO - [nouns_table] already available Hexenjagd
2024-06-10 21:47:16,240 - textile_logger - INFO - [nouns_table] already available Behörden
2024-06-10 21:47:16,241 - textile_logger - INFO - [nouns_table] already available Verbrecher
2024-06-10 21:47:16,241 - textile_logger - INFO - [nouns_table] already available Bundesstaat
2024-06-10 21:47:16,241 - textile_logger - INFO - [nouns_table] already available  Foto
2024-06-10 21:47:16,242 - textile_logger - INFO - [nouns_table] already available Woche
2024-06-10 21:47:16,242 - textile_logger - INFO - [nouns_table] already available  Jagd
2024-06-10 21:47:16,242 - textile_logger - INFO - [nouns_table] already available  Bundes
2024-06-10 21:47:16,243 - textile_logger - INFO - [nouns_table] already available  Staat
2024-06-10 21:47:16,243 - textile_logger - INFO - [nouns_table] already available  Kampf
2024-06-10 21:47:16,246 - textile_logger - INFO - [nouns_table] already available Us
2024-06-10 21:47:16,246 - textile_logger - INFO - [nouns_table] already available  Shirts
2024-06-10 21:47:16,247 - textile_logger - INFO - [nouns_table] already available Hexen
2024-06-10 21:47:16,247 - textile_logger - INFO - [nouns_table] already available T
2024-06-10 21:47:16,247 - textile_logger - INFO - [nouns_table] already available Straßen
2024-06-10 21:47:16,248 - textile_logger - INFO - [nouns_table] already available Weg
2024-06-10 21:47:16,248 - textile_logger - INFO - [nouns_table] already available Wetter
2024-06-10 21:47:16,248 - textile_logger - INFO - [nouns_table] already available Wasser
2024-06-10 21:47:16,249 - textile_logger - INFO - [nouns_table] already available Reise
2024-06-10 21:47:16,249 - textile_logger - INFO - [nouns_table] already available Sonne
2024-06-10 21:47:16,249 - textile_logger - INFO - [nouns_table] already available Frau
2024-06-10 21:47:16,250 - textile_logger - INFO - [nouns_table] already available Route
2024-06-10 21:47:16,250 - textile_logger - INFO - [nouns_table] already available Flasche
2024-06-10 21:47:16,250 - textile_logger - INFO - [nouns_table] already available Buch
2024-06-10 21:47:16,250 - textile_logger - INFO - [nouns_table] already available Mann
2024-06-10 21:47:16,251 - textile_logger - INFO - [nouns_table] already available Bäumen
2024-06-10 21:47:16,251 - textile_logger - INFO - [nouns_table] already available Natur
2024-06-10 21:47:16,251 - textile_logger - INFO - [nouns_table] already available Bälle
2024-06-10 21:47:16,252 - textile_logger - INFO - [nouns_table] already available Park
2024-06-10 21:47:16,252 - textile_logger - INFO - [nouns_table] already available Vögel
2024-06-10 21:47:16,252 - textile_logger - INFO - [nouns_table] already available Wiese
2024-06-10 21:47:16,253 - textile_logger - INFO - [nouns_table] already available Mädchen
2024-06-10 21:47:16,253 - textile_logger - INFO - [nouns_table] already available Ball
2024-06-10 21:47:16,253 - textile_logger - INFO - [nouns_table] already available Hund
2024-06-10 21:47:16,254 - textile_logger - INFO - [nouns_table] already available Experimentieren
2024-06-10 21:47:16,254 - textile_logger - INFO - [nouns_table] already available Vordergrund
2024-06-10 21:47:16,254 - textile_logger - INFO - [nouns_table] already available Schmerzes
2024-06-10 21:47:16,255 - textile_logger - INFO - [nouns_table] already available Abendessen
2024-06-10 21:47:16,255 - textile_logger - INFO - [nouns_table] already available Möglichkeit
2024-06-10 21:47:16,255 - textile_logger - INFO - [nouns_table] already available Gemüse
2024-06-10 21:47:16,256 - textile_logger - INFO - [nouns_table] already available Höhen
2024-06-10 21:47:16,256 - textile_logger - INFO - [nouns_table] already available Küche
2024-06-10 21:47:16,256 - textile_logger - INFO - [nouns_table] already available Tränen
2024-06-10 21:47:16,257 - textile_logger - INFO - [nouns_table] already available Oscar
2024-06-10 21:47:16,257 - textile_logger - INFO - [nouns_table] already available Weltkrieg
2024-06-10 21:47:16,257 - textile_logger - INFO - [nouns_table] already available Regisseur
2024-06-10 21:47:16,258 - textile_logger - INFO - [nouns_table] already available Wasch
2024-06-10 21:47:16,258 - textile_logger - INFO - [nouns_table] already available Filmmusik
2024-06-10 21:47:16,258 - textile_logger - INFO - [nouns_table] already available Neues
2024-06-10 21:47:16,259 - textile_logger - INFO - [nouns_table] already available Film
2024-06-10 21:47:16,259 - textile_logger - INFO - [nouns_table] already available Oscars
2024-06-10 21:47:16,259 - textile_logger - INFO - [nouns_table] already available Generationen
2024-06-10 21:47:16,260 - textile_logger - INFO - [nouns_table] already available anderen
2024-06-10 21:47:16,260 - textile_logger - INFO - [nouns_table] already available Älteren
2024-06-10 21:47:16,261 - textile_logger - INFO - [nouns_table] already available Krankenschwester
2024-06-10 21:47:16,261 - textile_logger - INFO - [nouns_table] already available Alters
2024-06-10 21:47:16,261 - textile_logger - INFO - [nouns_table] already available Gemeinschaftsbereich
2024-06-10 21:47:16,262 - textile_logger - INFO - [nouns_table] already available Füreinander
2024-06-10 21:47:16,262 - textile_logger - INFO - [nouns_table] already available Gegenzug
2024-06-10 21:47:16,262 - textile_logger - INFO - [nouns_table] already available Unabhängigkeit
2024-06-10 21:47:16,263 - textile_logger - INFO - [nouns_table] already available Fähigkeiten
2024-06-10 21:47:16,263 - textile_logger - INFO - [nouns_table] already available Erziehung
2024-06-10 21:47:16,264 - textile_logger - INFO - [nouns_table] already available Erfahrungen
2024-06-10 21:47:16,264 - textile_logger - INFO - [nouns_table] already available Ende
2024-06-10 21:47:16,264 - textile_logger - INFO - [nouns_table] already available Gemeinschaft
2024-06-10 21:47:16,264 - textile_logger - INFO - [nouns_table] already available Teil
2024-06-10 21:47:16,265 - textile_logger - INFO - [nouns_table] already available Lösung
2024-06-10 21:47:16,265 - textile_logger - INFO - [nouns_table] already available Kindern
2024-06-10 21:47:16,265 - textile_logger - INFO - [nouns_table] already available  Jährige
2024-06-10 21:47:16,266 - textile_logger - INFO - [nouns_table] already available Schulaufgaben
2024-06-10 21:47:16,266 - textile_logger - INFO - [nouns_table] already available Geschwistern
2024-06-10 21:47:16,266 - textile_logger - INFO - [nouns_table] already available Motto
2024-06-10 21:47:16,267 - textile_logger - INFO - [nouns_table] already available Berufslebens
2024-06-10 21:47:16,267 - textile_logger - INFO - [nouns_table] already available 70
2024-06-10 21:47:16,267 - textile_logger - INFO - [nouns_table] already available Können
2024-06-10 21:47:16,268 - textile_logger - INFO - [nouns_table] already available Lebensgefühl
2024-06-10 21:47:16,268 - textile_logger - INFO - [nouns_table] already available Alter
2024-06-10 21:47:16,268 - textile_logger - INFO - [nouns_table] already available Altersheim
2024-06-10 21:47:16,474 - textile_logger - INFO - [nouns_table] already available Menschen
2024-06-10 21:47:16,474 - textile_logger - INFO - [nouns_table] already available Lebensgefühl
2024-06-10 21:47:16,475 - textile_logger - INFO - [nouns_table] already available Geschwistern
2024-06-10 21:47:16,475 - textile_logger - INFO - [nouns_table] already available Erwachsene
2024-06-10 21:47:16,476 - textile_logger - INFO - [nouns_table] already available Krankenschwester
2024-06-10 21:47:16,476 - textile_logger - INFO - [nouns_table] already available Wunder
2024-06-10 21:47:16,476 - textile_logger - INFO - [nouns_table] already available Alter
2024-06-10 21:47:17,390 - textile_logger - INFO - [nouns_table] parsing Gesellschaft
2024-06-10 21:47:17,390 - textile_logger - INFO - [nouns_table] already available Alters
2024-06-10 21:47:17,393 - textile_logger - INFO - [nouns_table] already available Altersheim
2024-06-10 21:47:17,788 - textile_logger - INFO - [nouns_table] parsing Option
2024-06-10 21:47:17,788 - textile_logger - INFO - [nouns_table] already available Lösung
2024-06-10 21:47:18,344 - textile_logger - INFO - [nouns_table] parsing Mehrgenerationenwohnen
2024-06-10 21:47:18,344 - textile_logger - INFO - [nouns_table] already available Motto
2024-06-10 21:47:18,347 - textile_logger - INFO - [nouns_table] already available Füreinander
2024-06-10 21:47:18,348 - textile_logger - INFO - [nouns_table] already available Älteren
2024-06-10 21:47:19,118 - textile_logger - INFO - [nouns_table] parsing Mehrgenerationenhaus
2024-06-10 21:47:19,973 - textile_logger - INFO - [nouns_table] parsing Wohnung
2024-06-10 21:47:19,974 - textile_logger - INFO - [nouns_table] already available Unabhängigkeit
2024-06-10 21:47:19,977 - textile_logger - INFO - [nouns_table] already available Zeit
2024-06-10 21:47:19,979 - textile_logger - INFO - [nouns_table] already available Gemeinschaftsbereich
2024-06-10 21:47:20,137 - textile_logger - INFO - [nouns_table] parsing Treff
2024-06-10 21:47:20,664 - textile_logger - INFO - [nouns_table] parsing Gespräch
2024-06-10 21:47:21,420 - textile_logger - INFO - [nouns_table] parsing Wohnzimmer
2024-06-10 21:47:21,871 - textile_logger - INFO - [nouns_table] parsing Treffpunkt
2024-06-10 21:47:21,871 - textile_logger - INFO - [nouns_table] already available Generationen
2024-06-10 21:47:21,872 - textile_logger - INFO - [nouns_table] already available Erfahrungen
2024-06-10 21:47:21,872 - textile_logger - INFO - [nouns_table] already available Fähigkeiten
2024-06-10 21:47:22,150 - textile_logger - INFO - [nouns_table] parsing Wissen
2024-06-10 21:47:22,150 - textile_logger - INFO - [nouns_table] already available Können
2024-06-10 21:47:22,153 - textile_logger - INFO - [nouns_table] already available anderen
2024-06-10 21:47:22,155 - textile_logger - INFO - [nouns_table] already available Kindern
2024-06-10 21:47:22,156 - textile_logger - INFO - [nouns_table] already available Schulaufgaben
2024-06-10 21:47:22,156 - textile_logger - INFO - [nouns_table] already available Eltern
2024-06-10 21:47:22,157 - textile_logger - INFO - [nouns_table] already available Erziehung
2024-06-10 21:47:22,399 - textile_logger - INFO - [nouns_table] parsing Ohr
2024-06-10 21:47:22,400 - textile_logger - INFO - [nouns_table] already available Gegenzug
2024-06-10 21:47:22,403 - textile_logger - INFO - [nouns_table] already available Teil
2024-06-10 21:47:22,406 - textile_logger - INFO - [nouns_table] already available Gemeinschaft
2024-06-10 21:47:22,408 - textile_logger - INFO - [nouns_table] already available Ende
2024-06-10 21:47:22,411 - textile_logger - INFO - [nouns_table] already available Berufslebens
2024-06-10 21:47:22,414 - textile_logger - INFO - [nouns_table] already available 70
2024-06-10 21:47:22,417 - textile_logger - INFO - [nouns_table] already available  Jährige
2024-06-10 21:47:22,594 - textile_logger - INFO - [nouns_table] parsing 70jährige
