2024-06-10 22:00:04,009 - textile_logger - INFO - [tui] starting textile
2024-06-10 22:00:05,089 - textile_logger - INFO - [text_agents] successfully loaded spacy
2024-06-10 22:00:05,124 - textile_logger - INFO - [text_agents] NLP model applied
2024-06-10 22:00:05,136 - textile_logger - INFO - [text_agents] analyzed text
2024-06-10 22:00:05,160 - textile_logger - INFO - [nouns_table] refreshing cache
2024-06-10 22:00:05,196 - textile_logger - INFO - [nouns_table] already available Name
2024-06-10 22:00:05,232 - textile_logger - INFO - [nouns_table] already available Jahren
2024-06-10 22:00:05,240 - textile_logger - INFO - [nouns_table] already available Jahre
2024-06-10 22:00:05,245 - textile_logger - INFO - [nouns_table] already available Geschwister
2024-06-10 22:00:05,246 - textile_logger - INFO - [nouns_table] already available Schwester
2024-06-10 22:00:05,246 - textile_logger - INFO - [nouns_table] already available Bruder
2024-06-10 22:00:05,247 - textile_logger - INFO - [nouns_table] already available Eltern
2024-06-10 22:00:05,264 - textile_logger - INFO - [nouns_table] already available Haus
2024-06-10 22:00:05,265 - textile_logger - INFO - [nouns_table] already available Nähe
2024-06-10 22:00:05,265 - textile_logger - INFO - [nouns_table] already available Mutter
2024-06-10 22:00:05,266 - textile_logger - INFO - [nouns_table] already available Köchin
2024-06-10 22:00:05,266 - textile_logger - INFO - [nouns_table] already available Vater
2024-06-10 22:00:05,267 - textile_logger - INFO - [nouns_table] already available Bank
2024-06-10 22:00:05,267 - textile_logger - INFO - [nouns_table] already available Richter
2024-06-10 22:00:05,268 - textile_logger - INFO - [nouns_table] already available Monat
2024-06-10 22:00:05,268 - textile_logger - INFO - [nouns_table] already available Gericht
2024-06-10 22:00:05,269 - textile_logger - INFO - [nouns_table] already available Fall
2024-06-10 22:00:05,269 - textile_logger - INFO - [nouns_table] already available Staatsanwalt
2024-06-10 22:00:05,270 - textile_logger - INFO - [nouns_table] already available Strafprozess
2024-06-10 22:00:05,271 - textile_logger - INFO - [nouns_table] already available Strafe
2024-06-10 22:00:05,272 - textile_logger - INFO - [nouns_table] already available Geschäftsunterlagen
2024-06-10 22:00:05,272 - textile_logger - INFO - [nouns_table] already available Stadt
2024-06-10 22:00:05,273 - textile_logger - INFO - [nouns_table] already available Verbotenes
2024-06-10 22:00:05,273 - textile_logger - INFO - [nouns_table] already available Wahl
2024-06-10 22:00:05,273 - textile_logger - INFO - [nouns_table] already available Land
2024-06-10 22:00:05,274 - textile_logger - INFO - [nouns_table] already available Januar
2024-06-10 22:00:05,274 - textile_logger - INFO - [nouns_table] already available Präsident
2024-06-10 22:00:05,275 - textile_logger - INFO - [nouns_table] already available Gerichtstermin
2024-06-10 22:00:05,275 - textile_logger - INFO - [nouns_table] already available Wahrheit
2024-06-10 22:00:05,276 - textile_logger - INFO - [nouns_table] already available  Bündnis
2024-06-10 22:00:05,276 - textile_logger - INFO - [nouns_table] already available Mitgliedsländer
2024-06-10 22:00:05,277 - textile_logger - INFO - [nouns_table] already available  Quartier
2024-06-10 22:00:05,277 - textile_logger - INFO - [nouns_table] already available Hauptquartier
2024-06-10 22:00:05,277 - textile_logger - INFO - [nouns_table] already available Russland
2024-06-10 22:00:05,278 - textile_logger - INFO - [nouns_table] already available Militär
2024-06-10 22:00:05,278 - textile_logger - INFO - [nouns_table] already available Mitglied
2024-06-10 22:00:05,279 - textile_logger - INFO - [nouns_table] already available Nato
2024-06-10 22:00:05,279 - textile_logger - INFO - [nouns_table] already available Mitglieds
2024-06-10 22:00:05,281 - textile_logger - INFO - [nouns_table] already available Erweiterung
2024-06-10 22:00:05,358 - textile_logger - INFO - [nouns_table] already available General
2024-06-10 22:00:05,378 - textile_logger - INFO - [nouns_table] already available Generalsekretär
2024-06-10 22:00:05,450 - textile_logger - INFO - [nouns_table] already available Beitritt
2024-06-10 22:00:05,450 - textile_logger - INFO - [nouns_table] already available  Länder
2024-06-10 22:00:05,451 - textile_logger - INFO - [nouns_table] already available Militärbündnis
2024-06-10 22:00:05,451 - textile_logger - INFO - [nouns_table] already available Fahne
2024-06-10 22:00:05,452 - textile_logger - INFO - [nouns_table] already available  Mitglied
2024-06-10 22:00:05,452 - textile_logger - INFO - [nouns_table] already available Haupt
2024-06-10 22:00:05,453 - textile_logger - INFO - [nouns_table] already available Länder
2024-06-10 22:00:05,453 - textile_logger - INFO - [nouns_table] already available Regierung
2024-06-10 22:00:05,454 - textile_logger - INFO - [nouns_table] already available Mitglieder
2024-06-10 22:00:05,454 - textile_logger - INFO - [nouns_table] already available  Sekretär
2024-06-10 22:00:05,454 - textile_logger - INFO - [nouns_table] already available Feier
2024-06-10 22:00:05,460 - textile_logger - INFO - [nouns_table] already available Schriftsteller
2024-06-10 22:00:05,460 - textile_logger - INFO - [nouns_table] already available Krieg
2024-06-10 22:00:05,461 - textile_logger - INFO - [nouns_table] already available  Musik
2024-06-10 22:00:05,461 - textile_logger - INFO - [nouns_table] already available Millionen
2024-06-10 22:00:05,462 - textile_logger - INFO - [nouns_table] already available Soldat
2024-06-10 22:00:05,462 - textile_logger - INFO - [nouns_table] already available Welt
2024-06-10 22:00:05,463 - textile_logger - INFO - [nouns_table] already available  Führung
2024-06-10 22:00:05,463 - textile_logger - INFO - [nouns_table] already available  Krieg
2024-06-10 22:00:05,464 - textile_logger - INFO - [nouns_table] already available Westen
2024-06-10 22:00:05,464 - textile_logger - INFO - [nouns_table] already available  Salon
2024-06-10 22:00:05,465 - textile_logger - INFO - [nouns_table] already available  Preisen
2024-06-10 22:00:05,465 - textile_logger - INFO - [nouns_table] already available  Bild
2024-06-10 22:00:05,465 - textile_logger - INFO - [nouns_table] already available Filmpreisen
2024-06-10 22:00:05,466 - textile_logger - INFO - [nouns_table] already available Waschsalon
2024-06-10 22:00:05,466 - textile_logger - INFO - [nouns_table] already available Kamera
2024-06-10 22:00:05,467 - textile_logger - INFO - [nouns_table] already available Jahr
2024-06-10 22:00:05,467 - textile_logger - INFO - [nouns_table] already available Besitzerin
2024-06-10 22:00:05,468 - textile_logger - INFO - [nouns_table] already available Szenen
2024-06-10 22:00:05,468 - textile_logger - INFO - [nouns_table] already available Kameraführung
2024-06-10 22:00:05,469 - textile_logger - INFO - [nouns_table] already available Menschen
2024-06-10 22:00:05,469 - textile_logger - INFO - [nouns_table] already available Grippe
2024-06-10 22:00:05,470 - textile_logger - INFO - [nouns_table] already available Fieber
2024-06-10 22:00:05,470 - textile_logger - INFO - [nouns_table] already available Alternative
2024-06-10 22:00:05,470 - textile_logger - INFO - [nouns_table] already available Kinder
2024-06-10 22:00:05,471 - textile_logger - INFO - [nouns_table] already available Essen
2024-06-10 22:00:05,471 - textile_logger - INFO - [nouns_table] already available Besserung
2024-06-10 22:00:05,492 - textile_logger - INFO - [nouns_table] already available Rezept
2024-06-10 22:00:05,492 - textile_logger - INFO - [nouns_table] already available leben
2024-06-10 22:00:05,493 - textile_logger - INFO - [nouns_table] already available Sohn
2024-06-10 22:00:05,493 - textile_logger - INFO - [nouns_table] already available Viren
2024-06-10 22:00:05,494 - textile_logger - INFO - [nouns_table] already available Podcast
2024-06-10 22:00:05,494 - textile_logger - INFO - [nouns_table] already available Husten
2024-06-10 22:00:05,499 - textile_logger - INFO - [nouns_table] already available Erkältung
2024-06-10 22:00:05,499 - textile_logger - INFO - [nouns_table] already available Saft
2024-06-10 22:00:05,500 - textile_logger - INFO - [nouns_table] already available Dialog
2024-06-10 22:00:05,501 - textile_logger - INFO - [nouns_table] already available Moderatoren
2024-06-10 22:00:05,501 - textile_logger - INFO - [nouns_table] already available Winter
2024-06-10 22:00:05,502 - textile_logger - INFO - [nouns_table] already available Morgen
2024-06-10 22:00:05,506 - textile_logger - INFO - [nouns_table] already available Zeit
2024-06-10 22:00:05,506 - textile_logger - INFO - [nouns_table] already available Mühe
2024-06-10 22:00:05,507 - textile_logger - INFO - [nouns_table] already available Wochen
2024-06-10 22:00:05,514 - textile_logger - INFO - [nouns_table] already available Wartezimmer
2024-06-10 22:00:05,520 - textile_logger - INFO - [nouns_table] already available Text
2024-06-10 22:00:05,530 - textile_logger - INFO - [nouns_table] already available Danke
2024-06-10 22:00:05,531 - textile_logger - INFO - [nouns_table] already available Radio
2024-06-10 22:00:05,531 - textile_logger - INFO - [nouns_table] already available Tage
2024-06-10 22:00:05,532 - textile_logger - INFO - [nouns_table] already available Katze
2024-06-10 22:00:05,532 - textile_logger - INFO - [nouns_table] already available Dialoges
2024-06-10 22:00:05,533 - textile_logger - INFO - [nouns_table] already available Schnupfen
2024-06-10 22:00:05,533 - textile_logger - INFO - [nouns_table] already available Arbeit
2024-06-10 22:00:05,534 - textile_logger - INFO - [nouns_table] already available Spaziergang
2024-06-10 22:00:05,534 - textile_logger - INFO - [nouns_table] already available Glück
2024-06-10 22:00:05,535 - textile_logger - INFO - [nouns_table] already available Gefühl
2024-06-10 22:00:05,535 - textile_logger - INFO - [nouns_table] already available Getränke
2024-06-10 22:00:05,535 - textile_logger - INFO - [nouns_table] already available Attest
2024-06-10 22:00:05,536 - textile_logger - INFO - [nouns_table] already available Kopfweh
2024-06-10 22:00:05,536 - textile_logger - INFO - [nouns_table] already available Wunder
2024-06-10 22:00:05,537 - textile_logger - INFO - [nouns_table] already available Kontakt
2024-06-10 22:00:05,537 - textile_logger - INFO - [nouns_table] already available Kind
2024-06-10 22:00:05,538 - textile_logger - INFO - [nouns_table] already available Kinderarzt
2024-06-10 22:00:05,538 - textile_logger - INFO - [nouns_table] already available Bleib
2024-06-10 22:00:05,539 - textile_logger - INFO - [nouns_table] already available Schmerzmittel
2024-06-10 22:00:05,539 - textile_logger - INFO - [nouns_table] already available Schule
2024-06-10 22:00:05,539 - textile_logger - INFO - [nouns_table] already available Medikamente
2024-06-10 22:00:05,540 - textile_logger - INFO - [nouns_table] already available Tag
2024-06-10 22:00:05,540 - textile_logger - INFO - [nouns_table] already available Schmerzen
2024-06-10 22:00:05,541 - textile_logger - INFO - [nouns_table] already available Arzt
2024-06-10 22:00:05,541 - textile_logger - INFO - [nouns_table] already available Nachrichten
2024-06-10 22:00:05,542 - textile_logger - INFO - [nouns_table] already available Geschichte
2024-06-10 22:00:05,542 - textile_logger - INFO - [nouns_table] already available Pflanzen
2024-06-10 22:00:05,543 - textile_logger - INFO - [nouns_table] already available  Mittel
2024-06-10 22:00:05,543 - textile_logger - INFO - [nouns_table] already available Chemie
2024-06-10 22:00:05,543 - textile_logger - INFO - [nouns_table] already available  Vertrag
2024-06-10 22:00:05,544 - textile_logger - INFO - [nouns_table] already available Bundesregierung
2024-06-10 22:00:05,544 - textile_logger - INFO - [nouns_table] already available Verkauf
2024-06-10 22:00:05,545 - textile_logger - INFO - [nouns_table] already available Parteien
2024-06-10 22:00:05,545 - textile_logger - INFO - [nouns_table] already available Gehirn
2024-06-10 22:00:05,546 - textile_logger - INFO - [nouns_table] already available Sand
2024-06-10 22:00:05,546 - textile_logger - INFO - [nouns_table] already available Drogenhändler
2024-06-10 22:00:05,547 - textile_logger - INFO - [nouns_table] already available Leute
2024-06-10 22:00:05,547 - textile_logger - INFO - [nouns_table] already available Zucker
2024-06-10 22:00:05,547 - textile_logger - INFO - [nouns_table] already available  Händler
2024-06-10 22:00:05,548 - textile_logger - INFO - [nouns_table] already available Blätter
2024-06-10 22:00:05,548 - textile_logger - INFO - [nouns_table] already available Beispiel
2024-06-10 22:00:05,549 - textile_logger - INFO - [nouns_table] already available Streit
2024-06-10 22:00:05,549 - textile_logger - INFO - [nouns_table] already available Bedingungen
2024-06-10 22:00:05,550 - textile_logger - INFO - [nouns_table] already available Rausch
2024-06-10 22:00:05,550 - textile_logger - INFO - [nouns_table] already available Cannabis
2024-06-10 22:00:05,551 - textile_logger - INFO - [nouns_table] already available Erlaubnis
2024-06-10 22:00:05,551 - textile_logger - INFO - [nouns_table] already available Koalitionsvertrag
2024-06-10 22:00:05,551 - textile_logger - INFO - [nouns_table] already available  Minister
2024-06-10 22:00:05,552 - textile_logger - INFO - [nouns_table] already available Drogenhändlern
2024-06-10 22:00:05,552 - textile_logger - INFO - [nouns_table] already available Fachleute
2024-06-10 22:00:05,553 - textile_logger - INFO - [nouns_table] already available Droge
2024-06-10 22:00:05,553 - textile_logger - INFO - [nouns_table] already available Geschäfte
2024-06-10 22:00:05,554 - textile_logger - INFO - [nouns_table] already available Teile
2024-06-10 22:00:05,554 - textile_logger - INFO - [nouns_table] already available Gewürze
2024-06-10 22:00:05,555 - textile_logger - INFO - [nouns_table] already available Ärzte
2024-06-10 22:00:05,555 - textile_logger - INFO - [nouns_table] already available Vereine
2024-06-10 22:00:05,555 - textile_logger - INFO - [nouns_table] already available  Regierung
2024-06-10 22:00:05,556 - textile_logger - INFO - [nouns_table] already available Gesundheits
2024-06-10 22:00:05,556 - textile_logger - INFO - [nouns_table] already available Gegenden
2024-06-10 22:00:05,557 - textile_logger - INFO - [nouns_table] already available Pflanze
2024-06-10 22:00:05,559 - textile_logger - INFO - [nouns_table] already available Moment
2024-06-10 22:00:05,560 - textile_logger - INFO - [nouns_table] already available Angst
2024-06-10 22:00:05,563 - textile_logger - INFO - [nouns_table] already available Drogen
2024-06-10 22:00:05,565 - textile_logger - INFO - [nouns_table] already available Gesundheitsminister
2024-06-10 22:00:05,566 - textile_logger - INFO - [nouns_table] already available Erwachsene
2024-06-10 22:00:05,567 - textile_logger - INFO - [nouns_table] already available Qualität
2024-06-10 22:00:05,567 - textile_logger - INFO - [nouns_table] already available Hause
2024-06-10 22:00:05,568 - textile_logger - INFO - [nouns_table] already available Dezember
2024-06-10 22:00:05,568 - textile_logger - INFO - [nouns_table] already available  Team
2024-06-10 22:00:05,569 - textile_logger - INFO - [nouns_table] already available Hinspiel
2024-06-10 22:00:05,569 - textile_logger - INFO - [nouns_table] already available WM
2024-06-10 22:00:05,569 - textile_logger - INFO - [nouns_table] already available Qualifikation
2024-06-10 22:00:05,570 - textile_logger - INFO - [nouns_table] already available Frauen
2024-06-10 22:00:05,570 - textile_logger - INFO - [nouns_table] already available Hin
2024-06-10 22:00:05,571 - textile_logger - INFO - [nouns_table] already available  Meisterschaft
2024-06-10 22:00:05,571 - textile_logger - INFO - [nouns_table] already available Grund
2024-06-10 22:00:05,572 - textile_logger - INFO - [nouns_table] already available Rück
2024-06-10 22:00:05,572 - textile_logger - INFO - [nouns_table] already available Ländern
2024-06-10 22:00:05,573 - textile_logger - INFO - [nouns_table] already available Toren
2024-06-10 22:00:05,573 - textile_logger - INFO - [nouns_table] already available Handballerinnen
2024-06-10 22:00:05,574 - textile_logger - INFO - [nouns_table] already available Weltmeisterschaft
2024-06-10 22:00:05,574 - textile_logger - INFO - [nouns_table] already available November
2024-06-10 22:00:05,574 - textile_logger - INFO - [nouns_table] already available Rückspiel
2024-06-10 22:00:05,575 - textile_logger - INFO - [nouns_table] already available  Spiel
2024-06-10 22:00:05,575 - textile_logger - INFO - [nouns_table] already available Potter
2024-06-10 22:00:05,576 - textile_logger - INFO - [nouns_table] already available Kinofilmen
2024-06-10 22:00:05,576 - textile_logger - INFO - [nouns_table] already available Geschichten
2024-06-10 22:00:05,577 - textile_logger - INFO - [nouns_table] already available Serie
2024-06-10 22:00:05,577 - textile_logger - INFO - [nouns_table] already available Firma
2024-06-10 22:00:05,578 - textile_logger - INFO - [nouns_table] already available Autorin
2024-06-10 22:00:05,578 - textile_logger - INFO - [nouns_table] already available Schauspielerinnen
2024-06-10 22:00:05,579 - textile_logger - INFO - [nouns_table] already available Platz
2024-06-10 22:00:05,579 - textile_logger - INFO - [nouns_table] already available Kino
2024-06-10 22:00:05,579 - textile_logger - INFO - [nouns_table] already available  Spieler
2024-06-10 22:00:05,580 - textile_logger - INFO - [nouns_table] already available Schau
2024-06-10 22:00:05,580 - textile_logger - INFO - [nouns_table] already available Einzelheiten
2024-06-10 22:00:05,581 - textile_logger - INFO - [nouns_table] already available Kinofilm
2024-06-10 22:00:05,581 - textile_logger - INFO - [nouns_table] already available Potter“büchern
2024-06-10 22:00:05,582 - textile_logger - INFO - [nouns_table] already available Potter“
2024-06-10 22:00:05,582 - textile_logger - INFO - [nouns_table] already available Bücher
2024-06-10 22:00:05,583 - textile_logger - INFO - [nouns_table] already available  Filmen
2024-06-10 22:00:05,583 - textile_logger - INFO - [nouns_table] already available  Film
2024-06-10 22:00:05,583 - textile_logger - INFO - [nouns_table] already available Streaming
2024-06-10 22:00:05,584 - textile_logger - INFO - [nouns_table] already available  Dienst
2024-06-10 22:00:05,584 - textile_logger - INFO - [nouns_table] already available Kinofilme
2024-06-10 22:00:05,585 - textile_logger - INFO - [nouns_table] already available Fernseh
2024-06-10 22:00:05,585 - textile_logger - INFO - [nouns_table] already available  Büchern
2024-06-10 22:00:05,586 - textile_logger - INFO - [nouns_table] already available Zauberer
2024-06-10 22:00:05,586 - textile_logger - INFO - [nouns_table] already available Fernsehserie
2024-06-10 22:00:05,587 - textile_logger - INFO - [nouns_table] already available  Serie
2024-06-10 22:00:05,587 - textile_logger - INFO - [nouns_table] already available Schauspieler
2024-06-10 22:00:05,587 - textile_logger - INFO - [nouns_table] already available Helfer
2024-06-10 22:00:05,588 - textile_logger - INFO - [nouns_table] already available Trinkwasser
2024-06-10 22:00:05,588 - textile_logger - INFO - [nouns_table] already available Armee
2024-06-10 22:00:05,589 - textile_logger - INFO - [nouns_table] already available Tagen
2024-06-10 22:00:05,589 - textile_logger - INFO - [nouns_table] already available  Armee
2024-06-10 22:00:05,590 - textile_logger - INFO - [nouns_table] already available Rebellen
2024-06-10 22:00:05,590 - textile_logger - INFO - [nouns_table] already available Wohn
2024-06-10 22:00:05,591 - textile_logger - INFO - [nouns_table] already available  Viertel
2024-06-10 22:00:05,591 - textile_logger - INFO - [nouns_table] already available Tote
2024-06-10 22:00:05,591 - textile_logger - INFO - [nouns_table] already available Rücksicht
2024-06-10 22:00:05,592 - textile_logger - INFO - [nouns_table] already available Macht
2024-06-10 22:00:05,592 - textile_logger - INFO - [nouns_table] already available Kämpfe
2024-06-10 22:00:05,593 - textile_logger - INFO - [nouns_table] already available Strom
2024-06-10 22:00:05,593 - textile_logger - INFO - [nouns_table] already available Armeen
2024-06-10 22:00:05,598 - textile_logger - INFO - [nouns_table] already available Trink
2024-06-10 22:00:05,598 - textile_logger - INFO - [nouns_table] already available  Wasser
2024-06-10 22:00:05,599 - textile_logger - INFO - [nouns_table] already available Wohnviertel
2024-06-10 22:00:05,599 - textile_logger - INFO - [nouns_table] already available Kontinent
2024-06-10 22:00:05,599 - textile_logger - INFO - [nouns_table] already available Kämpfen
2024-06-10 22:00:05,600 - textile_logger - INFO - [nouns_table] already available Helferinnen
2024-06-10 22:00:05,600 - textile_logger - INFO - [nouns_table] already available Hilfsorganisation
2024-06-10 22:00:05,601 - textile_logger - INFO - [nouns_table] already available Verkehrs
2024-06-10 22:00:05,601 - textile_logger - INFO - [nouns_table] already available Autos
2024-06-10 22:00:05,602 - textile_logger - INFO - [nouns_table] already available Auto
2024-06-10 22:00:05,602 - textile_logger - INFO - [nouns_table] already available Barrikaden
2024-06-10 22:00:05,603 - textile_logger - INFO - [nouns_table] already available Waffe
2024-06-10 22:00:05,603 - textile_logger - INFO - [nouns_table] already available Verkehrskontrolle
2024-06-10 22:00:05,604 - textile_logger - INFO - [nouns_table] already available Einrichtungen
2024-06-10 22:00:05,605 - textile_logger - INFO - [nouns_table] already available Müll
2024-06-10 22:00:05,605 - textile_logger - INFO - [nouns_table] already available Kugel
2024-06-10 22:00:05,605 - textile_logger - INFO - [nouns_table] already available Krawalle
2024-06-10 22:00:05,606 - textile_logger - INFO - [nouns_table] already available Video
2024-06-10 22:00:05,606 - textile_logger - INFO - [nouns_table] already available  Container
2024-06-10 22:00:05,607 - textile_logger - INFO - [nouns_table] already available Festnahmen
2024-06-10 22:00:05,607 - textile_logger - INFO - [nouns_table] already available 17
2024-06-10 22:00:05,608 - textile_logger - INFO - [nouns_table] already available Staat
2024-06-10 22:00:05,608 - textile_logger - INFO - [nouns_table] already available  Kontrolle
2024-06-10 22:00:05,609 - textile_logger - INFO - [nouns_table] already available Gewalt
2024-06-10 22:00:05,609 - textile_logger - INFO - [nouns_table] already available Satz
2024-06-10 22:00:05,610 - textile_logger - INFO - [nouns_table] already available Hauptstadt
2024-06-10 22:00:05,610 - textile_logger - INFO - [nouns_table] already available Feuerwerkskörpern
2024-06-10 22:00:05,610 - textile_logger - INFO - [nouns_table] already available Vorfall
2024-06-10 22:00:05,611 - textile_logger - INFO - [nouns_table] already available Demonstrierende
2024-06-10 22:00:05,611 - textile_logger - INFO - [nouns_table] already available Polizist
2024-06-10 22:00:05,612 - textile_logger - INFO - [nouns_table] already available Feuerwerks
2024-06-10 22:00:05,612 - textile_logger - INFO - [nouns_table] already available Vororten
2024-06-10 22:00:05,613 - textile_logger - INFO - [nouns_table] already available Müllcontainer
2024-06-10 22:00:05,613 - textile_logger - INFO - [nouns_table] already available  Körpern
2024-06-10 22:00:05,614 - textile_logger - INFO - [nouns_table] already available Polizisten
2024-06-10 22:00:05,614 - textile_logger - INFO - [nouns_table] already available Einsatz
2024-06-10 22:00:05,614 - textile_logger - INFO - [nouns_table] already available Jugendliche
2024-06-10 22:00:05,615 - textile_logger - INFO - [nouns_table] already available Kopf
2024-06-10 22:00:05,615 - textile_logger - INFO - [nouns_table] already available Stimmen
2024-06-10 22:00:05,616 - textile_logger - INFO - [nouns_table] already available  Wahl
2024-06-10 22:00:05,616 - textile_logger - INFO - [nouns_table] already available Ergebnis
2024-06-10 22:00:05,617 - textile_logger - INFO - [nouns_table] already available Sieg
2024-06-10 22:00:05,617 - textile_logger - INFO - [nouns_table] already available Polizeifoto
2024-06-10 22:00:05,618 - textile_logger - INFO - [nouns_table] already available  Präsident
2024-06-10 22:00:05,618 - textile_logger - INFO - [nouns_table] already available Verbrecher“foto
2024-06-10 22:00:05,619 - textile_logger - INFO - [nouns_table] already available Vorwürfe
2024-06-10 22:00:05,619 - textile_logger - INFO - [nouns_table] already available Medien
2024-06-10 22:00:05,619 - textile_logger - INFO - [nouns_table] already available Hexenjagd
2024-06-10 22:00:05,620 - textile_logger - INFO - [nouns_table] already available Behörden
2024-06-10 22:00:05,620 - textile_logger - INFO - [nouns_table] already available Verbrecher
2024-06-10 22:00:05,621 - textile_logger - INFO - [nouns_table] already available Bundesstaat
2024-06-10 22:00:05,621 - textile_logger - INFO - [nouns_table] already available  Foto
2024-06-10 22:00:05,622 - textile_logger - INFO - [nouns_table] already available Woche
2024-06-10 22:00:05,622 - textile_logger - INFO - [nouns_table] already available  Jagd
2024-06-10 22:00:05,623 - textile_logger - INFO - [nouns_table] already available  Bundes
2024-06-10 22:00:05,623 - textile_logger - INFO - [nouns_table] already available  Staat
2024-06-10 22:00:05,623 - textile_logger - INFO - [nouns_table] already available  Kampf
2024-06-10 22:00:05,624 - textile_logger - INFO - [nouns_table] already available Us
2024-06-10 22:00:05,624 - textile_logger - INFO - [nouns_table] already available  Shirts
2024-06-10 22:00:05,625 - textile_logger - INFO - [nouns_table] already available Hexen
2024-06-10 22:00:05,625 - textile_logger - INFO - [nouns_table] already available T
2024-06-10 22:00:05,626 - textile_logger - INFO - [nouns_table] already available Straßen
2024-06-10 22:00:05,626 - textile_logger - INFO - [nouns_table] already available Weg
2024-06-10 22:00:05,627 - textile_logger - INFO - [nouns_table] already available Wetter
2024-06-10 22:00:05,627 - textile_logger - INFO - [nouns_table] already available Wasser
2024-06-10 22:00:05,627 - textile_logger - INFO - [nouns_table] already available Reise
2024-06-10 22:00:05,628 - textile_logger - INFO - [nouns_table] already available Sonne
2024-06-10 22:00:05,628 - textile_logger - INFO - [nouns_table] already available Frau
2024-06-10 22:00:05,629 - textile_logger - INFO - [nouns_table] already available Route
2024-06-10 22:00:05,629 - textile_logger - INFO - [nouns_table] already available Flasche
2024-06-10 22:00:05,630 - textile_logger - INFO - [nouns_table] already available Buch
2024-06-10 22:00:05,630 - textile_logger - INFO - [nouns_table] already available Mann
2024-06-10 22:00:05,631 - textile_logger - INFO - [nouns_table] already available Bäumen
2024-06-10 22:00:05,631 - textile_logger - INFO - [nouns_table] already available Natur
2024-06-10 22:00:05,632 - textile_logger - INFO - [nouns_table] already available Bälle
2024-06-10 22:00:05,632 - textile_logger - INFO - [nouns_table] already available Park
2024-06-10 22:00:05,632 - textile_logger - INFO - [nouns_table] already available Vögel
2024-06-10 22:00:05,633 - textile_logger - INFO - [nouns_table] already available Wiese
2024-06-10 22:00:05,633 - textile_logger - INFO - [nouns_table] already available Mädchen
2024-06-10 22:00:05,634 - textile_logger - INFO - [nouns_table] already available Ball
2024-06-10 22:00:05,634 - textile_logger - INFO - [nouns_table] already available Hund
2024-06-10 22:00:05,635 - textile_logger - INFO - [nouns_table] already available Experimentieren
2024-06-10 22:00:05,635 - textile_logger - INFO - [nouns_table] already available Vordergrund
2024-06-10 22:00:05,636 - textile_logger - INFO - [nouns_table] already available Schmerzes
2024-06-10 22:00:05,636 - textile_logger - INFO - [nouns_table] already available Abendessen
2024-06-10 22:00:05,636 - textile_logger - INFO - [nouns_table] already available Möglichkeit
2024-06-10 22:00:05,637 - textile_logger - INFO - [nouns_table] already available Gemüse
2024-06-10 22:00:05,637 - textile_logger - INFO - [nouns_table] already available Höhen
2024-06-10 22:00:05,638 - textile_logger - INFO - [nouns_table] already available Küche
2024-06-10 22:00:05,638 - textile_logger - INFO - [nouns_table] already available Tränen
2024-06-10 22:00:05,639 - textile_logger - INFO - [nouns_table] already available Oscar
2024-06-10 22:00:05,639 - textile_logger - INFO - [nouns_table] already available Weltkrieg
2024-06-10 22:00:05,640 - textile_logger - INFO - [nouns_table] already available Regisseur
2024-06-10 22:00:05,640 - textile_logger - INFO - [nouns_table] already available Wasch
2024-06-10 22:00:05,640 - textile_logger - INFO - [nouns_table] already available Filmmusik
2024-06-10 22:00:05,641 - textile_logger - INFO - [nouns_table] already available Neues
2024-06-10 22:00:05,641 - textile_logger - INFO - [nouns_table] already available Film
2024-06-10 22:00:05,642 - textile_logger - INFO - [nouns_table] already available Oscars
2024-06-10 22:00:05,642 - textile_logger - INFO - [nouns_table] already available Generationen
2024-06-10 22:00:05,643 - textile_logger - INFO - [nouns_table] already available anderen
2024-06-10 22:00:05,643 - textile_logger - INFO - [nouns_table] already available Älteren
2024-06-10 22:00:05,644 - textile_logger - INFO - [nouns_table] already available Krankenschwester
2024-06-10 22:00:05,644 - textile_logger - INFO - [nouns_table] already available Alters
2024-06-10 22:00:05,644 - textile_logger - INFO - [nouns_table] already available Gemeinschaftsbereich
2024-06-10 22:00:05,645 - textile_logger - INFO - [nouns_table] already available Füreinander
2024-06-10 22:00:05,645 - textile_logger - INFO - [nouns_table] already available Gegenzug
2024-06-10 22:00:05,646 - textile_logger - INFO - [nouns_table] already available Unabhängigkeit
2024-06-10 22:00:05,646 - textile_logger - INFO - [nouns_table] already available Fähigkeiten
2024-06-10 22:00:05,647 - textile_logger - INFO - [nouns_table] already available Erziehung
2024-06-10 22:00:05,647 - textile_logger - INFO - [nouns_table] already available Erfahrungen
2024-06-10 22:00:05,648 - textile_logger - INFO - [nouns_table] already available Ende
2024-06-10 22:00:05,648 - textile_logger - INFO - [nouns_table] already available Gemeinschaft
2024-06-10 22:00:05,648 - textile_logger - INFO - [nouns_table] already available Teil
2024-06-10 22:00:05,649 - textile_logger - INFO - [nouns_table] already available Lösung
2024-06-10 22:00:05,649 - textile_logger - INFO - [nouns_table] already available Kindern
2024-06-10 22:00:05,650 - textile_logger - INFO - [nouns_table] already available  Jährige
2024-06-10 22:00:05,650 - textile_logger - INFO - [nouns_table] already available Schulaufgaben
2024-06-10 22:00:05,651 - textile_logger - INFO - [nouns_table] already available Geschwistern
2024-06-10 22:00:05,651 - textile_logger - INFO - [nouns_table] already available Motto
2024-06-10 22:00:05,652 - textile_logger - INFO - [nouns_table] already available Berufslebens
2024-06-10 22:00:05,652 - textile_logger - INFO - [nouns_table] already available 70
2024-06-10 22:00:05,653 - textile_logger - INFO - [nouns_table] already available Können
2024-06-10 22:00:05,653 - textile_logger - INFO - [nouns_table] already available Lebensgefühl
2024-06-10 22:00:05,653 - textile_logger - INFO - [nouns_table] already available Alter
2024-06-10 22:00:05,654 - textile_logger - INFO - [nouns_table] already available Altersheim
2024-06-10 22:00:06,268 - textile_logger - INFO - [nouns_table] parsing Gesellschaft
2024-06-10 22:00:06,268 - textile_logger - INFO - [nouns_table] already available Generationen
2024-06-10 22:00:06,272 - textile_logger - INFO - [nouns_table] already available Lösung
2024-06-10 22:00:06,276 - textile_logger - INFO - [nouns_table] already available Kindern
2024-06-10 22:00:06,279 - textile_logger - INFO - [nouns_table] already available Gemeinschaftsbereich
2024-06-10 22:00:06,282 - textile_logger - INFO - [nouns_table] already available Erwachsene
2024-06-10 22:00:06,839 - textile_logger - INFO - [nouns_table] parsing Mehrgenerationenhaus
2024-06-10 22:00:06,839 - textile_logger - INFO - [nouns_table] already available Füreinander
2024-06-10 22:00:06,841 - textile_logger - INFO - [nouns_table] already available anderen
2024-06-10 22:00:06,842 - textile_logger - INFO - [nouns_table] already available Erfahrungen
2024-06-10 22:00:06,843 - textile_logger - INFO - [nouns_table] already available Fähigkeiten
2024-06-10 22:00:07,149 - textile_logger - INFO - [nouns_table] parsing Ohr
2024-06-10 22:00:08,031 - textile_logger - INFO - [nouns_table] parsing 70jährige
2024-06-10 22:00:08,032 - textile_logger - INFO - [nouns_table] already available  Jährige
2024-06-10 22:00:08,036 - textile_logger - INFO - [nouns_table] already available Können
2024-06-10 22:00:08,802 - textile_logger - INFO - [nouns_table] parsing Option
2024-06-10 22:00:08,803 - textile_logger - INFO - [nouns_table] already available Unabhängigkeit
2024-06-10 22:00:08,806 - textile_logger - INFO - [nouns_table] already available Lebensgefühl
2024-06-10 22:00:08,810 - textile_logger - INFO - [nouns_table] already available Berufslebens
2024-06-10 22:00:09,682 - textile_logger - INFO - [nouns_table] parsing Treffpunkt
2024-06-10 22:00:09,682 - textile_logger - INFO - [nouns_table] already available Alter
2024-06-10 22:00:09,686 - textile_logger - INFO - [nouns_table] already available Älteren
2024-06-10 22:00:10,136 - textile_logger - INFO - [nouns_table] parsing Mehrgenerationenwohnen
2024-06-10 22:00:10,421 - textile_logger - INFO - [nouns_table] parsing Gespräch
2024-06-10 22:00:10,835 - textile_logger - INFO - [nouns_table] parsing Wissen
2024-06-10 22:00:10,835 - textile_logger - INFO - [nouns_table] already available Erziehung
2024-06-10 22:00:10,836 - textile_logger - INFO - [nouns_table] already available 70
2024-06-10 22:00:10,837 - textile_logger - INFO - [nouns_table] already available Schulaufgaben
2024-06-10 22:00:10,838 - textile_logger - INFO - [nouns_table] already available Alters
2024-06-10 22:00:11,615 - textile_logger - INFO - [nouns_table] parsing Treff
2024-06-10 22:00:11,615 - textile_logger - INFO - [nouns_table] already available Motto
2024-06-10 22:00:11,617 - textile_logger - INFO - [nouns_table] already available Teil
2024-06-10 22:00:11,618 - textile_logger - INFO - [nouns_table] already available Zeit
2024-06-10 22:00:11,619 - textile_logger - INFO - [nouns_table] already available Gegenzug
2024-06-10 22:00:11,621 - textile_logger - INFO - [nouns_table] already available Ende
2024-06-10 22:00:11,622 - textile_logger - INFO - [nouns_table] already available Wunder
2024-06-10 22:00:11,624 - textile_logger - INFO - [nouns_table] already available Geschwistern
2024-06-10 22:00:11,625 - textile_logger - INFO - [nouns_table] already available Altersheim
2024-06-10 22:00:11,627 - textile_logger - INFO - [nouns_table] already available Krankenschwester
2024-06-10 22:00:11,628 - textile_logger - INFO - [nouns_table] already available Gemeinschaft
2024-06-10 22:00:12,457 - textile_logger - INFO - [nouns_table] parsing Wohnung
2024-06-10 22:00:12,457 - textile_logger - INFO - [nouns_table] already available Eltern
2024-06-10 22:00:13,178 - textile_logger - INFO - [nouns_table] parsing Wohnzimmer
2024-06-10 22:00:13,179 - textile_logger - INFO - [nouns_table] already available Menschen
2024-06-10 22:00:13,183 - textile_logger - INFO - [nouns_table] caching nouns df
2024-06-10 22:00:13,278 - textile_logger - INFO - [nouns_table] refreshing cache
2024-06-10 22:00:13,299 - textile_logger - INFO - [nouns_table] already available Name
2024-06-10 22:00:13,299 - textile_logger - INFO - [nouns_table] already available Jahren
2024-06-10 22:00:13,299 - textile_logger - INFO - [nouns_table] already available Jahre
2024-06-10 22:00:13,300 - textile_logger - INFO - [nouns_table] already available Geschwister
2024-06-10 22:00:13,300 - textile_logger - INFO - [nouns_table] already available Schwester
2024-06-10 22:00:13,301 - textile_logger - INFO - [nouns_table] already available Bruder
2024-06-10 22:00:13,301 - textile_logger - INFO - [nouns_table] already available Eltern
2024-06-10 22:00:13,301 - textile_logger - INFO - [nouns_table] already available Haus
2024-06-10 22:00:13,302 - textile_logger - INFO - [nouns_table] already available Nähe
2024-06-10 22:00:13,302 - textile_logger - INFO - [nouns_table] already available Mutter
2024-06-10 22:00:13,302 - textile_logger - INFO - [nouns_table] already available Köchin
2024-06-10 22:00:13,303 - textile_logger - INFO - [nouns_table] already available Vater
2024-06-10 22:00:13,303 - textile_logger - INFO - [nouns_table] already available Bank
2024-06-10 22:00:13,303 - textile_logger - INFO - [nouns_table] already available Richter
2024-06-10 22:00:13,304 - textile_logger - INFO - [nouns_table] already available Monat
2024-06-10 22:00:13,304 - textile_logger - INFO - [nouns_table] already available Gericht
2024-06-10 22:00:13,304 - textile_logger - INFO - [nouns_table] already available Fall
2024-06-10 22:00:13,305 - textile_logger - INFO - [nouns_table] already available Staatsanwalt
2024-06-10 22:00:13,305 - textile_logger - INFO - [nouns_table] already available Strafprozess
2024-06-10 22:00:13,305 - textile_logger - INFO - [nouns_table] already available Strafe
2024-06-10 22:00:13,306 - textile_logger - INFO - [nouns_table] already available Geschäftsunterlagen
2024-06-10 22:00:13,306 - textile_logger - INFO - [nouns_table] already available Stadt
2024-06-10 22:00:13,306 - textile_logger - INFO - [nouns_table] already available Verbotenes
2024-06-10 22:00:13,307 - textile_logger - INFO - [nouns_table] already available Wahl
2024-06-10 22:00:13,307 - textile_logger - INFO - [nouns_table] already available Land
2024-06-10 22:00:13,307 - textile_logger - INFO - [nouns_table] already available Januar
2024-06-10 22:00:13,308 - textile_logger - INFO - [nouns_table] already available Präsident
2024-06-10 22:00:13,308 - textile_logger - INFO - [nouns_table] already available Gerichtstermin
2024-06-10 22:00:13,308 - textile_logger - INFO - [nouns_table] already available Wahrheit
2024-06-10 22:00:13,309 - textile_logger - INFO - [nouns_table] already available  Bündnis
2024-06-10 22:00:13,309 - textile_logger - INFO - [nouns_table] already available Mitgliedsländer
2024-06-10 22:00:13,310 - textile_logger - INFO - [nouns_table] already available  Quartier
2024-06-10 22:00:13,310 - textile_logger - INFO - [nouns_table] already available Hauptquartier
2024-06-10 22:00:13,310 - textile_logger - INFO - [nouns_table] already available Russland
2024-06-10 22:00:13,311 - textile_logger - INFO - [nouns_table] already available Militär
2024-06-10 22:00:13,311 - textile_logger - INFO - [nouns_table] already available Mitglied
2024-06-10 22:00:13,311 - textile_logger - INFO - [nouns_table] already available Nato
2024-06-10 22:00:13,312 - textile_logger - INFO - [nouns_table] already available Mitglieds
2024-06-10 22:00:13,313 - textile_logger - INFO - [nouns_table] already available Erweiterung
2024-06-10 22:00:13,314 - textile_logger - INFO - [nouns_table] already available General
2024-06-10 22:00:13,316 - textile_logger - INFO - [nouns_table] already available Generalsekretär
2024-06-10 22:00:13,318 - textile_logger - INFO - [nouns_table] already available Beitritt
2024-06-10 22:00:13,320 - textile_logger - INFO - [nouns_table] already available  Länder
2024-06-10 22:00:13,322 - textile_logger - INFO - [nouns_table] already available Militärbündnis
2024-06-10 22:00:13,322 - textile_logger - INFO - [nouns_table] already available Fahne
2024-06-10 22:00:13,323 - textile_logger - INFO - [nouns_table] already available  Mitglied
2024-06-10 22:00:13,323 - textile_logger - INFO - [nouns_table] already available Haupt
2024-06-10 22:00:13,324 - textile_logger - INFO - [nouns_table] already available Länder
2024-06-10 22:00:13,324 - textile_logger - INFO - [nouns_table] already available Regierung
2024-06-10 22:00:13,324 - textile_logger - INFO - [nouns_table] already available Mitglieder
2024-06-10 22:00:13,325 - textile_logger - INFO - [nouns_table] already available  Sekretär
2024-06-10 22:00:13,325 - textile_logger - INFO - [nouns_table] already available Feier
2024-06-10 22:00:13,326 - textile_logger - INFO - [nouns_table] already available Schriftsteller
2024-06-10 22:00:13,326 - textile_logger - INFO - [nouns_table] already available Krieg
2024-06-10 22:00:13,327 - textile_logger - INFO - [nouns_table] already available  Musik
2024-06-10 22:00:13,327 - textile_logger - INFO - [nouns_table] already available Millionen
2024-06-10 22:00:13,328 - textile_logger - INFO - [nouns_table] already available Soldat
2024-06-10 22:00:13,328 - textile_logger - INFO - [nouns_table] already available Welt
2024-06-10 22:00:13,329 - textile_logger - INFO - [nouns_table] already available  Führung
2024-06-10 22:00:13,329 - textile_logger - INFO - [nouns_table] already available  Krieg
2024-06-10 22:00:13,329 - textile_logger - INFO - [nouns_table] already available Westen
2024-06-10 22:00:13,330 - textile_logger - INFO - [nouns_table] already available  Salon
2024-06-10 22:00:13,330 - textile_logger - INFO - [nouns_table] already available  Preisen
2024-06-10 22:00:13,331 - textile_logger - INFO - [nouns_table] already available  Bild
2024-06-10 22:00:13,331 - textile_logger - INFO - [nouns_table] already available Filmpreisen
2024-06-10 22:00:13,332 - textile_logger - INFO - [nouns_table] already available Waschsalon
2024-06-10 22:00:13,332 - textile_logger - INFO - [nouns_table] already available Kamera
2024-06-10 22:00:13,333 - textile_logger - INFO - [nouns_table] already available Jahr
2024-06-10 22:00:13,333 - textile_logger - INFO - [nouns_table] already available Besitzerin
2024-06-10 22:00:13,334 - textile_logger - INFO - [nouns_table] already available Szenen
2024-06-10 22:00:13,334 - textile_logger - INFO - [nouns_table] already available Kameraführung
2024-06-10 22:00:13,335 - textile_logger - INFO - [nouns_table] already available Menschen
2024-06-10 22:00:13,335 - textile_logger - INFO - [nouns_table] already available Grippe
2024-06-10 22:00:13,336 - textile_logger - INFO - [nouns_table] already available Fieber
2024-06-10 22:00:13,336 - textile_logger - INFO - [nouns_table] already available Alternative
2024-06-10 22:00:13,336 - textile_logger - INFO - [nouns_table] already available Kinder
2024-06-10 22:00:13,337 - textile_logger - INFO - [nouns_table] already available Essen
2024-06-10 22:00:13,337 - textile_logger - INFO - [nouns_table] already available Besserung
2024-06-10 22:00:13,338 - textile_logger - INFO - [nouns_table] already available Rezept
2024-06-10 22:00:13,338 - textile_logger - INFO - [nouns_table] already available leben
2024-06-10 22:00:13,339 - textile_logger - INFO - [nouns_table] already available Sohn
2024-06-10 22:00:13,339 - textile_logger - INFO - [nouns_table] already available Viren
2024-06-10 22:00:13,340 - textile_logger - INFO - [nouns_table] already available Podcast
2024-06-10 22:00:13,340 - textile_logger - INFO - [nouns_table] already available Husten
2024-06-10 22:00:13,341 - textile_logger - INFO - [nouns_table] already available Erkältung
2024-06-10 22:00:13,341 - textile_logger - INFO - [nouns_table] already available Saft
2024-06-10 22:00:13,341 - textile_logger - INFO - [nouns_table] already available Dialog
2024-06-10 22:00:13,342 - textile_logger - INFO - [nouns_table] already available Moderatoren
2024-06-10 22:00:13,342 - textile_logger - INFO - [nouns_table] already available Winter
2024-06-10 22:00:13,343 - textile_logger - INFO - [nouns_table] already available Morgen
2024-06-10 22:00:13,343 - textile_logger - INFO - [nouns_table] already available Zeit
2024-06-10 22:00:13,344 - textile_logger - INFO - [nouns_table] already available Mühe
2024-06-10 22:00:13,344 - textile_logger - INFO - [nouns_table] already available Wochen
2024-06-10 22:00:13,345 - textile_logger - INFO - [nouns_table] already available Wartezimmer
2024-06-10 22:00:13,345 - textile_logger - INFO - [nouns_table] already available Text
2024-06-10 22:00:13,345 - textile_logger - INFO - [nouns_table] already available Danke
2024-06-10 22:00:13,346 - textile_logger - INFO - [nouns_table] already available Radio
2024-06-10 22:00:13,346 - textile_logger - INFO - [nouns_table] already available Tage
2024-06-10 22:00:13,347 - textile_logger - INFO - [nouns_table] already available Katze
2024-06-10 22:00:13,347 - textile_logger - INFO - [nouns_table] already available Dialoges
2024-06-10 22:00:13,348 - textile_logger - INFO - [nouns_table] already available Schnupfen
2024-06-10 22:00:13,348 - textile_logger - INFO - [nouns_table] already available Arbeit
2024-06-10 22:00:13,349 - textile_logger - INFO - [nouns_table] already available Spaziergang
2024-06-10 22:00:13,349 - textile_logger - INFO - [nouns_table] already available Glück
2024-06-10 22:00:13,349 - textile_logger - INFO - [nouns_table] already available Gefühl
2024-06-10 22:00:13,350 - textile_logger - INFO - [nouns_table] already available Getränke
2024-06-10 22:00:13,350 - textile_logger - INFO - [nouns_table] already available Attest
2024-06-10 22:00:13,351 - textile_logger - INFO - [nouns_table] already available Kopfweh
2024-06-10 22:00:13,351 - textile_logger - INFO - [nouns_table] already available Wunder
2024-06-10 22:00:13,352 - textile_logger - INFO - [nouns_table] already available Kontakt
2024-06-10 22:00:13,352 - textile_logger - INFO - [nouns_table] already available Kind
2024-06-10 22:00:13,352 - textile_logger - INFO - [nouns_table] already available Kinderarzt
2024-06-10 22:00:13,353 - textile_logger - INFO - [nouns_table] already available Bleib
2024-06-10 22:00:13,353 - textile_logger - INFO - [nouns_table] already available Schmerzmittel
2024-06-10 22:00:13,354 - textile_logger - INFO - [nouns_table] already available Schule
2024-06-10 22:00:13,354 - textile_logger - INFO - [nouns_table] already available Medikamente
2024-06-10 22:00:13,354 - textile_logger - INFO - [nouns_table] already available Tag
2024-06-10 22:00:13,355 - textile_logger - INFO - [nouns_table] already available Schmerzen
2024-06-10 22:00:13,355 - textile_logger - INFO - [nouns_table] already available Arzt
2024-06-10 22:00:13,356 - textile_logger - INFO - [nouns_table] already available Nachrichten
2024-06-10 22:00:13,356 - textile_logger - INFO - [nouns_table] already available Geschichte
2024-06-10 22:00:13,357 - textile_logger - INFO - [nouns_table] already available Pflanzen
2024-06-10 22:00:13,357 - textile_logger - INFO - [nouns_table] already available  Mittel
2024-06-10 22:00:13,357 - textile_logger - INFO - [nouns_table] already available Chemie
2024-06-10 22:00:13,358 - textile_logger - INFO - [nouns_table] already available  Vertrag
2024-06-10 22:00:13,358 - textile_logger - INFO - [nouns_table] already available Bundesregierung
2024-06-10 22:00:13,358 - textile_logger - INFO - [nouns_table] already available Verkauf
2024-06-10 22:00:13,359 - textile_logger - INFO - [nouns_table] already available Parteien
2024-06-10 22:00:13,359 - textile_logger - INFO - [nouns_table] already available Gehirn
2024-06-10 22:00:13,359 - textile_logger - INFO - [nouns_table] already available Sand
2024-06-10 22:00:13,360 - textile_logger - INFO - [nouns_table] already available Drogenhändler
2024-06-10 22:00:13,360 - textile_logger - INFO - [nouns_table] already available Leute
2024-06-10 22:00:13,361 - textile_logger - INFO - [nouns_table] already available Zucker
2024-06-10 22:00:13,361 - textile_logger - INFO - [nouns_table] already available  Händler
2024-06-10 22:00:13,361 - textile_logger - INFO - [nouns_table] already available Blätter
2024-06-10 22:00:13,362 - textile_logger - INFO - [nouns_table] already available Beispiel
2024-06-10 22:00:13,362 - textile_logger - INFO - [nouns_table] already available Streit
2024-06-10 22:00:13,363 - textile_logger - INFO - [nouns_table] already available Bedingungen
2024-06-10 22:00:13,363 - textile_logger - INFO - [nouns_table] already available Rausch
2024-06-10 22:00:13,364 - textile_logger - INFO - [nouns_table] already available Cannabis
2024-06-10 22:00:13,364 - textile_logger - INFO - [nouns_table] already available Erlaubnis
2024-06-10 22:00:13,365 - textile_logger - INFO - [nouns_table] already available Koalitionsvertrag
2024-06-10 22:00:13,365 - textile_logger - INFO - [nouns_table] already available  Minister
2024-06-10 22:00:13,366 - textile_logger - INFO - [nouns_table] already available Drogenhändlern
2024-06-10 22:00:13,366 - textile_logger - INFO - [nouns_table] already available Fachleute
2024-06-10 22:00:13,366 - textile_logger - INFO - [nouns_table] already available Droge
2024-06-10 22:00:13,367 - textile_logger - INFO - [nouns_table] already available Geschäfte
2024-06-10 22:00:13,367 - textile_logger - INFO - [nouns_table] already available Teile
2024-06-10 22:00:13,368 - textile_logger - INFO - [nouns_table] already available Gewürze
2024-06-10 22:00:13,368 - textile_logger - INFO - [nouns_table] already available Ärzte
2024-06-10 22:00:13,369 - textile_logger - INFO - [nouns_table] already available Vereine
2024-06-10 22:00:13,369 - textile_logger - INFO - [nouns_table] already available  Regierung
2024-06-10 22:00:13,370 - textile_logger - INFO - [nouns_table] already available Gesundheits
2024-06-10 22:00:13,370 - textile_logger - INFO - [nouns_table] already available Gegenden
2024-06-10 22:00:13,370 - textile_logger - INFO - [nouns_table] already available Pflanze
2024-06-10 22:00:13,371 - textile_logger - INFO - [nouns_table] already available Moment
2024-06-10 22:00:13,371 - textile_logger - INFO - [nouns_table] already available Angst
2024-06-10 22:00:13,372 - textile_logger - INFO - [nouns_table] already available Drogen
2024-06-10 22:00:13,372 - textile_logger - INFO - [nouns_table] already available Gesundheitsminister
2024-06-10 22:00:13,373 - textile_logger - INFO - [nouns_table] already available Erwachsene
2024-06-10 22:00:13,373 - textile_logger - INFO - [nouns_table] already available Qualität
2024-06-10 22:00:13,374 - textile_logger - INFO - [nouns_table] already available Hause
2024-06-10 22:00:13,374 - textile_logger - INFO - [nouns_table] already available Dezember
2024-06-10 22:00:13,374 - textile_logger - INFO - [nouns_table] already available  Team
2024-06-10 22:00:13,375 - textile_logger - INFO - [nouns_table] already available Hinspiel
2024-06-10 22:00:13,375 - textile_logger - INFO - [nouns_table] already available WM
2024-06-10 22:00:13,376 - textile_logger - INFO - [nouns_table] already available Qualifikation
2024-06-10 22:00:13,376 - textile_logger - INFO - [nouns_table] already available Frauen
2024-06-10 22:00:13,377 - textile_logger - INFO - [nouns_table] already available Hin
2024-06-10 22:00:13,377 - textile_logger - INFO - [nouns_table] already available  Meisterschaft
2024-06-10 22:00:13,378 - textile_logger - INFO - [nouns_table] already available Grund
2024-06-10 22:00:13,378 - textile_logger - INFO - [nouns_table] already available Rück
2024-06-10 22:00:13,379 - textile_logger - INFO - [nouns_table] already available Ländern
2024-06-10 22:00:13,379 - textile_logger - INFO - [nouns_table] already available Toren
2024-06-10 22:00:13,379 - textile_logger - INFO - [nouns_table] already available Handballerinnen
2024-06-10 22:00:13,380 - textile_logger - INFO - [nouns_table] already available Weltmeisterschaft
2024-06-10 22:00:13,380 - textile_logger - INFO - [nouns_table] already available November
2024-06-10 22:00:13,381 - textile_logger - INFO - [nouns_table] already available Rückspiel
2024-06-10 22:00:13,381 - textile_logger - INFO - [nouns_table] already available  Spiel
2024-06-10 22:00:13,382 - textile_logger - INFO - [nouns_table] already available Potter
2024-06-10 22:00:13,382 - textile_logger - INFO - [nouns_table] already available Kinofilmen
2024-06-10 22:00:13,383 - textile_logger - INFO - [nouns_table] already available Geschichten
2024-06-10 22:00:13,383 - textile_logger - INFO - [nouns_table] already available Serie
2024-06-10 22:00:13,383 - textile_logger - INFO - [nouns_table] already available Firma
2024-06-10 22:00:13,384 - textile_logger - INFO - [nouns_table] already available Autorin
2024-06-10 22:00:13,384 - textile_logger - INFO - [nouns_table] already available Schauspielerinnen
2024-06-10 22:00:13,385 - textile_logger - INFO - [nouns_table] already available Platz
2024-06-10 22:00:13,385 - textile_logger - INFO - [nouns_table] already available Kino
2024-06-10 22:00:13,386 - textile_logger - INFO - [nouns_table] already available  Spieler
2024-06-10 22:00:13,386 - textile_logger - INFO - [nouns_table] already available Schau
2024-06-10 22:00:13,387 - textile_logger - INFO - [nouns_table] already available Einzelheiten
2024-06-10 22:00:13,387 - textile_logger - INFO - [nouns_table] already available Kinofilm
2024-06-10 22:00:13,388 - textile_logger - INFO - [nouns_table] already available Potter“büchern
2024-06-10 22:00:13,388 - textile_logger - INFO - [nouns_table] already available Potter“
2024-06-10 22:00:13,389 - textile_logger - INFO - [nouns_table] already available Bücher
2024-06-10 22:00:13,389 - textile_logger - INFO - [nouns_table] already available  Filmen
2024-06-10 22:00:13,389 - textile_logger - INFO - [nouns_table] already available  Film
2024-06-10 22:00:13,390 - textile_logger - INFO - [nouns_table] already available Streaming
2024-06-10 22:00:13,390 - textile_logger - INFO - [nouns_table] already available  Dienst
2024-06-10 22:00:13,391 - textile_logger - INFO - [nouns_table] already available Kinofilme
2024-06-10 22:00:13,391 - textile_logger - INFO - [nouns_table] already available Fernseh
2024-06-10 22:00:13,392 - textile_logger - INFO - [nouns_table] already available  Büchern
2024-06-10 22:00:13,392 - textile_logger - INFO - [nouns_table] already available Zauberer
2024-06-10 22:00:13,393 - textile_logger - INFO - [nouns_table] already available Fernsehserie
2024-06-10 22:00:13,393 - textile_logger - INFO - [nouns_table] already available  Serie
2024-06-10 22:00:13,393 - textile_logger - INFO - [nouns_table] already available Schauspieler
2024-06-10 22:00:13,394 - textile_logger - INFO - [nouns_table] already available Helfer
2024-06-10 22:00:13,394 - textile_logger - INFO - [nouns_table] already available Trinkwasser
2024-06-10 22:00:13,395 - textile_logger - INFO - [nouns_table] already available Armee
2024-06-10 22:00:13,395 - textile_logger - INFO - [nouns_table] already available Tagen
2024-06-10 22:00:13,396 - textile_logger - INFO - [nouns_table] already available  Armee
2024-06-10 22:00:13,396 - textile_logger - INFO - [nouns_table] already available Rebellen
2024-06-10 22:00:13,397 - textile_logger - INFO - [nouns_table] already available Wohn
2024-06-10 22:00:13,397 - textile_logger - INFO - [nouns_table] already available  Viertel
2024-06-10 22:00:13,397 - textile_logger - INFO - [nouns_table] already available Tote
2024-06-10 22:00:13,398 - textile_logger - INFO - [nouns_table] already available Rücksicht
2024-06-10 22:00:13,398 - textile_logger - INFO - [nouns_table] already available Macht
2024-06-10 22:00:13,399 - textile_logger - INFO - [nouns_table] already available Kämpfe
2024-06-10 22:00:13,399 - textile_logger - INFO - [nouns_table] already available Strom
2024-06-10 22:00:13,400 - textile_logger - INFO - [nouns_table] already available Armeen
2024-06-10 22:00:13,400 - textile_logger - INFO - [nouns_table] already available Trink
2024-06-10 22:00:13,401 - textile_logger - INFO - [nouns_table] already available  Wasser
2024-06-10 22:00:13,401 - textile_logger - INFO - [nouns_table] already available Wohnviertel
2024-06-10 22:00:13,401 - textile_logger - INFO - [nouns_table] already available Kontinent
2024-06-10 22:00:13,402 - textile_logger - INFO - [nouns_table] already available Kämpfen
2024-06-10 22:00:13,402 - textile_logger - INFO - [nouns_table] already available Helferinnen
2024-06-10 22:00:13,403 - textile_logger - INFO - [nouns_table] already available Hilfsorganisation
2024-06-10 22:00:13,403 - textile_logger - INFO - [nouns_table] already available Verkehrs
2024-06-10 22:00:13,404 - textile_logger - INFO - [nouns_table] already available Autos
2024-06-10 22:00:13,404 - textile_logger - INFO - [nouns_table] already available Auto
2024-06-10 22:00:13,405 - textile_logger - INFO - [nouns_table] already available Barrikaden
2024-06-10 22:00:13,405 - textile_logger - INFO - [nouns_table] already available Waffe
2024-06-10 22:00:13,405 - textile_logger - INFO - [nouns_table] already available Verkehrskontrolle
2024-06-10 22:00:13,406 - textile_logger - INFO - [nouns_table] already available Einrichtungen
2024-06-10 22:00:13,406 - textile_logger - INFO - [nouns_table] already available Müll
2024-06-10 22:00:13,407 - textile_logger - INFO - [nouns_table] already available Kugel
2024-06-10 22:00:13,407 - textile_logger - INFO - [nouns_table] already available Krawalle
2024-06-10 22:00:13,408 - textile_logger - INFO - [nouns_table] already available Video
2024-06-10 22:00:13,408 - textile_logger - INFO - [nouns_table] already available  Container
2024-06-10 22:00:13,409 - textile_logger - INFO - [nouns_table] already available Festnahmen
2024-06-10 22:00:13,409 - textile_logger - INFO - [nouns_table] already available 17
2024-06-10 22:00:13,410 - textile_logger - INFO - [nouns_table] already available Staat
2024-06-10 22:00:13,410 - textile_logger - INFO - [nouns_table] already available  Kontrolle
2024-06-10 22:00:13,410 - textile_logger - INFO - [nouns_table] already available Gewalt
2024-06-10 22:00:13,411 - textile_logger - INFO - [nouns_table] already available Satz
2024-06-10 22:00:13,411 - textile_logger - INFO - [nouns_table] already available Hauptstadt
2024-06-10 22:00:13,412 - textile_logger - INFO - [nouns_table] already available Feuerwerkskörpern
2024-06-10 22:00:13,412 - textile_logger - INFO - [nouns_table] already available Vorfall
2024-06-10 22:00:13,413 - textile_logger - INFO - [nouns_table] already available Demonstrierende
2024-06-10 22:00:13,413 - textile_logger - INFO - [nouns_table] already available Polizist
2024-06-10 22:00:13,414 - textile_logger - INFO - [nouns_table] already available Feuerwerks
2024-06-10 22:00:13,414 - textile_logger - INFO - [nouns_table] already available Vororten
2024-06-10 22:00:13,414 - textile_logger - INFO - [nouns_table] already available Müllcontainer
2024-06-10 22:00:13,415 - textile_logger - INFO - [nouns_table] already available  Körpern
2024-06-10 22:00:13,415 - textile_logger - INFO - [nouns_table] already available Polizisten
2024-06-10 22:00:13,416 - textile_logger - INFO - [nouns_table] already available Einsatz
2024-06-10 22:00:13,416 - textile_logger - INFO - [nouns_table] already available Jugendliche
2024-06-10 22:00:13,417 - textile_logger - INFO - [nouns_table] already available Kopf
2024-06-10 22:00:13,417 - textile_logger - INFO - [nouns_table] already available Stimmen
2024-06-10 22:00:13,418 - textile_logger - INFO - [nouns_table] already available  Wahl
2024-06-10 22:00:13,418 - textile_logger - INFO - [nouns_table] already available Ergebnis
2024-06-10 22:00:13,418 - textile_logger - INFO - [nouns_table] already available Sieg
2024-06-10 22:00:13,419 - textile_logger - INFO - [nouns_table] already available Polizeifoto
2024-06-10 22:00:13,419 - textile_logger - INFO - [nouns_table] already available  Präsident
2024-06-10 22:00:13,420 - textile_logger - INFO - [nouns_table] already available Verbrecher“foto
2024-06-10 22:00:13,420 - textile_logger - INFO - [nouns_table] already available Vorwürfe
2024-06-10 22:00:13,421 - textile_logger - INFO - [nouns_table] already available Medien
2024-06-10 22:00:13,421 - textile_logger - INFO - [nouns_table] already available Hexenjagd
2024-06-10 22:00:13,422 - textile_logger - INFO - [nouns_table] already available Behörden
2024-06-10 22:00:13,422 - textile_logger - INFO - [nouns_table] already available Verbrecher
2024-06-10 22:00:13,422 - textile_logger - INFO - [nouns_table] already available Bundesstaat
2024-06-10 22:00:13,423 - textile_logger - INFO - [nouns_table] already available  Foto
2024-06-10 22:00:13,423 - textile_logger - INFO - [nouns_table] already available Woche
2024-06-10 22:00:13,424 - textile_logger - INFO - [nouns_table] already available  Jagd
2024-06-10 22:00:13,424 - textile_logger - INFO - [nouns_table] already available  Bundes
2024-06-10 22:00:13,425 - textile_logger - INFO - [nouns_table] already available  Staat
2024-06-10 22:00:13,425 - textile_logger - INFO - [nouns_table] already available  Kampf
2024-06-10 22:00:13,426 - textile_logger - INFO - [nouns_table] already available Us
2024-06-10 22:00:13,426 - textile_logger - INFO - [nouns_table] already available  Shirts
2024-06-10 22:00:13,427 - textile_logger - INFO - [nouns_table] already available Hexen
2024-06-10 22:00:13,427 - textile_logger - INFO - [nouns_table] already available T
2024-06-10 22:00:13,428 - textile_logger - INFO - [nouns_table] already available Straßen
2024-06-10 22:00:13,428 - textile_logger - INFO - [nouns_table] already available Weg
2024-06-10 22:00:13,429 - textile_logger - INFO - [nouns_table] already available Wetter
2024-06-10 22:00:13,429 - textile_logger - INFO - [nouns_table] already available Wasser
2024-06-10 22:00:13,430 - textile_logger - INFO - [nouns_table] already available Reise
2024-06-10 22:00:13,430 - textile_logger - INFO - [nouns_table] already available Sonne
2024-06-10 22:00:13,430 - textile_logger - INFO - [nouns_table] already available Frau
2024-06-10 22:00:13,431 - textile_logger - INFO - [nouns_table] already available Route
2024-06-10 22:00:13,431 - textile_logger - INFO - [nouns_table] already available Flasche
2024-06-10 22:00:13,432 - textile_logger - INFO - [nouns_table] already available Buch
2024-06-10 22:00:13,432 - textile_logger - INFO - [nouns_table] already available Mann
2024-06-10 22:00:13,433 - textile_logger - INFO - [nouns_table] already available Bäumen
2024-06-10 22:00:13,433 - textile_logger - INFO - [nouns_table] already available Natur
2024-06-10 22:00:13,434 - textile_logger - INFO - [nouns_table] already available Bälle
2024-06-10 22:00:13,434 - textile_logger - INFO - [nouns_table] already available Park
2024-06-10 22:00:13,435 - textile_logger - INFO - [nouns_table] already available Vögel
2024-06-10 22:00:13,435 - textile_logger - INFO - [nouns_table] already available Wiese
2024-06-10 22:00:13,435 - textile_logger - INFO - [nouns_table] already available Mädchen
2024-06-10 22:00:13,436 - textile_logger - INFO - [nouns_table] already available Ball
2024-06-10 22:00:13,436 - textile_logger - INFO - [nouns_table] already available Hund
2024-06-10 22:00:13,437 - textile_logger - INFO - [nouns_table] already available Experimentieren
2024-06-10 22:00:13,437 - textile_logger - INFO - [nouns_table] already available Vordergrund
2024-06-10 22:00:13,438 - textile_logger - INFO - [nouns_table] already available Schmerzes
2024-06-10 22:00:13,438 - textile_logger - INFO - [nouns_table] already available Abendessen
2024-06-10 22:00:13,442 - textile_logger - INFO - [nouns_table] already available Möglichkeit
2024-06-10 22:00:13,443 - textile_logger - INFO - [nouns_table] already available Gemüse
2024-06-10 22:00:13,443 - textile_logger - INFO - [nouns_table] already available Höhen
2024-06-10 22:00:13,444 - textile_logger - INFO - [nouns_table] already available Küche
2024-06-10 22:00:13,444 - textile_logger - INFO - [nouns_table] already available Tränen
2024-06-10 22:00:13,444 - textile_logger - INFO - [nouns_table] already available Oscar
2024-06-10 22:00:13,445 - textile_logger - INFO - [nouns_table] already available Weltkrieg
2024-06-10 22:00:13,445 - textile_logger - INFO - [nouns_table] already available Regisseur
2024-06-10 22:00:13,446 - textile_logger - INFO - [nouns_table] already available Wasch
2024-06-10 22:00:13,446 - textile_logger - INFO - [nouns_table] already available Filmmusik
2024-06-10 22:00:13,447 - textile_logger - INFO - [nouns_table] already available Neues
2024-06-10 22:00:13,447 - textile_logger - INFO - [nouns_table] already available Film
2024-06-10 22:00:13,448 - textile_logger - INFO - [nouns_table] already available Oscars
2024-06-10 22:00:13,448 - textile_logger - INFO - [nouns_table] already available Generationen
2024-06-10 22:00:13,448 - textile_logger - INFO - [nouns_table] already available anderen
2024-06-10 22:00:13,449 - textile_logger - INFO - [nouns_table] already available Älteren
2024-06-10 22:00:13,449 - textile_logger - INFO - [nouns_table] already available Krankenschwester
2024-06-10 22:00:13,450 - textile_logger - INFO - [nouns_table] already available Alters
2024-06-10 22:00:13,450 - textile_logger - INFO - [nouns_table] already available Gemeinschaftsbereich
2024-06-10 22:00:13,451 - textile_logger - INFO - [nouns_table] already available Füreinander
2024-06-10 22:00:13,451 - textile_logger - INFO - [nouns_table] already available Gegenzug
2024-06-10 22:00:13,452 - textile_logger - INFO - [nouns_table] already available Unabhängigkeit
2024-06-10 22:00:13,452 - textile_logger - INFO - [nouns_table] already available Fähigkeiten
2024-06-10 22:00:13,452 - textile_logger - INFO - [nouns_table] already available Erziehung
2024-06-10 22:00:13,453 - textile_logger - INFO - [nouns_table] already available Erfahrungen
2024-06-10 22:00:13,453 - textile_logger - INFO - [nouns_table] already available Ende
2024-06-10 22:00:13,454 - textile_logger - INFO - [nouns_table] already available Gemeinschaft
2024-06-10 22:00:13,454 - textile_logger - INFO - [nouns_table] already available Teil
2024-06-10 22:00:13,455 - textile_logger - INFO - [nouns_table] already available Lösung
2024-06-10 22:00:13,455 - textile_logger - INFO - [nouns_table] already available Kindern
2024-06-10 22:00:13,456 - textile_logger - INFO - [nouns_table] already available  Jährige
2024-06-10 22:00:13,456 - textile_logger - INFO - [nouns_table] already available Schulaufgaben
2024-06-10 22:00:13,457 - textile_logger - INFO - [nouns_table] already available Geschwistern
2024-06-10 22:00:13,457 - textile_logger - INFO - [nouns_table] already available Motto
2024-06-10 22:00:13,457 - textile_logger - INFO - [nouns_table] already available Berufslebens
2024-06-10 22:00:13,458 - textile_logger - INFO - [nouns_table] already available 70
2024-06-10 22:00:13,458 - textile_logger - INFO - [nouns_table] already available Können
2024-06-10 22:00:13,459 - textile_logger - INFO - [nouns_table] already available Lebensgefühl
2024-06-10 22:00:13,459 - textile_logger - INFO - [nouns_table] already available Alter
2024-06-10 22:00:13,460 - textile_logger - INFO - [nouns_table] already available Altersheim
2024-06-10 22:00:13,683 - textile_logger - INFO - [nouns_table] already available Menschen
2024-06-10 22:00:13,684 - textile_logger - INFO - [nouns_table] already available Lebensgefühl
2024-06-10 22:00:13,684 - textile_logger - INFO - [nouns_table] already available Geschwistern
2024-06-10 22:00:13,685 - textile_logger - INFO - [nouns_table] already available Erwachsene
2024-06-10 22:00:13,685 - textile_logger - INFO - [nouns_table] already available Krankenschwester
2024-06-10 22:00:13,685 - textile_logger - INFO - [nouns_table] already available Wunder
2024-06-10 22:00:13,686 - textile_logger - INFO - [nouns_table] already available Alter
2024-06-10 22:00:14,575 - textile_logger - INFO - [nouns_table] parsing Gesellschaft
2024-06-10 22:00:14,575 - textile_logger - INFO - [nouns_table] already available Alters
2024-06-10 22:00:14,576 - textile_logger - INFO - [nouns_table] already available Altersheim
2024-06-10 22:00:15,211 - textile_logger - INFO - [nouns_table] parsing Option
2024-06-10 22:00:15,211 - textile_logger - INFO - [nouns_table] already available Lösung
2024-06-10 22:00:16,185 - textile_logger - INFO - [nouns_table] parsing Mehrgenerationenwohnen
2024-06-10 22:00:16,185 - textile_logger - INFO - [nouns_table] already available Motto
2024-06-10 22:00:16,188 - textile_logger - INFO - [nouns_table] already available Füreinander
2024-06-10 22:00:16,189 - textile_logger - INFO - [nouns_table] already available Älteren
2024-06-10 22:00:16,643 - textile_logger - INFO - [nouns_table] parsing Mehrgenerationenhaus
2024-06-10 22:00:16,961 - textile_logger - INFO - [nouns_table] parsing Wohnung
2024-06-10 22:00:16,961 - textile_logger - INFO - [nouns_table] already available Unabhängigkeit
2024-06-10 22:00:16,964 - textile_logger - INFO - [nouns_table] already available Zeit
2024-06-10 22:00:16,967 - textile_logger - INFO - [nouns_table] already available Gemeinschaftsbereich
2024-06-10 22:00:17,204 - textile_logger - INFO - [nouns_table] parsing Treff
2024-06-10 22:00:17,871 - textile_logger - INFO - [nouns_table] parsing Gespräch
2024-06-10 22:00:18,190 - textile_logger - INFO - [nouns_table] parsing Wohnzimmer
2024-06-10 22:00:18,943 - textile_logger - INFO - [nouns_table] parsing Treffpunkt
2024-06-10 22:00:18,944 - textile_logger - INFO - [nouns_table] already available Generationen
2024-06-10 22:00:18,947 - textile_logger - INFO - [nouns_table] already available Erfahrungen
2024-06-10 22:00:18,949 - textile_logger - INFO - [nouns_table] already available Fähigkeiten
2024-06-10 22:00:19,331 - textile_logger - INFO - [nouns_table] parsing Wissen
2024-06-10 22:00:19,331 - textile_logger - INFO - [nouns_table] already available Können
2024-06-10 22:00:19,332 - textile_logger - INFO - [nouns_table] already available anderen
2024-06-10 22:00:19,333 - textile_logger - INFO - [nouns_table] already available Kindern
2024-06-10 22:00:19,333 - textile_logger - INFO - [nouns_table] already available Schulaufgaben
2024-06-10 22:00:19,334 - textile_logger - INFO - [nouns_table] already available Eltern
2024-06-10 22:00:19,335 - textile_logger - INFO - [nouns_table] already available Erziehung
2024-06-10 22:00:20,111 - textile_logger - INFO - [nouns_table] parsing Ohr
2024-06-10 22:00:20,111 - textile_logger - INFO - [nouns_table] already available Gegenzug
2024-06-10 22:00:20,114 - textile_logger - INFO - [nouns_table] already available Teil
2024-06-10 22:00:20,117 - textile_logger - INFO - [nouns_table] already available Gemeinschaft
2024-06-10 22:00:20,120 - textile_logger - INFO - [nouns_table] already available Ende
2024-06-10 22:00:20,122 - textile_logger - INFO - [nouns_table] already available Berufslebens
2024-06-10 22:00:20,125 - textile_logger - INFO - [nouns_table] already available 70
2024-06-10 22:00:20,127 - textile_logger - INFO - [nouns_table] already available  Jährige
2024-06-10 22:00:20,889 - textile_logger - INFO - [nouns_table] parsing 70jährige
