2024-06-10 21:46:33,722 - textile_logger - INFO - [tui] starting textile
2024-06-10 21:46:34,779 - textile_logger - INFO - [text_agents] successfully loaded spacy
2024-06-10 21:46:34,811 - textile_logger - INFO - [text_agents] NLP model applied
2024-06-10 21:46:34,824 - textile_logger - INFO - [text_agents] analyzed text
2024-06-10 21:46:34,825 - textile_logger - INFO - [nouns_table] refreshing cache
2024-06-10 21:46:34,898 - textile_logger - INFO - [nouns_table] already available Name
2024-06-10 21:46:34,898 - textile_logger - INFO - [nouns_table] already available Jahren
2024-06-10 21:46:34,899 - textile_logger - INFO - [nouns_table] already available Jahre
2024-06-10 21:46:34,899 - textile_logger - INFO - [nouns_table] already available Geschwister
2024-06-10 21:46:34,900 - textile_logger - INFO - [nouns_table] already available Schwester
2024-06-10 21:46:34,900 - textile_logger - INFO - [nouns_table] already available Bruder
2024-06-10 21:46:34,901 - textile_logger - INFO - [nouns_table] already available Eltern
2024-06-10 21:46:34,901 - textile_logger - INFO - [nouns_table] already available Haus
2024-06-10 21:46:34,902 - textile_logger - INFO - [nouns_table] already available Nähe
2024-06-10 21:46:34,902 - textile_logger - INFO - [nouns_table] already available Mutter
2024-06-10 21:46:34,903 - textile_logger - INFO - [nouns_table] already available Köchin
2024-06-10 21:46:34,903 - textile_logger - INFO - [nouns_table] already available Vater
2024-06-10 21:46:34,904 - textile_logger - INFO - [nouns_table] already available Bank
2024-06-10 21:46:34,904 - textile_logger - INFO - [nouns_table] already available Richter
2024-06-10 21:46:34,905 - textile_logger - INFO - [nouns_table] already available Monat
2024-06-10 21:46:34,905 - textile_logger - INFO - [nouns_table] already available Gericht
2024-06-10 21:46:34,905 - textile_logger - INFO - [nouns_table] already available Fall
2024-06-10 21:46:34,906 - textile_logger - INFO - [nouns_table] already available Staatsanwalt
2024-06-10 21:46:34,906 - textile_logger - INFO - [nouns_table] already available Strafprozess
2024-06-10 21:46:34,907 - textile_logger - INFO - [nouns_table] already available Strafe
2024-06-10 21:46:34,918 - textile_logger - INFO - [nouns_table] already available Geschäftsunterlagen
2024-06-10 21:46:34,918 - textile_logger - INFO - [nouns_table] already available Stadt
2024-06-10 21:46:34,918 - textile_logger - INFO - [nouns_table] already available Verbotenes
2024-06-10 21:46:34,919 - textile_logger - INFO - [nouns_table] already available Wahl
2024-06-10 21:46:34,932 - textile_logger - INFO - [nouns_table] already available Land
2024-06-10 21:46:34,958 - textile_logger - INFO - [nouns_table] already available Januar
2024-06-10 21:46:34,959 - textile_logger - INFO - [nouns_table] already available Präsident
2024-06-10 21:46:34,959 - textile_logger - INFO - [nouns_table] already available Gerichtstermin
2024-06-10 21:46:34,960 - textile_logger - INFO - [nouns_table] already available Wahrheit
2024-06-10 21:46:34,960 - textile_logger - INFO - [nouns_table] already available  Bündnis
2024-06-10 21:46:34,961 - textile_logger - INFO - [nouns_table] already available Mitgliedsländer
2024-06-10 21:46:34,961 - textile_logger - INFO - [nouns_table] already available  Quartier
2024-06-10 21:46:34,962 - textile_logger - INFO - [nouns_table] already available Hauptquartier
2024-06-10 21:46:34,962 - textile_logger - INFO - [nouns_table] already available Russland
2024-06-10 21:46:34,963 - textile_logger - INFO - [nouns_table] already available Militär
2024-06-10 21:46:34,963 - textile_logger - INFO - [nouns_table] already available Mitglied
2024-06-10 21:46:34,964 - textile_logger - INFO - [nouns_table] already available Nato
2024-06-10 21:46:34,964 - textile_logger - INFO - [nouns_table] already available Mitglieds
2024-06-10 21:46:34,964 - textile_logger - INFO - [nouns_table] already available Erweiterung
2024-06-10 21:46:34,965 - textile_logger - INFO - [nouns_table] already available General
2024-06-10 21:46:34,965 - textile_logger - INFO - [nouns_table] already available Generalsekretär
2024-06-10 21:46:34,966 - textile_logger - INFO - [nouns_table] already available Beitritt
2024-06-10 21:46:34,966 - textile_logger - INFO - [nouns_table] already available  Länder
2024-06-10 21:46:34,967 - textile_logger - INFO - [nouns_table] already available Militärbündnis
2024-06-10 21:46:34,967 - textile_logger - INFO - [nouns_table] already available Fahne
2024-06-10 21:46:34,968 - textile_logger - INFO - [nouns_table] already available  Mitglied
2024-06-10 21:46:34,968 - textile_logger - INFO - [nouns_table] already available Haupt
2024-06-10 21:46:34,969 - textile_logger - INFO - [nouns_table] already available Länder
2024-06-10 21:46:34,969 - textile_logger - INFO - [nouns_table] already available Regierung
2024-06-10 21:46:34,970 - textile_logger - INFO - [nouns_table] already available Mitglieder
2024-06-10 21:46:34,970 - textile_logger - INFO - [nouns_table] already available  Sekretär
2024-06-10 21:46:34,970 - textile_logger - INFO - [nouns_table] already available Feier
2024-06-10 21:46:34,971 - textile_logger - INFO - [nouns_table] already available Schriftsteller
2024-06-10 21:46:34,985 - textile_logger - INFO - [nouns_table] already available Krieg
2024-06-10 21:46:34,986 - textile_logger - INFO - [nouns_table] already available  Musik
2024-06-10 21:46:34,986 - textile_logger - INFO - [nouns_table] already available Millionen
2024-06-10 21:46:34,987 - textile_logger - INFO - [nouns_table] already available Soldat
2024-06-10 21:46:34,987 - textile_logger - INFO - [nouns_table] already available Welt
2024-06-10 21:46:34,988 - textile_logger - INFO - [nouns_table] already available  Führung
2024-06-10 21:46:34,988 - textile_logger - INFO - [nouns_table] already available  Krieg
2024-06-10 21:46:34,989 - textile_logger - INFO - [nouns_table] already available Westen
2024-06-10 21:46:34,989 - textile_logger - INFO - [nouns_table] already available  Salon
2024-06-10 21:46:34,989 - textile_logger - INFO - [nouns_table] already available  Preisen
2024-06-10 21:46:34,990 - textile_logger - INFO - [nouns_table] already available  Bild
2024-06-10 21:46:34,990 - textile_logger - INFO - [nouns_table] already available Filmpreisen
2024-06-10 21:46:34,991 - textile_logger - INFO - [nouns_table] already available Waschsalon
2024-06-10 21:46:34,991 - textile_logger - INFO - [nouns_table] already available Kamera
2024-06-10 21:46:34,992 - textile_logger - INFO - [nouns_table] already available Jahr
2024-06-10 21:46:34,992 - textile_logger - INFO - [nouns_table] already available Besitzerin
2024-06-10 21:46:34,992 - textile_logger - INFO - [nouns_table] already available Szenen
2024-06-10 21:46:34,993 - textile_logger - INFO - [nouns_table] already available Kameraführung
2024-06-10 21:46:34,993 - textile_logger - INFO - [nouns_table] already available Menschen
2024-06-10 21:46:34,994 - textile_logger - INFO - [nouns_table] already available Grippe
2024-06-10 21:46:34,994 - textile_logger - INFO - [nouns_table] already available Fieber
2024-06-10 21:46:34,995 - textile_logger - INFO - [nouns_table] already available Alternative
2024-06-10 21:46:34,995 - textile_logger - INFO - [nouns_table] already available Kinder
2024-06-10 21:46:34,995 - textile_logger - INFO - [nouns_table] already available Essen
2024-06-10 21:46:34,996 - textile_logger - INFO - [nouns_table] already available Besserung
2024-06-10 21:46:35,002 - textile_logger - INFO - [nouns_table] already available Rezept
2024-06-10 21:46:35,002 - textile_logger - INFO - [nouns_table] already available leben
2024-06-10 21:46:35,003 - textile_logger - INFO - [nouns_table] already available Sohn
2024-06-10 21:46:35,003 - textile_logger - INFO - [nouns_table] already available Viren
2024-06-10 21:46:35,004 - textile_logger - INFO - [nouns_table] already available Podcast
2024-06-10 21:46:35,004 - textile_logger - INFO - [nouns_table] already available Husten
2024-06-10 21:46:35,005 - textile_logger - INFO - [nouns_table] already available Erkältung
2024-06-10 21:46:35,005 - textile_logger - INFO - [nouns_table] already available Saft
2024-06-10 21:46:35,005 - textile_logger - INFO - [nouns_table] already available Dialog
2024-06-10 21:46:35,006 - textile_logger - INFO - [nouns_table] already available Moderatoren
2024-06-10 21:46:35,006 - textile_logger - INFO - [nouns_table] already available Winter
2024-06-10 21:46:35,007 - textile_logger - INFO - [nouns_table] already available Morgen
2024-06-10 21:46:35,007 - textile_logger - INFO - [nouns_table] already available Zeit
2024-06-10 21:46:35,008 - textile_logger - INFO - [nouns_table] already available Mühe
2024-06-10 21:46:35,008 - textile_logger - INFO - [nouns_table] already available Wochen
2024-06-10 21:46:35,008 - textile_logger - INFO - [nouns_table] already available Wartezimmer
2024-06-10 21:46:35,009 - textile_logger - INFO - [nouns_table] already available Text
2024-06-10 21:46:35,009 - textile_logger - INFO - [nouns_table] already available Danke
2024-06-10 21:46:35,025 - textile_logger - INFO - [nouns_table] already available Radio
2024-06-10 21:46:35,026 - textile_logger - INFO - [nouns_table] already available Tage
2024-06-10 21:46:35,026 - textile_logger - INFO - [nouns_table] already available Katze
2024-06-10 21:46:35,027 - textile_logger - INFO - [nouns_table] already available Dialoges
2024-06-10 21:46:35,027 - textile_logger - INFO - [nouns_table] already available Schnupfen
2024-06-10 21:46:35,027 - textile_logger - INFO - [nouns_table] already available Arbeit
2024-06-10 21:46:35,028 - textile_logger - INFO - [nouns_table] already available Spaziergang
2024-06-10 21:46:35,028 - textile_logger - INFO - [nouns_table] already available Glück
2024-06-10 21:46:35,029 - textile_logger - INFO - [nouns_table] already available Gefühl
2024-06-10 21:46:35,029 - textile_logger - INFO - [nouns_table] already available Getränke
2024-06-10 21:46:35,030 - textile_logger - INFO - [nouns_table] already available Attest
2024-06-10 21:46:35,030 - textile_logger - INFO - [nouns_table] already available Kopfweh
2024-06-10 21:46:35,030 - textile_logger - INFO - [nouns_table] already available Wunder
2024-06-10 21:46:35,031 - textile_logger - INFO - [nouns_table] already available Kontakt
2024-06-10 21:46:35,031 - textile_logger - INFO - [nouns_table] already available Kind
2024-06-10 21:46:35,032 - textile_logger - INFO - [nouns_table] already available Kinderarzt
2024-06-10 21:46:35,032 - textile_logger - INFO - [nouns_table] already available Bleib
2024-06-10 21:46:35,033 - textile_logger - INFO - [nouns_table] already available Schmerzmittel
2024-06-10 21:46:35,033 - textile_logger - INFO - [nouns_table] already available Schule
2024-06-10 21:46:35,034 - textile_logger - INFO - [nouns_table] already available Medikamente
2024-06-10 21:46:35,034 - textile_logger - INFO - [nouns_table] already available Tag
2024-06-10 21:46:35,034 - textile_logger - INFO - [nouns_table] already available Schmerzen
2024-06-10 21:46:35,035 - textile_logger - INFO - [nouns_table] already available Arzt
2024-06-10 21:46:35,035 - textile_logger - INFO - [nouns_table] already available Nachrichten
2024-06-10 21:46:35,036 - textile_logger - INFO - [nouns_table] already available Geschichte
2024-06-10 21:46:35,036 - textile_logger - INFO - [nouns_table] already available Pflanzen
2024-06-10 21:46:35,037 - textile_logger - INFO - [nouns_table] already available  Mittel
2024-06-10 21:46:35,037 - textile_logger - INFO - [nouns_table] already available Chemie
2024-06-10 21:46:35,037 - textile_logger - INFO - [nouns_table] already available  Vertrag
2024-06-10 21:46:35,038 - textile_logger - INFO - [nouns_table] already available Bundesregierung
2024-06-10 21:46:35,038 - textile_logger - INFO - [nouns_table] already available Verkauf
2024-06-10 21:46:35,039 - textile_logger - INFO - [nouns_table] already available Parteien
2024-06-10 21:46:35,039 - textile_logger - INFO - [nouns_table] already available Gehirn
2024-06-10 21:46:35,040 - textile_logger - INFO - [nouns_table] already available Sand
2024-06-10 21:46:35,040 - textile_logger - INFO - [nouns_table] already available Drogenhändler
2024-06-10 21:46:35,041 - textile_logger - INFO - [nouns_table] already available Leute
2024-06-10 21:46:35,041 - textile_logger - INFO - [nouns_table] already available Zucker
2024-06-10 21:46:35,041 - textile_logger - INFO - [nouns_table] already available  Händler
2024-06-10 21:46:35,045 - textile_logger - INFO - [nouns_table] already available Blätter
2024-06-10 21:46:35,046 - textile_logger - INFO - [nouns_table] already available Beispiel
2024-06-10 21:46:35,046 - textile_logger - INFO - [nouns_table] already available Streit
2024-06-10 21:46:35,047 - textile_logger - INFO - [nouns_table] already available Bedingungen
2024-06-10 21:46:35,047 - textile_logger - INFO - [nouns_table] already available Rausch
2024-06-10 21:46:35,047 - textile_logger - INFO - [nouns_table] already available Cannabis
2024-06-10 21:46:35,048 - textile_logger - INFO - [nouns_table] already available Erlaubnis
2024-06-10 21:46:35,048 - textile_logger - INFO - [nouns_table] already available Koalitionsvertrag
2024-06-10 21:46:35,049 - textile_logger - INFO - [nouns_table] already available  Minister
2024-06-10 21:46:35,049 - textile_logger - INFO - [nouns_table] already available Drogenhändlern
2024-06-10 21:46:35,050 - textile_logger - INFO - [nouns_table] already available Fachleute
2024-06-10 21:46:35,050 - textile_logger - INFO - [nouns_table] already available Droge
2024-06-10 21:46:35,050 - textile_logger - INFO - [nouns_table] already available Geschäfte
2024-06-10 21:46:35,051 - textile_logger - INFO - [nouns_table] already available Teile
2024-06-10 21:46:35,051 - textile_logger - INFO - [nouns_table] already available Gewürze
2024-06-10 21:46:35,052 - textile_logger - INFO - [nouns_table] already available Ärzte
2024-06-10 21:46:35,052 - textile_logger - INFO - [nouns_table] already available Vereine
2024-06-10 21:46:35,053 - textile_logger - INFO - [nouns_table] already available  Regierung
2024-06-10 21:46:35,053 - textile_logger - INFO - [nouns_table] already available Gesundheits
2024-06-10 21:46:35,054 - textile_logger - INFO - [nouns_table] already available Gegenden
2024-06-10 21:46:35,109 - textile_logger - INFO - [nouns_table] already available Pflanze
2024-06-10 21:46:35,109 - textile_logger - INFO - [nouns_table] already available Moment
2024-06-10 21:46:35,110 - textile_logger - INFO - [nouns_table] already available Angst
2024-06-10 21:46:35,110 - textile_logger - INFO - [nouns_table] already available Drogen
2024-06-10 21:46:35,111 - textile_logger - INFO - [nouns_table] already available Gesundheitsminister
2024-06-10 21:46:35,111 - textile_logger - INFO - [nouns_table] already available Erwachsene
2024-06-10 21:46:35,112 - textile_logger - INFO - [nouns_table] already available Qualität
2024-06-10 21:46:35,112 - textile_logger - INFO - [nouns_table] already available Hause
2024-06-10 21:46:35,112 - textile_logger - INFO - [nouns_table] already available Dezember
2024-06-10 21:46:35,113 - textile_logger - INFO - [nouns_table] already available  Team
2024-06-10 21:46:35,113 - textile_logger - INFO - [nouns_table] already available Hinspiel
2024-06-10 21:46:35,114 - textile_logger - INFO - [nouns_table] already available WM
2024-06-10 21:46:35,114 - textile_logger - INFO - [nouns_table] already available Qualifikation
2024-06-10 21:46:35,121 - textile_logger - INFO - [nouns_table] already available Frauen
2024-06-10 21:46:35,121 - textile_logger - INFO - [nouns_table] already available Hin
2024-06-10 21:46:35,122 - textile_logger - INFO - [nouns_table] already available  Meisterschaft
2024-06-10 21:46:35,122 - textile_logger - INFO - [nouns_table] already available Grund
2024-06-10 21:46:35,123 - textile_logger - INFO - [nouns_table] already available Rück
2024-06-10 21:46:35,123 - textile_logger - INFO - [nouns_table] already available Ländern
2024-06-10 21:46:35,124 - textile_logger - INFO - [nouns_table] already available Toren
2024-06-10 21:46:35,124 - textile_logger - INFO - [nouns_table] already available Handballerinnen
2024-06-10 21:46:35,125 - textile_logger - INFO - [nouns_table] already available Weltmeisterschaft
2024-06-10 21:46:35,125 - textile_logger - INFO - [nouns_table] already available November
2024-06-10 21:46:35,125 - textile_logger - INFO - [nouns_table] already available Rückspiel
2024-06-10 21:46:35,126 - textile_logger - INFO - [nouns_table] already available  Spiel
2024-06-10 21:46:35,126 - textile_logger - INFO - [nouns_table] already available Potter
2024-06-10 21:46:35,127 - textile_logger - INFO - [nouns_table] already available Kinofilmen
2024-06-10 21:46:35,147 - textile_logger - INFO - [nouns_table] already available Geschichten
2024-06-10 21:46:35,148 - textile_logger - INFO - [nouns_table] already available Serie
2024-06-10 21:46:35,148 - textile_logger - INFO - [nouns_table] already available Firma
2024-06-10 21:46:35,149 - textile_logger - INFO - [nouns_table] already available Autorin
2024-06-10 21:46:35,149 - textile_logger - INFO - [nouns_table] already available Schauspielerinnen
2024-06-10 21:46:35,150 - textile_logger - INFO - [nouns_table] already available Platz
2024-06-10 21:46:35,150 - textile_logger - INFO - [nouns_table] already available Kino
2024-06-10 21:46:35,150 - textile_logger - INFO - [nouns_table] already available  Spieler
2024-06-10 21:46:35,151 - textile_logger - INFO - [nouns_table] already available Schau
2024-06-10 21:46:35,151 - textile_logger - INFO - [nouns_table] already available Einzelheiten
2024-06-10 21:46:35,152 - textile_logger - INFO - [nouns_table] already available Kinofilm
2024-06-10 21:46:35,152 - textile_logger - INFO - [nouns_table] already available Potter“büchern
2024-06-10 21:46:35,153 - textile_logger - INFO - [nouns_table] already available Potter“
2024-06-10 21:46:35,153 - textile_logger - INFO - [nouns_table] already available Bücher
2024-06-10 21:46:35,154 - textile_logger - INFO - [nouns_table] already available  Filmen
2024-06-10 21:46:35,154 - textile_logger - INFO - [nouns_table] already available  Film
2024-06-10 21:46:35,155 - textile_logger - INFO - [nouns_table] already available Streaming
2024-06-10 21:46:35,155 - textile_logger - INFO - [nouns_table] already available  Dienst
2024-06-10 21:46:35,165 - textile_logger - INFO - [nouns_table] already available Kinofilme
2024-06-10 21:46:35,165 - textile_logger - INFO - [nouns_table] already available Fernseh
2024-06-10 21:46:35,166 - textile_logger - INFO - [nouns_table] already available  Büchern
2024-06-10 21:46:35,166 - textile_logger - INFO - [nouns_table] already available Zauberer
2024-06-10 21:46:35,167 - textile_logger - INFO - [nouns_table] already available Fernsehserie
2024-06-10 21:46:35,167 - textile_logger - INFO - [nouns_table] already available  Serie
2024-06-10 21:46:35,168 - textile_logger - INFO - [nouns_table] already available Schauspieler
2024-06-10 21:46:35,168 - textile_logger - INFO - [nouns_table] already available Helfer
2024-06-10 21:46:35,169 - textile_logger - INFO - [nouns_table] already available Trinkwasser
2024-06-10 21:46:35,169 - textile_logger - INFO - [nouns_table] already available Armee
2024-06-10 21:46:35,169 - textile_logger - INFO - [nouns_table] already available Tagen
2024-06-10 21:46:35,170 - textile_logger - INFO - [nouns_table] already available  Armee
2024-06-10 21:46:35,170 - textile_logger - INFO - [nouns_table] already available Rebellen
2024-06-10 21:46:35,171 - textile_logger - INFO - [nouns_table] already available Wohn
2024-06-10 21:46:35,171 - textile_logger - INFO - [nouns_table] already available  Viertel
2024-06-10 21:46:35,172 - textile_logger - INFO - [nouns_table] already available Tote
2024-06-10 21:46:35,172 - textile_logger - INFO - [nouns_table] already available Rücksicht
2024-06-10 21:46:35,173 - textile_logger - INFO - [nouns_table] already available Macht
2024-06-10 21:46:35,173 - textile_logger - INFO - [nouns_table] already available Kämpfe
2024-06-10 21:46:35,173 - textile_logger - INFO - [nouns_table] already available Strom
2024-06-10 21:46:35,174 - textile_logger - INFO - [nouns_table] already available Armeen
2024-06-10 21:46:35,174 - textile_logger - INFO - [nouns_table] already available Trink
2024-06-10 21:46:35,175 - textile_logger - INFO - [nouns_table] already available  Wasser
2024-06-10 21:46:35,175 - textile_logger - INFO - [nouns_table] already available Wohnviertel
2024-06-10 21:46:35,176 - textile_logger - INFO - [nouns_table] already available Kontinent
2024-06-10 21:46:35,176 - textile_logger - INFO - [nouns_table] already available Kämpfen
2024-06-10 21:46:35,176 - textile_logger - INFO - [nouns_table] already available Helferinnen
2024-06-10 21:46:35,177 - textile_logger - INFO - [nouns_table] already available Hilfsorganisation
2024-06-10 21:46:35,177 - textile_logger - INFO - [nouns_table] already available Verkehrs
2024-06-10 21:46:35,178 - textile_logger - INFO - [nouns_table] already available Autos
2024-06-10 21:46:35,201 - textile_logger - INFO - [nouns_table] already available Auto
2024-06-10 21:46:35,209 - textile_logger - INFO - [nouns_table] already available Barrikaden
2024-06-10 21:46:35,214 - textile_logger - INFO - [nouns_table] already available Waffe
2024-06-10 21:46:35,215 - textile_logger - INFO - [nouns_table] already available Verkehrskontrolle
2024-06-10 21:46:35,237 - textile_logger - INFO - [nouns_table] already available Einrichtungen
2024-06-10 21:46:35,237 - textile_logger - INFO - [nouns_table] already available Müll
2024-06-10 21:46:35,237 - textile_logger - INFO - [nouns_table] already available Kugel
2024-06-10 21:46:35,241 - textile_logger - INFO - [nouns_table] already available Krawalle
2024-06-10 21:46:35,241 - textile_logger - INFO - [nouns_table] already available Video
2024-06-10 21:46:35,242 - textile_logger - INFO - [nouns_table] already available  Container
2024-06-10 21:46:35,249 - textile_logger - INFO - [nouns_table] already available Festnahmen
2024-06-10 21:46:35,249 - textile_logger - INFO - [nouns_table] already available 17
2024-06-10 21:46:35,257 - textile_logger - INFO - [nouns_table] already available Staat
2024-06-10 21:46:35,258 - textile_logger - INFO - [nouns_table] already available  Kontrolle
2024-06-10 21:46:35,258 - textile_logger - INFO - [nouns_table] already available Gewalt
2024-06-10 21:46:35,259 - textile_logger - INFO - [nouns_table] already available Satz
2024-06-10 21:46:35,259 - textile_logger - INFO - [nouns_table] already available Hauptstadt
2024-06-10 21:46:35,260 - textile_logger - INFO - [nouns_table] already available Feuerwerkskörpern
2024-06-10 21:46:35,260 - textile_logger - INFO - [nouns_table] already available Vorfall
2024-06-10 21:46:35,261 - textile_logger - INFO - [nouns_table] already available Demonstrierende
2024-06-10 21:46:35,261 - textile_logger - INFO - [nouns_table] already available Polizist
2024-06-10 21:46:35,262 - textile_logger - INFO - [nouns_table] already available Feuerwerks
2024-06-10 21:46:35,268 - textile_logger - INFO - [nouns_table] already available Vororten
2024-06-10 21:46:35,269 - textile_logger - INFO - [nouns_table] already available Müllcontainer
2024-06-10 21:46:35,269 - textile_logger - INFO - [nouns_table] already available  Körpern
2024-06-10 21:46:35,269 - textile_logger - INFO - [nouns_table] already available Polizisten
2024-06-10 21:46:35,270 - textile_logger - INFO - [nouns_table] already available Einsatz
2024-06-10 21:46:35,270 - textile_logger - INFO - [nouns_table] already available Jugendliche
2024-06-10 21:46:35,271 - textile_logger - INFO - [nouns_table] already available Kopf
2024-06-10 21:46:35,277 - textile_logger - INFO - [nouns_table] already available Stimmen
2024-06-10 21:46:35,277 - textile_logger - INFO - [nouns_table] already available  Wahl
2024-06-10 21:46:35,277 - textile_logger - INFO - [nouns_table] already available Ergebnis
2024-06-10 21:46:35,278 - textile_logger - INFO - [nouns_table] already available Sieg
2024-06-10 21:46:35,278 - textile_logger - INFO - [nouns_table] already available Polizeifoto
2024-06-10 21:46:35,279 - textile_logger - INFO - [nouns_table] already available  Präsident
2024-06-10 21:46:35,279 - textile_logger - INFO - [nouns_table] already available Verbrecher“foto
2024-06-10 21:46:35,280 - textile_logger - INFO - [nouns_table] already available Vorwürfe
2024-06-10 21:46:35,280 - textile_logger - INFO - [nouns_table] already available Medien
2024-06-10 21:46:35,281 - textile_logger - INFO - [nouns_table] already available Hexenjagd
2024-06-10 21:46:35,281 - textile_logger - INFO - [nouns_table] already available Behörden
2024-06-10 21:46:35,282 - textile_logger - INFO - [nouns_table] already available Verbrecher
2024-06-10 21:46:35,282 - textile_logger - INFO - [nouns_table] already available Bundesstaat
2024-06-10 21:46:35,283 - textile_logger - INFO - [nouns_table] already available  Foto
2024-06-10 21:46:35,283 - textile_logger - INFO - [nouns_table] already available Woche
2024-06-10 21:46:35,283 - textile_logger - INFO - [nouns_table] already available  Jagd
2024-06-10 21:46:35,284 - textile_logger - INFO - [nouns_table] already available  Bundes
2024-06-10 21:46:35,284 - textile_logger - INFO - [nouns_table] already available  Staat
2024-06-10 21:46:35,285 - textile_logger - INFO - [nouns_table] already available  Kampf
2024-06-10 21:46:35,285 - textile_logger - INFO - [nouns_table] already available Us
2024-06-10 21:46:35,286 - textile_logger - INFO - [nouns_table] already available  Shirts
2024-06-10 21:46:35,286 - textile_logger - INFO - [nouns_table] already available Hexen
2024-06-10 21:46:35,286 - textile_logger - INFO - [nouns_table] already available T
2024-06-10 21:46:35,287 - textile_logger - INFO - [nouns_table] already available Straßen
2024-06-10 21:46:35,287 - textile_logger - INFO - [nouns_table] already available Weg
2024-06-10 21:46:35,288 - textile_logger - INFO - [nouns_table] already available Wetter
2024-06-10 21:46:35,288 - textile_logger - INFO - [nouns_table] already available Wasser
2024-06-10 21:46:35,289 - textile_logger - INFO - [nouns_table] already available Reise
2024-06-10 21:46:35,289 - textile_logger - INFO - [nouns_table] already available Sonne
2024-06-10 21:46:35,289 - textile_logger - INFO - [nouns_table] already available Frau
2024-06-10 21:46:35,290 - textile_logger - INFO - [nouns_table] already available Route
2024-06-10 21:46:35,290 - textile_logger - INFO - [nouns_table] already available Flasche
2024-06-10 21:46:35,291 - textile_logger - INFO - [nouns_table] already available Buch
2024-06-10 21:46:35,291 - textile_logger - INFO - [nouns_table] already available Mann
2024-06-10 21:46:35,292 - textile_logger - INFO - [nouns_table] already available Bäumen
2024-06-10 21:46:35,292 - textile_logger - INFO - [nouns_table] already available Natur
2024-06-10 21:46:35,293 - textile_logger - INFO - [nouns_table] already available Bälle
2024-06-10 21:46:35,293 - textile_logger - INFO - [nouns_table] already available Park
2024-06-10 21:46:35,293 - textile_logger - INFO - [nouns_table] already available Vögel
2024-06-10 21:46:35,294 - textile_logger - INFO - [nouns_table] already available Wiese
2024-06-10 21:46:35,294 - textile_logger - INFO - [nouns_table] already available Mädchen
2024-06-10 21:46:35,295 - textile_logger - INFO - [nouns_table] already available Ball
2024-06-10 21:46:35,295 - textile_logger - INFO - [nouns_table] already available Hund
2024-06-10 21:46:35,296 - textile_logger - INFO - [nouns_table] already available Experimentieren
2024-06-10 21:46:35,296 - textile_logger - INFO - [nouns_table] already available Vordergrund
2024-06-10 21:46:35,296 - textile_logger - INFO - [nouns_table] already available Schmerzes
2024-06-10 21:46:35,297 - textile_logger - INFO - [nouns_table] already available Abendessen
2024-06-10 21:46:35,297 - textile_logger - INFO - [nouns_table] already available Möglichkeit
2024-06-10 21:46:35,298 - textile_logger - INFO - [nouns_table] already available Gemüse
2024-06-10 21:46:35,298 - textile_logger - INFO - [nouns_table] already available Höhen
2024-06-10 21:46:35,299 - textile_logger - INFO - [nouns_table] already available Küche
2024-06-10 21:46:35,299 - textile_logger - INFO - [nouns_table] already available Tränen
2024-06-10 21:46:35,300 - textile_logger - INFO - [nouns_table] already available Oscar
2024-06-10 21:46:35,300 - textile_logger - INFO - [nouns_table] already available Weltkrieg
2024-06-10 21:46:35,300 - textile_logger - INFO - [nouns_table] already available Regisseur
2024-06-10 21:46:35,301 - textile_logger - INFO - [nouns_table] already available Wasch
2024-06-10 21:46:35,301 - textile_logger - INFO - [nouns_table] already available Filmmusik
2024-06-10 21:46:35,302 - textile_logger - INFO - [nouns_table] already available Neues
2024-06-10 21:46:35,302 - textile_logger - INFO - [nouns_table] already available Film
2024-06-10 21:46:35,303 - textile_logger - INFO - [nouns_table] already available Oscars
2024-06-10 21:46:35,303 - textile_logger - INFO - [nouns_table] already available Generationen
2024-06-10 21:46:35,303 - textile_logger - INFO - [nouns_table] already available anderen
2024-06-10 21:46:35,304 - textile_logger - INFO - [nouns_table] already available Älteren
2024-06-10 21:46:35,304 - textile_logger - INFO - [nouns_table] already available Krankenschwester
2024-06-10 21:46:35,305 - textile_logger - INFO - [nouns_table] already available Alters
2024-06-10 21:46:35,305 - textile_logger - INFO - [nouns_table] already available Gemeinschaftsbereich
2024-06-10 21:46:35,306 - textile_logger - INFO - [nouns_table] already available Füreinander
2024-06-10 21:46:35,306 - textile_logger - INFO - [nouns_table] already available Gegenzug
2024-06-10 21:46:35,306 - textile_logger - INFO - [nouns_table] already available Unabhängigkeit
2024-06-10 21:46:35,307 - textile_logger - INFO - [nouns_table] already available Fähigkeiten
2024-06-10 21:46:35,307 - textile_logger - INFO - [nouns_table] already available Erziehung
2024-06-10 21:46:35,308 - textile_logger - INFO - [nouns_table] already available Erfahrungen
2024-06-10 21:46:35,308 - textile_logger - INFO - [nouns_table] already available Ende
2024-06-10 21:46:35,309 - textile_logger - INFO - [nouns_table] already available Gemeinschaft
2024-06-10 21:46:35,309 - textile_logger - INFO - [nouns_table] already available Teil
2024-06-10 21:46:35,310 - textile_logger - INFO - [nouns_table] already available Lösung
2024-06-10 21:46:35,310 - textile_logger - INFO - [nouns_table] already available Kindern
2024-06-10 21:46:35,310 - textile_logger - INFO - [nouns_table] already available  Jährige
2024-06-10 21:46:35,311 - textile_logger - INFO - [nouns_table] already available Schulaufgaben
2024-06-10 21:46:35,311 - textile_logger - INFO - [nouns_table] already available Geschwistern
2024-06-10 21:46:35,312 - textile_logger - INFO - [nouns_table] already available Motto
2024-06-10 21:46:35,312 - textile_logger - INFO - [nouns_table] already available Berufslebens
2024-06-10 21:46:35,313 - textile_logger - INFO - [nouns_table] already available 70
2024-06-10 21:46:35,313 - textile_logger - INFO - [nouns_table] already available Können
2024-06-10 21:46:35,313 - textile_logger - INFO - [nouns_table] already available Lebensgefühl
2024-06-10 21:46:35,314 - textile_logger - INFO - [nouns_table] already available Alter
2024-06-10 21:46:35,314 - textile_logger - INFO - [nouns_table] already available Altersheim
2024-06-10 21:46:35,316 - textile_logger - INFO - [noun_agents] retrieving: Zeit
2024-06-10 21:46:35,316 - textile_logger - INFO - [nouns_table] already available Zeit
2024-06-10 21:46:35,316 - textile_logger - INFO - [noun_agents] retrieving: Wissen
2024-06-10 21:46:35,702 - textile_logger - INFO - [nouns_table] parsing Wissen
2024-06-10 21:46:35,703 - textile_logger - INFO - [noun_agents] retrieving: Können
2024-06-10 21:46:35,703 - textile_logger - INFO - [nouns_table] already available Können
2024-06-10 21:46:35,704 - textile_logger - INFO - [noun_agents] retrieving: Wunder
2024-06-10 21:46:35,704 - textile_logger - INFO - [nouns_table] already available Wunder
2024-06-10 21:46:35,704 - textile_logger - INFO - [noun_agents] retrieving: Ende
2024-06-10 21:46:35,704 - textile_logger - INFO - [nouns_table] already available Ende
2024-06-10 21:46:35,704 - textile_logger - INFO - [noun_agents] retrieving: Treff
2024-06-10 21:46:36,531 - textile_logger - INFO - [nouns_table] parsing Treff
2024-06-10 21:46:36,531 - textile_logger - INFO - [noun_agents] retrieving: Kindern
2024-06-10 21:46:36,531 - textile_logger - INFO - [nouns_table] already available Kindern
2024-06-10 21:46:36,532 - textile_logger - INFO - [noun_agents] retrieving: Gemeinschaftsbereich
2024-06-10 21:46:36,532 - textile_logger - INFO - [nouns_table] already available Gemeinschaftsbereich
2024-06-10 21:46:36,532 - textile_logger - INFO - [noun_agents] retrieving: Lösung
2024-06-10 21:46:36,532 - textile_logger - INFO - [nouns_table] already available Lösung
2024-06-10 21:46:36,532 - textile_logger - INFO - [noun_agents] retrieving: Berufslebens
2024-06-10 21:46:36,533 - textile_logger - INFO - [nouns_table] already available Berufslebens
2024-06-10 21:46:36,533 - textile_logger - INFO - [noun_agents] retrieving: 70
2024-06-10 21:46:36,533 - textile_logger - INFO - [nouns_table] already available 70
2024-06-10 21:46:36,533 - textile_logger - INFO - [noun_agents] retrieving: Wohnung
2024-06-10 21:46:37,062 - textile_logger - INFO - [nouns_table] parsing Wohnung
2024-06-10 21:46:37,062 - textile_logger - INFO - [noun_agents] retrieving: Gespräch
2024-06-10 21:46:37,646 - textile_logger - INFO - [nouns_table] parsing Gespräch
2024-06-10 21:46:37,646 - textile_logger - INFO - [noun_agents] retrieving: Menschen
2024-06-10 21:46:37,646 - textile_logger - INFO - [nouns_table] already available Menschen
2024-06-10 21:46:37,647 - textile_logger - INFO - [noun_agents] retrieving: Altersheim
2024-06-10 21:46:37,647 - textile_logger - INFO - [nouns_table] already available Altersheim
2024-06-10 21:46:37,647 - textile_logger - INFO - [noun_agents] retrieving: Alter
2024-06-10 21:46:37,647 - textile_logger - INFO - [nouns_table] already available Alter
2024-06-10 21:46:37,648 - textile_logger - INFO - [noun_agents] retrieving: Älteren
2024-06-10 21:46:37,648 - textile_logger - INFO - [nouns_table] already available Älteren
2024-06-10 21:46:37,648 - textile_logger - INFO - [noun_agents] retrieving: Wohnzimmer
2024-06-10 21:46:38,285 - textile_logger - INFO - [nouns_table] parsing Wohnzimmer
2024-06-10 21:46:38,285 - textile_logger - INFO - [noun_agents] retrieving: Gegenzug
2024-06-10 21:46:38,286 - textile_logger - INFO - [nouns_table] already available Gegenzug
2024-06-10 21:46:38,286 - textile_logger - INFO - [noun_agents] retrieving: anderen
2024-06-10 21:46:38,286 - textile_logger - INFO - [nouns_table] already available anderen
2024-06-10 21:46:38,286 - textile_logger - INFO - [noun_agents] retrieving: Lebensgefühl
2024-06-10 21:46:38,287 - textile_logger - INFO - [nouns_table] already available Lebensgefühl
2024-06-10 21:46:38,287 - textile_logger - INFO - [noun_agents] retrieving: Eltern
2024-06-10 21:46:38,287 - textile_logger - INFO - [nouns_table] already available Eltern
2024-06-10 21:46:38,287 - textile_logger - INFO - [noun_agents] retrieving: Option
2024-06-10 21:46:39,205 - textile_logger - INFO - [nouns_table] parsing Option
2024-06-10 21:46:39,206 - textile_logger - INFO - [noun_agents] retrieving: Erfahrungen
2024-06-10 21:46:39,206 - textile_logger - INFO - [nouns_table] already available Erfahrungen
2024-06-10 21:46:39,206 - textile_logger - INFO - [noun_agents] retrieving: Geschwistern
2024-06-10 21:46:39,207 - textile_logger - INFO - [nouns_table] already available Geschwistern
2024-06-10 21:46:39,207 - textile_logger - INFO - [noun_agents] retrieving: Alters
2024-06-10 21:46:39,207 - textile_logger - INFO - [nouns_table] already available Alters
2024-06-10 21:46:39,207 - textile_logger - INFO - [noun_agents] retrieving: Motto
2024-06-10 21:46:39,207 - textile_logger - INFO - [nouns_table] already available Motto
2024-06-10 21:46:39,208 - textile_logger - INFO - [noun_agents] retrieving: Gesellschaft
2024-06-10 21:46:40,203 - textile_logger - INFO - [nouns_table] parsing Gesellschaft
2024-06-10 21:46:40,204 - textile_logger - INFO - [noun_agents] retrieving: Generationen
2024-06-10 21:46:40,204 - textile_logger - INFO - [nouns_table] already available Generationen
2024-06-10 21:46:40,204 - textile_logger - INFO - [noun_agents] retrieving: 70jährige
2024-06-10 21:46:40,427 - textile_logger - INFO - [nouns_table] parsing 70jährige
2024-06-10 21:46:40,427 - textile_logger - INFO - [noun_agents] retrieving: Schulaufgaben
2024-06-10 21:46:40,428 - textile_logger - INFO - [nouns_table] already available Schulaufgaben
2024-06-10 21:46:40,428 - textile_logger - INFO - [noun_agents] retrieving: Gemeinschaft
2024-06-10 21:46:40,428 - textile_logger - INFO - [nouns_table] already available Gemeinschaft
2024-06-10 21:46:40,428 - textile_logger - INFO - [noun_agents] retrieving: Erwachsene
2024-06-10 21:46:40,429 - textile_logger - INFO - [nouns_table] already available Erwachsene
2024-06-10 21:46:40,429 - textile_logger - INFO - [noun_agents] retrieving: Erziehung
2024-06-10 21:46:40,429 - textile_logger - INFO - [nouns_table] already available Erziehung
2024-06-10 21:46:40,429 - textile_logger - INFO - [noun_agents] retrieving: Mehrgenerationenwohnen
2024-06-10 21:46:40,710 - textile_logger - INFO - [nouns_table] parsing Mehrgenerationenwohnen
2024-06-10 21:46:40,710 - textile_logger - INFO - [noun_agents] retrieving: Teil
2024-06-10 21:46:40,710 - textile_logger - INFO - [nouns_table] already available Teil
2024-06-10 21:46:40,711 - textile_logger - INFO - [noun_agents] retrieving: Fähigkeiten
2024-06-10 21:46:40,711 - textile_logger - INFO - [nouns_table] already available Fähigkeiten
2024-06-10 21:46:40,711 - textile_logger - INFO - [noun_agents] retrieving: Unabhängigkeit
2024-06-10 21:46:40,711 - textile_logger - INFO - [nouns_table] already available Unabhängigkeit
2024-06-10 21:46:40,711 - textile_logger - INFO - [noun_agents] retrieving:  Jährige
2024-06-10 21:46:40,712 - textile_logger - INFO - [nouns_table] already available  Jährige
2024-06-10 21:46:40,712 - textile_logger - INFO - [noun_agents] retrieving: Treffpunkt
2024-06-10 21:46:41,438 - textile_logger - INFO - [nouns_table] parsing Treffpunkt
2024-06-10 21:46:41,438 - textile_logger - INFO - [noun_agents] retrieving: Ohr
2024-06-10 21:46:41,553 - textile_logger - INFO - [nouns_table] parsing Ohr
2024-06-10 21:46:41,553 - textile_logger - INFO - [noun_agents] retrieving: Krankenschwester
2024-06-10 21:46:41,553 - textile_logger - INFO - [nouns_table] already available Krankenschwester
2024-06-10 21:46:41,553 - textile_logger - INFO - [noun_agents] retrieving: Mehrgenerationenhaus
2024-06-10 21:46:42,519 - textile_logger - INFO - [nouns_table] parsing Mehrgenerationenhaus
2024-06-10 21:46:42,520 - textile_logger - INFO - [noun_agents] retrieving: Füreinander
2024-06-10 21:46:42,520 - textile_logger - INFO - [nouns_table] already available Füreinander
2024-06-10 21:46:42,539 - textile_logger - INFO - [nouns_table] already available Zeit
2024-06-10 21:46:42,968 - textile_logger - INFO - [nouns_table] parsing Wissen
2024-06-10 21:46:42,969 - textile_logger - INFO - [nouns_table] already available Können
2024-06-10 21:46:42,972 - textile_logger - INFO - [nouns_table] already available Wunder
2024-06-10 21:46:42,974 - textile_logger - INFO - [nouns_table] already available Ende
2024-06-10 21:46:43,273 - textile_logger - INFO - [nouns_table] parsing Treff
2024-06-10 21:46:43,274 - textile_logger - INFO - [nouns_table] already available Kindern
2024-06-10 21:46:43,278 - textile_logger - INFO - [nouns_table] already available Gemeinschaftsbereich
2024-06-10 21:46:43,279 - textile_logger - INFO - [nouns_table] already available Lösung
2024-06-10 21:46:43,280 - textile_logger - INFO - [nouns_table] already available Berufslebens
2024-06-10 21:46:43,281 - textile_logger - INFO - [nouns_table] already available 70
2024-06-10 21:46:43,831 - textile_logger - INFO - [nouns_table] parsing Wohnung
2024-06-10 21:46:44,589 - textile_logger - INFO - [nouns_table] parsing Gespräch
2024-06-10 21:46:44,589 - textile_logger - INFO - [nouns_table] already available Menschen
2024-06-10 21:46:44,590 - textile_logger - INFO - [nouns_table] already available Altersheim
2024-06-10 21:46:44,591 - textile_logger - INFO - [nouns_table] already available Alter
2024-06-10 21:46:44,592 - textile_logger - INFO - [nouns_table] already available Älteren
2024-06-10 21:46:44,840 - textile_logger - INFO - [nouns_table] parsing Wohnzimmer
2024-06-10 21:46:44,841 - textile_logger - INFO - [nouns_table] already available Gegenzug
2024-06-10 21:46:44,844 - textile_logger - INFO - [nouns_table] already available anderen
2024-06-10 21:46:44,846 - textile_logger - INFO - [nouns_table] already available Lebensgefühl
2024-06-10 21:46:44,847 - textile_logger - INFO - [nouns_table] already available Eltern
2024-06-10 21:46:45,629 - textile_logger - INFO - [nouns_table] parsing Option
2024-06-10 21:46:45,629 - textile_logger - INFO - [nouns_table] already available Erfahrungen
2024-06-10 21:46:45,632 - textile_logger - INFO - [nouns_table] already available Geschwistern
2024-06-10 21:46:45,634 - textile_logger - INFO - [nouns_table] already available Alters
2024-06-10 21:46:45,635 - textile_logger - INFO - [nouns_table] already available Motto
2024-06-10 21:46:46,626 - textile_logger - INFO - [nouns_table] parsing Gesellschaft
2024-06-10 21:46:46,626 - textile_logger - INFO - [nouns_table] already available Generationen
2024-06-10 21:46:47,273 - textile_logger - INFO - [nouns_table] parsing 70jährige
2024-06-10 21:46:47,274 - textile_logger - INFO - [nouns_table] already available Schulaufgaben
2024-06-10 21:46:47,278 - textile_logger - INFO - [nouns_table] already available Gemeinschaft
2024-06-10 21:46:47,279 - textile_logger - INFO - [nouns_table] already available Erwachsene
2024-06-10 21:46:47,280 - textile_logger - INFO - [nouns_table] already available Erziehung
2024-06-10 21:46:47,830 - textile_logger - INFO - [nouns_table] parsing Mehrgenerationenwohnen
2024-06-10 21:46:47,831 - textile_logger - INFO - [nouns_table] already available Teil
2024-06-10 21:46:47,834 - textile_logger - INFO - [nouns_table] already available Fähigkeiten
2024-06-10 21:46:47,835 - textile_logger - INFO - [nouns_table] already available Unabhängigkeit
2024-06-10 21:46:47,836 - textile_logger - INFO - [nouns_table] already available  Jährige
2024-06-10 21:46:48,737 - textile_logger - INFO - [nouns_table] parsing Treffpunkt
2024-06-10 21:46:49,272 - textile_logger - INFO - [nouns_table] parsing Ohr
2024-06-10 21:46:49,272 - textile_logger - INFO - [nouns_table] already available Krankenschwester
2024-06-10 21:46:49,431 - textile_logger - INFO - [nouns_table] parsing Mehrgenerationenhaus
2024-06-10 21:46:49,432 - textile_logger - INFO - [nouns_table] already available Füreinander
2024-06-10 21:46:49,435 - textile_logger - INFO - [nouns_table] caching nouns df
2024-06-10 21:46:49,456 - textile_logger - INFO - [nouns_table] refreshing cache
2024-06-10 21:46:49,471 - textile_logger - INFO - [nouns_table] already available Name
2024-06-10 21:46:49,471 - textile_logger - INFO - [nouns_table] already available Jahren
2024-06-10 21:46:49,472 - textile_logger - INFO - [nouns_table] already available Jahre
2024-06-10 21:46:49,472 - textile_logger - INFO - [nouns_table] already available Geschwister
2024-06-10 21:46:49,472 - textile_logger - INFO - [nouns_table] already available Schwester
2024-06-10 21:46:49,473 - textile_logger - INFO - [nouns_table] already available Bruder
2024-06-10 21:46:49,473 - textile_logger - INFO - [nouns_table] already available Eltern
2024-06-10 21:46:49,473 - textile_logger - INFO - [nouns_table] already available Haus
2024-06-10 21:46:49,474 - textile_logger - INFO - [nouns_table] already available Nähe
2024-06-10 21:46:49,474 - textile_logger - INFO - [nouns_table] already available Mutter
2024-06-10 21:46:49,474 - textile_logger - INFO - [nouns_table] already available Köchin
2024-06-10 21:46:49,475 - textile_logger - INFO - [nouns_table] already available Vater
2024-06-10 21:46:49,475 - textile_logger - INFO - [nouns_table] already available Bank
2024-06-10 21:46:49,475 - textile_logger - INFO - [nouns_table] already available Richter
2024-06-10 21:46:49,476 - textile_logger - INFO - [nouns_table] already available Monat
2024-06-10 21:46:49,476 - textile_logger - INFO - [nouns_table] already available Gericht
2024-06-10 21:46:49,476 - textile_logger - INFO - [nouns_table] already available Fall
2024-06-10 21:46:49,477 - textile_logger - INFO - [nouns_table] already available Staatsanwalt
2024-06-10 21:46:49,477 - textile_logger - INFO - [nouns_table] already available Strafprozess
2024-06-10 21:46:49,477 - textile_logger - INFO - [nouns_table] already available Strafe
2024-06-10 21:46:49,478 - textile_logger - INFO - [nouns_table] already available Geschäftsunterlagen
2024-06-10 21:46:49,478 - textile_logger - INFO - [nouns_table] already available Stadt
2024-06-10 21:46:49,478 - textile_logger - INFO - [nouns_table] already available Verbotenes
2024-06-10 21:46:49,478 - textile_logger - INFO - [nouns_table] already available Wahl
2024-06-10 21:46:49,479 - textile_logger - INFO - [nouns_table] already available Land
2024-06-10 21:46:49,479 - textile_logger - INFO - [nouns_table] already available Januar
2024-06-10 21:46:49,479 - textile_logger - INFO - [nouns_table] already available Präsident
2024-06-10 21:46:49,480 - textile_logger - INFO - [nouns_table] already available Gerichtstermin
2024-06-10 21:46:49,480 - textile_logger - INFO - [nouns_table] already available Wahrheit
2024-06-10 21:46:49,480 - textile_logger - INFO - [nouns_table] already available  Bündnis
2024-06-10 21:46:49,481 - textile_logger - INFO - [nouns_table] already available Mitgliedsländer
2024-06-10 21:46:49,481 - textile_logger - INFO - [nouns_table] already available  Quartier
2024-06-10 21:46:49,481 - textile_logger - INFO - [nouns_table] already available Hauptquartier
2024-06-10 21:46:49,482 - textile_logger - INFO - [nouns_table] already available Russland
2024-06-10 21:46:49,482 - textile_logger - INFO - [nouns_table] already available Militär
2024-06-10 21:46:49,482 - textile_logger - INFO - [nouns_table] already available Mitglied
2024-06-10 21:46:49,483 - textile_logger - INFO - [nouns_table] already available Nato
2024-06-10 21:46:49,483 - textile_logger - INFO - [nouns_table] already available Mitglieds
2024-06-10 21:46:49,483 - textile_logger - INFO - [nouns_table] already available Erweiterung
2024-06-10 21:46:49,484 - textile_logger - INFO - [nouns_table] already available General
2024-06-10 21:46:49,484 - textile_logger - INFO - [nouns_table] already available Generalsekretär
2024-06-10 21:46:49,484 - textile_logger - INFO - [nouns_table] already available Beitritt
2024-06-10 21:46:49,485 - textile_logger - INFO - [nouns_table] already available  Länder
2024-06-10 21:46:49,485 - textile_logger - INFO - [nouns_table] already available Militärbündnis
2024-06-10 21:46:49,485 - textile_logger - INFO - [nouns_table] already available Fahne
2024-06-10 21:46:49,485 - textile_logger - INFO - [nouns_table] already available  Mitglied
2024-06-10 21:46:49,486 - textile_logger - INFO - [nouns_table] already available Haupt
2024-06-10 21:46:49,486 - textile_logger - INFO - [nouns_table] already available Länder
2024-06-10 21:46:49,486 - textile_logger - INFO - [nouns_table] already available Regierung
2024-06-10 21:46:49,487 - textile_logger - INFO - [nouns_table] already available Mitglieder
2024-06-10 21:46:49,487 - textile_logger - INFO - [nouns_table] already available  Sekretär
2024-06-10 21:46:49,488 - textile_logger - INFO - [nouns_table] already available Feier
2024-06-10 21:46:49,488 - textile_logger - INFO - [nouns_table] already available Schriftsteller
2024-06-10 21:46:49,488 - textile_logger - INFO - [nouns_table] already available Krieg
2024-06-10 21:46:49,489 - textile_logger - INFO - [nouns_table] already available  Musik
2024-06-10 21:46:49,489 - textile_logger - INFO - [nouns_table] already available Millionen
2024-06-10 21:46:49,489 - textile_logger - INFO - [nouns_table] already available Soldat
2024-06-10 21:46:49,489 - textile_logger - INFO - [nouns_table] already available Welt
2024-06-10 21:46:49,490 - textile_logger - INFO - [nouns_table] already available  Führung
2024-06-10 21:46:49,490 - textile_logger - INFO - [nouns_table] already available  Krieg
2024-06-10 21:46:49,490 - textile_logger - INFO - [nouns_table] already available Westen
2024-06-10 21:46:49,491 - textile_logger - INFO - [nouns_table] already available  Salon
2024-06-10 21:46:49,491 - textile_logger - INFO - [nouns_table] already available  Preisen
2024-06-10 21:46:49,491 - textile_logger - INFO - [nouns_table] already available  Bild
2024-06-10 21:46:49,492 - textile_logger - INFO - [nouns_table] already available Filmpreisen
2024-06-10 21:46:49,492 - textile_logger - INFO - [nouns_table] already available Waschsalon
2024-06-10 21:46:49,492 - textile_logger - INFO - [nouns_table] already available Kamera
2024-06-10 21:46:49,493 - textile_logger - INFO - [nouns_table] already available Jahr
2024-06-10 21:46:49,493 - textile_logger - INFO - [nouns_table] already available Besitzerin
2024-06-10 21:46:49,493 - textile_logger - INFO - [nouns_table] already available Szenen
2024-06-10 21:46:49,494 - textile_logger - INFO - [nouns_table] already available Kameraführung
2024-06-10 21:46:49,494 - textile_logger - INFO - [nouns_table] already available Menschen
2024-06-10 21:46:49,494 - textile_logger - INFO - [nouns_table] already available Grippe
2024-06-10 21:46:49,495 - textile_logger - INFO - [nouns_table] already available Fieber
2024-06-10 21:46:49,495 - textile_logger - INFO - [nouns_table] already available Alternative
2024-06-10 21:46:49,495 - textile_logger - INFO - [nouns_table] already available Kinder
2024-06-10 21:46:49,496 - textile_logger - INFO - [nouns_table] already available Essen
2024-06-10 21:46:49,496 - textile_logger - INFO - [nouns_table] already available Besserung
2024-06-10 21:46:49,496 - textile_logger - INFO - [nouns_table] already available Rezept
2024-06-10 21:46:49,497 - textile_logger - INFO - [nouns_table] already available leben
2024-06-10 21:46:49,497 - textile_logger - INFO - [nouns_table] already available Sohn
2024-06-10 21:46:49,497 - textile_logger - INFO - [nouns_table] already available Viren
2024-06-10 21:46:49,498 - textile_logger - INFO - [nouns_table] already available Podcast
2024-06-10 21:46:49,498 - textile_logger - INFO - [nouns_table] already available Husten
2024-06-10 21:46:49,498 - textile_logger - INFO - [nouns_table] already available Erkältung
2024-06-10 21:46:49,499 - textile_logger - INFO - [nouns_table] already available Saft
2024-06-10 21:46:49,499 - textile_logger - INFO - [nouns_table] already available Dialog
2024-06-10 21:46:49,499 - textile_logger - INFO - [nouns_table] already available Moderatoren
2024-06-10 21:46:49,500 - textile_logger - INFO - [nouns_table] already available Winter
2024-06-10 21:46:49,500 - textile_logger - INFO - [nouns_table] already available Morgen
2024-06-10 21:46:49,500 - textile_logger - INFO - [nouns_table] already available Zeit
2024-06-10 21:46:49,501 - textile_logger - INFO - [nouns_table] already available Mühe
2024-06-10 21:46:49,501 - textile_logger - INFO - [nouns_table] already available Wochen
2024-06-10 21:46:49,501 - textile_logger - INFO - [nouns_table] already available Wartezimmer
2024-06-10 21:46:49,502 - textile_logger - INFO - [nouns_table] already available Text
2024-06-10 21:46:49,502 - textile_logger - INFO - [nouns_table] already available Danke
2024-06-10 21:46:49,502 - textile_logger - INFO - [nouns_table] already available Radio
2024-06-10 21:46:49,503 - textile_logger - INFO - [nouns_table] already available Tage
2024-06-10 21:46:49,503 - textile_logger - INFO - [nouns_table] already available Katze
2024-06-10 21:46:49,503 - textile_logger - INFO - [nouns_table] already available Dialoges
2024-06-10 21:46:49,503 - textile_logger - INFO - [nouns_table] already available Schnupfen
2024-06-10 21:46:49,504 - textile_logger - INFO - [nouns_table] already available Arbeit
2024-06-10 21:46:49,504 - textile_logger - INFO - [nouns_table] already available Spaziergang
2024-06-10 21:46:49,504 - textile_logger - INFO - [nouns_table] already available Glück
2024-06-10 21:46:49,505 - textile_logger - INFO - [nouns_table] already available Gefühl
2024-06-10 21:46:49,505 - textile_logger - INFO - [nouns_table] already available Getränke
2024-06-10 21:46:49,505 - textile_logger - INFO - [nouns_table] already available Attest
2024-06-10 21:46:49,506 - textile_logger - INFO - [nouns_table] already available Kopfweh
2024-06-10 21:46:49,506 - textile_logger - INFO - [nouns_table] already available Wunder
2024-06-10 21:46:49,506 - textile_logger - INFO - [nouns_table] already available Kontakt
2024-06-10 21:46:49,507 - textile_logger - INFO - [nouns_table] already available Kind
2024-06-10 21:46:49,507 - textile_logger - INFO - [nouns_table] already available Kinderarzt
2024-06-10 21:46:49,507 - textile_logger - INFO - [nouns_table] already available Bleib
2024-06-10 21:46:49,508 - textile_logger - INFO - [nouns_table] already available Schmerzmittel
2024-06-10 21:46:49,508 - textile_logger - INFO - [nouns_table] already available Schule
2024-06-10 21:46:49,508 - textile_logger - INFO - [nouns_table] already available Medikamente
2024-06-10 21:46:49,509 - textile_logger - INFO - [nouns_table] already available Tag
2024-06-10 21:46:49,509 - textile_logger - INFO - [nouns_table] already available Schmerzen
2024-06-10 21:46:49,509 - textile_logger - INFO - [nouns_table] already available Arzt
2024-06-10 21:46:49,510 - textile_logger - INFO - [nouns_table] already available Nachrichten
2024-06-10 21:46:49,510 - textile_logger - INFO - [nouns_table] already available Geschichte
2024-06-10 21:46:49,510 - textile_logger - INFO - [nouns_table] already available Pflanzen
2024-06-10 21:46:49,511 - textile_logger - INFO - [nouns_table] already available  Mittel
2024-06-10 21:46:49,511 - textile_logger - INFO - [nouns_table] already available Chemie
2024-06-10 21:46:49,511 - textile_logger - INFO - [nouns_table] already available  Vertrag
2024-06-10 21:46:49,512 - textile_logger - INFO - [nouns_table] already available Bundesregierung
2024-06-10 21:46:49,512 - textile_logger - INFO - [nouns_table] already available Verkauf
2024-06-10 21:46:49,512 - textile_logger - INFO - [nouns_table] already available Parteien
2024-06-10 21:46:49,513 - textile_logger - INFO - [nouns_table] already available Gehirn
2024-06-10 21:46:49,513 - textile_logger - INFO - [nouns_table] already available Sand
2024-06-10 21:46:49,513 - textile_logger - INFO - [nouns_table] already available Drogenhändler
2024-06-10 21:46:49,514 - textile_logger - INFO - [nouns_table] already available Leute
2024-06-10 21:46:49,514 - textile_logger - INFO - [nouns_table] already available Zucker
2024-06-10 21:46:49,514 - textile_logger - INFO - [nouns_table] already available  Händler
2024-06-10 21:46:49,515 - textile_logger - INFO - [nouns_table] already available Blätter
2024-06-10 21:46:49,515 - textile_logger - INFO - [nouns_table] already available Beispiel
2024-06-10 21:46:49,515 - textile_logger - INFO - [nouns_table] already available Streit
2024-06-10 21:46:49,515 - textile_logger - INFO - [nouns_table] already available Bedingungen
2024-06-10 21:46:49,516 - textile_logger - INFO - [nouns_table] already available Rausch
2024-06-10 21:46:49,516 - textile_logger - INFO - [nouns_table] already available Cannabis
2024-06-10 21:46:49,516 - textile_logger - INFO - [nouns_table] already available Erlaubnis
2024-06-10 21:46:49,517 - textile_logger - INFO - [nouns_table] already available Koalitionsvertrag
2024-06-10 21:46:49,517 - textile_logger - INFO - [nouns_table] already available  Minister
2024-06-10 21:46:49,517 - textile_logger - INFO - [nouns_table] already available Drogenhändlern
2024-06-10 21:46:49,518 - textile_logger - INFO - [nouns_table] already available Fachleute
2024-06-10 21:46:49,518 - textile_logger - INFO - [nouns_table] already available Droge
2024-06-10 21:46:49,518 - textile_logger - INFO - [nouns_table] already available Geschäfte
2024-06-10 21:46:49,519 - textile_logger - INFO - [nouns_table] already available Teile
2024-06-10 21:46:49,519 - textile_logger - INFO - [nouns_table] already available Gewürze
2024-06-10 21:46:49,519 - textile_logger - INFO - [nouns_table] already available Ärzte
2024-06-10 21:46:49,520 - textile_logger - INFO - [nouns_table] already available Vereine
2024-06-10 21:46:49,520 - textile_logger - INFO - [nouns_table] already available  Regierung
2024-06-10 21:46:49,520 - textile_logger - INFO - [nouns_table] already available Gesundheits
2024-06-10 21:46:49,521 - textile_logger - INFO - [nouns_table] already available Gegenden
2024-06-10 21:46:49,521 - textile_logger - INFO - [nouns_table] already available Pflanze
2024-06-10 21:46:49,521 - textile_logger - INFO - [nouns_table] already available Moment
2024-06-10 21:46:49,522 - textile_logger - INFO - [nouns_table] already available Angst
2024-06-10 21:46:49,522 - textile_logger - INFO - [nouns_table] already available Drogen
2024-06-10 21:46:49,522 - textile_logger - INFO - [nouns_table] already available Gesundheitsminister
2024-06-10 21:46:49,523 - textile_logger - INFO - [nouns_table] already available Erwachsene
2024-06-10 21:46:49,523 - textile_logger - INFO - [nouns_table] already available Qualität
2024-06-10 21:46:49,523 - textile_logger - INFO - [nouns_table] already available Hause
2024-06-10 21:46:49,524 - textile_logger - INFO - [nouns_table] already available Dezember
2024-06-10 21:46:49,524 - textile_logger - INFO - [nouns_table] already available  Team
2024-06-10 21:46:49,524 - textile_logger - INFO - [nouns_table] already available Hinspiel
2024-06-10 21:46:49,525 - textile_logger - INFO - [nouns_table] already available WM
2024-06-10 21:46:49,525 - textile_logger - INFO - [nouns_table] already available Qualifikation
2024-06-10 21:46:49,525 - textile_logger - INFO - [nouns_table] already available Frauen
2024-06-10 21:46:49,525 - textile_logger - INFO - [nouns_table] already available Hin
2024-06-10 21:46:49,526 - textile_logger - INFO - [nouns_table] already available  Meisterschaft
2024-06-10 21:46:49,526 - textile_logger - INFO - [nouns_table] already available Grund
2024-06-10 21:46:49,526 - textile_logger - INFO - [nouns_table] already available Rück
2024-06-10 21:46:49,527 - textile_logger - INFO - [nouns_table] already available Ländern
2024-06-10 21:46:49,527 - textile_logger - INFO - [nouns_table] already available Toren
2024-06-10 21:46:49,527 - textile_logger - INFO - [nouns_table] already available Handballerinnen
2024-06-10 21:46:49,528 - textile_logger - INFO - [nouns_table] already available Weltmeisterschaft
2024-06-10 21:46:49,528 - textile_logger - INFO - [nouns_table] already available November
2024-06-10 21:46:49,528 - textile_logger - INFO - [nouns_table] already available Rückspiel
2024-06-10 21:46:49,529 - textile_logger - INFO - [nouns_table] already available  Spiel
2024-06-10 21:46:49,529 - textile_logger - INFO - [nouns_table] already available Potter
2024-06-10 21:46:49,529 - textile_logger - INFO - [nouns_table] already available Kinofilmen
2024-06-10 21:46:49,530 - textile_logger - INFO - [nouns_table] already available Geschichten
2024-06-10 21:46:49,530 - textile_logger - INFO - [nouns_table] already available Serie
2024-06-10 21:46:49,530 - textile_logger - INFO - [nouns_table] already available Firma
2024-06-10 21:46:49,531 - textile_logger - INFO - [nouns_table] already available Autorin
2024-06-10 21:46:49,531 - textile_logger - INFO - [nouns_table] already available Schauspielerinnen
2024-06-10 21:46:49,531 - textile_logger - INFO - [nouns_table] already available Platz
2024-06-10 21:46:49,532 - textile_logger - INFO - [nouns_table] already available Kino
2024-06-10 21:46:49,532 - textile_logger - INFO - [nouns_table] already available  Spieler
2024-06-10 21:46:49,532 - textile_logger - INFO - [nouns_table] already available Schau
2024-06-10 21:46:49,533 - textile_logger - INFO - [nouns_table] already available Einzelheiten
2024-06-10 21:46:49,533 - textile_logger - INFO - [nouns_table] already available Kinofilm
2024-06-10 21:46:49,533 - textile_logger - INFO - [nouns_table] already available Potter“büchern
2024-06-10 21:46:49,534 - textile_logger - INFO - [nouns_table] already available Potter“
2024-06-10 21:46:49,534 - textile_logger - INFO - [nouns_table] already available Bücher
2024-06-10 21:46:49,534 - textile_logger - INFO - [nouns_table] already available  Filmen
2024-06-10 21:46:49,535 - textile_logger - INFO - [nouns_table] already available  Film
2024-06-10 21:46:49,535 - textile_logger - INFO - [nouns_table] already available Streaming
2024-06-10 21:46:49,535 - textile_logger - INFO - [nouns_table] already available  Dienst
2024-06-10 21:46:49,536 - textile_logger - INFO - [nouns_table] already available Kinofilme
2024-06-10 21:46:49,536 - textile_logger - INFO - [nouns_table] already available Fernseh
2024-06-10 21:46:49,536 - textile_logger - INFO - [nouns_table] already available  Büchern
2024-06-10 21:46:49,536 - textile_logger - INFO - [nouns_table] already available Zauberer
2024-06-10 21:46:49,537 - textile_logger - INFO - [nouns_table] already available Fernsehserie
2024-06-10 21:46:49,537 - textile_logger - INFO - [nouns_table] already available  Serie
2024-06-10 21:46:49,537 - textile_logger - INFO - [nouns_table] already available Schauspieler
2024-06-10 21:46:49,538 - textile_logger - INFO - [nouns_table] already available Helfer
2024-06-10 21:46:49,538 - textile_logger - INFO - [nouns_table] already available Trinkwasser
2024-06-10 21:46:49,538 - textile_logger - INFO - [nouns_table] already available Armee
2024-06-10 21:46:49,539 - textile_logger - INFO - [nouns_table] already available Tagen
2024-06-10 21:46:49,539 - textile_logger - INFO - [nouns_table] already available  Armee
2024-06-10 21:46:49,539 - textile_logger - INFO - [nouns_table] already available Rebellen
2024-06-10 21:46:49,540 - textile_logger - INFO - [nouns_table] already available Wohn
2024-06-10 21:46:49,540 - textile_logger - INFO - [nouns_table] already available  Viertel
2024-06-10 21:46:49,540 - textile_logger - INFO - [nouns_table] already available Tote
2024-06-10 21:46:49,541 - textile_logger - INFO - [nouns_table] already available Rücksicht
2024-06-10 21:46:49,541 - textile_logger - INFO - [nouns_table] already available Macht
2024-06-10 21:46:49,541 - textile_logger - INFO - [nouns_table] already available Kämpfe
2024-06-10 21:46:49,542 - textile_logger - INFO - [nouns_table] already available Strom
2024-06-10 21:46:49,542 - textile_logger - INFO - [nouns_table] already available Armeen
2024-06-10 21:46:49,542 - textile_logger - INFO - [nouns_table] already available Trink
2024-06-10 21:46:49,543 - textile_logger - INFO - [nouns_table] already available  Wasser
2024-06-10 21:46:49,543 - textile_logger - INFO - [nouns_table] already available Wohnviertel
2024-06-10 21:46:49,543 - textile_logger - INFO - [nouns_table] already available Kontinent
2024-06-10 21:46:49,543 - textile_logger - INFO - [nouns_table] already available Kämpfen
2024-06-10 21:46:49,544 - textile_logger - INFO - [nouns_table] already available Helferinnen
2024-06-10 21:46:49,544 - textile_logger - INFO - [nouns_table] already available Hilfsorganisation
2024-06-10 21:46:49,544 - textile_logger - INFO - [nouns_table] already available Verkehrs
2024-06-10 21:46:49,545 - textile_logger - INFO - [nouns_table] already available Autos
2024-06-10 21:46:49,545 - textile_logger - INFO - [nouns_table] already available Auto
2024-06-10 21:46:49,545 - textile_logger - INFO - [nouns_table] already available Barrikaden
2024-06-10 21:46:49,546 - textile_logger - INFO - [nouns_table] already available Waffe
2024-06-10 21:46:49,546 - textile_logger - INFO - [nouns_table] already available Verkehrskontrolle
2024-06-10 21:46:49,546 - textile_logger - INFO - [nouns_table] already available Einrichtungen
2024-06-10 21:46:49,547 - textile_logger - INFO - [nouns_table] already available Müll
2024-06-10 21:46:49,547 - textile_logger - INFO - [nouns_table] already available Kugel
2024-06-10 21:46:49,548 - textile_logger - INFO - [nouns_table] already available Krawalle
2024-06-10 21:46:49,548 - textile_logger - INFO - [nouns_table] already available Video
2024-06-10 21:46:49,548 - textile_logger - INFO - [nouns_table] already available  Container
2024-06-10 21:46:49,549 - textile_logger - INFO - [nouns_table] already available Festnahmen
2024-06-10 21:46:49,549 - textile_logger - INFO - [nouns_table] already available 17
2024-06-10 21:46:49,549 - textile_logger - INFO - [nouns_table] already available Staat
2024-06-10 21:46:49,550 - textile_logger - INFO - [nouns_table] already available  Kontrolle
2024-06-10 21:46:49,550 - textile_logger - INFO - [nouns_table] already available Gewalt
2024-06-10 21:46:49,550 - textile_logger - INFO - [nouns_table] already available Satz
2024-06-10 21:46:49,550 - textile_logger - INFO - [nouns_table] already available Hauptstadt
2024-06-10 21:46:49,551 - textile_logger - INFO - [nouns_table] already available Feuerwerkskörpern
2024-06-10 21:46:49,551 - textile_logger - INFO - [nouns_table] already available Vorfall
2024-06-10 21:46:49,552 - textile_logger - INFO - [nouns_table] already available Demonstrierende
2024-06-10 21:46:49,552 - textile_logger - INFO - [nouns_table] already available Polizist
2024-06-10 21:46:49,552 - textile_logger - INFO - [nouns_table] already available Feuerwerks
2024-06-10 21:46:49,553 - textile_logger - INFO - [nouns_table] already available Vororten
2024-06-10 21:46:49,553 - textile_logger - INFO - [nouns_table] already available Müllcontainer
2024-06-10 21:46:49,553 - textile_logger - INFO - [nouns_table] already available  Körpern
2024-06-10 21:46:49,553 - textile_logger - INFO - [nouns_table] already available Polizisten
2024-06-10 21:46:49,554 - textile_logger - INFO - [nouns_table] already available Einsatz
2024-06-10 21:46:49,554 - textile_logger - INFO - [nouns_table] already available Jugendliche
2024-06-10 21:46:49,554 - textile_logger - INFO - [nouns_table] already available Kopf
2024-06-10 21:46:49,555 - textile_logger - INFO - [nouns_table] already available Stimmen
2024-06-10 21:46:49,555 - textile_logger - INFO - [nouns_table] already available  Wahl
2024-06-10 21:46:49,555 - textile_logger - INFO - [nouns_table] already available Ergebnis
2024-06-10 21:46:49,556 - textile_logger - INFO - [nouns_table] already available Sieg
2024-06-10 21:46:49,556 - textile_logger - INFO - [nouns_table] already available Polizeifoto
2024-06-10 21:46:49,556 - textile_logger - INFO - [nouns_table] already available  Präsident
2024-06-10 21:46:49,557 - textile_logger - INFO - [nouns_table] already available Verbrecher“foto
2024-06-10 21:46:49,557 - textile_logger - INFO - [nouns_table] already available Vorwürfe
2024-06-10 21:46:49,557 - textile_logger - INFO - [nouns_table] already available Medien
2024-06-10 21:46:49,558 - textile_logger - INFO - [nouns_table] already available Hexenjagd
2024-06-10 21:46:49,558 - textile_logger - INFO - [nouns_table] already available Behörden
2024-06-10 21:46:49,558 - textile_logger - INFO - [nouns_table] already available Verbrecher
2024-06-10 21:46:49,559 - textile_logger - INFO - [nouns_table] already available Bundesstaat
2024-06-10 21:46:49,559 - textile_logger - INFO - [nouns_table] already available  Foto
2024-06-10 21:46:49,559 - textile_logger - INFO - [nouns_table] already available Woche
2024-06-10 21:46:49,560 - textile_logger - INFO - [nouns_table] already available  Jagd
2024-06-10 21:46:49,560 - textile_logger - INFO - [nouns_table] already available  Bundes
2024-06-10 21:46:49,560 - textile_logger - INFO - [nouns_table] already available  Staat
2024-06-10 21:46:49,561 - textile_logger - INFO - [nouns_table] already available  Kampf
2024-06-10 21:46:49,561 - textile_logger - INFO - [nouns_table] already available Us
2024-06-10 21:46:49,561 - textile_logger - INFO - [nouns_table] already available  Shirts
2024-06-10 21:46:49,562 - textile_logger - INFO - [nouns_table] already available Hexen
2024-06-10 21:46:49,562 - textile_logger - INFO - [nouns_table] already available T
2024-06-10 21:46:49,562 - textile_logger - INFO - [nouns_table] already available Straßen
2024-06-10 21:46:49,562 - textile_logger - INFO - [nouns_table] already available Weg
2024-06-10 21:46:49,563 - textile_logger - INFO - [nouns_table] already available Wetter
2024-06-10 21:46:49,563 - textile_logger - INFO - [nouns_table] already available Wasser
2024-06-10 21:46:49,564 - textile_logger - INFO - [nouns_table] already available Reise
2024-06-10 21:46:49,564 - textile_logger - INFO - [nouns_table] already available Sonne
2024-06-10 21:46:49,564 - textile_logger - INFO - [nouns_table] already available Frau
2024-06-10 21:46:49,564 - textile_logger - INFO - [nouns_table] already available Route
2024-06-10 21:46:49,565 - textile_logger - INFO - [nouns_table] already available Flasche
2024-06-10 21:46:49,565 - textile_logger - INFO - [nouns_table] already available Buch
2024-06-10 21:46:49,565 - textile_logger - INFO - [nouns_table] already available Mann
2024-06-10 21:46:49,566 - textile_logger - INFO - [nouns_table] already available Bäumen
2024-06-10 21:46:49,566 - textile_logger - INFO - [nouns_table] already available Natur
2024-06-10 21:46:49,566 - textile_logger - INFO - [nouns_table] already available Bälle
2024-06-10 21:46:49,567 - textile_logger - INFO - [nouns_table] already available Park
2024-06-10 21:46:49,567 - textile_logger - INFO - [nouns_table] already available Vögel
2024-06-10 21:46:49,567 - textile_logger - INFO - [nouns_table] already available Wiese
2024-06-10 21:46:49,568 - textile_logger - INFO - [nouns_table] already available Mädchen
2024-06-10 21:46:49,568 - textile_logger - INFO - [nouns_table] already available Ball
2024-06-10 21:46:49,568 - textile_logger - INFO - [nouns_table] already available Hund
2024-06-10 21:46:49,569 - textile_logger - INFO - [nouns_table] already available Experimentieren
2024-06-10 21:46:49,569 - textile_logger - INFO - [nouns_table] already available Vordergrund
2024-06-10 21:46:49,569 - textile_logger - INFO - [nouns_table] already available Schmerzes
2024-06-10 21:46:49,570 - textile_logger - INFO - [nouns_table] already available Abendessen
2024-06-10 21:46:49,570 - textile_logger - INFO - [nouns_table] already available Möglichkeit
2024-06-10 21:46:49,570 - textile_logger - INFO - [nouns_table] already available Gemüse
2024-06-10 21:46:49,571 - textile_logger - INFO - [nouns_table] already available Höhen
2024-06-10 21:46:49,571 - textile_logger - INFO - [nouns_table] already available Küche
2024-06-10 21:46:49,571 - textile_logger - INFO - [nouns_table] already available Tränen
2024-06-10 21:46:49,572 - textile_logger - INFO - [nouns_table] already available Oscar
2024-06-10 21:46:49,572 - textile_logger - INFO - [nouns_table] already available Weltkrieg
2024-06-10 21:46:49,572 - textile_logger - INFO - [nouns_table] already available Regisseur
2024-06-10 21:46:49,572 - textile_logger - INFO - [nouns_table] already available Wasch
2024-06-10 21:46:49,573 - textile_logger - INFO - [nouns_table] already available Filmmusik
2024-06-10 21:46:49,573 - textile_logger - INFO - [nouns_table] already available Neues
2024-06-10 21:46:49,574 - textile_logger - INFO - [nouns_table] already available Film
2024-06-10 21:46:49,574 - textile_logger - INFO - [nouns_table] already available Oscars
2024-06-10 21:46:49,574 - textile_logger - INFO - [nouns_table] already available Generationen
2024-06-10 21:46:49,574 - textile_logger - INFO - [nouns_table] already available anderen
2024-06-10 21:46:49,575 - textile_logger - INFO - [nouns_table] already available Älteren
2024-06-10 21:46:49,575 - textile_logger - INFO - [nouns_table] already available Krankenschwester
2024-06-10 21:46:49,575 - textile_logger - INFO - [nouns_table] already available Alters
2024-06-10 21:46:49,576 - textile_logger - INFO - [nouns_table] already available Gemeinschaftsbereich
2024-06-10 21:46:49,576 - textile_logger - INFO - [nouns_table] already available Füreinander
2024-06-10 21:46:49,576 - textile_logger - INFO - [nouns_table] already available Gegenzug
2024-06-10 21:46:49,577 - textile_logger - INFO - [nouns_table] already available Unabhängigkeit
2024-06-10 21:46:49,577 - textile_logger - INFO - [nouns_table] already available Fähigkeiten
2024-06-10 21:46:49,577 - textile_logger - INFO - [nouns_table] already available Erziehung
2024-06-10 21:46:49,578 - textile_logger - INFO - [nouns_table] already available Erfahrungen
2024-06-10 21:46:49,578 - textile_logger - INFO - [nouns_table] already available Ende
2024-06-10 21:46:49,578 - textile_logger - INFO - [nouns_table] already available Gemeinschaft
2024-06-10 21:46:49,579 - textile_logger - INFO - [nouns_table] already available Teil
2024-06-10 21:46:49,579 - textile_logger - INFO - [nouns_table] already available Lösung
2024-06-10 21:46:49,579 - textile_logger - INFO - [nouns_table] already available Kindern
2024-06-10 21:46:49,580 - textile_logger - INFO - [nouns_table] already available  Jährige
2024-06-10 21:46:49,580 - textile_logger - INFO - [nouns_table] already available Schulaufgaben
2024-06-10 21:46:49,580 - textile_logger - INFO - [nouns_table] already available Geschwistern
2024-06-10 21:46:49,581 - textile_logger - INFO - [nouns_table] already available Motto
2024-06-10 21:46:49,581 - textile_logger - INFO - [nouns_table] already available Berufslebens
2024-06-10 21:46:49,581 - textile_logger - INFO - [nouns_table] already available 70
2024-06-10 21:46:49,582 - textile_logger - INFO - [nouns_table] already available Können
2024-06-10 21:46:49,582 - textile_logger - INFO - [nouns_table] already available Lebensgefühl
2024-06-10 21:46:49,582 - textile_logger - INFO - [nouns_table] already available Alter
2024-06-10 21:46:49,583 - textile_logger - INFO - [nouns_table] already available Altersheim
2024-06-10 21:46:49,794 - textile_logger - INFO - [nouns_table] already available Menschen
2024-06-10 21:46:49,795 - textile_logger - INFO - [nouns_table] already available Lebensgefühl
2024-06-10 21:46:49,795 - textile_logger - INFO - [nouns_table] already available Geschwistern
2024-06-10 21:46:49,796 - textile_logger - INFO - [nouns_table] already available Erwachsene
2024-06-10 21:46:49,796 - textile_logger - INFO - [nouns_table] already available Krankenschwester
2024-06-10 21:46:49,797 - textile_logger - INFO - [nouns_table] already available Wunder
2024-06-10 21:46:49,797 - textile_logger - INFO - [nouns_table] already available Alter
2024-06-10 21:46:50,234 - textile_logger - INFO - [nouns_table] parsing Gesellschaft
2024-06-10 21:46:50,234 - textile_logger - INFO - [nouns_table] already available Alters
2024-06-10 21:46:50,237 - textile_logger - INFO - [nouns_table] already available Altersheim
2024-06-10 21:46:51,052 - textile_logger - INFO - [nouns_table] parsing Option
2024-06-10 21:46:51,052 - textile_logger - INFO - [nouns_table] already available Lösung
2024-06-10 21:46:51,300 - textile_logger - INFO - [nouns_table] parsing Mehrgenerationenwohnen
2024-06-10 21:46:51,301 - textile_logger - INFO - [nouns_table] already available Motto
2024-06-10 21:46:51,304 - textile_logger - INFO - [nouns_table] already available Füreinander
2024-06-10 21:46:51,305 - textile_logger - INFO - [nouns_table] already available Älteren
2024-06-10 21:46:51,634 - textile_logger - INFO - [nouns_table] parsing Mehrgenerationenhaus
2024-06-10 21:46:52,486 - textile_logger - INFO - [nouns_table] parsing Wohnung
2024-06-10 21:46:52,486 - textile_logger - INFO - [nouns_table] already available Unabhängigkeit
2024-06-10 21:46:52,490 - textile_logger - INFO - [nouns_table] already available Zeit
2024-06-10 21:46:52,492 - textile_logger - INFO - [nouns_table] already available Gemeinschaftsbereich
2024-06-10 21:46:53,185 - textile_logger - INFO - [nouns_table] parsing Treff
2024-06-10 21:46:53,347 - textile_logger - INFO - [nouns_table] parsing Gespräch
2024-06-10 21:46:53,768 - textile_logger - INFO - [nouns_table] parsing Wohnzimmer
2024-06-10 21:46:54,631 - textile_logger - INFO - [nouns_table] parsing Treffpunkt
2024-06-10 21:46:54,631 - textile_logger - INFO - [nouns_table] already available Generationen
2024-06-10 21:46:54,634 - textile_logger - INFO - [nouns_table] already available Erfahrungen
2024-06-10 21:46:54,645 - textile_logger - INFO - [nouns_table] already available Fähigkeiten
2024-06-10 21:46:55,138 - textile_logger - INFO - [nouns_table] parsing Wissen
2024-06-10 21:46:55,139 - textile_logger - INFO - [nouns_table] already available Können
2024-06-10 21:46:55,142 - textile_logger - INFO - [nouns_table] already available anderen
2024-06-10 21:46:55,144 - textile_logger - INFO - [nouns_table] already available Kindern
2024-06-10 21:46:55,144 - textile_logger - INFO - [nouns_table] already available Schulaufgaben
2024-06-10 21:46:55,145 - textile_logger - INFO - [nouns_table] already available Eltern
2024-06-10 21:46:55,145 - textile_logger - INFO - [nouns_table] already available Erziehung
2024-06-10 21:46:55,712 - textile_logger - INFO - [nouns_table] parsing Ohr
2024-06-10 21:46:55,713 - textile_logger - INFO - [nouns_table] already available Gegenzug
2024-06-10 21:46:55,716 - textile_logger - INFO - [nouns_table] already available Teil
2024-06-10 21:46:55,718 - textile_logger - INFO - [nouns_table] already available Gemeinschaft
2024-06-10 21:46:55,718 - textile_logger - INFO - [nouns_table] already available Ende
2024-06-10 21:46:55,719 - textile_logger - INFO - [nouns_table] already available Berufslebens
2024-06-10 21:46:55,722 - textile_logger - INFO - [nouns_table] already available 70
2024-06-10 21:46:55,722 - textile_logger - INFO - [nouns_table] already available  Jährige
2024-06-10 21:46:56,629 - textile_logger - INFO - [nouns_table] parsing 70jährige
