2024-06-10 22:25:46,189 - textile_logger - INFO - [tui] starting textile
2024-06-10 22:25:47,182 - textile_logger - INFO - [text_agents] successfully loaded spacy
2024-06-10 22:25:47,215 - textile_logger - INFO - [text_agents] NLP model applied
2024-06-10 22:25:47,227 - textile_logger - INFO - [text_agents] analyzed text
2024-06-10 22:25:47,248 - textile_logger - INFO - [nouns_table] refreshing cache
2024-06-10 22:25:47,297 - textile_logger - INFO - [nouns_table] already available Name
2024-06-10 22:25:47,361 - textile_logger - INFO - [nouns_table] already available Jahren
2024-06-10 22:25:47,373 - textile_logger - INFO - [nouns_table] already available Jahre
2024-06-10 22:25:47,380 - textile_logger - INFO - [nouns_table] already available Geschwister
2024-06-10 22:25:47,392 - textile_logger - INFO - [nouns_table] already available Schwester
2024-06-10 22:25:47,393 - textile_logger - INFO - [nouns_table] already available Bruder
2024-06-10 22:25:47,393 - textile_logger - INFO - [nouns_table] already available Eltern
2024-06-10 22:25:47,394 - textile_logger - INFO - [nouns_table] already available Haus
2024-06-10 22:25:47,394 - textile_logger - INFO - [nouns_table] already available Nähe
2024-06-10 22:25:47,394 - textile_logger - INFO - [nouns_table] already available Mutter
2024-06-10 22:25:47,395 - textile_logger - INFO - [nouns_table] already available Köchin
2024-06-10 22:25:47,395 - textile_logger - INFO - [nouns_table] already available Vater
2024-06-10 22:25:47,396 - textile_logger - INFO - [nouns_table] already available Bank
2024-06-10 22:25:47,396 - textile_logger - INFO - [nouns_table] already available Richter
2024-06-10 22:25:47,397 - textile_logger - INFO - [nouns_table] already available Monat
2024-06-10 22:25:47,397 - textile_logger - INFO - [nouns_table] already available Gericht
2024-06-10 22:25:47,398 - textile_logger - INFO - [nouns_table] already available Fall
2024-06-10 22:25:47,398 - textile_logger - INFO - [nouns_table] already available Staatsanwalt
2024-06-10 22:25:47,399 - textile_logger - INFO - [nouns_table] already available Strafprozess
2024-06-10 22:25:47,399 - textile_logger - INFO - [nouns_table] already available Strafe
2024-06-10 22:25:47,399 - textile_logger - INFO - [nouns_table] already available Geschäftsunterlagen
2024-06-10 22:25:47,400 - textile_logger - INFO - [nouns_table] already available Stadt
2024-06-10 22:25:47,400 - textile_logger - INFO - [nouns_table] already available Verbotenes
2024-06-10 22:25:47,401 - textile_logger - INFO - [nouns_table] already available Wahl
2024-06-10 22:25:47,401 - textile_logger - INFO - [nouns_table] already available Land
2024-06-10 22:25:47,402 - textile_logger - INFO - [nouns_table] already available Januar
2024-06-10 22:25:47,402 - textile_logger - INFO - [nouns_table] already available Präsident
2024-06-10 22:25:47,403 - textile_logger - INFO - [nouns_table] already available Gerichtstermin
2024-06-10 22:25:47,403 - textile_logger - INFO - [nouns_table] already available Wahrheit
2024-06-10 22:25:47,403 - textile_logger - INFO - [nouns_table] already available  Bündnis
2024-06-10 22:25:47,404 - textile_logger - INFO - [nouns_table] already available Mitgliedsländer
2024-06-10 22:25:47,404 - textile_logger - INFO - [nouns_table] already available  Quartier
2024-06-10 22:25:47,405 - textile_logger - INFO - [nouns_table] already available Hauptquartier
2024-06-10 22:25:47,405 - textile_logger - INFO - [nouns_table] already available Russland
2024-06-10 22:25:47,406 - textile_logger - INFO - [nouns_table] already available Militär
2024-06-10 22:25:47,406 - textile_logger - INFO - [nouns_table] already available Mitglied
2024-06-10 22:25:47,407 - textile_logger - INFO - [nouns_table] already available Nato
2024-06-10 22:25:47,407 - textile_logger - INFO - [nouns_table] already available Mitglieds
2024-06-10 22:25:47,408 - textile_logger - INFO - [nouns_table] already available Erweiterung
2024-06-10 22:25:47,408 - textile_logger - INFO - [nouns_table] already available General
2024-06-10 22:25:47,408 - textile_logger - INFO - [nouns_table] already available Generalsekretär
2024-06-10 22:25:47,410 - textile_logger - INFO - [nouns_table] already available Beitritt
2024-06-10 22:25:47,410 - textile_logger - INFO - [nouns_table] already available  Länder
2024-06-10 22:25:47,411 - textile_logger - INFO - [nouns_table] already available Militärbündnis
2024-06-10 22:25:47,411 - textile_logger - INFO - [nouns_table] already available Fahne
2024-06-10 22:25:47,411 - textile_logger - INFO - [nouns_table] already available  Mitglied
2024-06-10 22:25:47,412 - textile_logger - INFO - [nouns_table] already available Haupt
2024-06-10 22:25:47,412 - textile_logger - INFO - [nouns_table] already available Länder
2024-06-10 22:25:47,413 - textile_logger - INFO - [nouns_table] already available Regierung
2024-06-10 22:25:47,413 - textile_logger - INFO - [nouns_table] already available Mitglieder
2024-06-10 22:25:47,414 - textile_logger - INFO - [nouns_table] already available  Sekretär
2024-06-10 22:25:47,414 - textile_logger - INFO - [nouns_table] already available Feier
2024-06-10 22:25:47,415 - textile_logger - INFO - [nouns_table] already available Schriftsteller
2024-06-10 22:25:47,415 - textile_logger - INFO - [nouns_table] already available Krieg
2024-06-10 22:25:47,415 - textile_logger - INFO - [nouns_table] already available  Musik
2024-06-10 22:25:47,416 - textile_logger - INFO - [nouns_table] already available Millionen
2024-06-10 22:25:47,416 - textile_logger - INFO - [nouns_table] already available Soldat
2024-06-10 22:25:47,417 - textile_logger - INFO - [nouns_table] already available Welt
2024-06-10 22:25:47,417 - textile_logger - INFO - [nouns_table] already available  Führung
2024-06-10 22:25:47,418 - textile_logger - INFO - [nouns_table] already available  Krieg
2024-06-10 22:25:47,418 - textile_logger - INFO - [nouns_table] already available Westen
2024-06-10 22:25:47,419 - textile_logger - INFO - [nouns_table] already available  Salon
2024-06-10 22:25:47,419 - textile_logger - INFO - [nouns_table] already available  Preisen
2024-06-10 22:25:47,420 - textile_logger - INFO - [nouns_table] already available  Bild
2024-06-10 22:25:47,420 - textile_logger - INFO - [nouns_table] already available Filmpreisen
2024-06-10 22:25:47,420 - textile_logger - INFO - [nouns_table] already available Waschsalon
2024-06-10 22:25:47,421 - textile_logger - INFO - [nouns_table] already available Kamera
2024-06-10 22:25:47,421 - textile_logger - INFO - [nouns_table] already available Jahr
2024-06-10 22:25:47,422 - textile_logger - INFO - [nouns_table] already available Besitzerin
2024-06-10 22:25:47,422 - textile_logger - INFO - [nouns_table] already available Szenen
2024-06-10 22:25:47,423 - textile_logger - INFO - [nouns_table] already available Kameraführung
2024-06-10 22:25:47,423 - textile_logger - INFO - [nouns_table] already available Menschen
2024-06-10 22:25:47,424 - textile_logger - INFO - [nouns_table] already available Grippe
2024-06-10 22:25:47,424 - textile_logger - INFO - [nouns_table] already available Fieber
2024-06-10 22:25:47,424 - textile_logger - INFO - [nouns_table] already available Alternative
2024-06-10 22:25:47,425 - textile_logger - INFO - [nouns_table] already available Kinder
2024-06-10 22:25:47,425 - textile_logger - INFO - [nouns_table] already available Essen
2024-06-10 22:25:47,426 - textile_logger - INFO - [nouns_table] already available Besserung
2024-06-10 22:25:47,426 - textile_logger - INFO - [nouns_table] already available Rezept
2024-06-10 22:25:47,427 - textile_logger - INFO - [nouns_table] already available leben
2024-06-10 22:25:47,427 - textile_logger - INFO - [nouns_table] already available Sohn
2024-06-10 22:25:47,428 - textile_logger - INFO - [nouns_table] already available Viren
2024-06-10 22:25:47,428 - textile_logger - INFO - [nouns_table] already available Podcast
2024-06-10 22:25:47,429 - textile_logger - INFO - [nouns_table] already available Husten
2024-06-10 22:25:47,429 - textile_logger - INFO - [nouns_table] already available Erkältung
2024-06-10 22:25:47,429 - textile_logger - INFO - [nouns_table] already available Saft
2024-06-10 22:25:47,431 - textile_logger - INFO - [nouns_table] already available Dialog
2024-06-10 22:25:47,431 - textile_logger - INFO - [nouns_table] already available Moderatoren
2024-06-10 22:25:47,432 - textile_logger - INFO - [nouns_table] already available Winter
2024-06-10 22:25:47,432 - textile_logger - INFO - [nouns_table] already available Morgen
2024-06-10 22:25:47,433 - textile_logger - INFO - [nouns_table] already available Zeit
2024-06-10 22:25:47,433 - textile_logger - INFO - [nouns_table] already available Mühe
2024-06-10 22:25:47,433 - textile_logger - INFO - [nouns_table] already available Wochen
2024-06-10 22:25:47,434 - textile_logger - INFO - [nouns_table] already available Wartezimmer
2024-06-10 22:25:47,434 - textile_logger - INFO - [nouns_table] already available Text
2024-06-10 22:25:47,435 - textile_logger - INFO - [nouns_table] already available Danke
2024-06-10 22:25:47,435 - textile_logger - INFO - [nouns_table] already available Radio
2024-06-10 22:25:47,436 - textile_logger - INFO - [nouns_table] already available Tage
2024-06-10 22:25:47,436 - textile_logger - INFO - [nouns_table] already available Katze
2024-06-10 22:25:47,437 - textile_logger - INFO - [nouns_table] already available Dialoges
2024-06-10 22:25:47,437 - textile_logger - INFO - [nouns_table] already available Schnupfen
2024-06-10 22:25:47,437 - textile_logger - INFO - [nouns_table] already available Arbeit
2024-06-10 22:25:47,438 - textile_logger - INFO - [nouns_table] already available Spaziergang
2024-06-10 22:25:47,438 - textile_logger - INFO - [nouns_table] already available Glück
2024-06-10 22:25:47,439 - textile_logger - INFO - [nouns_table] already available Gefühl
2024-06-10 22:25:47,439 - textile_logger - INFO - [nouns_table] already available Getränke
2024-06-10 22:25:47,440 - textile_logger - INFO - [nouns_table] already available Attest
2024-06-10 22:25:47,440 - textile_logger - INFO - [nouns_table] already available Kopfweh
2024-06-10 22:25:47,441 - textile_logger - INFO - [nouns_table] already available Wunder
2024-06-10 22:25:47,441 - textile_logger - INFO - [nouns_table] already available Kontakt
2024-06-10 22:25:47,442 - textile_logger - INFO - [nouns_table] already available Kind
2024-06-10 22:25:47,442 - textile_logger - INFO - [nouns_table] already available Kinderarzt
2024-06-10 22:25:47,442 - textile_logger - INFO - [nouns_table] already available Bleib
2024-06-10 22:25:47,443 - textile_logger - INFO - [nouns_table] already available Schmerzmittel
2024-06-10 22:25:47,443 - textile_logger - INFO - [nouns_table] already available Schule
2024-06-10 22:25:47,444 - textile_logger - INFO - [nouns_table] already available Medikamente
2024-06-10 22:25:47,444 - textile_logger - INFO - [nouns_table] already available Tag
2024-06-10 22:25:47,445 - textile_logger - INFO - [nouns_table] already available Schmerzen
2024-06-10 22:25:47,445 - textile_logger - INFO - [nouns_table] already available Arzt
2024-06-10 22:25:47,446 - textile_logger - INFO - [nouns_table] already available Nachrichten
2024-06-10 22:25:47,446 - textile_logger - INFO - [nouns_table] already available Geschichte
2024-06-10 22:25:47,446 - textile_logger - INFO - [nouns_table] already available Pflanzen
2024-06-10 22:25:47,447 - textile_logger - INFO - [nouns_table] already available  Mittel
2024-06-10 22:25:47,447 - textile_logger - INFO - [nouns_table] already available Chemie
2024-06-10 22:25:47,448 - textile_logger - INFO - [nouns_table] already available  Vertrag
2024-06-10 22:25:47,448 - textile_logger - INFO - [nouns_table] already available Bundesregierung
2024-06-10 22:25:47,449 - textile_logger - INFO - [nouns_table] already available Verkauf
2024-06-10 22:25:47,449 - textile_logger - INFO - [nouns_table] already available Parteien
2024-06-10 22:25:47,450 - textile_logger - INFO - [nouns_table] already available Gehirn
2024-06-10 22:25:47,450 - textile_logger - INFO - [nouns_table] already available Sand
2024-06-10 22:25:47,451 - textile_logger - INFO - [nouns_table] already available Drogenhändler
2024-06-10 22:25:47,451 - textile_logger - INFO - [nouns_table] already available Leute
2024-06-10 22:25:47,460 - textile_logger - INFO - [nouns_table] already available Zucker
2024-06-10 22:25:47,460 - textile_logger - INFO - [nouns_table] already available  Händler
2024-06-10 22:25:47,461 - textile_logger - INFO - [nouns_table] already available Blätter
2024-06-10 22:25:47,461 - textile_logger - INFO - [nouns_table] already available Beispiel
2024-06-10 22:25:47,462 - textile_logger - INFO - [nouns_table] already available Streit
2024-06-10 22:25:47,462 - textile_logger - INFO - [nouns_table] already available Bedingungen
2024-06-10 22:25:47,463 - textile_logger - INFO - [nouns_table] already available Rausch
2024-06-10 22:25:47,463 - textile_logger - INFO - [nouns_table] already available Cannabis
2024-06-10 22:25:47,464 - textile_logger - INFO - [nouns_table] already available Erlaubnis
2024-06-10 22:25:47,464 - textile_logger - INFO - [nouns_table] already available Koalitionsvertrag
2024-06-10 22:25:47,465 - textile_logger - INFO - [nouns_table] already available  Minister
2024-06-10 22:25:47,465 - textile_logger - INFO - [nouns_table] already available Drogenhändlern
2024-06-10 22:25:47,466 - textile_logger - INFO - [nouns_table] already available Fachleute
2024-06-10 22:25:47,466 - textile_logger - INFO - [nouns_table] already available Droge
2024-06-10 22:25:47,466 - textile_logger - INFO - [nouns_table] already available Geschäfte
2024-06-10 22:25:47,467 - textile_logger - INFO - [nouns_table] already available Teile
2024-06-10 22:25:47,467 - textile_logger - INFO - [nouns_table] already available Gewürze
2024-06-10 22:25:47,468 - textile_logger - INFO - [nouns_table] already available Ärzte
2024-06-10 22:25:47,469 - textile_logger - INFO - [nouns_table] already available Vereine
2024-06-10 22:25:47,469 - textile_logger - INFO - [nouns_table] already available  Regierung
2024-06-10 22:25:47,469 - textile_logger - INFO - [nouns_table] already available Gesundheits
2024-06-10 22:25:47,470 - textile_logger - INFO - [nouns_table] already available Gegenden
2024-06-10 22:25:47,470 - textile_logger - INFO - [nouns_table] already available Pflanze
2024-06-10 22:25:47,471 - textile_logger - INFO - [nouns_table] already available Moment
2024-06-10 22:25:47,471 - textile_logger - INFO - [nouns_table] already available Angst
2024-06-10 22:25:47,472 - textile_logger - INFO - [nouns_table] already available Drogen
2024-06-10 22:25:47,472 - textile_logger - INFO - [nouns_table] already available Gesundheitsminister
2024-06-10 22:25:47,473 - textile_logger - INFO - [nouns_table] already available Erwachsene
2024-06-10 22:25:47,473 - textile_logger - INFO - [nouns_table] already available Qualität
2024-06-10 22:25:47,473 - textile_logger - INFO - [nouns_table] already available Hause
2024-06-10 22:25:47,474 - textile_logger - INFO - [nouns_table] already available Dezember
2024-06-10 22:25:47,474 - textile_logger - INFO - [nouns_table] already available  Team
2024-06-10 22:25:47,475 - textile_logger - INFO - [nouns_table] already available Hinspiel
2024-06-10 22:25:47,475 - textile_logger - INFO - [nouns_table] already available WM
2024-06-10 22:25:47,476 - textile_logger - INFO - [nouns_table] already available Qualifikation
2024-06-10 22:25:47,476 - textile_logger - INFO - [nouns_table] already available Frauen
2024-06-10 22:25:47,477 - textile_logger - INFO - [nouns_table] already available Hin
2024-06-10 22:25:47,477 - textile_logger - INFO - [nouns_table] already available  Meisterschaft
2024-06-10 22:25:47,478 - textile_logger - INFO - [nouns_table] already available Grund
2024-06-10 22:25:47,478 - textile_logger - INFO - [nouns_table] already available Rück
2024-06-10 22:25:47,478 - textile_logger - INFO - [nouns_table] already available Ländern
2024-06-10 22:25:47,479 - textile_logger - INFO - [nouns_table] already available Toren
2024-06-10 22:25:47,479 - textile_logger - INFO - [nouns_table] already available Handballerinnen
2024-06-10 22:25:47,480 - textile_logger - INFO - [nouns_table] already available Weltmeisterschaft
2024-06-10 22:25:47,480 - textile_logger - INFO - [nouns_table] already available November
2024-06-10 22:25:47,482 - textile_logger - INFO - [nouns_table] already available Rückspiel
2024-06-10 22:25:47,482 - textile_logger - INFO - [nouns_table] already available  Spiel
2024-06-10 22:25:47,483 - textile_logger - INFO - [nouns_table] already available Potter
2024-06-10 22:25:47,483 - textile_logger - INFO - [nouns_table] already available Kinofilmen
2024-06-10 22:25:47,484 - textile_logger - INFO - [nouns_table] already available Geschichten
2024-06-10 22:25:47,484 - textile_logger - INFO - [nouns_table] already available Serie
2024-06-10 22:25:47,485 - textile_logger - INFO - [nouns_table] already available Firma
2024-06-10 22:25:47,485 - textile_logger - INFO - [nouns_table] already available Autorin
2024-06-10 22:25:47,486 - textile_logger - INFO - [nouns_table] already available Schauspielerinnen
2024-06-10 22:25:47,486 - textile_logger - INFO - [nouns_table] already available Platz
2024-06-10 22:25:47,487 - textile_logger - INFO - [nouns_table] already available Kino
2024-06-10 22:25:47,487 - textile_logger - INFO - [nouns_table] already available  Spieler
2024-06-10 22:25:47,487 - textile_logger - INFO - [nouns_table] already available Schau
2024-06-10 22:25:47,488 - textile_logger - INFO - [nouns_table] already available Einzelheiten
2024-06-10 22:25:47,488 - textile_logger - INFO - [nouns_table] already available Kinofilm
2024-06-10 22:25:47,489 - textile_logger - INFO - [nouns_table] already available Potter“büchern
2024-06-10 22:25:47,489 - textile_logger - INFO - [nouns_table] already available Potter“
2024-06-10 22:25:47,490 - textile_logger - INFO - [nouns_table] already available Bücher
2024-06-10 22:25:47,490 - textile_logger - INFO - [nouns_table] already available  Filmen
2024-06-10 22:25:47,491 - textile_logger - INFO - [nouns_table] already available  Film
2024-06-10 22:25:47,491 - textile_logger - INFO - [nouns_table] already available Streaming
2024-06-10 22:25:47,492 - textile_logger - INFO - [nouns_table] already available  Dienst
2024-06-10 22:25:47,492 - textile_logger - INFO - [nouns_table] already available Kinofilme
2024-06-10 22:25:47,493 - textile_logger - INFO - [nouns_table] already available Fernseh
2024-06-10 22:25:47,504 - textile_logger - INFO - [nouns_table] already available  Büchern
2024-06-10 22:25:47,505 - textile_logger - INFO - [nouns_table] already available Zauberer
2024-06-10 22:25:47,505 - textile_logger - INFO - [nouns_table] already available Fernsehserie
2024-06-10 22:25:47,506 - textile_logger - INFO - [nouns_table] already available  Serie
2024-06-10 22:25:47,506 - textile_logger - INFO - [nouns_table] already available Schauspieler
2024-06-10 22:25:47,507 - textile_logger - INFO - [nouns_table] already available Helfer
2024-06-10 22:25:47,507 - textile_logger - INFO - [nouns_table] already available Trinkwasser
2024-06-10 22:25:47,508 - textile_logger - INFO - [nouns_table] already available Armee
2024-06-10 22:25:47,509 - textile_logger - INFO - [nouns_table] already available Tagen
2024-06-10 22:25:47,535 - textile_logger - INFO - [nouns_table] already available  Armee
2024-06-10 22:25:47,543 - textile_logger - INFO - [nouns_table] already available Rebellen
2024-06-10 22:25:47,550 - textile_logger - INFO - [nouns_table] already available Wohn
2024-06-10 22:25:47,556 - textile_logger - INFO - [nouns_table] already available  Viertel
2024-06-10 22:25:47,557 - textile_logger - INFO - [nouns_table] already available Tote
2024-06-10 22:25:47,557 - textile_logger - INFO - [nouns_table] already available Rücksicht
2024-06-10 22:25:47,558 - textile_logger - INFO - [nouns_table] already available Macht
2024-06-10 22:25:47,575 - textile_logger - INFO - [nouns_table] already available Kämpfe
2024-06-10 22:25:47,575 - textile_logger - INFO - [nouns_table] already available Strom
2024-06-10 22:25:47,576 - textile_logger - INFO - [nouns_table] already available Armeen
2024-06-10 22:25:47,576 - textile_logger - INFO - [nouns_table] already available Trink
2024-06-10 22:25:47,577 - textile_logger - INFO - [nouns_table] already available  Wasser
2024-06-10 22:25:47,582 - textile_logger - INFO - [nouns_table] already available Wohnviertel
2024-06-10 22:25:47,583 - textile_logger - INFO - [nouns_table] already available Kontinent
2024-06-10 22:25:47,583 - textile_logger - INFO - [nouns_table] already available Kämpfen
2024-06-10 22:25:47,584 - textile_logger - INFO - [nouns_table] already available Helferinnen
2024-06-10 22:25:47,584 - textile_logger - INFO - [nouns_table] already available Hilfsorganisation
2024-06-10 22:25:47,585 - textile_logger - INFO - [nouns_table] already available Verkehrs
2024-06-10 22:25:47,585 - textile_logger - INFO - [nouns_table] already available Autos
2024-06-10 22:25:47,586 - textile_logger - INFO - [nouns_table] already available Auto
2024-06-10 22:25:47,586 - textile_logger - INFO - [nouns_table] already available Barrikaden
2024-06-10 22:25:47,587 - textile_logger - INFO - [nouns_table] already available Waffe
2024-06-10 22:25:47,587 - textile_logger - INFO - [nouns_table] already available Verkehrskontrolle
2024-06-10 22:25:47,588 - textile_logger - INFO - [nouns_table] already available Einrichtungen
2024-06-10 22:25:47,588 - textile_logger - INFO - [nouns_table] already available Müll
2024-06-10 22:25:47,588 - textile_logger - INFO - [nouns_table] already available Kugel
2024-06-10 22:25:47,589 - textile_logger - INFO - [nouns_table] already available Krawalle
2024-06-10 22:25:47,589 - textile_logger - INFO - [nouns_table] already available Video
2024-06-10 22:25:47,590 - textile_logger - INFO - [nouns_table] already available  Container
2024-06-10 22:25:47,590 - textile_logger - INFO - [nouns_table] already available Festnahmen
2024-06-10 22:25:47,591 - textile_logger - INFO - [nouns_table] already available 17
2024-06-10 22:25:47,591 - textile_logger - INFO - [nouns_table] already available Staat
2024-06-10 22:25:47,592 - textile_logger - INFO - [nouns_table] already available  Kontrolle
2024-06-10 22:25:47,592 - textile_logger - INFO - [nouns_table] already available Gewalt
2024-06-10 22:25:47,593 - textile_logger - INFO - [nouns_table] already available Satz
2024-06-10 22:25:47,593 - textile_logger - INFO - [nouns_table] already available Hauptstadt
2024-06-10 22:25:47,593 - textile_logger - INFO - [nouns_table] already available Feuerwerkskörpern
2024-06-10 22:25:47,594 - textile_logger - INFO - [nouns_table] already available Vorfall
2024-06-10 22:25:47,594 - textile_logger - INFO - [nouns_table] already available Demonstrierende
2024-06-10 22:25:47,595 - textile_logger - INFO - [nouns_table] already available Polizist
2024-06-10 22:25:47,595 - textile_logger - INFO - [nouns_table] already available Feuerwerks
2024-06-10 22:25:47,596 - textile_logger - INFO - [nouns_table] already available Vororten
2024-06-10 22:25:47,596 - textile_logger - INFO - [nouns_table] already available Müllcontainer
2024-06-10 22:25:47,597 - textile_logger - INFO - [nouns_table] already available  Körpern
2024-06-10 22:25:47,597 - textile_logger - INFO - [nouns_table] already available Polizisten
2024-06-10 22:25:47,598 - textile_logger - INFO - [nouns_table] already available Einsatz
2024-06-10 22:25:47,598 - textile_logger - INFO - [nouns_table] already available Jugendliche
2024-06-10 22:25:47,598 - textile_logger - INFO - [nouns_table] already available Kopf
2024-06-10 22:25:47,599 - textile_logger - INFO - [nouns_table] already available Stimmen
2024-06-10 22:25:47,599 - textile_logger - INFO - [nouns_table] already available  Wahl
2024-06-10 22:25:47,600 - textile_logger - INFO - [nouns_table] already available Ergebnis
2024-06-10 22:25:47,600 - textile_logger - INFO - [nouns_table] already available Sieg
2024-06-10 22:25:47,601 - textile_logger - INFO - [nouns_table] already available Polizeifoto
2024-06-10 22:25:47,601 - textile_logger - INFO - [nouns_table] already available  Präsident
2024-06-10 22:25:47,602 - textile_logger - INFO - [nouns_table] already available Verbrecher“foto
2024-06-10 22:25:47,602 - textile_logger - INFO - [nouns_table] already available Vorwürfe
2024-06-10 22:25:47,603 - textile_logger - INFO - [nouns_table] already available Medien
2024-06-10 22:25:47,603 - textile_logger - INFO - [nouns_table] already available Hexenjagd
2024-06-10 22:25:47,603 - textile_logger - INFO - [nouns_table] already available Behörden
2024-06-10 22:25:47,604 - textile_logger - INFO - [nouns_table] already available Verbrecher
2024-06-10 22:25:47,604 - textile_logger - INFO - [nouns_table] already available Bundesstaat
2024-06-10 22:25:47,605 - textile_logger - INFO - [nouns_table] already available  Foto
2024-06-10 22:25:47,607 - textile_logger - INFO - [nouns_table] already available Woche
2024-06-10 22:25:47,646 - textile_logger - INFO - [nouns_table] already available  Jagd
2024-06-10 22:25:47,646 - textile_logger - INFO - [nouns_table] already available  Bundes
2024-06-10 22:25:47,647 - textile_logger - INFO - [nouns_table] already available  Staat
2024-06-10 22:25:47,647 - textile_logger - INFO - [nouns_table] already available  Kampf
2024-06-10 22:25:47,648 - textile_logger - INFO - [nouns_table] already available Us
2024-06-10 22:25:47,648 - textile_logger - INFO - [nouns_table] already available  Shirts
2024-06-10 22:25:47,649 - textile_logger - INFO - [nouns_table] already available Hexen
2024-06-10 22:25:47,653 - textile_logger - INFO - [nouns_table] already available T
2024-06-10 22:25:47,655 - textile_logger - INFO - [nouns_table] already available Straßen
2024-06-10 22:25:47,656 - textile_logger - INFO - [nouns_table] already available Weg
2024-06-10 22:25:47,657 - textile_logger - INFO - [nouns_table] already available Wetter
2024-06-10 22:25:47,671 - textile_logger - INFO - [nouns_table] already available Wasser
2024-06-10 22:25:47,671 - textile_logger - INFO - [nouns_table] already available Reise
2024-06-10 22:25:47,672 - textile_logger - INFO - [nouns_table] already available Sonne
2024-06-10 22:25:47,672 - textile_logger - INFO - [nouns_table] already available Frau
2024-06-10 22:25:47,672 - textile_logger - INFO - [nouns_table] already available Route
2024-06-10 22:25:47,674 - textile_logger - INFO - [nouns_table] already available Flasche
2024-06-10 22:25:47,675 - textile_logger - INFO - [nouns_table] already available Buch
2024-06-10 22:25:47,678 - textile_logger - INFO - [nouns_table] already available Mann
2024-06-10 22:25:47,678 - textile_logger - INFO - [nouns_table] already available Bäumen
2024-06-10 22:25:47,679 - textile_logger - INFO - [nouns_table] already available Natur
2024-06-10 22:25:47,680 - textile_logger - INFO - [nouns_table] already available Bälle
2024-06-10 22:25:47,680 - textile_logger - INFO - [nouns_table] already available Park
2024-06-10 22:25:47,681 - textile_logger - INFO - [nouns_table] already available Vögel
2024-06-10 22:25:47,689 - textile_logger - INFO - [nouns_table] already available Wiese
2024-06-10 22:25:47,689 - textile_logger - INFO - [nouns_table] already available Mädchen
2024-06-10 22:25:47,690 - textile_logger - INFO - [nouns_table] already available Ball
2024-06-10 22:25:47,690 - textile_logger - INFO - [nouns_table] already available Hund
2024-06-10 22:25:47,696 - textile_logger - INFO - [nouns_table] already available Experimentieren
2024-06-10 22:25:47,696 - textile_logger - INFO - [nouns_table] already available Vordergrund
2024-06-10 22:25:47,696 - textile_logger - INFO - [nouns_table] already available Schmerzes
2024-06-10 22:25:47,697 - textile_logger - INFO - [nouns_table] already available Abendessen
2024-06-10 22:25:47,697 - textile_logger - INFO - [nouns_table] already available Möglichkeit
2024-06-10 22:25:47,698 - textile_logger - INFO - [nouns_table] already available Gemüse
2024-06-10 22:25:47,698 - textile_logger - INFO - [nouns_table] already available Höhen
2024-06-10 22:25:47,698 - textile_logger - INFO - [nouns_table] already available Küche
2024-06-10 22:25:47,703 - textile_logger - INFO - [nouns_table] already available Tränen
2024-06-10 22:25:47,715 - textile_logger - INFO - [nouns_table] already available Oscar
2024-06-10 22:25:47,715 - textile_logger - INFO - [nouns_table] already available Weltkrieg
2024-06-10 22:25:47,716 - textile_logger - INFO - [nouns_table] already available Regisseur
2024-06-10 22:25:47,716 - textile_logger - INFO - [nouns_table] already available Wasch
2024-06-10 22:25:47,716 - textile_logger - INFO - [nouns_table] already available Filmmusik
2024-06-10 22:25:47,717 - textile_logger - INFO - [nouns_table] already available Neues
2024-06-10 22:25:47,717 - textile_logger - INFO - [nouns_table] already available Film
2024-06-10 22:25:47,717 - textile_logger - INFO - [nouns_table] already available Oscars
2024-06-10 22:25:47,718 - textile_logger - INFO - [nouns_table] already available Generationen
2024-06-10 22:25:47,718 - textile_logger - INFO - [nouns_table] already available anderen
2024-06-10 22:25:47,719 - textile_logger - INFO - [nouns_table] already available Älteren
2024-06-10 22:25:47,719 - textile_logger - INFO - [nouns_table] already available Krankenschwester
2024-06-10 22:25:47,719 - textile_logger - INFO - [nouns_table] already available Alters
2024-06-10 22:25:47,720 - textile_logger - INFO - [nouns_table] already available Gemeinschaftsbereich
2024-06-10 22:25:47,720 - textile_logger - INFO - [nouns_table] already available Füreinander
2024-06-10 22:25:47,720 - textile_logger - INFO - [nouns_table] already available Gegenzug
2024-06-10 22:25:47,721 - textile_logger - INFO - [nouns_table] already available Unabhängigkeit
2024-06-10 22:25:47,721 - textile_logger - INFO - [nouns_table] already available Fähigkeiten
2024-06-10 22:25:47,721 - textile_logger - INFO - [nouns_table] already available Erziehung
2024-06-10 22:25:47,722 - textile_logger - INFO - [nouns_table] already available Erfahrungen
2024-06-10 22:25:47,722 - textile_logger - INFO - [nouns_table] already available Ende
2024-06-10 22:25:47,722 - textile_logger - INFO - [nouns_table] already available Gemeinschaft
2024-06-10 22:25:47,722 - textile_logger - INFO - [nouns_table] already available Teil
2024-06-10 22:25:47,723 - textile_logger - INFO - [nouns_table] already available Lösung
2024-06-10 22:25:47,723 - textile_logger - INFO - [nouns_table] already available Kindern
2024-06-10 22:25:47,724 - textile_logger - INFO - [nouns_table] already available  Jährige
2024-06-10 22:25:47,724 - textile_logger - INFO - [nouns_table] already available Schulaufgaben
2024-06-10 22:25:47,725 - textile_logger - INFO - [nouns_table] already available Geschwistern
2024-06-10 22:25:47,725 - textile_logger - INFO - [nouns_table] already available Motto
2024-06-10 22:25:47,725 - textile_logger - INFO - [nouns_table] already available Berufslebens
2024-06-10 22:25:47,726 - textile_logger - INFO - [nouns_table] already available 70
2024-06-10 22:25:47,726 - textile_logger - INFO - [nouns_table] already available Können
2024-06-10 22:25:47,727 - textile_logger - INFO - [nouns_table] already available Lebensgefühl
2024-06-10 22:25:47,727 - textile_logger - INFO - [nouns_table] already available Alter
2024-06-10 22:25:47,728 - textile_logger - INFO - [nouns_table] already available Altersheim
2024-06-10 22:25:47,750 - textile_logger - INFO - [nouns_table] already available Füreinander
2024-06-10 22:25:47,751 - textile_logger - INFO - [nouns_table] already available Zeit
2024-06-10 22:25:47,854 - textile_logger - INFO - [nouns_table] parsing Ohr
2024-06-10 22:25:48,728 - textile_logger - INFO - [nouns_table] parsing Mehrgenerationenhaus
2024-06-10 22:25:49,628 - textile_logger - INFO - [nouns_table] parsing Gespräch
2024-06-10 22:25:49,629 - textile_logger - INFO - [nouns_table] already available Gemeinschaftsbereich
2024-06-10 22:25:50,611 - textile_logger - INFO - [nouns_table] parsing Treff
2024-06-10 22:25:50,794 - textile_logger - INFO - [nouns_table] parsing Wissen
2024-06-10 22:25:50,795 - textile_logger - INFO - [nouns_table] already available Älteren
2024-06-10 22:25:50,798 - textile_logger - INFO - [nouns_table] already available Alter
2024-06-10 22:25:50,800 - textile_logger - INFO - [nouns_table] already available Generationen
2024-06-10 22:25:50,801 - textile_logger - INFO - [nouns_table] already available Schulaufgaben
2024-06-10 22:25:50,801 - textile_logger - INFO - [nouns_table] already available Gegenzug
2024-06-10 22:25:50,802 - textile_logger - INFO - [nouns_table] already available Alters
2024-06-10 22:25:50,802 - textile_logger - INFO - [nouns_table] already available Können
2024-06-10 22:25:50,803 - textile_logger - INFO - [nouns_table] already available 70
2024-06-10 22:25:51,585 - textile_logger - INFO - [nouns_table] parsing 70jährige
2024-06-10 22:25:51,586 - textile_logger - INFO - [nouns_table] already available Wunder
2024-06-10 22:25:51,589 - textile_logger - INFO - [nouns_table] already available Erziehung
2024-06-10 22:25:51,591 - textile_logger - INFO - [nouns_table] already available Erwachsene
2024-06-10 22:25:51,592 - textile_logger - INFO - [nouns_table] already available Ende
2024-06-10 22:25:51,592 - textile_logger - INFO - [nouns_table] already available Berufslebens
2024-06-10 22:25:51,593 - textile_logger - INFO - [nouns_table] already available Krankenschwester
2024-06-10 22:25:52,229 - textile_logger - INFO - [nouns_table] parsing Treffpunkt
2024-06-10 22:25:52,230 - textile_logger - INFO - [nouns_table] already available Geschwistern
2024-06-10 22:25:52,233 - textile_logger - INFO - [nouns_table] already available Motto
2024-06-10 22:25:53,169 - textile_logger - INFO - [nouns_table] parsing Option
2024-06-10 22:25:53,169 - textile_logger - INFO - [nouns_table] already available Teil
2024-06-10 22:25:53,170 - textile_logger - INFO - [nouns_table] already available Lebensgefühl
2024-06-10 22:25:53,170 - textile_logger - INFO - [nouns_table] already available Lösung
2024-06-10 22:25:53,171 - textile_logger - INFO - [nouns_table] already available Kindern
2024-06-10 22:25:53,829 - textile_logger - INFO - [nouns_table] parsing Mehrgenerationenwohnen
2024-06-10 22:25:53,829 - textile_logger - INFO - [nouns_table] already available Gemeinschaft
2024-06-10 22:25:53,830 - textile_logger - INFO - [nouns_table] already available Altersheim
2024-06-10 22:25:53,831 - textile_logger - INFO - [nouns_table] already available Eltern
2024-06-10 22:25:53,831 - textile_logger - INFO - [nouns_table] already available Menschen
2024-06-10 22:25:53,963 - textile_logger - INFO - [nouns_table] parsing Gesellschaft
2024-06-10 22:25:53,963 - textile_logger - INFO - [nouns_table] already available Unabhängigkeit
2024-06-10 22:25:53,964 - textile_logger - INFO - [nouns_table] already available anderen
2024-06-10 22:25:54,434 - textile_logger - INFO - [nouns_table] parsing Wohnzimmer
2024-06-10 22:25:55,331 - textile_logger - INFO - [nouns_table] parsing Wohnung
2024-06-10 22:25:55,331 - textile_logger - INFO - [nouns_table] already available Fähigkeiten
2024-06-10 22:25:55,333 - textile_logger - INFO - [nouns_table] already available  Jährige
2024-06-10 22:25:55,336 - textile_logger - INFO - [nouns_table] already available Erfahrungen
2024-06-10 22:25:55,336 - textile_logger - INFO - [nouns_table] caching nouns df
2024-06-10 22:25:55,424 - textile_logger - INFO - [nouns_table] refreshing cache
2024-06-10 22:25:55,442 - textile_logger - INFO - [nouns_table] already available Name
2024-06-10 22:25:55,443 - textile_logger - INFO - [nouns_table] already available Jahren
2024-06-10 22:25:55,443 - textile_logger - INFO - [nouns_table] already available Jahre
2024-06-10 22:25:55,443 - textile_logger - INFO - [nouns_table] already available Geschwister
2024-06-10 22:25:55,444 - textile_logger - INFO - [nouns_table] already available Schwester
2024-06-10 22:25:55,444 - textile_logger - INFO - [nouns_table] already available Bruder
2024-06-10 22:25:55,444 - textile_logger - INFO - [nouns_table] already available Eltern
2024-06-10 22:25:55,445 - textile_logger - INFO - [nouns_table] already available Haus
2024-06-10 22:25:55,445 - textile_logger - INFO - [nouns_table] already available Nähe
2024-06-10 22:25:55,445 - textile_logger - INFO - [nouns_table] already available Mutter
2024-06-10 22:25:55,446 - textile_logger - INFO - [nouns_table] already available Köchin
2024-06-10 22:25:55,446 - textile_logger - INFO - [nouns_table] already available Vater
2024-06-10 22:25:55,446 - textile_logger - INFO - [nouns_table] already available Bank
2024-06-10 22:25:55,447 - textile_logger - INFO - [nouns_table] already available Richter
2024-06-10 22:25:55,447 - textile_logger - INFO - [nouns_table] already available Monat
2024-06-10 22:25:55,447 - textile_logger - INFO - [nouns_table] already available Gericht
2024-06-10 22:25:55,448 - textile_logger - INFO - [nouns_table] already available Fall
2024-06-10 22:25:55,448 - textile_logger - INFO - [nouns_table] already available Staatsanwalt
2024-06-10 22:25:55,448 - textile_logger - INFO - [nouns_table] already available Strafprozess
2024-06-10 22:25:55,448 - textile_logger - INFO - [nouns_table] already available Strafe
2024-06-10 22:25:55,449 - textile_logger - INFO - [nouns_table] already available Geschäftsunterlagen
2024-06-10 22:25:55,449 - textile_logger - INFO - [nouns_table] already available Stadt
2024-06-10 22:25:55,449 - textile_logger - INFO - [nouns_table] already available Verbotenes
2024-06-10 22:25:55,450 - textile_logger - INFO - [nouns_table] already available Wahl
2024-06-10 22:25:55,450 - textile_logger - INFO - [nouns_table] already available Land
2024-06-10 22:25:55,450 - textile_logger - INFO - [nouns_table] already available Januar
2024-06-10 22:25:55,451 - textile_logger - INFO - [nouns_table] already available Präsident
2024-06-10 22:25:55,451 - textile_logger - INFO - [nouns_table] already available Gerichtstermin
2024-06-10 22:25:55,451 - textile_logger - INFO - [nouns_table] already available Wahrheit
2024-06-10 22:25:55,452 - textile_logger - INFO - [nouns_table] already available  Bündnis
2024-06-10 22:25:55,452 - textile_logger - INFO - [nouns_table] already available Mitgliedsländer
2024-06-10 22:25:55,452 - textile_logger - INFO - [nouns_table] already available  Quartier
2024-06-10 22:25:55,453 - textile_logger - INFO - [nouns_table] already available Hauptquartier
2024-06-10 22:25:55,453 - textile_logger - INFO - [nouns_table] already available Russland
2024-06-10 22:25:55,453 - textile_logger - INFO - [nouns_table] already available Militär
2024-06-10 22:25:55,453 - textile_logger - INFO - [nouns_table] already available Mitglied
2024-06-10 22:25:55,454 - textile_logger - INFO - [nouns_table] already available Nato
2024-06-10 22:25:55,454 - textile_logger - INFO - [nouns_table] already available Mitglieds
2024-06-10 22:25:55,454 - textile_logger - INFO - [nouns_table] already available Erweiterung
2024-06-10 22:25:55,455 - textile_logger - INFO - [nouns_table] already available General
2024-06-10 22:25:55,455 - textile_logger - INFO - [nouns_table] already available Generalsekretär
2024-06-10 22:25:55,455 - textile_logger - INFO - [nouns_table] already available Beitritt
2024-06-10 22:25:55,456 - textile_logger - INFO - [nouns_table] already available  Länder
2024-06-10 22:25:55,456 - textile_logger - INFO - [nouns_table] already available Militärbündnis
2024-06-10 22:25:55,457 - textile_logger - INFO - [nouns_table] already available Fahne
2024-06-10 22:25:55,457 - textile_logger - INFO - [nouns_table] already available  Mitglied
2024-06-10 22:25:55,457 - textile_logger - INFO - [nouns_table] already available Haupt
2024-06-10 22:25:55,457 - textile_logger - INFO - [nouns_table] already available Länder
2024-06-10 22:25:55,458 - textile_logger - INFO - [nouns_table] already available Regierung
2024-06-10 22:25:55,458 - textile_logger - INFO - [nouns_table] already available Mitglieder
2024-06-10 22:25:55,458 - textile_logger - INFO - [nouns_table] already available  Sekretär
2024-06-10 22:25:55,459 - textile_logger - INFO - [nouns_table] already available Feier
2024-06-10 22:25:55,459 - textile_logger - INFO - [nouns_table] already available Schriftsteller
2024-06-10 22:25:55,459 - textile_logger - INFO - [nouns_table] already available Krieg
2024-06-10 22:25:55,460 - textile_logger - INFO - [nouns_table] already available  Musik
2024-06-10 22:25:55,460 - textile_logger - INFO - [nouns_table] already available Millionen
2024-06-10 22:25:55,460 - textile_logger - INFO - [nouns_table] already available Soldat
2024-06-10 22:25:55,461 - textile_logger - INFO - [nouns_table] already available Welt
2024-06-10 22:25:55,461 - textile_logger - INFO - [nouns_table] already available  Führung
2024-06-10 22:25:55,461 - textile_logger - INFO - [nouns_table] already available  Krieg
2024-06-10 22:25:55,462 - textile_logger - INFO - [nouns_table] already available Westen
2024-06-10 22:25:55,462 - textile_logger - INFO - [nouns_table] already available  Salon
2024-06-10 22:25:55,462 - textile_logger - INFO - [nouns_table] already available  Preisen
2024-06-10 22:25:55,463 - textile_logger - INFO - [nouns_table] already available  Bild
2024-06-10 22:25:55,463 - textile_logger - INFO - [nouns_table] already available Filmpreisen
2024-06-10 22:25:55,463 - textile_logger - INFO - [nouns_table] already available Waschsalon
2024-06-10 22:25:55,464 - textile_logger - INFO - [nouns_table] already available Kamera
2024-06-10 22:25:55,464 - textile_logger - INFO - [nouns_table] already available Jahr
2024-06-10 22:25:55,464 - textile_logger - INFO - [nouns_table] already available Besitzerin
2024-06-10 22:25:55,465 - textile_logger - INFO - [nouns_table] already available Szenen
2024-06-10 22:25:55,465 - textile_logger - INFO - [nouns_table] already available Kameraführung
2024-06-10 22:25:55,465 - textile_logger - INFO - [nouns_table] already available Menschen
2024-06-10 22:25:55,466 - textile_logger - INFO - [nouns_table] already available Grippe
2024-06-10 22:25:55,466 - textile_logger - INFO - [nouns_table] already available Fieber
2024-06-10 22:25:55,466 - textile_logger - INFO - [nouns_table] already available Alternative
2024-06-10 22:25:55,466 - textile_logger - INFO - [nouns_table] already available Kinder
2024-06-10 22:25:55,467 - textile_logger - INFO - [nouns_table] already available Essen
2024-06-10 22:25:55,467 - textile_logger - INFO - [nouns_table] already available Besserung
2024-06-10 22:25:55,467 - textile_logger - INFO - [nouns_table] already available Rezept
2024-06-10 22:25:55,468 - textile_logger - INFO - [nouns_table] already available leben
2024-06-10 22:25:55,468 - textile_logger - INFO - [nouns_table] already available Sohn
2024-06-10 22:25:55,468 - textile_logger - INFO - [nouns_table] already available Viren
2024-06-10 22:25:55,469 - textile_logger - INFO - [nouns_table] already available Podcast
2024-06-10 22:25:55,469 - textile_logger - INFO - [nouns_table] already available Husten
2024-06-10 22:25:55,469 - textile_logger - INFO - [nouns_table] already available Erkältung
2024-06-10 22:25:55,470 - textile_logger - INFO - [nouns_table] already available Saft
2024-06-10 22:25:55,470 - textile_logger - INFO - [nouns_table] already available Dialog
2024-06-10 22:25:55,470 - textile_logger - INFO - [nouns_table] already available Moderatoren
2024-06-10 22:25:55,471 - textile_logger - INFO - [nouns_table] already available Winter
2024-06-10 22:25:55,471 - textile_logger - INFO - [nouns_table] already available Morgen
2024-06-10 22:25:55,471 - textile_logger - INFO - [nouns_table] already available Zeit
2024-06-10 22:25:55,471 - textile_logger - INFO - [nouns_table] already available Mühe
2024-06-10 22:25:55,472 - textile_logger - INFO - [nouns_table] already available Wochen
2024-06-10 22:25:55,472 - textile_logger - INFO - [nouns_table] already available Wartezimmer
2024-06-10 22:25:55,472 - textile_logger - INFO - [nouns_table] already available Text
2024-06-10 22:25:55,473 - textile_logger - INFO - [nouns_table] already available Danke
2024-06-10 22:25:55,473 - textile_logger - INFO - [nouns_table] already available Radio
2024-06-10 22:25:55,473 - textile_logger - INFO - [nouns_table] already available Tage
2024-06-10 22:25:55,474 - textile_logger - INFO - [nouns_table] already available Katze
2024-06-10 22:25:55,474 - textile_logger - INFO - [nouns_table] already available Dialoges
2024-06-10 22:25:55,474 - textile_logger - INFO - [nouns_table] already available Schnupfen
2024-06-10 22:25:55,475 - textile_logger - INFO - [nouns_table] already available Arbeit
2024-06-10 22:25:55,475 - textile_logger - INFO - [nouns_table] already available Spaziergang
2024-06-10 22:25:55,475 - textile_logger - INFO - [nouns_table] already available Glück
2024-06-10 22:25:55,476 - textile_logger - INFO - [nouns_table] already available Gefühl
2024-06-10 22:25:55,476 - textile_logger - INFO - [nouns_table] already available Getränke
2024-06-10 22:25:55,476 - textile_logger - INFO - [nouns_table] already available Attest
2024-06-10 22:25:55,476 - textile_logger - INFO - [nouns_table] already available Kopfweh
2024-06-10 22:25:55,477 - textile_logger - INFO - [nouns_table] already available Wunder
2024-06-10 22:25:55,477 - textile_logger - INFO - [nouns_table] already available Kontakt
2024-06-10 22:25:55,477 - textile_logger - INFO - [nouns_table] already available Kind
2024-06-10 22:25:55,478 - textile_logger - INFO - [nouns_table] already available Kinderarzt
2024-06-10 22:25:55,478 - textile_logger - INFO - [nouns_table] already available Bleib
2024-06-10 22:25:55,478 - textile_logger - INFO - [nouns_table] already available Schmerzmittel
2024-06-10 22:25:55,479 - textile_logger - INFO - [nouns_table] already available Schule
2024-06-10 22:25:55,479 - textile_logger - INFO - [nouns_table] already available Medikamente
2024-06-10 22:25:55,479 - textile_logger - INFO - [nouns_table] already available Tag
2024-06-10 22:25:55,480 - textile_logger - INFO - [nouns_table] already available Schmerzen
2024-06-10 22:25:55,480 - textile_logger - INFO - [nouns_table] already available Arzt
2024-06-10 22:25:55,480 - textile_logger - INFO - [nouns_table] already available Nachrichten
2024-06-10 22:25:55,481 - textile_logger - INFO - [nouns_table] already available Geschichte
2024-06-10 22:25:55,481 - textile_logger - INFO - [nouns_table] already available Pflanzen
2024-06-10 22:25:55,481 - textile_logger - INFO - [nouns_table] already available  Mittel
2024-06-10 22:25:55,481 - textile_logger - INFO - [nouns_table] already available Chemie
2024-06-10 22:25:55,482 - textile_logger - INFO - [nouns_table] already available  Vertrag
2024-06-10 22:25:55,482 - textile_logger - INFO - [nouns_table] already available Bundesregierung
2024-06-10 22:25:55,482 - textile_logger - INFO - [nouns_table] already available Verkauf
2024-06-10 22:25:55,483 - textile_logger - INFO - [nouns_table] already available Parteien
2024-06-10 22:25:55,483 - textile_logger - INFO - [nouns_table] already available Gehirn
2024-06-10 22:25:55,483 - textile_logger - INFO - [nouns_table] already available Sand
2024-06-10 22:25:55,484 - textile_logger - INFO - [nouns_table] already available Drogenhändler
2024-06-10 22:25:55,484 - textile_logger - INFO - [nouns_table] already available Leute
2024-06-10 22:25:55,484 - textile_logger - INFO - [nouns_table] already available Zucker
2024-06-10 22:25:55,485 - textile_logger - INFO - [nouns_table] already available  Händler
2024-06-10 22:25:55,485 - textile_logger - INFO - [nouns_table] already available Blätter
2024-06-10 22:25:55,485 - textile_logger - INFO - [nouns_table] already available Beispiel
2024-06-10 22:25:55,486 - textile_logger - INFO - [nouns_table] already available Streit
2024-06-10 22:25:55,486 - textile_logger - INFO - [nouns_table] already available Bedingungen
2024-06-10 22:25:55,486 - textile_logger - INFO - [nouns_table] already available Rausch
2024-06-10 22:25:55,486 - textile_logger - INFO - [nouns_table] already available Cannabis
2024-06-10 22:25:55,487 - textile_logger - INFO - [nouns_table] already available Erlaubnis
2024-06-10 22:25:55,487 - textile_logger - INFO - [nouns_table] already available Koalitionsvertrag
2024-06-10 22:25:55,487 - textile_logger - INFO - [nouns_table] already available  Minister
2024-06-10 22:25:55,488 - textile_logger - INFO - [nouns_table] already available Drogenhändlern
2024-06-10 22:25:55,488 - textile_logger - INFO - [nouns_table] already available Fachleute
2024-06-10 22:25:55,488 - textile_logger - INFO - [nouns_table] already available Droge
2024-06-10 22:25:55,489 - textile_logger - INFO - [nouns_table] already available Geschäfte
2024-06-10 22:25:55,489 - textile_logger - INFO - [nouns_table] already available Teile
2024-06-10 22:25:55,489 - textile_logger - INFO - [nouns_table] already available Gewürze
2024-06-10 22:25:55,490 - textile_logger - INFO - [nouns_table] already available Ärzte
2024-06-10 22:25:55,490 - textile_logger - INFO - [nouns_table] already available Vereine
2024-06-10 22:25:55,490 - textile_logger - INFO - [nouns_table] already available  Regierung
2024-06-10 22:25:55,491 - textile_logger - INFO - [nouns_table] already available Gesundheits
2024-06-10 22:25:55,491 - textile_logger - INFO - [nouns_table] already available Gegenden
2024-06-10 22:25:55,491 - textile_logger - INFO - [nouns_table] already available Pflanze
2024-06-10 22:25:55,492 - textile_logger - INFO - [nouns_table] already available Moment
2024-06-10 22:25:55,492 - textile_logger - INFO - [nouns_table] already available Angst
2024-06-10 22:25:55,492 - textile_logger - INFO - [nouns_table] already available Drogen
2024-06-10 22:25:55,492 - textile_logger - INFO - [nouns_table] already available Gesundheitsminister
2024-06-10 22:25:55,493 - textile_logger - INFO - [nouns_table] already available Erwachsene
2024-06-10 22:25:55,493 - textile_logger - INFO - [nouns_table] already available Qualität
2024-06-10 22:25:55,493 - textile_logger - INFO - [nouns_table] already available Hause
2024-06-10 22:25:55,494 - textile_logger - INFO - [nouns_table] already available Dezember
2024-06-10 22:25:55,494 - textile_logger - INFO - [nouns_table] already available  Team
2024-06-10 22:25:55,494 - textile_logger - INFO - [nouns_table] already available Hinspiel
2024-06-10 22:25:55,495 - textile_logger - INFO - [nouns_table] already available WM
2024-06-10 22:25:55,495 - textile_logger - INFO - [nouns_table] already available Qualifikation
2024-06-10 22:25:55,495 - textile_logger - INFO - [nouns_table] already available Frauen
2024-06-10 22:25:55,496 - textile_logger - INFO - [nouns_table] already available Hin
2024-06-10 22:25:55,496 - textile_logger - INFO - [nouns_table] already available  Meisterschaft
2024-06-10 22:25:55,496 - textile_logger - INFO - [nouns_table] already available Grund
2024-06-10 22:25:55,497 - textile_logger - INFO - [nouns_table] already available Rück
2024-06-10 22:25:55,497 - textile_logger - INFO - [nouns_table] already available Ländern
2024-06-10 22:25:55,497 - textile_logger - INFO - [nouns_table] already available Toren
2024-06-10 22:25:55,497 - textile_logger - INFO - [nouns_table] already available Handballerinnen
2024-06-10 22:25:55,498 - textile_logger - INFO - [nouns_table] already available Weltmeisterschaft
2024-06-10 22:25:55,498 - textile_logger - INFO - [nouns_table] already available November
2024-06-10 22:25:55,498 - textile_logger - INFO - [nouns_table] already available Rückspiel
2024-06-10 22:25:55,499 - textile_logger - INFO - [nouns_table] already available  Spiel
2024-06-10 22:25:55,499 - textile_logger - INFO - [nouns_table] already available Potter
2024-06-10 22:25:55,499 - textile_logger - INFO - [nouns_table] already available Kinofilmen
2024-06-10 22:25:55,500 - textile_logger - INFO - [nouns_table] already available Geschichten
2024-06-10 22:25:55,500 - textile_logger - INFO - [nouns_table] already available Serie
2024-06-10 22:25:55,500 - textile_logger - INFO - [nouns_table] already available Firma
2024-06-10 22:25:55,501 - textile_logger - INFO - [nouns_table] already available Autorin
2024-06-10 22:25:55,501 - textile_logger - INFO - [nouns_table] already available Schauspielerinnen
2024-06-10 22:25:55,501 - textile_logger - INFO - [nouns_table] already available Platz
2024-06-10 22:25:55,502 - textile_logger - INFO - [nouns_table] already available Kino
2024-06-10 22:25:55,502 - textile_logger - INFO - [nouns_table] already available  Spieler
2024-06-10 22:25:55,502 - textile_logger - INFO - [nouns_table] already available Schau
2024-06-10 22:25:55,502 - textile_logger - INFO - [nouns_table] already available Einzelheiten
2024-06-10 22:25:55,503 - textile_logger - INFO - [nouns_table] already available Kinofilm
2024-06-10 22:25:55,503 - textile_logger - INFO - [nouns_table] already available Potter“büchern
2024-06-10 22:25:55,503 - textile_logger - INFO - [nouns_table] already available Potter“
2024-06-10 22:25:55,504 - textile_logger - INFO - [nouns_table] already available Bücher
2024-06-10 22:25:55,504 - textile_logger - INFO - [nouns_table] already available  Filmen
2024-06-10 22:25:55,504 - textile_logger - INFO - [nouns_table] already available  Film
2024-06-10 22:25:55,505 - textile_logger - INFO - [nouns_table] already available Streaming
2024-06-10 22:25:55,505 - textile_logger - INFO - [nouns_table] already available  Dienst
2024-06-10 22:25:55,505 - textile_logger - INFO - [nouns_table] already available Kinofilme
2024-06-10 22:25:55,506 - textile_logger - INFO - [nouns_table] already available Fernseh
2024-06-10 22:25:55,506 - textile_logger - INFO - [nouns_table] already available  Büchern
2024-06-10 22:25:55,506 - textile_logger - INFO - [nouns_table] already available Zauberer
2024-06-10 22:25:55,507 - textile_logger - INFO - [nouns_table] already available Fernsehserie
2024-06-10 22:25:55,507 - textile_logger - INFO - [nouns_table] already available  Serie
2024-06-10 22:25:55,507 - textile_logger - INFO - [nouns_table] already available Schauspieler
2024-06-10 22:25:55,507 - textile_logger - INFO - [nouns_table] already available Helfer
2024-06-10 22:25:55,508 - textile_logger - INFO - [nouns_table] already available Trinkwasser
2024-06-10 22:25:55,508 - textile_logger - INFO - [nouns_table] already available Armee
2024-06-10 22:25:55,508 - textile_logger - INFO - [nouns_table] already available Tagen
2024-06-10 22:25:55,509 - textile_logger - INFO - [nouns_table] already available  Armee
2024-06-10 22:25:55,509 - textile_logger - INFO - [nouns_table] already available Rebellen
2024-06-10 22:25:55,509 - textile_logger - INFO - [nouns_table] already available Wohn
2024-06-10 22:25:55,510 - textile_logger - INFO - [nouns_table] already available  Viertel
2024-06-10 22:25:55,510 - textile_logger - INFO - [nouns_table] already available Tote
2024-06-10 22:25:55,510 - textile_logger - INFO - [nouns_table] already available Rücksicht
2024-06-10 22:25:55,511 - textile_logger - INFO - [nouns_table] already available Macht
2024-06-10 22:25:55,511 - textile_logger - INFO - [nouns_table] already available Kämpfe
2024-06-10 22:25:55,511 - textile_logger - INFO - [nouns_table] already available Strom
2024-06-10 22:25:55,512 - textile_logger - INFO - [nouns_table] already available Armeen
2024-06-10 22:25:55,512 - textile_logger - INFO - [nouns_table] already available Trink
2024-06-10 22:25:55,512 - textile_logger - INFO - [nouns_table] already available  Wasser
2024-06-10 22:25:55,512 - textile_logger - INFO - [nouns_table] already available Wohnviertel
2024-06-10 22:25:55,513 - textile_logger - INFO - [nouns_table] already available Kontinent
2024-06-10 22:25:55,513 - textile_logger - INFO - [nouns_table] already available Kämpfen
2024-06-10 22:25:55,514 - textile_logger - INFO - [nouns_table] already available Helferinnen
2024-06-10 22:25:55,514 - textile_logger - INFO - [nouns_table] already available Hilfsorganisation
2024-06-10 22:25:55,514 - textile_logger - INFO - [nouns_table] already available Verkehrs
2024-06-10 22:25:55,515 - textile_logger - INFO - [nouns_table] already available Autos
2024-06-10 22:25:55,515 - textile_logger - INFO - [nouns_table] already available Auto
2024-06-10 22:25:55,515 - textile_logger - INFO - [nouns_table] already available Barrikaden
2024-06-10 22:25:55,516 - textile_logger - INFO - [nouns_table] already available Waffe
2024-06-10 22:25:55,516 - textile_logger - INFO - [nouns_table] already available Verkehrskontrolle
2024-06-10 22:25:55,516 - textile_logger - INFO - [nouns_table] already available Einrichtungen
2024-06-10 22:25:55,516 - textile_logger - INFO - [nouns_table] already available Müll
2024-06-10 22:25:55,517 - textile_logger - INFO - [nouns_table] already available Kugel
2024-06-10 22:25:55,517 - textile_logger - INFO - [nouns_table] already available Krawalle
2024-06-10 22:25:55,517 - textile_logger - INFO - [nouns_table] already available Video
2024-06-10 22:25:55,518 - textile_logger - INFO - [nouns_table] already available  Container
2024-06-10 22:25:55,518 - textile_logger - INFO - [nouns_table] already available Festnahmen
2024-06-10 22:25:55,518 - textile_logger - INFO - [nouns_table] already available 17
2024-06-10 22:25:55,519 - textile_logger - INFO - [nouns_table] already available Staat
2024-06-10 22:25:55,519 - textile_logger - INFO - [nouns_table] already available  Kontrolle
2024-06-10 22:25:55,519 - textile_logger - INFO - [nouns_table] already available Gewalt
2024-06-10 22:25:55,520 - textile_logger - INFO - [nouns_table] already available Satz
2024-06-10 22:25:55,520 - textile_logger - INFO - [nouns_table] already available Hauptstadt
2024-06-10 22:25:55,520 - textile_logger - INFO - [nouns_table] already available Feuerwerkskörpern
2024-06-10 22:25:55,521 - textile_logger - INFO - [nouns_table] already available Vorfall
2024-06-10 22:25:55,521 - textile_logger - INFO - [nouns_table] already available Demonstrierende
2024-06-10 22:25:55,521 - textile_logger - INFO - [nouns_table] already available Polizist
2024-06-10 22:25:55,522 - textile_logger - INFO - [nouns_table] already available Feuerwerks
2024-06-10 22:25:55,522 - textile_logger - INFO - [nouns_table] already available Vororten
2024-06-10 22:25:55,522 - textile_logger - INFO - [nouns_table] already available Müllcontainer
2024-06-10 22:25:55,522 - textile_logger - INFO - [nouns_table] already available  Körpern
2024-06-10 22:25:55,523 - textile_logger - INFO - [nouns_table] already available Polizisten
2024-06-10 22:25:55,523 - textile_logger - INFO - [nouns_table] already available Einsatz
2024-06-10 22:25:55,523 - textile_logger - INFO - [nouns_table] already available Jugendliche
2024-06-10 22:25:55,524 - textile_logger - INFO - [nouns_table] already available Kopf
2024-06-10 22:25:55,524 - textile_logger - INFO - [nouns_table] already available Stimmen
2024-06-10 22:25:55,524 - textile_logger - INFO - [nouns_table] already available  Wahl
2024-06-10 22:25:55,525 - textile_logger - INFO - [nouns_table] already available Ergebnis
2024-06-10 22:25:55,525 - textile_logger - INFO - [nouns_table] already available Sieg
2024-06-10 22:25:55,525 - textile_logger - INFO - [nouns_table] already available Polizeifoto
2024-06-10 22:25:55,526 - textile_logger - INFO - [nouns_table] already available  Präsident
2024-06-10 22:25:55,526 - textile_logger - INFO - [nouns_table] already available Verbrecher“foto
2024-06-10 22:25:55,526 - textile_logger - INFO - [nouns_table] already available Vorwürfe
2024-06-10 22:25:55,527 - textile_logger - INFO - [nouns_table] already available Medien
2024-06-10 22:25:55,527 - textile_logger - INFO - [nouns_table] already available Hexenjagd
2024-06-10 22:25:55,527 - textile_logger - INFO - [nouns_table] already available Behörden
2024-06-10 22:25:55,527 - textile_logger - INFO - [nouns_table] already available Verbrecher
2024-06-10 22:25:55,528 - textile_logger - INFO - [nouns_table] already available Bundesstaat
2024-06-10 22:25:55,528 - textile_logger - INFO - [nouns_table] already available  Foto
2024-06-10 22:25:55,528 - textile_logger - INFO - [nouns_table] already available Woche
2024-06-10 22:25:55,529 - textile_logger - INFO - [nouns_table] already available  Jagd
2024-06-10 22:25:55,529 - textile_logger - INFO - [nouns_table] already available  Bundes
2024-06-10 22:25:55,529 - textile_logger - INFO - [nouns_table] already available  Staat
2024-06-10 22:25:55,530 - textile_logger - INFO - [nouns_table] already available  Kampf
2024-06-10 22:25:55,530 - textile_logger - INFO - [nouns_table] already available Us
2024-06-10 22:25:55,530 - textile_logger - INFO - [nouns_table] already available  Shirts
2024-06-10 22:25:55,531 - textile_logger - INFO - [nouns_table] already available Hexen
2024-06-10 22:25:55,531 - textile_logger - INFO - [nouns_table] already available T
2024-06-10 22:25:55,535 - textile_logger - INFO - [nouns_table] already available Straßen
2024-06-10 22:25:55,535 - textile_logger - INFO - [nouns_table] already available Weg
2024-06-10 22:25:55,535 - textile_logger - INFO - [nouns_table] already available Wetter
2024-06-10 22:25:55,536 - textile_logger - INFO - [nouns_table] already available Wasser
2024-06-10 22:25:55,536 - textile_logger - INFO - [nouns_table] already available Reise
2024-06-10 22:25:55,536 - textile_logger - INFO - [nouns_table] already available Sonne
2024-06-10 22:25:55,537 - textile_logger - INFO - [nouns_table] already available Frau
2024-06-10 22:25:55,537 - textile_logger - INFO - [nouns_table] already available Route
2024-06-10 22:25:55,537 - textile_logger - INFO - [nouns_table] already available Flasche
2024-06-10 22:25:55,538 - textile_logger - INFO - [nouns_table] already available Buch
2024-06-10 22:25:55,538 - textile_logger - INFO - [nouns_table] already available Mann
2024-06-10 22:25:55,538 - textile_logger - INFO - [nouns_table] already available Bäumen
2024-06-10 22:25:55,538 - textile_logger - INFO - [nouns_table] already available Natur
2024-06-10 22:25:55,539 - textile_logger - INFO - [nouns_table] already available Bälle
2024-06-10 22:25:55,539 - textile_logger - INFO - [nouns_table] already available Park
2024-06-10 22:25:55,539 - textile_logger - INFO - [nouns_table] already available Vögel
2024-06-10 22:25:55,540 - textile_logger - INFO - [nouns_table] already available Wiese
2024-06-10 22:25:55,540 - textile_logger - INFO - [nouns_table] already available Mädchen
2024-06-10 22:25:55,540 - textile_logger - INFO - [nouns_table] already available Ball
2024-06-10 22:25:55,541 - textile_logger - INFO - [nouns_table] already available Hund
2024-06-10 22:25:55,541 - textile_logger - INFO - [nouns_table] already available Experimentieren
2024-06-10 22:25:55,541 - textile_logger - INFO - [nouns_table] already available Vordergrund
2024-06-10 22:25:55,542 - textile_logger - INFO - [nouns_table] already available Schmerzes
2024-06-10 22:25:55,542 - textile_logger - INFO - [nouns_table] already available Abendessen
2024-06-10 22:25:55,542 - textile_logger - INFO - [nouns_table] already available Möglichkeit
2024-06-10 22:25:55,543 - textile_logger - INFO - [nouns_table] already available Gemüse
2024-06-10 22:25:55,543 - textile_logger - INFO - [nouns_table] already available Höhen
2024-06-10 22:25:55,543 - textile_logger - INFO - [nouns_table] already available Küche
2024-06-10 22:25:55,544 - textile_logger - INFO - [nouns_table] already available Tränen
2024-06-10 22:25:55,544 - textile_logger - INFO - [nouns_table] already available Oscar
2024-06-10 22:25:55,544 - textile_logger - INFO - [nouns_table] already available Weltkrieg
2024-06-10 22:25:55,544 - textile_logger - INFO - [nouns_table] already available Regisseur
2024-06-10 22:25:55,545 - textile_logger - INFO - [nouns_table] already available Wasch
2024-06-10 22:25:55,545 - textile_logger - INFO - [nouns_table] already available Filmmusik
2024-06-10 22:25:55,545 - textile_logger - INFO - [nouns_table] already available Neues
2024-06-10 22:25:55,546 - textile_logger - INFO - [nouns_table] already available Film
2024-06-10 22:25:55,546 - textile_logger - INFO - [nouns_table] already available Oscars
2024-06-10 22:25:55,546 - textile_logger - INFO - [nouns_table] already available Generationen
2024-06-10 22:25:55,547 - textile_logger - INFO - [nouns_table] already available anderen
2024-06-10 22:25:55,547 - textile_logger - INFO - [nouns_table] already available Älteren
2024-06-10 22:25:55,547 - textile_logger - INFO - [nouns_table] already available Krankenschwester
2024-06-10 22:25:55,548 - textile_logger - INFO - [nouns_table] already available Alters
2024-06-10 22:25:55,548 - textile_logger - INFO - [nouns_table] already available Gemeinschaftsbereich
2024-06-10 22:25:55,548 - textile_logger - INFO - [nouns_table] already available Füreinander
2024-06-10 22:25:55,548 - textile_logger - INFO - [nouns_table] already available Gegenzug
2024-06-10 22:25:55,549 - textile_logger - INFO - [nouns_table] already available Unabhängigkeit
2024-06-10 22:25:55,549 - textile_logger - INFO - [nouns_table] already available Fähigkeiten
2024-06-10 22:25:55,549 - textile_logger - INFO - [nouns_table] already available Erziehung
2024-06-10 22:25:55,550 - textile_logger - INFO - [nouns_table] already available Erfahrungen
2024-06-10 22:25:55,550 - textile_logger - INFO - [nouns_table] already available Ende
2024-06-10 22:25:55,550 - textile_logger - INFO - [nouns_table] already available Gemeinschaft
2024-06-10 22:25:55,551 - textile_logger - INFO - [nouns_table] already available Teil
2024-06-10 22:25:55,551 - textile_logger - INFO - [nouns_table] already available Lösung
2024-06-10 22:25:55,551 - textile_logger - INFO - [nouns_table] already available Kindern
2024-06-10 22:25:55,552 - textile_logger - INFO - [nouns_table] already available  Jährige
2024-06-10 22:25:55,552 - textile_logger - INFO - [nouns_table] already available Schulaufgaben
2024-06-10 22:25:55,552 - textile_logger - INFO - [nouns_table] already available Geschwistern
2024-06-10 22:25:55,553 - textile_logger - INFO - [nouns_table] already available Motto
2024-06-10 22:25:55,553 - textile_logger - INFO - [nouns_table] already available Berufslebens
2024-06-10 22:25:55,553 - textile_logger - INFO - [nouns_table] already available 70
2024-06-10 22:25:55,554 - textile_logger - INFO - [nouns_table] already available Können
2024-06-10 22:25:55,554 - textile_logger - INFO - [nouns_table] already available Lebensgefühl
2024-06-10 22:25:55,554 - textile_logger - INFO - [nouns_table] already available Alter
2024-06-10 22:25:55,555 - textile_logger - INFO - [nouns_table] already available Altersheim
2024-06-10 22:25:55,756 - textile_logger - INFO - [nouns_table] already available Menschen
2024-06-10 22:25:55,757 - textile_logger - INFO - [nouns_table] already available Lebensgefühl
2024-06-10 22:25:55,757 - textile_logger - INFO - [nouns_table] already available Geschwistern
2024-06-10 22:25:55,758 - textile_logger - INFO - [nouns_table] already available Erwachsene
2024-06-10 22:25:55,758 - textile_logger - INFO - [nouns_table] already available Krankenschwester
2024-06-10 22:25:55,758 - textile_logger - INFO - [nouns_table] already available Wunder
2024-06-10 22:25:55,759 - textile_logger - INFO - [nouns_table] already available Alter
2024-06-10 22:25:56,475 - textile_logger - INFO - [nouns_table] parsing Gesellschaft
2024-06-10 22:25:56,476 - textile_logger - INFO - [nouns_table] already available Alters
2024-06-10 22:25:56,478 - textile_logger - INFO - [nouns_table] already available Altersheim
2024-06-10 22:25:56,808 - textile_logger - INFO - [nouns_table] parsing Option
2024-06-10 22:25:56,809 - textile_logger - INFO - [nouns_table] already available Lösung
2024-06-10 22:25:56,942 - textile_logger - INFO - [nouns_table] parsing Mehrgenerationenwohnen
2024-06-10 22:25:56,942 - textile_logger - INFO - [nouns_table] already available Motto
2024-06-10 22:25:56,945 - textile_logger - INFO - [nouns_table] already available Füreinander
2024-06-10 22:25:56,946 - textile_logger - INFO - [nouns_table] already available Älteren
2024-06-10 22:25:57,741 - textile_logger - INFO - [nouns_table] parsing Mehrgenerationenhaus
2024-06-10 22:25:58,166 - textile_logger - INFO - [nouns_table] parsing Wohnung
2024-06-10 22:25:58,167 - textile_logger - INFO - [nouns_table] already available Unabhängigkeit
2024-06-10 22:25:58,170 - textile_logger - INFO - [nouns_table] already available Zeit
2024-06-10 22:25:58,172 - textile_logger - INFO - [nouns_table] already available Gemeinschaftsbereich
2024-06-10 22:25:58,608 - textile_logger - INFO - [nouns_table] parsing Treff
2024-06-10 22:25:58,959 - textile_logger - INFO - [nouns_table] parsing Gespräch
2024-06-10 22:25:59,746 - textile_logger - INFO - [nouns_table] parsing Wohnzimmer
2024-06-10 22:26:00,297 - textile_logger - INFO - [nouns_table] parsing Treffpunkt
2024-06-10 22:26:00,297 - textile_logger - INFO - [nouns_table] already available Generationen
2024-06-10 22:26:00,298 - textile_logger - INFO - [nouns_table] already available Erfahrungen
2024-06-10 22:26:00,298 - textile_logger - INFO - [nouns_table] already available Fähigkeiten
2024-06-10 22:26:01,185 - textile_logger - INFO - [nouns_table] parsing Wissen
2024-06-10 22:26:01,186 - textile_logger - INFO - [nouns_table] already available Können
2024-06-10 22:26:01,189 - textile_logger - INFO - [nouns_table] already available anderen
2024-06-10 22:26:01,191 - textile_logger - INFO - [nouns_table] already available Kindern
2024-06-10 22:26:01,191 - textile_logger - INFO - [nouns_table] already available Schulaufgaben
2024-06-10 22:26:01,191 - textile_logger - INFO - [nouns_table] already available Eltern
2024-06-10 22:26:01,192 - textile_logger - INFO - [nouns_table] already available Erziehung
2024-06-10 22:26:01,657 - textile_logger - INFO - [nouns_table] parsing Ohr
2024-06-10 22:26:01,657 - textile_logger - INFO - [nouns_table] already available Gegenzug
2024-06-10 22:26:01,657 - textile_logger - INFO - [nouns_table] already available Teil
2024-06-10 22:26:01,658 - textile_logger - INFO - [nouns_table] already available Gemeinschaft
2024-06-10 22:26:01,658 - textile_logger - INFO - [nouns_table] already available Ende
2024-06-10 22:26:01,659 - textile_logger - INFO - [nouns_table] already available Berufslebens
2024-06-10 22:26:01,659 - textile_logger - INFO - [nouns_table] already available 70
2024-06-10 22:26:01,659 - textile_logger - INFO - [nouns_table] already available  Jährige
2024-06-10 22:26:01,827 - textile_logger - INFO - [nouns_table] parsing 70jährige
