2024-06-10 22:27:53,240 - textile_logger - INFO - [tui] starting textile
2024-06-10 22:27:54,181 - textile_logger - INFO - [text_agents] successfully loaded spacy
2024-06-10 22:27:54,213 - textile_logger - INFO - [text_agents] NLP model applied
2024-06-10 22:27:54,226 - textile_logger - INFO - [text_agents] analyzed text
2024-06-10 22:27:54,246 - textile_logger - INFO - [nouns_table] refreshing cache
2024-06-10 22:27:54,506 - textile_logger - INFO - [nouns_table] already available Name
2024-06-10 22:27:54,507 - textile_logger - INFO - [nouns_table] already available Jahren
2024-06-10 22:27:54,508 - textile_logger - INFO - [nouns_table] already available Jahre
2024-06-10 22:27:54,508 - textile_logger - INFO - [nouns_table] already available Geschwister
2024-06-10 22:27:54,508 - textile_logger - INFO - [nouns_table] already available Schwester
2024-06-10 22:27:54,509 - textile_logger - INFO - [nouns_table] already available Bruder
2024-06-10 22:27:54,509 - textile_logger - INFO - [nouns_table] already available Eltern
2024-06-10 22:27:54,510 - textile_logger - INFO - [nouns_table] already available Haus
2024-06-10 22:27:54,510 - textile_logger - INFO - [nouns_table] already available Nähe
2024-06-10 22:27:54,511 - textile_logger - INFO - [nouns_table] already available Mutter
2024-06-10 22:27:54,511 - textile_logger - INFO - [nouns_table] already available Köchin
2024-06-10 22:27:54,512 - textile_logger - INFO - [nouns_table] already available Vater
2024-06-10 22:27:54,512 - textile_logger - INFO - [nouns_table] already available Bank
2024-06-10 22:27:54,513 - textile_logger - INFO - [nouns_table] already available Richter
2024-06-10 22:27:54,513 - textile_logger - INFO - [nouns_table] already available Monat
2024-06-10 22:27:54,514 - textile_logger - INFO - [nouns_table] already available Gericht
2024-06-10 22:27:54,514 - textile_logger - INFO - [nouns_table] already available Fall
2024-06-10 22:27:54,514 - textile_logger - INFO - [nouns_table] already available Staatsanwalt
2024-06-10 22:27:54,515 - textile_logger - INFO - [nouns_table] already available Strafprozess
2024-06-10 22:27:54,533 - textile_logger - INFO - [nouns_table] already available Strafe
2024-06-10 22:27:54,539 - textile_logger - INFO - [nouns_table] already available Geschäftsunterlagen
2024-06-10 22:27:54,559 - textile_logger - INFO - [nouns_table] already available Stadt
2024-06-10 22:27:54,576 - textile_logger - INFO - [nouns_table] already available Verbotenes
2024-06-10 22:27:54,576 - textile_logger - INFO - [nouns_table] already available Wahl
2024-06-10 22:27:54,577 - textile_logger - INFO - [nouns_table] already available Land
2024-06-10 22:27:54,577 - textile_logger - INFO - [nouns_table] already available Januar
2024-06-10 22:27:54,578 - textile_logger - INFO - [nouns_table] already available Präsident
2024-06-10 22:27:54,578 - textile_logger - INFO - [nouns_table] already available Gerichtstermin
2024-06-10 22:27:54,579 - textile_logger - INFO - [nouns_table] already available Wahrheit
2024-06-10 22:27:54,579 - textile_logger - INFO - [nouns_table] already available  Bündnis
2024-06-10 22:27:54,579 - textile_logger - INFO - [nouns_table] already available Mitgliedsländer
2024-06-10 22:27:54,580 - textile_logger - INFO - [nouns_table] already available  Quartier
2024-06-10 22:27:54,580 - textile_logger - INFO - [nouns_table] already available Hauptquartier
2024-06-10 22:27:54,581 - textile_logger - INFO - [nouns_table] already available Russland
2024-06-10 22:27:54,581 - textile_logger - INFO - [nouns_table] already available Militär
2024-06-10 22:27:54,582 - textile_logger - INFO - [nouns_table] already available Mitglied
2024-06-10 22:27:54,582 - textile_logger - INFO - [nouns_table] already available Nato
2024-06-10 22:27:54,582 - textile_logger - INFO - [nouns_table] already available Mitglieds
2024-06-10 22:27:54,583 - textile_logger - INFO - [nouns_table] already available Erweiterung
2024-06-10 22:27:54,583 - textile_logger - INFO - [nouns_table] already available General
2024-06-10 22:27:54,584 - textile_logger - INFO - [nouns_table] already available Generalsekretär
2024-06-10 22:27:54,584 - textile_logger - INFO - [nouns_table] already available Beitritt
2024-06-10 22:27:54,585 - textile_logger - INFO - [nouns_table] already available  Länder
2024-06-10 22:27:54,585 - textile_logger - INFO - [nouns_table] already available Militärbündnis
2024-06-10 22:27:54,585 - textile_logger - INFO - [nouns_table] already available Fahne
2024-06-10 22:27:54,586 - textile_logger - INFO - [nouns_table] already available  Mitglied
2024-06-10 22:27:54,586 - textile_logger - INFO - [nouns_table] already available Haupt
2024-06-10 22:27:54,587 - textile_logger - INFO - [nouns_table] already available Länder
2024-06-10 22:27:54,587 - textile_logger - INFO - [nouns_table] already available Regierung
2024-06-10 22:27:54,588 - textile_logger - INFO - [nouns_table] already available Mitglieder
2024-06-10 22:27:54,588 - textile_logger - INFO - [nouns_table] already available  Sekretär
2024-06-10 22:27:54,589 - textile_logger - INFO - [nouns_table] already available Feier
2024-06-10 22:27:54,589 - textile_logger - INFO - [nouns_table] already available Schriftsteller
2024-06-10 22:27:54,590 - textile_logger - INFO - [nouns_table] already available Krieg
2024-06-10 22:27:54,590 - textile_logger - INFO - [nouns_table] already available  Musik
2024-06-10 22:27:54,591 - textile_logger - INFO - [nouns_table] already available Millionen
2024-06-10 22:27:54,597 - textile_logger - INFO - [nouns_table] already available Soldat
2024-06-10 22:27:54,598 - textile_logger - INFO - [nouns_table] already available Welt
2024-06-10 22:27:54,598 - textile_logger - INFO - [nouns_table] already available  Führung
2024-06-10 22:27:54,598 - textile_logger - INFO - [nouns_table] already available  Krieg
2024-06-10 22:27:54,598 - textile_logger - INFO - [nouns_table] already available Westen
2024-06-10 22:27:54,599 - textile_logger - INFO - [nouns_table] already available  Salon
2024-06-10 22:27:54,599 - textile_logger - INFO - [nouns_table] already available  Preisen
2024-06-10 22:27:54,599 - textile_logger - INFO - [nouns_table] already available  Bild
2024-06-10 22:27:54,600 - textile_logger - INFO - [nouns_table] already available Filmpreisen
2024-06-10 22:27:54,600 - textile_logger - INFO - [nouns_table] already available Waschsalon
2024-06-10 22:27:54,600 - textile_logger - INFO - [nouns_table] already available Kamera
2024-06-10 22:27:54,601 - textile_logger - INFO - [nouns_table] already available Jahr
2024-06-10 22:27:54,602 - textile_logger - INFO - [nouns_table] already available Besitzerin
2024-06-10 22:27:54,602 - textile_logger - INFO - [nouns_table] already available Szenen
2024-06-10 22:27:54,603 - textile_logger - INFO - [nouns_table] already available Kameraführung
2024-06-10 22:27:54,603 - textile_logger - INFO - [nouns_table] already available Menschen
2024-06-10 22:27:54,603 - textile_logger - INFO - [nouns_table] already available Grippe
2024-06-10 22:27:54,604 - textile_logger - INFO - [nouns_table] already available Fieber
2024-06-10 22:27:54,604 - textile_logger - INFO - [nouns_table] already available Alternative
2024-06-10 22:27:54,604 - textile_logger - INFO - [nouns_table] already available Kinder
2024-06-10 22:27:54,604 - textile_logger - INFO - [nouns_table] already available Essen
2024-06-10 22:27:54,605 - textile_logger - INFO - [nouns_table] already available Besserung
2024-06-10 22:27:54,605 - textile_logger - INFO - [nouns_table] already available Rezept
2024-06-10 22:27:54,605 - textile_logger - INFO - [nouns_table] already available leben
2024-06-10 22:27:54,606 - textile_logger - INFO - [nouns_table] already available Sohn
2024-06-10 22:27:54,606 - textile_logger - INFO - [nouns_table] already available Viren
2024-06-10 22:27:54,606 - textile_logger - INFO - [nouns_table] already available Podcast
2024-06-10 22:27:54,607 - textile_logger - INFO - [nouns_table] already available Husten
2024-06-10 22:27:54,607 - textile_logger - INFO - [nouns_table] already available Erkältung
2024-06-10 22:27:54,607 - textile_logger - INFO - [nouns_table] already available Saft
2024-06-10 22:27:54,608 - textile_logger - INFO - [nouns_table] already available Dialog
2024-06-10 22:27:54,608 - textile_logger - INFO - [nouns_table] already available Moderatoren
2024-06-10 22:27:54,608 - textile_logger - INFO - [nouns_table] already available Winter
2024-06-10 22:27:54,609 - textile_logger - INFO - [nouns_table] already available Morgen
2024-06-10 22:27:54,609 - textile_logger - INFO - [nouns_table] already available Zeit
2024-06-10 22:27:54,609 - textile_logger - INFO - [nouns_table] already available Mühe
2024-06-10 22:27:54,610 - textile_logger - INFO - [nouns_table] already available Wochen
2024-06-10 22:27:54,610 - textile_logger - INFO - [nouns_table] already available Wartezimmer
2024-06-10 22:27:54,610 - textile_logger - INFO - [nouns_table] already available Text
2024-06-10 22:27:54,611 - textile_logger - INFO - [nouns_table] already available Danke
2024-06-10 22:27:54,611 - textile_logger - INFO - [nouns_table] already available Radio
2024-06-10 22:27:54,611 - textile_logger - INFO - [nouns_table] already available Tage
2024-06-10 22:27:54,612 - textile_logger - INFO - [nouns_table] already available Katze
2024-06-10 22:27:54,612 - textile_logger - INFO - [nouns_table] already available Dialoges
2024-06-10 22:27:54,612 - textile_logger - INFO - [nouns_table] already available Schnupfen
2024-06-10 22:27:54,613 - textile_logger - INFO - [nouns_table] already available Arbeit
2024-06-10 22:27:54,613 - textile_logger - INFO - [nouns_table] already available Spaziergang
2024-06-10 22:27:54,613 - textile_logger - INFO - [nouns_table] already available Glück
2024-06-10 22:27:54,614 - textile_logger - INFO - [nouns_table] already available Gefühl
2024-06-10 22:27:54,614 - textile_logger - INFO - [nouns_table] already available Getränke
2024-06-10 22:27:54,614 - textile_logger - INFO - [nouns_table] already available Attest
2024-06-10 22:27:54,614 - textile_logger - INFO - [nouns_table] already available Kopfweh
2024-06-10 22:27:54,615 - textile_logger - INFO - [nouns_table] already available Wunder
2024-06-10 22:27:54,615 - textile_logger - INFO - [nouns_table] already available Kontakt
2024-06-10 22:27:54,615 - textile_logger - INFO - [nouns_table] already available Kind
2024-06-10 22:27:54,616 - textile_logger - INFO - [nouns_table] already available Kinderarzt
2024-06-10 22:27:54,616 - textile_logger - INFO - [nouns_table] already available Bleib
2024-06-10 22:27:54,616 - textile_logger - INFO - [nouns_table] already available Schmerzmittel
2024-06-10 22:27:54,617 - textile_logger - INFO - [nouns_table] already available Schule
2024-06-10 22:27:54,617 - textile_logger - INFO - [nouns_table] already available Medikamente
2024-06-10 22:27:54,617 - textile_logger - INFO - [nouns_table] already available Tag
2024-06-10 22:27:54,618 - textile_logger - INFO - [nouns_table] already available Schmerzen
2024-06-10 22:27:54,618 - textile_logger - INFO - [nouns_table] already available Arzt
2024-06-10 22:27:54,618 - textile_logger - INFO - [nouns_table] already available Nachrichten
2024-06-10 22:27:54,619 - textile_logger - INFO - [nouns_table] already available Geschichte
2024-06-10 22:27:54,619 - textile_logger - INFO - [nouns_table] already available Pflanzen
2024-06-10 22:27:54,619 - textile_logger - INFO - [nouns_table] already available  Mittel
2024-06-10 22:27:54,620 - textile_logger - INFO - [nouns_table] already available Chemie
2024-06-10 22:27:54,620 - textile_logger - INFO - [nouns_table] already available  Vertrag
2024-06-10 22:27:54,620 - textile_logger - INFO - [nouns_table] already available Bundesregierung
2024-06-10 22:27:54,621 - textile_logger - INFO - [nouns_table] already available Verkauf
2024-06-10 22:27:54,621 - textile_logger - INFO - [nouns_table] already available Parteien
2024-06-10 22:27:54,621 - textile_logger - INFO - [nouns_table] already available Gehirn
2024-06-10 22:27:54,621 - textile_logger - INFO - [nouns_table] already available Sand
2024-06-10 22:27:54,622 - textile_logger - INFO - [nouns_table] already available Drogenhändler
2024-06-10 22:27:54,622 - textile_logger - INFO - [nouns_table] already available Leute
2024-06-10 22:27:54,622 - textile_logger - INFO - [nouns_table] already available Zucker
2024-06-10 22:27:54,623 - textile_logger - INFO - [nouns_table] already available  Händler
2024-06-10 22:27:54,623 - textile_logger - INFO - [nouns_table] already available Blätter
2024-06-10 22:27:54,623 - textile_logger - INFO - [nouns_table] already available Beispiel
2024-06-10 22:27:54,624 - textile_logger - INFO - [nouns_table] already available Streit
2024-06-10 22:27:54,624 - textile_logger - INFO - [nouns_table] already available Bedingungen
2024-06-10 22:27:54,624 - textile_logger - INFO - [nouns_table] already available Rausch
2024-06-10 22:27:54,625 - textile_logger - INFO - [nouns_table] already available Cannabis
2024-06-10 22:27:54,625 - textile_logger - INFO - [nouns_table] already available Erlaubnis
2024-06-10 22:27:54,625 - textile_logger - INFO - [nouns_table] already available Koalitionsvertrag
2024-06-10 22:27:54,626 - textile_logger - INFO - [nouns_table] already available  Minister
2024-06-10 22:27:54,626 - textile_logger - INFO - [nouns_table] already available Drogenhändlern
2024-06-10 22:27:54,626 - textile_logger - INFO - [nouns_table] already available Fachleute
2024-06-10 22:27:54,627 - textile_logger - INFO - [nouns_table] already available Droge
2024-06-10 22:27:54,627 - textile_logger - INFO - [nouns_table] already available Geschäfte
2024-06-10 22:27:54,627 - textile_logger - INFO - [nouns_table] already available Teile
2024-06-10 22:27:54,628 - textile_logger - INFO - [nouns_table] already available Gewürze
2024-06-10 22:27:54,628 - textile_logger - INFO - [nouns_table] already available Ärzte
2024-06-10 22:27:54,628 - textile_logger - INFO - [nouns_table] already available Vereine
2024-06-10 22:27:54,628 - textile_logger - INFO - [nouns_table] already available  Regierung
2024-06-10 22:27:54,629 - textile_logger - INFO - [nouns_table] already available Gesundheits
2024-06-10 22:27:54,629 - textile_logger - INFO - [nouns_table] already available Gegenden
2024-06-10 22:27:54,629 - textile_logger - INFO - [nouns_table] already available Pflanze
2024-06-10 22:27:54,630 - textile_logger - INFO - [nouns_table] already available Moment
2024-06-10 22:27:54,630 - textile_logger - INFO - [nouns_table] already available Angst
2024-06-10 22:27:54,630 - textile_logger - INFO - [nouns_table] already available Drogen
2024-06-10 22:27:54,631 - textile_logger - INFO - [nouns_table] already available Gesundheitsminister
2024-06-10 22:27:54,631 - textile_logger - INFO - [nouns_table] already available Erwachsene
2024-06-10 22:27:54,631 - textile_logger - INFO - [nouns_table] already available Qualität
2024-06-10 22:27:54,632 - textile_logger - INFO - [nouns_table] already available Hause
2024-06-10 22:27:54,632 - textile_logger - INFO - [nouns_table] already available Dezember
2024-06-10 22:27:54,632 - textile_logger - INFO - [nouns_table] already available  Team
2024-06-10 22:27:54,633 - textile_logger - INFO - [nouns_table] already available Hinspiel
2024-06-10 22:27:54,633 - textile_logger - INFO - [nouns_table] already available WM
2024-06-10 22:27:54,633 - textile_logger - INFO - [nouns_table] already available Qualifikation
2024-06-10 22:27:54,633 - textile_logger - INFO - [nouns_table] already available Frauen
2024-06-10 22:27:54,634 - textile_logger - INFO - [nouns_table] already available Hin
2024-06-10 22:27:54,634 - textile_logger - INFO - [nouns_table] already available  Meisterschaft
2024-06-10 22:27:54,634 - textile_logger - INFO - [nouns_table] already available Grund
2024-06-10 22:27:54,635 - textile_logger - INFO - [nouns_table] already available Rück
2024-06-10 22:27:54,635 - textile_logger - INFO - [nouns_table] already available Ländern
2024-06-10 22:27:54,635 - textile_logger - INFO - [nouns_table] already available Toren
2024-06-10 22:27:54,636 - textile_logger - INFO - [nouns_table] already available Handballerinnen
2024-06-10 22:27:54,636 - textile_logger - INFO - [nouns_table] already available Weltmeisterschaft
2024-06-10 22:27:54,636 - textile_logger - INFO - [nouns_table] already available November
2024-06-10 22:27:54,637 - textile_logger - INFO - [nouns_table] already available Rückspiel
2024-06-10 22:27:54,637 - textile_logger - INFO - [nouns_table] already available  Spiel
2024-06-10 22:27:54,637 - textile_logger - INFO - [nouns_table] already available Potter
2024-06-10 22:27:54,638 - textile_logger - INFO - [nouns_table] already available Kinofilmen
2024-06-10 22:27:54,638 - textile_logger - INFO - [nouns_table] already available Geschichten
2024-06-10 22:27:54,638 - textile_logger - INFO - [nouns_table] already available Serie
2024-06-10 22:27:54,639 - textile_logger - INFO - [nouns_table] already available Firma
2024-06-10 22:27:54,639 - textile_logger - INFO - [nouns_table] already available Autorin
2024-06-10 22:27:54,639 - textile_logger - INFO - [nouns_table] already available Schauspielerinnen
2024-06-10 22:27:54,639 - textile_logger - INFO - [nouns_table] already available Platz
2024-06-10 22:27:54,640 - textile_logger - INFO - [nouns_table] already available Kino
2024-06-10 22:27:54,640 - textile_logger - INFO - [nouns_table] already available  Spieler
2024-06-10 22:27:54,640 - textile_logger - INFO - [nouns_table] already available Schau
2024-06-10 22:27:54,641 - textile_logger - INFO - [nouns_table] already available Einzelheiten
2024-06-10 22:27:54,641 - textile_logger - INFO - [nouns_table] already available Kinofilm
2024-06-10 22:27:54,641 - textile_logger - INFO - [nouns_table] already available Potter“büchern
2024-06-10 22:27:54,642 - textile_logger - INFO - [nouns_table] already available Potter“
2024-06-10 22:27:54,642 - textile_logger - INFO - [nouns_table] already available Bücher
2024-06-10 22:27:54,642 - textile_logger - INFO - [nouns_table] already available  Filmen
2024-06-10 22:27:54,643 - textile_logger - INFO - [nouns_table] already available  Film
2024-06-10 22:27:54,643 - textile_logger - INFO - [nouns_table] already available Streaming
2024-06-10 22:27:54,643 - textile_logger - INFO - [nouns_table] already available  Dienst
2024-06-10 22:27:54,644 - textile_logger - INFO - [nouns_table] already available Kinofilme
2024-06-10 22:27:54,644 - textile_logger - INFO - [nouns_table] already available Fernseh
2024-06-10 22:27:54,644 - textile_logger - INFO - [nouns_table] already available  Büchern
2024-06-10 22:27:54,644 - textile_logger - INFO - [nouns_table] already available Zauberer
2024-06-10 22:27:54,645 - textile_logger - INFO - [nouns_table] already available Fernsehserie
2024-06-10 22:27:54,645 - textile_logger - INFO - [nouns_table] already available  Serie
2024-06-10 22:27:54,646 - textile_logger - INFO - [nouns_table] already available Schauspieler
2024-06-10 22:27:54,646 - textile_logger - INFO - [nouns_table] already available Helfer
2024-06-10 22:27:54,647 - textile_logger - INFO - [nouns_table] already available Trinkwasser
2024-06-10 22:27:54,647 - textile_logger - INFO - [nouns_table] already available Armee
2024-06-10 22:27:54,647 - textile_logger - INFO - [nouns_table] already available Tagen
2024-06-10 22:27:54,647 - textile_logger - INFO - [nouns_table] already available  Armee
2024-06-10 22:27:54,648 - textile_logger - INFO - [nouns_table] already available Rebellen
2024-06-10 22:27:54,648 - textile_logger - INFO - [nouns_table] already available Wohn
2024-06-10 22:27:54,648 - textile_logger - INFO - [nouns_table] already available  Viertel
2024-06-10 22:27:54,649 - textile_logger - INFO - [nouns_table] already available Tote
2024-06-10 22:27:54,649 - textile_logger - INFO - [nouns_table] already available Rücksicht
2024-06-10 22:27:54,649 - textile_logger - INFO - [nouns_table] already available Macht
2024-06-10 22:27:54,650 - textile_logger - INFO - [nouns_table] already available Kämpfe
2024-06-10 22:27:54,650 - textile_logger - INFO - [nouns_table] already available Strom
2024-06-10 22:27:54,650 - textile_logger - INFO - [nouns_table] already available Armeen
2024-06-10 22:27:54,651 - textile_logger - INFO - [nouns_table] already available Trink
2024-06-10 22:27:54,651 - textile_logger - INFO - [nouns_table] already available  Wasser
2024-06-10 22:27:54,651 - textile_logger - INFO - [nouns_table] already available Wohnviertel
2024-06-10 22:27:54,652 - textile_logger - INFO - [nouns_table] already available Kontinent
2024-06-10 22:27:54,652 - textile_logger - INFO - [nouns_table] already available Kämpfen
2024-06-10 22:27:54,652 - textile_logger - INFO - [nouns_table] already available Helferinnen
2024-06-10 22:27:54,652 - textile_logger - INFO - [nouns_table] already available Hilfsorganisation
2024-06-10 22:27:54,653 - textile_logger - INFO - [nouns_table] already available Verkehrs
2024-06-10 22:27:54,653 - textile_logger - INFO - [nouns_table] already available Autos
2024-06-10 22:27:54,653 - textile_logger - INFO - [nouns_table] already available Auto
2024-06-10 22:27:54,654 - textile_logger - INFO - [nouns_table] already available Barrikaden
2024-06-10 22:27:54,654 - textile_logger - INFO - [nouns_table] already available Waffe
2024-06-10 22:27:54,654 - textile_logger - INFO - [nouns_table] already available Verkehrskontrolle
2024-06-10 22:27:54,655 - textile_logger - INFO - [nouns_table] already available Einrichtungen
2024-06-10 22:27:54,655 - textile_logger - INFO - [nouns_table] already available Müll
2024-06-10 22:27:54,655 - textile_logger - INFO - [nouns_table] already available Kugel
2024-06-10 22:27:54,656 - textile_logger - INFO - [nouns_table] already available Krawalle
2024-06-10 22:27:54,656 - textile_logger - INFO - [nouns_table] already available Video
2024-06-10 22:27:54,656 - textile_logger - INFO - [nouns_table] already available  Container
2024-06-10 22:27:54,657 - textile_logger - INFO - [nouns_table] already available Festnahmen
2024-06-10 22:27:54,657 - textile_logger - INFO - [nouns_table] already available 17
2024-06-10 22:27:54,657 - textile_logger - INFO - [nouns_table] already available Staat
2024-06-10 22:27:54,657 - textile_logger - INFO - [nouns_table] already available  Kontrolle
2024-06-10 22:27:54,658 - textile_logger - INFO - [nouns_table] already available Gewalt
2024-06-10 22:27:54,658 - textile_logger - INFO - [nouns_table] already available Satz
2024-06-10 22:27:54,658 - textile_logger - INFO - [nouns_table] already available Hauptstadt
2024-06-10 22:27:54,659 - textile_logger - INFO - [nouns_table] already available Feuerwerkskörpern
2024-06-10 22:27:54,659 - textile_logger - INFO - [nouns_table] already available Vorfall
2024-06-10 22:27:54,659 - textile_logger - INFO - [nouns_table] already available Demonstrierende
2024-06-10 22:27:54,660 - textile_logger - INFO - [nouns_table] already available Polizist
2024-06-10 22:27:54,660 - textile_logger - INFO - [nouns_table] already available Feuerwerks
2024-06-10 22:27:54,660 - textile_logger - INFO - [nouns_table] already available Vororten
2024-06-10 22:27:54,661 - textile_logger - INFO - [nouns_table] already available Müllcontainer
2024-06-10 22:27:54,661 - textile_logger - INFO - [nouns_table] already available  Körpern
2024-06-10 22:27:54,661 - textile_logger - INFO - [nouns_table] already available Polizisten
2024-06-10 22:27:54,662 - textile_logger - INFO - [nouns_table] already available Einsatz
2024-06-10 22:27:54,662 - textile_logger - INFO - [nouns_table] already available Jugendliche
2024-06-10 22:27:54,662 - textile_logger - INFO - [nouns_table] already available Kopf
2024-06-10 22:27:54,662 - textile_logger - INFO - [nouns_table] already available Stimmen
2024-06-10 22:27:54,663 - textile_logger - INFO - [nouns_table] already available  Wahl
2024-06-10 22:27:54,663 - textile_logger - INFO - [nouns_table] already available Ergebnis
2024-06-10 22:27:54,663 - textile_logger - INFO - [nouns_table] already available Sieg
2024-06-10 22:27:54,664 - textile_logger - INFO - [nouns_table] already available Polizeifoto
2024-06-10 22:27:54,664 - textile_logger - INFO - [nouns_table] already available  Präsident
2024-06-10 22:27:54,664 - textile_logger - INFO - [nouns_table] already available Verbrecher“foto
2024-06-10 22:27:54,665 - textile_logger - INFO - [nouns_table] already available Vorwürfe
2024-06-10 22:27:54,665 - textile_logger - INFO - [nouns_table] already available Medien
2024-06-10 22:27:54,665 - textile_logger - INFO - [nouns_table] already available Hexenjagd
2024-06-10 22:27:54,666 - textile_logger - INFO - [nouns_table] already available Behörden
2024-06-10 22:27:54,666 - textile_logger - INFO - [nouns_table] already available Verbrecher
2024-06-10 22:27:54,666 - textile_logger - INFO - [nouns_table] already available Bundesstaat
2024-06-10 22:27:54,667 - textile_logger - INFO - [nouns_table] already available  Foto
2024-06-10 22:27:54,667 - textile_logger - INFO - [nouns_table] already available Woche
2024-06-10 22:27:54,667 - textile_logger - INFO - [nouns_table] already available  Jagd
2024-06-10 22:27:54,668 - textile_logger - INFO - [nouns_table] already available  Bundes
2024-06-10 22:27:54,668 - textile_logger - INFO - [nouns_table] already available  Staat
2024-06-10 22:27:54,668 - textile_logger - INFO - [nouns_table] already available  Kampf
2024-06-10 22:27:54,668 - textile_logger - INFO - [nouns_table] already available Us
2024-06-10 22:27:54,669 - textile_logger - INFO - [nouns_table] already available  Shirts
2024-06-10 22:27:54,669 - textile_logger - INFO - [nouns_table] already available Hexen
2024-06-10 22:27:54,669 - textile_logger - INFO - [nouns_table] already available T
2024-06-10 22:27:54,670 - textile_logger - INFO - [nouns_table] already available Straßen
2024-06-10 22:27:54,670 - textile_logger - INFO - [nouns_table] already available Weg
2024-06-10 22:27:54,670 - textile_logger - INFO - [nouns_table] already available Wetter
2024-06-10 22:27:54,671 - textile_logger - INFO - [nouns_table] already available Wasser
2024-06-10 22:27:54,671 - textile_logger - INFO - [nouns_table] already available Reise
2024-06-10 22:27:54,671 - textile_logger - INFO - [nouns_table] already available Sonne
2024-06-10 22:27:54,672 - textile_logger - INFO - [nouns_table] already available Frau
2024-06-10 22:27:54,672 - textile_logger - INFO - [nouns_table] already available Route
2024-06-10 22:27:54,672 - textile_logger - INFO - [nouns_table] already available Flasche
2024-06-10 22:27:54,673 - textile_logger - INFO - [nouns_table] already available Buch
2024-06-10 22:27:54,673 - textile_logger - INFO - [nouns_table] already available Mann
2024-06-10 22:27:54,673 - textile_logger - INFO - [nouns_table] already available Bäumen
2024-06-10 22:27:54,673 - textile_logger - INFO - [nouns_table] already available Natur
2024-06-10 22:27:54,674 - textile_logger - INFO - [nouns_table] already available Bälle
2024-06-10 22:27:54,674 - textile_logger - INFO - [nouns_table] already available Park
2024-06-10 22:27:54,674 - textile_logger - INFO - [nouns_table] already available Vögel
2024-06-10 22:27:54,675 - textile_logger - INFO - [nouns_table] already available Wiese
2024-06-10 22:27:54,675 - textile_logger - INFO - [nouns_table] already available Mädchen
2024-06-10 22:27:54,675 - textile_logger - INFO - [nouns_table] already available Ball
2024-06-10 22:27:54,676 - textile_logger - INFO - [nouns_table] already available Hund
2024-06-10 22:27:54,676 - textile_logger - INFO - [nouns_table] already available Experimentieren
2024-06-10 22:27:54,676 - textile_logger - INFO - [nouns_table] already available Vordergrund
2024-06-10 22:27:54,677 - textile_logger - INFO - [nouns_table] already available Schmerzes
2024-06-10 22:27:54,677 - textile_logger - INFO - [nouns_table] already available Abendessen
2024-06-10 22:27:54,677 - textile_logger - INFO - [nouns_table] already available Möglichkeit
2024-06-10 22:27:54,678 - textile_logger - INFO - [nouns_table] already available Gemüse
2024-06-10 22:27:54,678 - textile_logger - INFO - [nouns_table] already available Höhen
2024-06-10 22:27:54,678 - textile_logger - INFO - [nouns_table] already available Küche
2024-06-10 22:27:54,679 - textile_logger - INFO - [nouns_table] already available Tränen
2024-06-10 22:27:54,679 - textile_logger - INFO - [nouns_table] already available Oscar
2024-06-10 22:27:54,679 - textile_logger - INFO - [nouns_table] already available Weltkrieg
2024-06-10 22:27:54,680 - textile_logger - INFO - [nouns_table] already available Regisseur
2024-06-10 22:27:54,680 - textile_logger - INFO - [nouns_table] already available Wasch
2024-06-10 22:27:54,680 - textile_logger - INFO - [nouns_table] already available Filmmusik
2024-06-10 22:27:54,681 - textile_logger - INFO - [nouns_table] already available Neues
2024-06-10 22:27:54,681 - textile_logger - INFO - [nouns_table] already available Film
2024-06-10 22:27:54,681 - textile_logger - INFO - [nouns_table] already available Oscars
2024-06-10 22:27:54,682 - textile_logger - INFO - [nouns_table] already available Generationen
2024-06-10 22:27:54,682 - textile_logger - INFO - [nouns_table] already available anderen
2024-06-10 22:27:54,682 - textile_logger - INFO - [nouns_table] already available Älteren
2024-06-10 22:27:54,683 - textile_logger - INFO - [nouns_table] already available Krankenschwester
2024-06-10 22:27:54,683 - textile_logger - INFO - [nouns_table] already available Alters
2024-06-10 22:27:54,683 - textile_logger - INFO - [nouns_table] already available Gemeinschaftsbereich
2024-06-10 22:27:54,684 - textile_logger - INFO - [nouns_table] already available Füreinander
2024-06-10 22:27:54,684 - textile_logger - INFO - [nouns_table] already available Gegenzug
2024-06-10 22:27:54,684 - textile_logger - INFO - [nouns_table] already available Unabhängigkeit
2024-06-10 22:27:54,685 - textile_logger - INFO - [nouns_table] already available Fähigkeiten
2024-06-10 22:27:54,685 - textile_logger - INFO - [nouns_table] already available Erziehung
2024-06-10 22:27:54,685 - textile_logger - INFO - [nouns_table] already available Erfahrungen
2024-06-10 22:27:54,685 - textile_logger - INFO - [nouns_table] already available Ende
2024-06-10 22:27:54,686 - textile_logger - INFO - [nouns_table] already available Gemeinschaft
2024-06-10 22:27:54,686 - textile_logger - INFO - [nouns_table] already available Teil
2024-06-10 22:27:54,686 - textile_logger - INFO - [nouns_table] already available Lösung
2024-06-10 22:27:54,687 - textile_logger - INFO - [nouns_table] already available Kindern
2024-06-10 22:27:54,687 - textile_logger - INFO - [nouns_table] already available  Jährige
2024-06-10 22:27:54,687 - textile_logger - INFO - [nouns_table] already available Schulaufgaben
2024-06-10 22:27:54,688 - textile_logger - INFO - [nouns_table] already available Geschwistern
2024-06-10 22:27:54,688 - textile_logger - INFO - [nouns_table] already available Motto
2024-06-10 22:27:54,688 - textile_logger - INFO - [nouns_table] already available Berufslebens
2024-06-10 22:27:54,689 - textile_logger - INFO - [nouns_table] already available 70
2024-06-10 22:27:54,689 - textile_logger - INFO - [nouns_table] already available Können
2024-06-10 22:27:54,689 - textile_logger - INFO - [nouns_table] already available Lebensgefühl
2024-06-10 22:27:54,690 - textile_logger - INFO - [nouns_table] already available Alter
2024-06-10 22:27:54,690 - textile_logger - INFO - [nouns_table] already available Altersheim
2024-06-10 22:27:54,707 - textile_logger - INFO - [nouns_table] already available Unabhängigkeit
2024-06-10 22:27:54,707 - textile_logger - INFO - [nouns_table] already available Teil
2024-06-10 22:27:55,572 - textile_logger - INFO - [nouns_table] parsing 70jährige
2024-06-10 22:27:55,573 - textile_logger - INFO - [nouns_table] already available Ende
2024-06-10 22:27:55,576 - textile_logger - INFO - [nouns_table] already available Erwachsene
2024-06-10 22:27:55,579 - textile_logger - INFO - [nouns_table] already available Älteren
2024-06-10 22:27:55,583 - textile_logger - INFO - [nouns_table] already available Berufslebens
2024-06-10 22:27:55,586 - textile_logger - INFO - [nouns_table] already available  Jährige
2024-06-10 22:27:55,590 - textile_logger - INFO - [nouns_table] already available Geschwistern
2024-06-10 22:27:56,201 - textile_logger - INFO - [nouns_table] parsing Gesellschaft
2024-06-10 22:27:56,767 - textile_logger - INFO - [nouns_table] parsing Wohnung
2024-06-10 22:27:57,453 - textile_logger - INFO - [nouns_table] parsing Treffpunkt
2024-06-10 22:27:57,453 - textile_logger - INFO - [nouns_table] already available Erziehung
2024-06-10 22:27:58,117 - textile_logger - INFO - [nouns_table] parsing Ohr
2024-06-10 22:27:58,235 - textile_logger - INFO - [nouns_table] parsing Mehrgenerationenwohnen
2024-06-10 22:27:58,235 - textile_logger - INFO - [nouns_table] already available Generationen
2024-06-10 22:27:58,237 - textile_logger - INFO - [nouns_table] already available Schulaufgaben
2024-06-10 22:27:58,238 - textile_logger - INFO - [nouns_table] already available Eltern
2024-06-10 22:27:58,240 - textile_logger - INFO - [nouns_table] already available Alter
2024-06-10 22:27:58,240 - textile_logger - INFO - [nouns_table] already available Menschen
2024-06-10 22:27:58,437 - textile_logger - INFO - [nouns_table] parsing Mehrgenerationenhaus
2024-06-10 22:27:58,437 - textile_logger - INFO - [nouns_table] already available Gemeinschaft
2024-06-10 22:27:58,446 - textile_logger - INFO - [nouns_table] already available Zeit
2024-06-10 22:27:58,449 - textile_logger - INFO - [nouns_table] already available 70
2024-06-10 22:27:58,453 - textile_logger - INFO - [nouns_table] already available Kindern
2024-06-10 22:27:58,456 - textile_logger - INFO - [nouns_table] already available Krankenschwester
2024-06-10 22:27:58,459 - textile_logger - INFO - [nouns_table] already available Wunder
2024-06-10 22:27:58,462 - textile_logger - INFO - [nouns_table] already available Lösung
2024-06-10 22:27:58,465 - textile_logger - INFO - [nouns_table] already available Füreinander
2024-06-10 22:27:58,469 - textile_logger - INFO - [nouns_table] already available anderen
2024-06-10 22:27:58,472 - textile_logger - INFO - [nouns_table] already available Fähigkeiten
2024-06-10 22:27:58,475 - textile_logger - INFO - [nouns_table] already available Alters
2024-06-10 22:27:58,783 - textile_logger - INFO - [nouns_table] parsing Treff
2024-06-10 22:27:58,783 - textile_logger - INFO - [nouns_table] already available Gegenzug
2024-06-10 22:27:58,787 - textile_logger - INFO - [nouns_table] already available Gemeinschaftsbereich
2024-06-10 22:27:58,789 - textile_logger - INFO - [nouns_table] already available Motto
2024-06-10 22:27:58,789 - textile_logger - INFO - [nouns_table] already available Erfahrungen
2024-06-10 22:27:58,790 - textile_logger - INFO - [nouns_table] already available Können
2024-06-10 22:27:58,790 - textile_logger - INFO - [nouns_table] already available Lebensgefühl
2024-06-10 22:27:59,392 - textile_logger - INFO - [nouns_table] parsing Option
2024-06-10 22:28:00,108 - textile_logger - INFO - [nouns_table] parsing Gespräch
2024-06-10 22:28:00,109 - textile_logger - INFO - [nouns_table] already available Altersheim
2024-06-10 22:28:00,269 - textile_logger - INFO - [nouns_table] parsing Wohnzimmer
2024-06-10 22:28:00,931 - textile_logger - INFO - [nouns_table] parsing Wissen
2024-06-10 22:28:00,932 - textile_logger - INFO - [nouns_table] caching nouns df
2024-06-10 22:28:00,973 - textile_logger - INFO - [nouns_table] refreshing cache
2024-06-10 22:28:00,995 - textile_logger - INFO - [nouns_table] already available Name
2024-06-10 22:28:00,996 - textile_logger - INFO - [nouns_table] already available Jahren
2024-06-10 22:28:00,997 - textile_logger - INFO - [nouns_table] already available Jahre
2024-06-10 22:28:00,997 - textile_logger - INFO - [nouns_table] already available Geschwister
2024-06-10 22:28:00,998 - textile_logger - INFO - [nouns_table] already available Schwester
2024-06-10 22:28:00,998 - textile_logger - INFO - [nouns_table] already available Bruder
2024-06-10 22:28:00,999 - textile_logger - INFO - [nouns_table] already available Eltern
2024-06-10 22:28:00,999 - textile_logger - INFO - [nouns_table] already available Haus
2024-06-10 22:28:01,000 - textile_logger - INFO - [nouns_table] already available Nähe
2024-06-10 22:28:01,001 - textile_logger - INFO - [nouns_table] already available Mutter
2024-06-10 22:28:01,001 - textile_logger - INFO - [nouns_table] already available Köchin
2024-06-10 22:28:01,002 - textile_logger - INFO - [nouns_table] already available Vater
2024-06-10 22:28:01,002 - textile_logger - INFO - [nouns_table] already available Bank
2024-06-10 22:28:01,003 - textile_logger - INFO - [nouns_table] already available Richter
2024-06-10 22:28:01,003 - textile_logger - INFO - [nouns_table] already available Monat
2024-06-10 22:28:01,004 - textile_logger - INFO - [nouns_table] already available Gericht
2024-06-10 22:28:01,004 - textile_logger - INFO - [nouns_table] already available Fall
2024-06-10 22:28:01,005 - textile_logger - INFO - [nouns_table] already available Staatsanwalt
2024-06-10 22:28:01,005 - textile_logger - INFO - [nouns_table] already available Strafprozess
2024-06-10 22:28:01,006 - textile_logger - INFO - [nouns_table] already available Strafe
2024-06-10 22:28:01,006 - textile_logger - INFO - [nouns_table] already available Geschäftsunterlagen
2024-06-10 22:28:01,007 - textile_logger - INFO - [nouns_table] already available Stadt
2024-06-10 22:28:01,007 - textile_logger - INFO - [nouns_table] already available Verbotenes
2024-06-10 22:28:01,007 - textile_logger - INFO - [nouns_table] already available Wahl
2024-06-10 22:28:01,008 - textile_logger - INFO - [nouns_table] already available Land
2024-06-10 22:28:01,008 - textile_logger - INFO - [nouns_table] already available Januar
2024-06-10 22:28:01,009 - textile_logger - INFO - [nouns_table] already available Präsident
2024-06-10 22:28:01,009 - textile_logger - INFO - [nouns_table] already available Gerichtstermin
2024-06-10 22:28:01,010 - textile_logger - INFO - [nouns_table] already available Wahrheit
2024-06-10 22:28:01,010 - textile_logger - INFO - [nouns_table] already available  Bündnis
2024-06-10 22:28:01,010 - textile_logger - INFO - [nouns_table] already available Mitgliedsländer
2024-06-10 22:28:01,011 - textile_logger - INFO - [nouns_table] already available  Quartier
2024-06-10 22:28:01,011 - textile_logger - INFO - [nouns_table] already available Hauptquartier
2024-06-10 22:28:01,012 - textile_logger - INFO - [nouns_table] already available Russland
2024-06-10 22:28:01,012 - textile_logger - INFO - [nouns_table] already available Militär
2024-06-10 22:28:01,013 - textile_logger - INFO - [nouns_table] already available Mitglied
2024-06-10 22:28:01,013 - textile_logger - INFO - [nouns_table] already available Nato
2024-06-10 22:28:01,013 - textile_logger - INFO - [nouns_table] already available Mitglieds
2024-06-10 22:28:01,014 - textile_logger - INFO - [nouns_table] already available Erweiterung
2024-06-10 22:28:01,014 - textile_logger - INFO - [nouns_table] already available General
2024-06-10 22:28:01,014 - textile_logger - INFO - [nouns_table] already available Generalsekretär
2024-06-10 22:28:01,015 - textile_logger - INFO - [nouns_table] already available Beitritt
2024-06-10 22:28:01,015 - textile_logger - INFO - [nouns_table] already available  Länder
2024-06-10 22:28:01,016 - textile_logger - INFO - [nouns_table] already available Militärbündnis
2024-06-10 22:28:01,016 - textile_logger - INFO - [nouns_table] already available Fahne
2024-06-10 22:28:01,016 - textile_logger - INFO - [nouns_table] already available  Mitglied
2024-06-10 22:28:01,017 - textile_logger - INFO - [nouns_table] already available Haupt
2024-06-10 22:28:01,017 - textile_logger - INFO - [nouns_table] already available Länder
2024-06-10 22:28:01,018 - textile_logger - INFO - [nouns_table] already available Regierung
2024-06-10 22:28:01,018 - textile_logger - INFO - [nouns_table] already available Mitglieder
2024-06-10 22:28:01,018 - textile_logger - INFO - [nouns_table] already available  Sekretär
2024-06-10 22:28:01,019 - textile_logger - INFO - [nouns_table] already available Feier
2024-06-10 22:28:01,019 - textile_logger - INFO - [nouns_table] already available Schriftsteller
2024-06-10 22:28:01,019 - textile_logger - INFO - [nouns_table] already available Krieg
2024-06-10 22:28:01,020 - textile_logger - INFO - [nouns_table] already available  Musik
2024-06-10 22:28:01,020 - textile_logger - INFO - [nouns_table] already available Millionen
2024-06-10 22:28:01,020 - textile_logger - INFO - [nouns_table] already available Soldat
2024-06-10 22:28:01,021 - textile_logger - INFO - [nouns_table] already available Welt
2024-06-10 22:28:01,021 - textile_logger - INFO - [nouns_table] already available  Führung
2024-06-10 22:28:01,021 - textile_logger - INFO - [nouns_table] already available  Krieg
2024-06-10 22:28:01,022 - textile_logger - INFO - [nouns_table] already available Westen
2024-06-10 22:28:01,022 - textile_logger - INFO - [nouns_table] already available  Salon
2024-06-10 22:28:01,022 - textile_logger - INFO - [nouns_table] already available  Preisen
2024-06-10 22:28:01,023 - textile_logger - INFO - [nouns_table] already available  Bild
2024-06-10 22:28:01,023 - textile_logger - INFO - [nouns_table] already available Filmpreisen
2024-06-10 22:28:01,023 - textile_logger - INFO - [nouns_table] already available Waschsalon
2024-06-10 22:28:01,024 - textile_logger - INFO - [nouns_table] already available Kamera
2024-06-10 22:28:01,024 - textile_logger - INFO - [nouns_table] already available Jahr
2024-06-10 22:28:01,025 - textile_logger - INFO - [nouns_table] already available Besitzerin
2024-06-10 22:28:01,025 - textile_logger - INFO - [nouns_table] already available Szenen
2024-06-10 22:28:01,025 - textile_logger - INFO - [nouns_table] already available Kameraführung
2024-06-10 22:28:01,026 - textile_logger - INFO - [nouns_table] already available Menschen
2024-06-10 22:28:01,026 - textile_logger - INFO - [nouns_table] already available Grippe
2024-06-10 22:28:01,027 - textile_logger - INFO - [nouns_table] already available Fieber
2024-06-10 22:28:01,027 - textile_logger - INFO - [nouns_table] already available Alternative
2024-06-10 22:28:01,027 - textile_logger - INFO - [nouns_table] already available Kinder
2024-06-10 22:28:01,028 - textile_logger - INFO - [nouns_table] already available Essen
2024-06-10 22:28:01,028 - textile_logger - INFO - [nouns_table] already available Besserung
2024-06-10 22:28:01,028 - textile_logger - INFO - [nouns_table] already available Rezept
2024-06-10 22:28:01,029 - textile_logger - INFO - [nouns_table] already available leben
2024-06-10 22:28:01,029 - textile_logger - INFO - [nouns_table] already available Sohn
2024-06-10 22:28:01,029 - textile_logger - INFO - [nouns_table] already available Viren
2024-06-10 22:28:01,030 - textile_logger - INFO - [nouns_table] already available Podcast
2024-06-10 22:28:01,030 - textile_logger - INFO - [nouns_table] already available Husten
2024-06-10 22:28:01,031 - textile_logger - INFO - [nouns_table] already available Erkältung
2024-06-10 22:28:01,031 - textile_logger - INFO - [nouns_table] already available Saft
2024-06-10 22:28:01,031 - textile_logger - INFO - [nouns_table] already available Dialog
2024-06-10 22:28:01,032 - textile_logger - INFO - [nouns_table] already available Moderatoren
2024-06-10 22:28:01,032 - textile_logger - INFO - [nouns_table] already available Winter
2024-06-10 22:28:01,032 - textile_logger - INFO - [nouns_table] already available Morgen
2024-06-10 22:28:01,033 - textile_logger - INFO - [nouns_table] already available Zeit
2024-06-10 22:28:01,033 - textile_logger - INFO - [nouns_table] already available Mühe
2024-06-10 22:28:01,033 - textile_logger - INFO - [nouns_table] already available Wochen
2024-06-10 22:28:01,034 - textile_logger - INFO - [nouns_table] already available Wartezimmer
2024-06-10 22:28:01,034 - textile_logger - INFO - [nouns_table] already available Text
2024-06-10 22:28:01,034 - textile_logger - INFO - [nouns_table] already available Danke
2024-06-10 22:28:01,035 - textile_logger - INFO - [nouns_table] already available Radio
2024-06-10 22:28:01,035 - textile_logger - INFO - [nouns_table] already available Tage
2024-06-10 22:28:01,035 - textile_logger - INFO - [nouns_table] already available Katze
2024-06-10 22:28:01,036 - textile_logger - INFO - [nouns_table] already available Dialoges
2024-06-10 22:28:01,036 - textile_logger - INFO - [nouns_table] already available Schnupfen
2024-06-10 22:28:01,036 - textile_logger - INFO - [nouns_table] already available Arbeit
2024-06-10 22:28:01,037 - textile_logger - INFO - [nouns_table] already available Spaziergang
2024-06-10 22:28:01,037 - textile_logger - INFO - [nouns_table] already available Glück
2024-06-10 22:28:01,037 - textile_logger - INFO - [nouns_table] already available Gefühl
2024-06-10 22:28:01,038 - textile_logger - INFO - [nouns_table] already available Getränke
2024-06-10 22:28:01,038 - textile_logger - INFO - [nouns_table] already available Attest
2024-06-10 22:28:01,038 - textile_logger - INFO - [nouns_table] already available Kopfweh
2024-06-10 22:28:01,039 - textile_logger - INFO - [nouns_table] already available Wunder
2024-06-10 22:28:01,039 - textile_logger - INFO - [nouns_table] already available Kontakt
2024-06-10 22:28:01,039 - textile_logger - INFO - [nouns_table] already available Kind
2024-06-10 22:28:01,039 - textile_logger - INFO - [nouns_table] already available Kinderarzt
2024-06-10 22:28:01,040 - textile_logger - INFO - [nouns_table] already available Bleib
2024-06-10 22:28:01,040 - textile_logger - INFO - [nouns_table] already available Schmerzmittel
2024-06-10 22:28:01,040 - textile_logger - INFO - [nouns_table] already available Schule
2024-06-10 22:28:01,041 - textile_logger - INFO - [nouns_table] already available Medikamente
2024-06-10 22:28:01,041 - textile_logger - INFO - [nouns_table] already available Tag
2024-06-10 22:28:01,041 - textile_logger - INFO - [nouns_table] already available Schmerzen
2024-06-10 22:28:01,042 - textile_logger - INFO - [nouns_table] already available Arzt
2024-06-10 22:28:01,042 - textile_logger - INFO - [nouns_table] already available Nachrichten
2024-06-10 22:28:01,042 - textile_logger - INFO - [nouns_table] already available Geschichte
2024-06-10 22:28:01,043 - textile_logger - INFO - [nouns_table] already available Pflanzen
2024-06-10 22:28:01,043 - textile_logger - INFO - [nouns_table] already available  Mittel
2024-06-10 22:28:01,043 - textile_logger - INFO - [nouns_table] already available Chemie
2024-06-10 22:28:01,044 - textile_logger - INFO - [nouns_table] already available  Vertrag
2024-06-10 22:28:01,044 - textile_logger - INFO - [nouns_table] already available Bundesregierung
2024-06-10 22:28:01,044 - textile_logger - INFO - [nouns_table] already available Verkauf
2024-06-10 22:28:01,044 - textile_logger - INFO - [nouns_table] already available Parteien
2024-06-10 22:28:01,045 - textile_logger - INFO - [nouns_table] already available Gehirn
2024-06-10 22:28:01,045 - textile_logger - INFO - [nouns_table] already available Sand
2024-06-10 22:28:01,045 - textile_logger - INFO - [nouns_table] already available Drogenhändler
2024-06-10 22:28:01,046 - textile_logger - INFO - [nouns_table] already available Leute
2024-06-10 22:28:01,046 - textile_logger - INFO - [nouns_table] already available Zucker
2024-06-10 22:28:01,046 - textile_logger - INFO - [nouns_table] already available  Händler
2024-06-10 22:28:01,047 - textile_logger - INFO - [nouns_table] already available Blätter
2024-06-10 22:28:01,047 - textile_logger - INFO - [nouns_table] already available Beispiel
2024-06-10 22:28:01,047 - textile_logger - INFO - [nouns_table] already available Streit
2024-06-10 22:28:01,048 - textile_logger - INFO - [nouns_table] already available Bedingungen
2024-06-10 22:28:01,048 - textile_logger - INFO - [nouns_table] already available Rausch
2024-06-10 22:28:01,048 - textile_logger - INFO - [nouns_table] already available Cannabis
2024-06-10 22:28:01,049 - textile_logger - INFO - [nouns_table] already available Erlaubnis
2024-06-10 22:28:01,049 - textile_logger - INFO - [nouns_table] already available Koalitionsvertrag
2024-06-10 22:28:01,049 - textile_logger - INFO - [nouns_table] already available  Minister
2024-06-10 22:28:01,049 - textile_logger - INFO - [nouns_table] already available Drogenhändlern
2024-06-10 22:28:01,050 - textile_logger - INFO - [nouns_table] already available Fachleute
2024-06-10 22:28:01,050 - textile_logger - INFO - [nouns_table] already available Droge
2024-06-10 22:28:01,050 - textile_logger - INFO - [nouns_table] already available Geschäfte
2024-06-10 22:28:01,051 - textile_logger - INFO - [nouns_table] already available Teile
2024-06-10 22:28:01,051 - textile_logger - INFO - [nouns_table] already available Gewürze
2024-06-10 22:28:01,051 - textile_logger - INFO - [nouns_table] already available Ärzte
2024-06-10 22:28:01,052 - textile_logger - INFO - [nouns_table] already available Vereine
2024-06-10 22:28:01,052 - textile_logger - INFO - [nouns_table] already available  Regierung
2024-06-10 22:28:01,052 - textile_logger - INFO - [nouns_table] already available Gesundheits
2024-06-10 22:28:01,053 - textile_logger - INFO - [nouns_table] already available Gegenden
2024-06-10 22:28:01,053 - textile_logger - INFO - [nouns_table] already available Pflanze
2024-06-10 22:28:01,053 - textile_logger - INFO - [nouns_table] already available Moment
2024-06-10 22:28:01,054 - textile_logger - INFO - [nouns_table] already available Angst
2024-06-10 22:28:01,054 - textile_logger - INFO - [nouns_table] already available Drogen
2024-06-10 22:28:01,054 - textile_logger - INFO - [nouns_table] already available Gesundheitsminister
2024-06-10 22:28:01,055 - textile_logger - INFO - [nouns_table] already available Erwachsene
2024-06-10 22:28:01,055 - textile_logger - INFO - [nouns_table] already available Qualität
2024-06-10 22:28:01,055 - textile_logger - INFO - [nouns_table] already available Hause
2024-06-10 22:28:01,056 - textile_logger - INFO - [nouns_table] already available Dezember
2024-06-10 22:28:01,056 - textile_logger - INFO - [nouns_table] already available  Team
2024-06-10 22:28:01,056 - textile_logger - INFO - [nouns_table] already available Hinspiel
2024-06-10 22:28:01,057 - textile_logger - INFO - [nouns_table] already available WM
2024-06-10 22:28:01,057 - textile_logger - INFO - [nouns_table] already available Qualifikation
2024-06-10 22:28:01,057 - textile_logger - INFO - [nouns_table] already available Frauen
2024-06-10 22:28:01,058 - textile_logger - INFO - [nouns_table] already available Hin
2024-06-10 22:28:01,058 - textile_logger - INFO - [nouns_table] already available  Meisterschaft
2024-06-10 22:28:01,058 - textile_logger - INFO - [nouns_table] already available Grund
2024-06-10 22:28:01,059 - textile_logger - INFO - [nouns_table] already available Rück
2024-06-10 22:28:01,059 - textile_logger - INFO - [nouns_table] already available Ländern
2024-06-10 22:28:01,059 - textile_logger - INFO - [nouns_table] already available Toren
2024-06-10 22:28:01,060 - textile_logger - INFO - [nouns_table] already available Handballerinnen
2024-06-10 22:28:01,060 - textile_logger - INFO - [nouns_table] already available Weltmeisterschaft
2024-06-10 22:28:01,060 - textile_logger - INFO - [nouns_table] already available November
2024-06-10 22:28:01,061 - textile_logger - INFO - [nouns_table] already available Rückspiel
2024-06-10 22:28:01,061 - textile_logger - INFO - [nouns_table] already available  Spiel
2024-06-10 22:28:01,061 - textile_logger - INFO - [nouns_table] already available Potter
2024-06-10 22:28:01,061 - textile_logger - INFO - [nouns_table] already available Kinofilmen
2024-06-10 22:28:01,062 - textile_logger - INFO - [nouns_table] already available Geschichten
2024-06-10 22:28:01,062 - textile_logger - INFO - [nouns_table] already available Serie
2024-06-10 22:28:01,062 - textile_logger - INFO - [nouns_table] already available Firma
2024-06-10 22:28:01,063 - textile_logger - INFO - [nouns_table] already available Autorin
2024-06-10 22:28:01,063 - textile_logger - INFO - [nouns_table] already available Schauspielerinnen
2024-06-10 22:28:01,063 - textile_logger - INFO - [nouns_table] already available Platz
2024-06-10 22:28:01,064 - textile_logger - INFO - [nouns_table] already available Kino
2024-06-10 22:28:01,064 - textile_logger - INFO - [nouns_table] already available  Spieler
2024-06-10 22:28:01,064 - textile_logger - INFO - [nouns_table] already available Schau
2024-06-10 22:28:01,065 - textile_logger - INFO - [nouns_table] already available Einzelheiten
2024-06-10 22:28:01,065 - textile_logger - INFO - [nouns_table] already available Kinofilm
2024-06-10 22:28:01,065 - textile_logger - INFO - [nouns_table] already available Potter“büchern
2024-06-10 22:28:01,066 - textile_logger - INFO - [nouns_table] already available Potter“
2024-06-10 22:28:01,066 - textile_logger - INFO - [nouns_table] already available Bücher
2024-06-10 22:28:01,066 - textile_logger - INFO - [nouns_table] already available  Filmen
2024-06-10 22:28:01,067 - textile_logger - INFO - [nouns_table] already available  Film
2024-06-10 22:28:01,067 - textile_logger - INFO - [nouns_table] already available Streaming
2024-06-10 22:28:01,067 - textile_logger - INFO - [nouns_table] already available  Dienst
2024-06-10 22:28:01,067 - textile_logger - INFO - [nouns_table] already available Kinofilme
2024-06-10 22:28:01,068 - textile_logger - INFO - [nouns_table] already available Fernseh
2024-06-10 22:28:01,068 - textile_logger - INFO - [nouns_table] already available  Büchern
2024-06-10 22:28:01,068 - textile_logger - INFO - [nouns_table] already available Zauberer
2024-06-10 22:28:01,069 - textile_logger - INFO - [nouns_table] already available Fernsehserie
2024-06-10 22:28:01,069 - textile_logger - INFO - [nouns_table] already available  Serie
2024-06-10 22:28:01,069 - textile_logger - INFO - [nouns_table] already available Schauspieler
2024-06-10 22:28:01,070 - textile_logger - INFO - [nouns_table] already available Helfer
2024-06-10 22:28:01,070 - textile_logger - INFO - [nouns_table] already available Trinkwasser
2024-06-10 22:28:01,070 - textile_logger - INFO - [nouns_table] already available Armee
2024-06-10 22:28:01,071 - textile_logger - INFO - [nouns_table] already available Tagen
2024-06-10 22:28:01,071 - textile_logger - INFO - [nouns_table] already available  Armee
2024-06-10 22:28:01,071 - textile_logger - INFO - [nouns_table] already available Rebellen
2024-06-10 22:28:01,072 - textile_logger - INFO - [nouns_table] already available Wohn
2024-06-10 22:28:01,072 - textile_logger - INFO - [nouns_table] already available  Viertel
2024-06-10 22:28:01,072 - textile_logger - INFO - [nouns_table] already available Tote
2024-06-10 22:28:01,072 - textile_logger - INFO - [nouns_table] already available Rücksicht
2024-06-10 22:28:01,073 - textile_logger - INFO - [nouns_table] already available Macht
2024-06-10 22:28:01,073 - textile_logger - INFO - [nouns_table] already available Kämpfe
2024-06-10 22:28:01,073 - textile_logger - INFO - [nouns_table] already available Strom
2024-06-10 22:28:01,074 - textile_logger - INFO - [nouns_table] already available Armeen
2024-06-10 22:28:01,074 - textile_logger - INFO - [nouns_table] already available Trink
2024-06-10 22:28:01,074 - textile_logger - INFO - [nouns_table] already available  Wasser
2024-06-10 22:28:01,075 - textile_logger - INFO - [nouns_table] already available Wohnviertel
2024-06-10 22:28:01,075 - textile_logger - INFO - [nouns_table] already available Kontinent
2024-06-10 22:28:01,075 - textile_logger - INFO - [nouns_table] already available Kämpfen
2024-06-10 22:28:01,076 - textile_logger - INFO - [nouns_table] already available Helferinnen
2024-06-10 22:28:01,076 - textile_logger - INFO - [nouns_table] already available Hilfsorganisation
2024-06-10 22:28:01,076 - textile_logger - INFO - [nouns_table] already available Verkehrs
2024-06-10 22:28:01,077 - textile_logger - INFO - [nouns_table] already available Autos
2024-06-10 22:28:01,077 - textile_logger - INFO - [nouns_table] already available Auto
2024-06-10 22:28:01,077 - textile_logger - INFO - [nouns_table] already available Barrikaden
2024-06-10 22:28:01,078 - textile_logger - INFO - [nouns_table] already available Waffe
2024-06-10 22:28:01,078 - textile_logger - INFO - [nouns_table] already available Verkehrskontrolle
2024-06-10 22:28:01,078 - textile_logger - INFO - [nouns_table] already available Einrichtungen
2024-06-10 22:28:01,078 - textile_logger - INFO - [nouns_table] already available Müll
2024-06-10 22:28:01,079 - textile_logger - INFO - [nouns_table] already available Kugel
2024-06-10 22:28:01,079 - textile_logger - INFO - [nouns_table] already available Krawalle
2024-06-10 22:28:01,082 - textile_logger - INFO - [nouns_table] already available Video
2024-06-10 22:28:01,082 - textile_logger - INFO - [nouns_table] already available  Container
2024-06-10 22:28:01,083 - textile_logger - INFO - [nouns_table] already available Festnahmen
2024-06-10 22:28:01,083 - textile_logger - INFO - [nouns_table] already available 17
2024-06-10 22:28:01,084 - textile_logger - INFO - [nouns_table] already available Staat
2024-06-10 22:28:01,084 - textile_logger - INFO - [nouns_table] already available  Kontrolle
2024-06-10 22:28:01,084 - textile_logger - INFO - [nouns_table] already available Gewalt
2024-06-10 22:28:01,085 - textile_logger - INFO - [nouns_table] already available Satz
2024-06-10 22:28:01,085 - textile_logger - INFO - [nouns_table] already available Hauptstadt
2024-06-10 22:28:01,085 - textile_logger - INFO - [nouns_table] already available Feuerwerkskörpern
2024-06-10 22:28:01,086 - textile_logger - INFO - [nouns_table] already available Vorfall
2024-06-10 22:28:01,086 - textile_logger - INFO - [nouns_table] already available Demonstrierende
2024-06-10 22:28:01,086 - textile_logger - INFO - [nouns_table] already available Polizist
2024-06-10 22:28:01,087 - textile_logger - INFO - [nouns_table] already available Feuerwerks
2024-06-10 22:28:01,087 - textile_logger - INFO - [nouns_table] already available Vororten
2024-06-10 22:28:01,087 - textile_logger - INFO - [nouns_table] already available Müllcontainer
2024-06-10 22:28:01,088 - textile_logger - INFO - [nouns_table] already available  Körpern
2024-06-10 22:28:01,088 - textile_logger - INFO - [nouns_table] already available Polizisten
2024-06-10 22:28:01,088 - textile_logger - INFO - [nouns_table] already available Einsatz
2024-06-10 22:28:01,089 - textile_logger - INFO - [nouns_table] already available Jugendliche
2024-06-10 22:28:01,089 - textile_logger - INFO - [nouns_table] already available Kopf
2024-06-10 22:28:01,089 - textile_logger - INFO - [nouns_table] already available Stimmen
2024-06-10 22:28:01,090 - textile_logger - INFO - [nouns_table] already available  Wahl
2024-06-10 22:28:01,090 - textile_logger - INFO - [nouns_table] already available Ergebnis
2024-06-10 22:28:01,090 - textile_logger - INFO - [nouns_table] already available Sieg
2024-06-10 22:28:01,091 - textile_logger - INFO - [nouns_table] already available Polizeifoto
2024-06-10 22:28:01,091 - textile_logger - INFO - [nouns_table] already available  Präsident
2024-06-10 22:28:01,091 - textile_logger - INFO - [nouns_table] already available Verbrecher“foto
2024-06-10 22:28:01,092 - textile_logger - INFO - [nouns_table] already available Vorwürfe
2024-06-10 22:28:01,092 - textile_logger - INFO - [nouns_table] already available Medien
2024-06-10 22:28:01,092 - textile_logger - INFO - [nouns_table] already available Hexenjagd
2024-06-10 22:28:01,092 - textile_logger - INFO - [nouns_table] already available Behörden
2024-06-10 22:28:01,093 - textile_logger - INFO - [nouns_table] already available Verbrecher
2024-06-10 22:28:01,093 - textile_logger - INFO - [nouns_table] already available Bundesstaat
2024-06-10 22:28:01,093 - textile_logger - INFO - [nouns_table] already available  Foto
2024-06-10 22:28:01,094 - textile_logger - INFO - [nouns_table] already available Woche
2024-06-10 22:28:01,094 - textile_logger - INFO - [nouns_table] already available  Jagd
2024-06-10 22:28:01,094 - textile_logger - INFO - [nouns_table] already available  Bundes
2024-06-10 22:28:01,095 - textile_logger - INFO - [nouns_table] already available  Staat
2024-06-10 22:28:01,095 - textile_logger - INFO - [nouns_table] already available  Kampf
2024-06-10 22:28:01,095 - textile_logger - INFO - [nouns_table] already available Us
2024-06-10 22:28:01,096 - textile_logger - INFO - [nouns_table] already available  Shirts
2024-06-10 22:28:01,096 - textile_logger - INFO - [nouns_table] already available Hexen
2024-06-10 22:28:01,096 - textile_logger - INFO - [nouns_table] already available T
2024-06-10 22:28:01,097 - textile_logger - INFO - [nouns_table] already available Straßen
2024-06-10 22:28:01,097 - textile_logger - INFO - [nouns_table] already available Weg
2024-06-10 22:28:01,097 - textile_logger - INFO - [nouns_table] already available Wetter
2024-06-10 22:28:01,097 - textile_logger - INFO - [nouns_table] already available Wasser
2024-06-10 22:28:01,098 - textile_logger - INFO - [nouns_table] already available Reise
2024-06-10 22:28:01,098 - textile_logger - INFO - [nouns_table] already available Sonne
2024-06-10 22:28:01,098 - textile_logger - INFO - [nouns_table] already available Frau
2024-06-10 22:28:01,099 - textile_logger - INFO - [nouns_table] already available Route
2024-06-10 22:28:01,099 - textile_logger - INFO - [nouns_table] already available Flasche
2024-06-10 22:28:01,099 - textile_logger - INFO - [nouns_table] already available Buch
2024-06-10 22:28:01,100 - textile_logger - INFO - [nouns_table] already available Mann
2024-06-10 22:28:01,100 - textile_logger - INFO - [nouns_table] already available Bäumen
2024-06-10 22:28:01,100 - textile_logger - INFO - [nouns_table] already available Natur
2024-06-10 22:28:01,101 - textile_logger - INFO - [nouns_table] already available Bälle
2024-06-10 22:28:01,101 - textile_logger - INFO - [nouns_table] already available Park
2024-06-10 22:28:01,101 - textile_logger - INFO - [nouns_table] already available Vögel
2024-06-10 22:28:01,102 - textile_logger - INFO - [nouns_table] already available Wiese
2024-06-10 22:28:01,102 - textile_logger - INFO - [nouns_table] already available Mädchen
2024-06-10 22:28:01,102 - textile_logger - INFO - [nouns_table] already available Ball
2024-06-10 22:28:01,103 - textile_logger - INFO - [nouns_table] already available Hund
2024-06-10 22:28:01,103 - textile_logger - INFO - [nouns_table] already available Experimentieren
2024-06-10 22:28:01,103 - textile_logger - INFO - [nouns_table] already available Vordergrund
2024-06-10 22:28:01,103 - textile_logger - INFO - [nouns_table] already available Schmerzes
2024-06-10 22:28:01,104 - textile_logger - INFO - [nouns_table] already available Abendessen
2024-06-10 22:28:01,104 - textile_logger - INFO - [nouns_table] already available Möglichkeit
2024-06-10 22:28:01,104 - textile_logger - INFO - [nouns_table] already available Gemüse
2024-06-10 22:28:01,105 - textile_logger - INFO - [nouns_table] already available Höhen
2024-06-10 22:28:01,105 - textile_logger - INFO - [nouns_table] already available Küche
2024-06-10 22:28:01,105 - textile_logger - INFO - [nouns_table] already available Tränen
2024-06-10 22:28:01,106 - textile_logger - INFO - [nouns_table] already available Oscar
2024-06-10 22:28:01,106 - textile_logger - INFO - [nouns_table] already available Weltkrieg
2024-06-10 22:28:01,106 - textile_logger - INFO - [nouns_table] already available Regisseur
2024-06-10 22:28:01,107 - textile_logger - INFO - [nouns_table] already available Wasch
2024-06-10 22:28:01,107 - textile_logger - INFO - [nouns_table] already available Filmmusik
2024-06-10 22:28:01,107 - textile_logger - INFO - [nouns_table] already available Neues
2024-06-10 22:28:01,108 - textile_logger - INFO - [nouns_table] already available Film
2024-06-10 22:28:01,108 - textile_logger - INFO - [nouns_table] already available Oscars
2024-06-10 22:28:01,108 - textile_logger - INFO - [nouns_table] already available Generationen
2024-06-10 22:28:01,108 - textile_logger - INFO - [nouns_table] already available anderen
2024-06-10 22:28:01,109 - textile_logger - INFO - [nouns_table] already available Älteren
2024-06-10 22:28:01,109 - textile_logger - INFO - [nouns_table] already available Krankenschwester
2024-06-10 22:28:01,109 - textile_logger - INFO - [nouns_table] already available Alters
2024-06-10 22:28:01,110 - textile_logger - INFO - [nouns_table] already available Gemeinschaftsbereich
2024-06-10 22:28:01,110 - textile_logger - INFO - [nouns_table] already available Füreinander
2024-06-10 22:28:01,110 - textile_logger - INFO - [nouns_table] already available Gegenzug
2024-06-10 22:28:01,111 - textile_logger - INFO - [nouns_table] already available Unabhängigkeit
2024-06-10 22:28:01,111 - textile_logger - INFO - [nouns_table] already available Fähigkeiten
2024-06-10 22:28:01,111 - textile_logger - INFO - [nouns_table] already available Erziehung
2024-06-10 22:28:01,112 - textile_logger - INFO - [nouns_table] already available Erfahrungen
2024-06-10 22:28:01,112 - textile_logger - INFO - [nouns_table] already available Ende
2024-06-10 22:28:01,112 - textile_logger - INFO - [nouns_table] already available Gemeinschaft
2024-06-10 22:28:01,112 - textile_logger - INFO - [nouns_table] already available Teil
2024-06-10 22:28:01,113 - textile_logger - INFO - [nouns_table] already available Lösung
2024-06-10 22:28:01,113 - textile_logger - INFO - [nouns_table] already available Kindern
2024-06-10 22:28:01,113 - textile_logger - INFO - [nouns_table] already available  Jährige
2024-06-10 22:28:01,114 - textile_logger - INFO - [nouns_table] already available Schulaufgaben
2024-06-10 22:28:01,114 - textile_logger - INFO - [nouns_table] already available Geschwistern
2024-06-10 22:28:01,114 - textile_logger - INFO - [nouns_table] already available Motto
2024-06-10 22:28:01,115 - textile_logger - INFO - [nouns_table] already available Berufslebens
2024-06-10 22:28:01,115 - textile_logger - INFO - [nouns_table] already available 70
2024-06-10 22:28:01,115 - textile_logger - INFO - [nouns_table] already available Können
2024-06-10 22:28:01,116 - textile_logger - INFO - [nouns_table] already available Lebensgefühl
2024-06-10 22:28:01,116 - textile_logger - INFO - [nouns_table] already available Alter
2024-06-10 22:28:01,116 - textile_logger - INFO - [nouns_table] already available Altersheim
2024-06-10 22:28:01,323 - textile_logger - INFO - [nouns_table] already available Menschen
2024-06-10 22:28:01,324 - textile_logger - INFO - [nouns_table] already available Lebensgefühl
2024-06-10 22:28:01,324 - textile_logger - INFO - [nouns_table] already available Geschwistern
2024-06-10 22:28:01,324 - textile_logger - INFO - [nouns_table] already available Erwachsene
2024-06-10 22:28:01,325 - textile_logger - INFO - [nouns_table] already available Krankenschwester
2024-06-10 22:28:01,325 - textile_logger - INFO - [nouns_table] already available Wunder
2024-06-10 22:28:01,326 - textile_logger - INFO - [nouns_table] already available Alter
2024-06-10 22:28:02,153 - textile_logger - INFO - [nouns_table] parsing Gesellschaft
2024-06-10 22:28:02,153 - textile_logger - INFO - [nouns_table] already available Alters
2024-06-10 22:28:02,154 - textile_logger - INFO - [nouns_table] already available Altersheim
2024-06-10 22:28:02,501 - textile_logger - INFO - [nouns_table] parsing Option
2024-06-10 22:28:02,501 - textile_logger - INFO - [nouns_table] already available Lösung
2024-06-10 22:28:02,977 - textile_logger - INFO - [nouns_table] parsing Mehrgenerationenwohnen
2024-06-10 22:28:02,977 - textile_logger - INFO - [nouns_table] already available Motto
2024-06-10 22:28:02,978 - textile_logger - INFO - [nouns_table] already available Füreinander
2024-06-10 22:28:02,978 - textile_logger - INFO - [nouns_table] already available Älteren
2024-06-10 22:28:03,086 - textile_logger - INFO - [nouns_table] parsing Mehrgenerationenhaus
2024-06-10 22:28:03,336 - textile_logger - INFO - [nouns_table] parsing Wohnung
2024-06-10 22:28:03,336 - textile_logger - INFO - [nouns_table] already available Unabhängigkeit
2024-06-10 22:28:03,337 - textile_logger - INFO - [nouns_table] already available Zeit
2024-06-10 22:28:03,337 - textile_logger - INFO - [nouns_table] already available Gemeinschaftsbereich
2024-06-10 22:28:03,697 - textile_logger - INFO - [nouns_table] parsing Treff
2024-06-10 22:28:03,845 - textile_logger - INFO - [nouns_table] parsing Gespräch
2024-06-10 22:28:04,431 - textile_logger - INFO - [nouns_table] parsing Wohnzimmer
2024-06-10 22:28:05,160 - textile_logger - INFO - [nouns_table] parsing Treffpunkt
2024-06-10 22:28:05,160 - textile_logger - INFO - [nouns_table] already available Generationen
2024-06-10 22:28:05,163 - textile_logger - INFO - [nouns_table] already available Erfahrungen
2024-06-10 22:28:05,165 - textile_logger - INFO - [nouns_table] already available Fähigkeiten
2024-06-10 22:28:05,599 - textile_logger - INFO - [nouns_table] parsing Wissen
2024-06-10 22:28:05,599 - textile_logger - INFO - [nouns_table] already available Können
2024-06-10 22:28:05,602 - textile_logger - INFO - [nouns_table] already available anderen
2024-06-10 22:28:05,604 - textile_logger - INFO - [nouns_table] already available Kindern
2024-06-10 22:28:05,604 - textile_logger - INFO - [nouns_table] already available Schulaufgaben
2024-06-10 22:28:05,605 - textile_logger - INFO - [nouns_table] already available Eltern
2024-06-10 22:28:05,605 - textile_logger - INFO - [nouns_table] already available Erziehung
2024-06-10 22:28:06,261 - textile_logger - INFO - [nouns_table] parsing Ohr
2024-06-10 22:28:06,262 - textile_logger - INFO - [nouns_table] already available Gegenzug
2024-06-10 22:28:06,265 - textile_logger - INFO - [nouns_table] already available Teil
2024-06-10 22:28:06,267 - textile_logger - INFO - [nouns_table] already available Gemeinschaft
2024-06-10 22:28:06,267 - textile_logger - INFO - [nouns_table] already available Ende
2024-06-10 22:28:06,268 - textile_logger - INFO - [nouns_table] already available Berufslebens
2024-06-10 22:28:06,268 - textile_logger - INFO - [nouns_table] already available 70
2024-06-10 22:28:06,269 - textile_logger - INFO - [nouns_table] already available  Jährige
2024-06-10 22:28:06,612 - textile_logger - INFO - [nouns_table] parsing 70jährige
