2024-06-10 21:53:19,386 - textile_logger - INFO - [tui] starting textile
2024-06-10 21:53:20,410 - textile_logger - INFO - [text_agents] successfully loaded spacy
2024-06-10 21:53:20,441 - textile_logger - INFO - [text_agents] NLP model applied
2024-06-10 21:53:20,453 - textile_logger - INFO - [text_agents] analyzed text
2024-06-10 21:53:20,470 - textile_logger - INFO - [nouns_table] refreshing cache
2024-06-10 21:53:20,665 - textile_logger - INFO - [nouns_table] already available Name
2024-06-10 21:53:20,666 - textile_logger - INFO - [nouns_table] already available Jahren
2024-06-10 21:53:20,666 - textile_logger - INFO - [nouns_table] already available Jahre
2024-06-10 21:53:20,667 - textile_logger - INFO - [nouns_table] already available Geschwister
2024-06-10 21:53:20,667 - textile_logger - INFO - [nouns_table] already available Schwester
2024-06-10 21:53:20,668 - textile_logger - INFO - [nouns_table] already available Bruder
2024-06-10 21:53:20,668 - textile_logger - INFO - [nouns_table] already available Eltern
2024-06-10 21:53:20,669 - textile_logger - INFO - [nouns_table] already available Haus
2024-06-10 21:53:20,669 - textile_logger - INFO - [nouns_table] already available Nähe
2024-06-10 21:53:20,670 - textile_logger - INFO - [nouns_table] already available Mutter
2024-06-10 21:53:20,670 - textile_logger - INFO - [nouns_table] already available Köchin
2024-06-10 21:53:20,671 - textile_logger - INFO - [nouns_table] already available Vater
2024-06-10 21:53:20,671 - textile_logger - INFO - [nouns_table] already available Bank
2024-06-10 21:53:20,672 - textile_logger - INFO - [nouns_table] already available Richter
2024-06-10 21:53:20,673 - textile_logger - INFO - [nouns_table] already available Monat
2024-06-10 21:53:20,673 - textile_logger - INFO - [nouns_table] already available Gericht
2024-06-10 21:53:20,674 - textile_logger - INFO - [nouns_table] already available Fall
2024-06-10 21:53:20,674 - textile_logger - INFO - [nouns_table] already available Staatsanwalt
2024-06-10 21:53:20,675 - textile_logger - INFO - [nouns_table] already available Strafprozess
2024-06-10 21:53:20,675 - textile_logger - INFO - [nouns_table] already available Strafe
2024-06-10 21:53:20,676 - textile_logger - INFO - [nouns_table] already available Geschäftsunterlagen
2024-06-10 21:53:20,676 - textile_logger - INFO - [nouns_table] already available Stadt
2024-06-10 21:53:20,677 - textile_logger - INFO - [nouns_table] already available Verbotenes
2024-06-10 21:53:20,677 - textile_logger - INFO - [nouns_table] already available Wahl
2024-06-10 21:53:20,678 - textile_logger - INFO - [nouns_table] already available Land
2024-06-10 21:53:20,678 - textile_logger - INFO - [nouns_table] already available Januar
2024-06-10 21:53:20,679 - textile_logger - INFO - [nouns_table] already available Präsident
2024-06-10 21:53:20,679 - textile_logger - INFO - [nouns_table] already available Gerichtstermin
2024-06-10 21:53:20,680 - textile_logger - INFO - [nouns_table] already available Wahrheit
2024-06-10 21:53:20,680 - textile_logger - INFO - [nouns_table] already available  Bündnis
2024-06-10 21:53:20,681 - textile_logger - INFO - [nouns_table] already available Mitgliedsländer
2024-06-10 21:53:20,681 - textile_logger - INFO - [nouns_table] already available  Quartier
2024-06-10 21:53:20,682 - textile_logger - INFO - [nouns_table] already available Hauptquartier
2024-06-10 21:53:20,682 - textile_logger - INFO - [nouns_table] already available Russland
2024-06-10 21:53:20,683 - textile_logger - INFO - [nouns_table] already available Militär
2024-06-10 21:53:20,683 - textile_logger - INFO - [nouns_table] already available Mitglied
2024-06-10 21:53:20,684 - textile_logger - INFO - [nouns_table] already available Nato
2024-06-10 21:53:20,684 - textile_logger - INFO - [nouns_table] already available Mitglieds
2024-06-10 21:53:20,685 - textile_logger - INFO - [nouns_table] already available Erweiterung
2024-06-10 21:53:20,688 - textile_logger - INFO - [nouns_table] already available General
2024-06-10 21:53:20,689 - textile_logger - INFO - [nouns_table] already available Generalsekretär
2024-06-10 21:53:20,689 - textile_logger - INFO - [nouns_table] already available Beitritt
2024-06-10 21:53:20,690 - textile_logger - INFO - [nouns_table] already available  Länder
2024-06-10 21:53:20,690 - textile_logger - INFO - [nouns_table] already available Militärbündnis
2024-06-10 21:53:20,691 - textile_logger - INFO - [nouns_table] already available Fahne
2024-06-10 21:53:20,691 - textile_logger - INFO - [nouns_table] already available  Mitglied
2024-06-10 21:53:20,692 - textile_logger - INFO - [nouns_table] already available Haupt
2024-06-10 21:53:20,692 - textile_logger - INFO - [nouns_table] already available Länder
2024-06-10 21:53:20,693 - textile_logger - INFO - [nouns_table] already available Regierung
2024-06-10 21:53:20,693 - textile_logger - INFO - [nouns_table] already available Mitglieder
2024-06-10 21:53:20,694 - textile_logger - INFO - [nouns_table] already available  Sekretär
2024-06-10 21:53:20,694 - textile_logger - INFO - [nouns_table] already available Feier
2024-06-10 21:53:20,695 - textile_logger - INFO - [nouns_table] already available Schriftsteller
2024-06-10 21:53:20,695 - textile_logger - INFO - [nouns_table] already available Krieg
2024-06-10 21:53:20,696 - textile_logger - INFO - [nouns_table] already available  Musik
2024-06-10 21:53:20,696 - textile_logger - INFO - [nouns_table] already available Millionen
2024-06-10 21:53:20,697 - textile_logger - INFO - [nouns_table] already available Soldat
2024-06-10 21:53:20,697 - textile_logger - INFO - [nouns_table] already available Welt
2024-06-10 21:53:20,698 - textile_logger - INFO - [nouns_table] already available  Führung
2024-06-10 21:53:20,698 - textile_logger - INFO - [nouns_table] already available  Krieg
2024-06-10 21:53:20,699 - textile_logger - INFO - [nouns_table] already available Westen
2024-06-10 21:53:20,699 - textile_logger - INFO - [nouns_table] already available  Salon
2024-06-10 21:53:20,699 - textile_logger - INFO - [nouns_table] already available  Preisen
2024-06-10 21:53:20,700 - textile_logger - INFO - [nouns_table] already available  Bild
2024-06-10 21:53:20,700 - textile_logger - INFO - [nouns_table] already available Filmpreisen
2024-06-10 21:53:20,701 - textile_logger - INFO - [nouns_table] already available Waschsalon
2024-06-10 21:53:20,701 - textile_logger - INFO - [nouns_table] already available Kamera
2024-06-10 21:53:20,702 - textile_logger - INFO - [nouns_table] already available Jahr
2024-06-10 21:53:20,703 - textile_logger - INFO - [nouns_table] already available Besitzerin
2024-06-10 21:53:20,703 - textile_logger - INFO - [nouns_table] already available Szenen
2024-06-10 21:53:20,703 - textile_logger - INFO - [nouns_table] already available Kameraführung
2024-06-10 21:53:20,704 - textile_logger - INFO - [nouns_table] already available Menschen
2024-06-10 21:53:20,704 - textile_logger - INFO - [nouns_table] already available Grippe
2024-06-10 21:53:20,705 - textile_logger - INFO - [nouns_table] already available Fieber
2024-06-10 21:53:20,705 - textile_logger - INFO - [nouns_table] already available Alternative
2024-06-10 21:53:20,706 - textile_logger - INFO - [nouns_table] already available Kinder
2024-06-10 21:53:20,706 - textile_logger - INFO - [nouns_table] already available Essen
2024-06-10 21:53:20,707 - textile_logger - INFO - [nouns_table] already available Besserung
2024-06-10 21:53:20,707 - textile_logger - INFO - [nouns_table] already available Rezept
2024-06-10 21:53:20,708 - textile_logger - INFO - [nouns_table] already available leben
2024-06-10 21:53:20,708 - textile_logger - INFO - [nouns_table] already available Sohn
2024-06-10 21:53:20,709 - textile_logger - INFO - [nouns_table] already available Viren
2024-06-10 21:53:20,709 - textile_logger - INFO - [nouns_table] already available Podcast
2024-06-10 21:53:20,710 - textile_logger - INFO - [nouns_table] already available Husten
2024-06-10 21:53:20,710 - textile_logger - INFO - [nouns_table] already available Erkältung
2024-06-10 21:53:20,711 - textile_logger - INFO - [nouns_table] already available Saft
2024-06-10 21:53:20,714 - textile_logger - INFO - [nouns_table] already available Dialog
2024-06-10 21:53:20,714 - textile_logger - INFO - [nouns_table] already available Moderatoren
2024-06-10 21:53:20,715 - textile_logger - INFO - [nouns_table] already available Winter
2024-06-10 21:53:20,715 - textile_logger - INFO - [nouns_table] already available Morgen
2024-06-10 21:53:20,716 - textile_logger - INFO - [nouns_table] already available Zeit
2024-06-10 21:53:20,716 - textile_logger - INFO - [nouns_table] already available Mühe
2024-06-10 21:53:20,717 - textile_logger - INFO - [nouns_table] already available Wochen
2024-06-10 21:53:20,717 - textile_logger - INFO - [nouns_table] already available Wartezimmer
2024-06-10 21:53:20,718 - textile_logger - INFO - [nouns_table] already available Text
2024-06-10 21:53:20,718 - textile_logger - INFO - [nouns_table] already available Danke
2024-06-10 21:53:20,719 - textile_logger - INFO - [nouns_table] already available Radio
2024-06-10 21:53:20,719 - textile_logger - INFO - [nouns_table] already available Tage
2024-06-10 21:53:20,720 - textile_logger - INFO - [nouns_table] already available Katze
2024-06-10 21:53:20,720 - textile_logger - INFO - [nouns_table] already available Dialoges
2024-06-10 21:53:20,720 - textile_logger - INFO - [nouns_table] already available Schnupfen
2024-06-10 21:53:20,721 - textile_logger - INFO - [nouns_table] already available Arbeit
2024-06-10 21:53:20,721 - textile_logger - INFO - [nouns_table] already available Spaziergang
2024-06-10 21:53:20,722 - textile_logger - INFO - [nouns_table] already available Glück
2024-06-10 21:53:20,722 - textile_logger - INFO - [nouns_table] already available Gefühl
2024-06-10 21:53:20,723 - textile_logger - INFO - [nouns_table] already available Getränke
2024-06-10 21:53:20,723 - textile_logger - INFO - [nouns_table] already available Attest
2024-06-10 21:53:20,724 - textile_logger - INFO - [nouns_table] already available Kopfweh
2024-06-10 21:53:20,724 - textile_logger - INFO - [nouns_table] already available Wunder
2024-06-10 21:53:20,725 - textile_logger - INFO - [nouns_table] already available Kontakt
2024-06-10 21:53:20,725 - textile_logger - INFO - [nouns_table] already available Kind
2024-06-10 21:53:20,726 - textile_logger - INFO - [nouns_table] already available Kinderarzt
2024-06-10 21:53:20,726 - textile_logger - INFO - [nouns_table] already available Bleib
2024-06-10 21:53:20,727 - textile_logger - INFO - [nouns_table] already available Schmerzmittel
2024-06-10 21:53:20,727 - textile_logger - INFO - [nouns_table] already available Schule
2024-06-10 21:53:20,728 - textile_logger - INFO - [nouns_table] already available Medikamente
2024-06-10 21:53:20,728 - textile_logger - INFO - [nouns_table] already available Tag
2024-06-10 21:53:20,729 - textile_logger - INFO - [nouns_table] already available Schmerzen
2024-06-10 21:53:20,729 - textile_logger - INFO - [nouns_table] already available Arzt
2024-06-10 21:53:20,730 - textile_logger - INFO - [nouns_table] already available Nachrichten
2024-06-10 21:53:20,730 - textile_logger - INFO - [nouns_table] already available Geschichte
2024-06-10 21:53:20,731 - textile_logger - INFO - [nouns_table] already available Pflanzen
2024-06-10 21:53:20,731 - textile_logger - INFO - [nouns_table] already available  Mittel
2024-06-10 21:53:20,732 - textile_logger - INFO - [nouns_table] already available Chemie
2024-06-10 21:53:20,732 - textile_logger - INFO - [nouns_table] already available  Vertrag
2024-06-10 21:53:20,732 - textile_logger - INFO - [nouns_table] already available Bundesregierung
2024-06-10 21:53:20,733 - textile_logger - INFO - [nouns_table] already available Verkauf
2024-06-10 21:53:20,733 - textile_logger - INFO - [nouns_table] already available Parteien
2024-06-10 21:53:20,734 - textile_logger - INFO - [nouns_table] already available Gehirn
2024-06-10 21:53:20,734 - textile_logger - INFO - [nouns_table] already available Sand
2024-06-10 21:53:20,735 - textile_logger - INFO - [nouns_table] already available Drogenhändler
2024-06-10 21:53:20,735 - textile_logger - INFO - [nouns_table] already available Leute
2024-06-10 21:53:20,736 - textile_logger - INFO - [nouns_table] already available Zucker
2024-06-10 21:53:20,736 - textile_logger - INFO - [nouns_table] already available  Händler
2024-06-10 21:53:20,737 - textile_logger - INFO - [nouns_table] already available Blätter
2024-06-10 21:53:20,737 - textile_logger - INFO - [nouns_table] already available Beispiel
2024-06-10 21:53:20,738 - textile_logger - INFO - [nouns_table] already available Streit
2024-06-10 21:53:20,738 - textile_logger - INFO - [nouns_table] already available Bedingungen
2024-06-10 21:53:20,739 - textile_logger - INFO - [nouns_table] already available Rausch
2024-06-10 21:53:20,739 - textile_logger - INFO - [nouns_table] already available Cannabis
2024-06-10 21:53:20,740 - textile_logger - INFO - [nouns_table] already available Erlaubnis
2024-06-10 21:53:20,740 - textile_logger - INFO - [nouns_table] already available Koalitionsvertrag
2024-06-10 21:53:20,741 - textile_logger - INFO - [nouns_table] already available  Minister
2024-06-10 21:53:20,741 - textile_logger - INFO - [nouns_table] already available Drogenhändlern
2024-06-10 21:53:20,742 - textile_logger - INFO - [nouns_table] already available Fachleute
2024-06-10 21:53:20,742 - textile_logger - INFO - [nouns_table] already available Droge
2024-06-10 21:53:20,742 - textile_logger - INFO - [nouns_table] already available Geschäfte
2024-06-10 21:53:20,743 - textile_logger - INFO - [nouns_table] already available Teile
2024-06-10 21:53:20,743 - textile_logger - INFO - [nouns_table] already available Gewürze
2024-06-10 21:53:20,744 - textile_logger - INFO - [nouns_table] already available Ärzte
2024-06-10 21:53:20,744 - textile_logger - INFO - [nouns_table] already available Vereine
2024-06-10 21:53:20,745 - textile_logger - INFO - [nouns_table] already available  Regierung
2024-06-10 21:53:20,745 - textile_logger - INFO - [nouns_table] already available Gesundheits
2024-06-10 21:53:20,747 - textile_logger - INFO - [nouns_table] already available Gegenden
2024-06-10 21:53:20,748 - textile_logger - INFO - [nouns_table] already available Pflanze
2024-06-10 21:53:20,748 - textile_logger - INFO - [nouns_table] already available Moment
2024-06-10 21:53:20,749 - textile_logger - INFO - [nouns_table] already available Angst
2024-06-10 21:53:20,769 - textile_logger - INFO - [nouns_table] already available Drogen
2024-06-10 21:53:20,769 - textile_logger - INFO - [nouns_table] already available Gesundheitsminister
2024-06-10 21:53:20,770 - textile_logger - INFO - [nouns_table] already available Erwachsene
2024-06-10 21:53:20,770 - textile_logger - INFO - [nouns_table] already available Qualität
2024-06-10 21:53:20,771 - textile_logger - INFO - [nouns_table] already available Hause
2024-06-10 21:53:20,771 - textile_logger - INFO - [nouns_table] already available Dezember
2024-06-10 21:53:20,772 - textile_logger - INFO - [nouns_table] already available  Team
2024-06-10 21:53:20,772 - textile_logger - INFO - [nouns_table] already available Hinspiel
2024-06-10 21:53:20,773 - textile_logger - INFO - [nouns_table] already available WM
2024-06-10 21:53:20,773 - textile_logger - INFO - [nouns_table] already available Qualifikation
2024-06-10 21:53:20,774 - textile_logger - INFO - [nouns_table] already available Frauen
2024-06-10 21:53:20,774 - textile_logger - INFO - [nouns_table] already available Hin
2024-06-10 21:53:20,775 - textile_logger - INFO - [nouns_table] already available  Meisterschaft
2024-06-10 21:53:20,775 - textile_logger - INFO - [nouns_table] already available Grund
2024-06-10 21:53:20,775 - textile_logger - INFO - [nouns_table] already available Rück
2024-06-10 21:53:20,792 - textile_logger - INFO - [nouns_table] already available Ländern
2024-06-10 21:53:20,792 - textile_logger - INFO - [nouns_table] already available Toren
2024-06-10 21:53:20,793 - textile_logger - INFO - [nouns_table] already available Handballerinnen
2024-06-10 21:53:20,793 - textile_logger - INFO - [nouns_table] already available Weltmeisterschaft
2024-06-10 21:53:20,794 - textile_logger - INFO - [nouns_table] already available November
2024-06-10 21:53:20,794 - textile_logger - INFO - [nouns_table] already available Rückspiel
2024-06-10 21:53:20,795 - textile_logger - INFO - [nouns_table] already available  Spiel
2024-06-10 21:53:20,795 - textile_logger - INFO - [nouns_table] already available Potter
2024-06-10 21:53:20,795 - textile_logger - INFO - [nouns_table] already available Kinofilmen
2024-06-10 21:53:20,796 - textile_logger - INFO - [nouns_table] already available Geschichten
2024-06-10 21:53:20,796 - textile_logger - INFO - [nouns_table] already available Serie
2024-06-10 21:53:20,797 - textile_logger - INFO - [nouns_table] already available Firma
2024-06-10 21:53:20,797 - textile_logger - INFO - [nouns_table] already available Autorin
2024-06-10 21:53:20,798 - textile_logger - INFO - [nouns_table] already available Schauspielerinnen
2024-06-10 21:53:20,798 - textile_logger - INFO - [nouns_table] already available Platz
2024-06-10 21:53:20,799 - textile_logger - INFO - [nouns_table] already available Kino
2024-06-10 21:53:20,799 - textile_logger - INFO - [nouns_table] already available  Spieler
2024-06-10 21:53:20,800 - textile_logger - INFO - [nouns_table] already available Schau
2024-06-10 21:53:20,800 - textile_logger - INFO - [nouns_table] already available Einzelheiten
2024-06-10 21:53:20,801 - textile_logger - INFO - [nouns_table] already available Kinofilm
2024-06-10 21:53:20,801 - textile_logger - INFO - [nouns_table] already available Potter“büchern
2024-06-10 21:53:20,801 - textile_logger - INFO - [nouns_table] already available Potter“
2024-06-10 21:53:20,802 - textile_logger - INFO - [nouns_table] already available Bücher
2024-06-10 21:53:20,802 - textile_logger - INFO - [nouns_table] already available  Filmen
2024-06-10 21:53:20,803 - textile_logger - INFO - [nouns_table] already available  Film
2024-06-10 21:53:20,804 - textile_logger - INFO - [nouns_table] already available Streaming
2024-06-10 21:53:20,810 - textile_logger - INFO - [nouns_table] already available  Dienst
2024-06-10 21:53:20,810 - textile_logger - INFO - [nouns_table] already available Kinofilme
2024-06-10 21:53:20,811 - textile_logger - INFO - [nouns_table] already available Fernseh
2024-06-10 21:53:20,811 - textile_logger - INFO - [nouns_table] already available  Büchern
2024-06-10 21:53:20,817 - textile_logger - INFO - [nouns_table] already available Zauberer
2024-06-10 21:53:20,817 - textile_logger - INFO - [nouns_table] already available Fernsehserie
2024-06-10 21:53:20,818 - textile_logger - INFO - [nouns_table] already available  Serie
2024-06-10 21:53:20,818 - textile_logger - INFO - [nouns_table] already available Schauspieler
2024-06-10 21:53:20,819 - textile_logger - INFO - [nouns_table] already available Helfer
2024-06-10 21:53:20,819 - textile_logger - INFO - [nouns_table] already available Trinkwasser
2024-06-10 21:53:20,820 - textile_logger - INFO - [nouns_table] already available Armee
2024-06-10 21:53:20,820 - textile_logger - INFO - [nouns_table] already available Tagen
2024-06-10 21:53:20,821 - textile_logger - INFO - [nouns_table] already available  Armee
2024-06-10 21:53:20,821 - textile_logger - INFO - [nouns_table] already available Rebellen
2024-06-10 21:53:20,822 - textile_logger - INFO - [nouns_table] already available Wohn
2024-06-10 21:53:20,822 - textile_logger - INFO - [nouns_table] already available  Viertel
2024-06-10 21:53:20,823 - textile_logger - INFO - [nouns_table] already available Tote
2024-06-10 21:53:20,823 - textile_logger - INFO - [nouns_table] already available Rücksicht
2024-06-10 21:53:20,825 - textile_logger - INFO - [nouns_table] already available Macht
2024-06-10 21:53:20,826 - textile_logger - INFO - [nouns_table] already available Kämpfe
2024-06-10 21:53:20,828 - textile_logger - INFO - [nouns_table] already available Strom
2024-06-10 21:53:20,829 - textile_logger - INFO - [nouns_table] already available Armeen
2024-06-10 21:53:20,829 - textile_logger - INFO - [nouns_table] already available Trink
2024-06-10 21:53:20,830 - textile_logger - INFO - [nouns_table] already available  Wasser
2024-06-10 21:53:20,831 - textile_logger - INFO - [nouns_table] already available Wohnviertel
2024-06-10 21:53:20,831 - textile_logger - INFO - [nouns_table] already available Kontinent
2024-06-10 21:53:20,832 - textile_logger - INFO - [nouns_table] already available Kämpfen
2024-06-10 21:53:20,832 - textile_logger - INFO - [nouns_table] already available Helferinnen
2024-06-10 21:53:20,833 - textile_logger - INFO - [nouns_table] already available Hilfsorganisation
2024-06-10 21:53:20,833 - textile_logger - INFO - [nouns_table] already available Verkehrs
2024-06-10 21:53:20,834 - textile_logger - INFO - [nouns_table] already available Autos
2024-06-10 21:53:20,834 - textile_logger - INFO - [nouns_table] already available Auto
2024-06-10 21:53:20,835 - textile_logger - INFO - [nouns_table] already available Barrikaden
2024-06-10 21:53:20,835 - textile_logger - INFO - [nouns_table] already available Waffe
2024-06-10 21:53:20,836 - textile_logger - INFO - [nouns_table] already available Verkehrskontrolle
2024-06-10 21:53:20,836 - textile_logger - INFO - [nouns_table] already available Einrichtungen
2024-06-10 21:53:20,837 - textile_logger - INFO - [nouns_table] already available Müll
2024-06-10 21:53:20,837 - textile_logger - INFO - [nouns_table] already available Kugel
2024-06-10 21:53:20,837 - textile_logger - INFO - [nouns_table] already available Krawalle
2024-06-10 21:53:20,838 - textile_logger - INFO - [nouns_table] already available Video
2024-06-10 21:53:20,838 - textile_logger - INFO - [nouns_table] already available  Container
2024-06-10 21:53:20,839 - textile_logger - INFO - [nouns_table] already available Festnahmen
2024-06-10 21:53:20,839 - textile_logger - INFO - [nouns_table] already available 17
2024-06-10 21:53:20,840 - textile_logger - INFO - [nouns_table] already available Staat
2024-06-10 21:53:20,840 - textile_logger - INFO - [nouns_table] already available  Kontrolle
2024-06-10 21:53:20,841 - textile_logger - INFO - [nouns_table] already available Gewalt
2024-06-10 21:53:20,841 - textile_logger - INFO - [nouns_table] already available Satz
2024-06-10 21:53:20,842 - textile_logger - INFO - [nouns_table] already available Hauptstadt
2024-06-10 21:53:20,842 - textile_logger - INFO - [nouns_table] already available Feuerwerkskörpern
2024-06-10 21:53:20,843 - textile_logger - INFO - [nouns_table] already available Vorfall
2024-06-10 21:53:20,843 - textile_logger - INFO - [nouns_table] already available Demonstrierende
2024-06-10 21:53:20,844 - textile_logger - INFO - [nouns_table] already available Polizist
2024-06-10 21:53:20,844 - textile_logger - INFO - [nouns_table] already available Feuerwerks
2024-06-10 21:53:20,845 - textile_logger - INFO - [nouns_table] already available Vororten
2024-06-10 21:53:20,845 - textile_logger - INFO - [nouns_table] already available Müllcontainer
2024-06-10 21:53:20,846 - textile_logger - INFO - [nouns_table] already available  Körpern
2024-06-10 21:53:20,846 - textile_logger - INFO - [nouns_table] already available Polizisten
2024-06-10 21:53:20,847 - textile_logger - INFO - [nouns_table] already available Einsatz
2024-06-10 21:53:20,847 - textile_logger - INFO - [nouns_table] already available Jugendliche
2024-06-10 21:53:20,848 - textile_logger - INFO - [nouns_table] already available Kopf
2024-06-10 21:53:20,853 - textile_logger - INFO - [nouns_table] already available Stimmen
2024-06-10 21:53:20,854 - textile_logger - INFO - [nouns_table] already available  Wahl
2024-06-10 21:53:20,854 - textile_logger - INFO - [nouns_table] already available Ergebnis
2024-06-10 21:53:20,855 - textile_logger - INFO - [nouns_table] already available Sieg
2024-06-10 21:53:20,860 - textile_logger - INFO - [nouns_table] already available Polizeifoto
2024-06-10 21:53:20,861 - textile_logger - INFO - [nouns_table] already available  Präsident
2024-06-10 21:53:20,861 - textile_logger - INFO - [nouns_table] already available Verbrecher“foto
2024-06-10 21:53:20,862 - textile_logger - INFO - [nouns_table] already available Vorwürfe
2024-06-10 21:53:20,862 - textile_logger - INFO - [nouns_table] already available Medien
2024-06-10 21:53:20,863 - textile_logger - INFO - [nouns_table] already available Hexenjagd
2024-06-10 21:53:20,863 - textile_logger - INFO - [nouns_table] already available Behörden
2024-06-10 21:53:20,864 - textile_logger - INFO - [nouns_table] already available Verbrecher
2024-06-10 21:53:20,864 - textile_logger - INFO - [nouns_table] already available Bundesstaat
2024-06-10 21:53:20,865 - textile_logger - INFO - [nouns_table] already available  Foto
2024-06-10 21:53:20,865 - textile_logger - INFO - [nouns_table] already available Woche
2024-06-10 21:53:20,866 - textile_logger - INFO - [nouns_table] already available  Jagd
2024-06-10 21:53:20,866 - textile_logger - INFO - [nouns_table] already available  Bundes
2024-06-10 21:53:20,866 - textile_logger - INFO - [nouns_table] already available  Staat
2024-06-10 21:53:20,867 - textile_logger - INFO - [nouns_table] already available  Kampf
2024-06-10 21:53:20,898 - textile_logger - INFO - [nouns_table] already available Us
2024-06-10 21:53:20,899 - textile_logger - INFO - [nouns_table] already available  Shirts
2024-06-10 21:53:20,899 - textile_logger - INFO - [nouns_table] already available Hexen
2024-06-10 21:53:20,900 - textile_logger - INFO - [nouns_table] already available T
2024-06-10 21:53:20,900 - textile_logger - INFO - [nouns_table] already available Straßen
2024-06-10 21:53:20,901 - textile_logger - INFO - [nouns_table] already available Weg
2024-06-10 21:53:20,901 - textile_logger - INFO - [nouns_table] already available Wetter
2024-06-10 21:53:20,902 - textile_logger - INFO - [nouns_table] already available Wasser
2024-06-10 21:53:20,902 - textile_logger - INFO - [nouns_table] already available Reise
2024-06-10 21:53:20,903 - textile_logger - INFO - [nouns_table] already available Sonne
2024-06-10 21:53:20,903 - textile_logger - INFO - [nouns_table] already available Frau
2024-06-10 21:53:20,903 - textile_logger - INFO - [nouns_table] already available Route
2024-06-10 21:53:20,904 - textile_logger - INFO - [nouns_table] already available Flasche
2024-06-10 21:53:20,904 - textile_logger - INFO - [nouns_table] already available Buch
2024-06-10 21:53:20,905 - textile_logger - INFO - [nouns_table] already available Mann
2024-06-10 21:53:20,905 - textile_logger - INFO - [nouns_table] already available Bäumen
2024-06-10 21:53:20,906 - textile_logger - INFO - [nouns_table] already available Natur
2024-06-10 21:53:20,906 - textile_logger - INFO - [nouns_table] already available Bälle
2024-06-10 21:53:20,907 - textile_logger - INFO - [nouns_table] already available Park
2024-06-10 21:53:20,907 - textile_logger - INFO - [nouns_table] already available Vögel
2024-06-10 21:53:20,908 - textile_logger - INFO - [nouns_table] already available Wiese
2024-06-10 21:53:20,908 - textile_logger - INFO - [nouns_table] already available Mädchen
2024-06-10 21:53:20,908 - textile_logger - INFO - [nouns_table] already available Ball
2024-06-10 21:53:20,909 - textile_logger - INFO - [nouns_table] already available Hund
2024-06-10 21:53:20,909 - textile_logger - INFO - [nouns_table] already available Experimentieren
2024-06-10 21:53:20,910 - textile_logger - INFO - [nouns_table] already available Vordergrund
2024-06-10 21:53:20,910 - textile_logger - INFO - [nouns_table] already available Schmerzes
2024-06-10 21:53:20,911 - textile_logger - INFO - [nouns_table] already available Abendessen
2024-06-10 21:53:20,911 - textile_logger - INFO - [nouns_table] already available Möglichkeit
2024-06-10 21:53:20,917 - textile_logger - INFO - [nouns_table] already available Gemüse
2024-06-10 21:53:20,918 - textile_logger - INFO - [nouns_table] already available Höhen
2024-06-10 21:53:20,920 - textile_logger - INFO - [nouns_table] already available Küche
2024-06-10 21:53:20,931 - textile_logger - INFO - [nouns_table] already available Tränen
2024-06-10 21:53:20,954 - textile_logger - INFO - [nouns_table] already available Oscar
2024-06-10 21:53:20,954 - textile_logger - INFO - [nouns_table] already available Weltkrieg
2024-06-10 21:53:20,955 - textile_logger - INFO - [nouns_table] already available Regisseur
2024-06-10 21:53:20,955 - textile_logger - INFO - [nouns_table] already available Wasch
2024-06-10 21:53:20,956 - textile_logger - INFO - [nouns_table] already available Filmmusik
2024-06-10 21:53:20,956 - textile_logger - INFO - [nouns_table] already available Neues
2024-06-10 21:53:20,957 - textile_logger - INFO - [nouns_table] already available Film
2024-06-10 21:53:20,957 - textile_logger - INFO - [nouns_table] already available Oscars
2024-06-10 21:53:20,957 - textile_logger - INFO - [nouns_table] already available Generationen
2024-06-10 21:53:20,958 - textile_logger - INFO - [nouns_table] already available anderen
2024-06-10 21:53:20,958 - textile_logger - INFO - [nouns_table] already available Älteren
2024-06-10 21:53:20,959 - textile_logger - INFO - [nouns_table] already available Krankenschwester
2024-06-10 21:53:20,959 - textile_logger - INFO - [nouns_table] already available Alters
2024-06-10 21:53:20,960 - textile_logger - INFO - [nouns_table] already available Gemeinschaftsbereich
2024-06-10 21:53:20,960 - textile_logger - INFO - [nouns_table] already available Füreinander
2024-06-10 21:53:20,961 - textile_logger - INFO - [nouns_table] already available Gegenzug
2024-06-10 21:53:20,961 - textile_logger - INFO - [nouns_table] already available Unabhängigkeit
2024-06-10 21:53:20,962 - textile_logger - INFO - [nouns_table] already available Fähigkeiten
2024-06-10 21:53:20,962 - textile_logger - INFO - [nouns_table] already available Erziehung
2024-06-10 21:53:20,962 - textile_logger - INFO - [nouns_table] already available Erfahrungen
2024-06-10 21:53:20,963 - textile_logger - INFO - [nouns_table] already available Ende
2024-06-10 21:53:20,963 - textile_logger - INFO - [nouns_table] already available Gemeinschaft
2024-06-10 21:53:20,964 - textile_logger - INFO - [nouns_table] already available Teil
2024-06-10 21:53:20,964 - textile_logger - INFO - [nouns_table] already available Lösung
2024-06-10 21:53:20,965 - textile_logger - INFO - [nouns_table] already available Kindern
2024-06-10 21:53:20,965 - textile_logger - INFO - [nouns_table] already available  Jährige
2024-06-10 21:53:20,966 - textile_logger - INFO - [nouns_table] already available Schulaufgaben
2024-06-10 21:53:20,966 - textile_logger - INFO - [nouns_table] already available Geschwistern
2024-06-10 21:53:20,967 - textile_logger - INFO - [nouns_table] already available Motto
2024-06-10 21:53:20,967 - textile_logger - INFO - [nouns_table] already available Berufslebens
2024-06-10 21:53:20,967 - textile_logger - INFO - [nouns_table] already available 70
2024-06-10 21:53:20,968 - textile_logger - INFO - [nouns_table] already available Können
2024-06-10 21:53:20,968 - textile_logger - INFO - [nouns_table] already available Lebensgefühl
2024-06-10 21:53:20,969 - textile_logger - INFO - [nouns_table] already available Alter
2024-06-10 21:53:20,969 - textile_logger - INFO - [nouns_table] already available Altersheim
2024-06-10 21:53:21,117 - textile_logger - INFO - [nouns_table] parsing Wohnung
2024-06-10 21:53:21,118 - textile_logger - INFO - [nouns_table] already available Erziehung
2024-06-10 21:53:21,121 - textile_logger - INFO - [nouns_table] already available 70
2024-06-10 21:53:21,125 - textile_logger - INFO - [nouns_table] already available Gemeinschaftsbereich
2024-06-10 21:53:22,102 - textile_logger - INFO - [nouns_table] parsing Gespräch
2024-06-10 21:53:22,102 - textile_logger - INFO - [nouns_table] already available anderen
2024-06-10 21:53:22,106 - textile_logger - INFO - [nouns_table] already available Motto
2024-06-10 21:53:22,108 - textile_logger - INFO - [nouns_table] already available Ende
2024-06-10 21:53:22,558 - textile_logger - INFO - [nouns_table] parsing Gesellschaft
2024-06-10 21:53:22,558 - textile_logger - INFO - [nouns_table] already available Zeit
2024-06-10 21:53:22,562 - textile_logger - INFO - [nouns_table] already available Eltern
2024-06-10 21:53:22,564 - textile_logger - INFO - [nouns_table] already available Alter
2024-06-10 21:53:23,144 - textile_logger - INFO - [nouns_table] parsing 70jährige
2024-06-10 21:53:23,144 - textile_logger - INFO - [nouns_table] already available Wunder
2024-06-10 21:53:23,148 - textile_logger - INFO - [nouns_table] already available  Jährige
2024-06-10 21:53:23,150 - textile_logger - INFO - [nouns_table] already available Gemeinschaft
2024-06-10 21:53:23,150 - textile_logger - INFO - [nouns_table] already available Berufslebens
2024-06-10 21:53:23,151 - textile_logger - INFO - [nouns_table] already available Gegenzug
2024-06-10 21:53:23,152 - textile_logger - INFO - [nouns_table] already available Erwachsene
2024-06-10 21:53:23,152 - textile_logger - INFO - [nouns_table] already available Können
2024-06-10 21:53:23,284 - textile_logger - INFO - [nouns_table] parsing Mehrgenerationenhaus
2024-06-10 21:53:23,284 - textile_logger - INFO - [nouns_table] already available Älteren
2024-06-10 21:53:23,458 - textile_logger - INFO - [nouns_table] parsing Ohr
2024-06-10 21:53:24,295 - textile_logger - INFO - [nouns_table] parsing Wissen
2024-06-10 21:53:25,213 - textile_logger - INFO - [nouns_table] parsing Treffpunkt
2024-06-10 21:53:25,214 - textile_logger - INFO - [nouns_table] already available Unabhängigkeit
2024-06-10 21:53:25,537 - textile_logger - INFO - [nouns_table] parsing Treff
2024-06-10 21:53:25,537 - textile_logger - INFO - [nouns_table] already available Fähigkeiten
2024-06-10 21:53:25,538 - textile_logger - INFO - [nouns_table] already available Alters
2024-06-10 21:53:25,539 - textile_logger - INFO - [nouns_table] already available Schulaufgaben
2024-06-10 21:53:25,539 - textile_logger - INFO - [nouns_table] already available Kindern
2024-06-10 21:53:25,540 - textile_logger - INFO - [nouns_table] already available Teil
2024-06-10 21:53:26,027 - textile_logger - INFO - [nouns_table] parsing Mehrgenerationenwohnen
2024-06-10 21:53:26,028 - textile_logger - INFO - [nouns_table] already available Erfahrungen
2024-06-10 21:53:26,031 - textile_logger - INFO - [nouns_table] already available Altersheim
2024-06-10 21:53:26,033 - textile_logger - INFO - [nouns_table] already available Lebensgefühl
2024-06-10 21:53:26,998 - textile_logger - INFO - [nouns_table] parsing Wohnzimmer
2024-06-10 21:53:26,999 - textile_logger - INFO - [nouns_table] already available Lösung
2024-06-10 21:53:27,003 - textile_logger - INFO - [nouns_table] already available Füreinander
2024-06-10 21:53:27,004 - textile_logger - INFO - [nouns_table] already available Krankenschwester
2024-06-10 21:53:27,005 - textile_logger - INFO - [nouns_table] already available Generationen
2024-06-10 21:53:27,005 - textile_logger - INFO - [nouns_table] already available Geschwistern
2024-06-10 21:53:27,796 - textile_logger - INFO - [nouns_table] parsing Option
2024-06-10 21:53:27,796 - textile_logger - INFO - [nouns_table] already available Menschen
2024-06-10 21:53:27,800 - textile_logger - INFO - [nouns_table] caching nouns df
2024-06-10 21:53:27,863 - textile_logger - INFO - [nouns_table] refreshing cache
2024-06-10 21:53:27,881 - textile_logger - INFO - [nouns_table] already available Name
2024-06-10 21:53:27,881 - textile_logger - INFO - [nouns_table] already available Jahren
2024-06-10 21:53:27,881 - textile_logger - INFO - [nouns_table] already available Jahre
2024-06-10 21:53:27,882 - textile_logger - INFO - [nouns_table] already available Geschwister
2024-06-10 21:53:27,882 - textile_logger - INFO - [nouns_table] already available Schwester
2024-06-10 21:53:27,882 - textile_logger - INFO - [nouns_table] already available Bruder
2024-06-10 21:53:27,883 - textile_logger - INFO - [nouns_table] already available Eltern
2024-06-10 21:53:27,883 - textile_logger - INFO - [nouns_table] already available Haus
2024-06-10 21:53:27,883 - textile_logger - INFO - [nouns_table] already available Nähe
2024-06-10 21:53:27,884 - textile_logger - INFO - [nouns_table] already available Mutter
2024-06-10 21:53:27,884 - textile_logger - INFO - [nouns_table] already available Köchin
2024-06-10 21:53:27,884 - textile_logger - INFO - [nouns_table] already available Vater
2024-06-10 21:53:27,885 - textile_logger - INFO - [nouns_table] already available Bank
2024-06-10 21:53:27,885 - textile_logger - INFO - [nouns_table] already available Richter
2024-06-10 21:53:27,885 - textile_logger - INFO - [nouns_table] already available Monat
2024-06-10 21:53:27,886 - textile_logger - INFO - [nouns_table] already available Gericht
2024-06-10 21:53:27,886 - textile_logger - INFO - [nouns_table] already available Fall
2024-06-10 21:53:27,886 - textile_logger - INFO - [nouns_table] already available Staatsanwalt
2024-06-10 21:53:27,886 - textile_logger - INFO - [nouns_table] already available Strafprozess
2024-06-10 21:53:27,887 - textile_logger - INFO - [nouns_table] already available Strafe
2024-06-10 21:53:27,887 - textile_logger - INFO - [nouns_table] already available Geschäftsunterlagen
2024-06-10 21:53:27,887 - textile_logger - INFO - [nouns_table] already available Stadt
2024-06-10 21:53:27,888 - textile_logger - INFO - [nouns_table] already available Verbotenes
2024-06-10 21:53:27,888 - textile_logger - INFO - [nouns_table] already available Wahl
2024-06-10 21:53:27,888 - textile_logger - INFO - [nouns_table] already available Land
2024-06-10 21:53:27,889 - textile_logger - INFO - [nouns_table] already available Januar
2024-06-10 21:53:27,889 - textile_logger - INFO - [nouns_table] already available Präsident
2024-06-10 21:53:27,889 - textile_logger - INFO - [nouns_table] already available Gerichtstermin
2024-06-10 21:53:27,890 - textile_logger - INFO - [nouns_table] already available Wahrheit
2024-06-10 21:53:27,890 - textile_logger - INFO - [nouns_table] already available  Bündnis
2024-06-10 21:53:27,890 - textile_logger - INFO - [nouns_table] already available Mitgliedsländer
2024-06-10 21:53:27,891 - textile_logger - INFO - [nouns_table] already available  Quartier
2024-06-10 21:53:27,891 - textile_logger - INFO - [nouns_table] already available Hauptquartier
2024-06-10 21:53:27,891 - textile_logger - INFO - [nouns_table] already available Russland
2024-06-10 21:53:27,892 - textile_logger - INFO - [nouns_table] already available Militär
2024-06-10 21:53:27,892 - textile_logger - INFO - [nouns_table] already available Mitglied
2024-06-10 21:53:27,892 - textile_logger - INFO - [nouns_table] already available Nato
2024-06-10 21:53:27,892 - textile_logger - INFO - [nouns_table] already available Mitglieds
2024-06-10 21:53:27,893 - textile_logger - INFO - [nouns_table] already available Erweiterung
2024-06-10 21:53:27,893 - textile_logger - INFO - [nouns_table] already available General
2024-06-10 21:53:27,893 - textile_logger - INFO - [nouns_table] already available Generalsekretär
2024-06-10 21:53:27,894 - textile_logger - INFO - [nouns_table] already available Beitritt
2024-06-10 21:53:27,894 - textile_logger - INFO - [nouns_table] already available  Länder
2024-06-10 21:53:27,894 - textile_logger - INFO - [nouns_table] already available Militärbündnis
2024-06-10 21:53:27,895 - textile_logger - INFO - [nouns_table] already available Fahne
2024-06-10 21:53:27,895 - textile_logger - INFO - [nouns_table] already available  Mitglied
2024-06-10 21:53:27,895 - textile_logger - INFO - [nouns_table] already available Haupt
2024-06-10 21:53:27,896 - textile_logger - INFO - [nouns_table] already available Länder
2024-06-10 21:53:27,896 - textile_logger - INFO - [nouns_table] already available Regierung
2024-06-10 21:53:27,896 - textile_logger - INFO - [nouns_table] already available Mitglieder
2024-06-10 21:53:27,897 - textile_logger - INFO - [nouns_table] already available  Sekretär
2024-06-10 21:53:27,897 - textile_logger - INFO - [nouns_table] already available Feier
2024-06-10 21:53:27,897 - textile_logger - INFO - [nouns_table] already available Schriftsteller
2024-06-10 21:53:27,898 - textile_logger - INFO - [nouns_table] already available Krieg
2024-06-10 21:53:27,898 - textile_logger - INFO - [nouns_table] already available  Musik
2024-06-10 21:53:27,898 - textile_logger - INFO - [nouns_table] already available Millionen
2024-06-10 21:53:27,898 - textile_logger - INFO - [nouns_table] already available Soldat
2024-06-10 21:53:27,899 - textile_logger - INFO - [nouns_table] already available Welt
2024-06-10 21:53:27,899 - textile_logger - INFO - [nouns_table] already available  Führung
2024-06-10 21:53:27,899 - textile_logger - INFO - [nouns_table] already available  Krieg
2024-06-10 21:53:27,900 - textile_logger - INFO - [nouns_table] already available Westen
2024-06-10 21:53:27,900 - textile_logger - INFO - [nouns_table] already available  Salon
2024-06-10 21:53:27,900 - textile_logger - INFO - [nouns_table] already available  Preisen
2024-06-10 21:53:27,901 - textile_logger - INFO - [nouns_table] already available  Bild
2024-06-10 21:53:27,901 - textile_logger - INFO - [nouns_table] already available Filmpreisen
2024-06-10 21:53:27,901 - textile_logger - INFO - [nouns_table] already available Waschsalon
2024-06-10 21:53:27,902 - textile_logger - INFO - [nouns_table] already available Kamera
2024-06-10 21:53:27,902 - textile_logger - INFO - [nouns_table] already available Jahr
2024-06-10 21:53:27,902 - textile_logger - INFO - [nouns_table] already available Besitzerin
2024-06-10 21:53:27,903 - textile_logger - INFO - [nouns_table] already available Szenen
2024-06-10 21:53:27,903 - textile_logger - INFO - [nouns_table] already available Kameraführung
2024-06-10 21:53:27,903 - textile_logger - INFO - [nouns_table] already available Menschen
2024-06-10 21:53:27,903 - textile_logger - INFO - [nouns_table] already available Grippe
2024-06-10 21:53:27,904 - textile_logger - INFO - [nouns_table] already available Fieber
2024-06-10 21:53:27,904 - textile_logger - INFO - [nouns_table] already available Alternative
2024-06-10 21:53:27,904 - textile_logger - INFO - [nouns_table] already available Kinder
2024-06-10 21:53:27,905 - textile_logger - INFO - [nouns_table] already available Essen
2024-06-10 21:53:27,905 - textile_logger - INFO - [nouns_table] already available Besserung
2024-06-10 21:53:27,905 - textile_logger - INFO - [nouns_table] already available Rezept
2024-06-10 21:53:27,906 - textile_logger - INFO - [nouns_table] already available leben
2024-06-10 21:53:27,906 - textile_logger - INFO - [nouns_table] already available Sohn
2024-06-10 21:53:27,906 - textile_logger - INFO - [nouns_table] already available Viren
2024-06-10 21:53:27,907 - textile_logger - INFO - [nouns_table] already available Podcast
2024-06-10 21:53:27,907 - textile_logger - INFO - [nouns_table] already available Husten
2024-06-10 21:53:27,907 - textile_logger - INFO - [nouns_table] already available Erkältung
2024-06-10 21:53:27,908 - textile_logger - INFO - [nouns_table] already available Saft
2024-06-10 21:53:27,908 - textile_logger - INFO - [nouns_table] already available Dialog
2024-06-10 21:53:27,908 - textile_logger - INFO - [nouns_table] already available Moderatoren
2024-06-10 21:53:27,908 - textile_logger - INFO - [nouns_table] already available Winter
2024-06-10 21:53:27,909 - textile_logger - INFO - [nouns_table] already available Morgen
2024-06-10 21:53:27,909 - textile_logger - INFO - [nouns_table] already available Zeit
2024-06-10 21:53:27,909 - textile_logger - INFO - [nouns_table] already available Mühe
2024-06-10 21:53:27,910 - textile_logger - INFO - [nouns_table] already available Wochen
2024-06-10 21:53:27,910 - textile_logger - INFO - [nouns_table] already available Wartezimmer
2024-06-10 21:53:27,910 - textile_logger - INFO - [nouns_table] already available Text
2024-06-10 21:53:27,911 - textile_logger - INFO - [nouns_table] already available Danke
2024-06-10 21:53:27,911 - textile_logger - INFO - [nouns_table] already available Radio
2024-06-10 21:53:27,911 - textile_logger - INFO - [nouns_table] already available Tage
2024-06-10 21:53:27,912 - textile_logger - INFO - [nouns_table] already available Katze
2024-06-10 21:53:27,912 - textile_logger - INFO - [nouns_table] already available Dialoges
2024-06-10 21:53:27,912 - textile_logger - INFO - [nouns_table] already available Schnupfen
2024-06-10 21:53:27,913 - textile_logger - INFO - [nouns_table] already available Arbeit
2024-06-10 21:53:27,913 - textile_logger - INFO - [nouns_table] already available Spaziergang
2024-06-10 21:53:27,913 - textile_logger - INFO - [nouns_table] already available Glück
2024-06-10 21:53:27,914 - textile_logger - INFO - [nouns_table] already available Gefühl
2024-06-10 21:53:27,914 - textile_logger - INFO - [nouns_table] already available Getränke
2024-06-10 21:53:27,914 - textile_logger - INFO - [nouns_table] already available Attest
2024-06-10 21:53:27,915 - textile_logger - INFO - [nouns_table] already available Kopfweh
2024-06-10 21:53:27,915 - textile_logger - INFO - [nouns_table] already available Wunder
2024-06-10 21:53:27,915 - textile_logger - INFO - [nouns_table] already available Kontakt
2024-06-10 21:53:27,916 - textile_logger - INFO - [nouns_table] already available Kind
2024-06-10 21:53:27,916 - textile_logger - INFO - [nouns_table] already available Kinderarzt
2024-06-10 21:53:27,916 - textile_logger - INFO - [nouns_table] already available Bleib
2024-06-10 21:53:27,917 - textile_logger - INFO - [nouns_table] already available Schmerzmittel
2024-06-10 21:53:27,917 - textile_logger - INFO - [nouns_table] already available Schule
2024-06-10 21:53:27,917 - textile_logger - INFO - [nouns_table] already available Medikamente
2024-06-10 21:53:27,917 - textile_logger - INFO - [nouns_table] already available Tag
2024-06-10 21:53:27,918 - textile_logger - INFO - [nouns_table] already available Schmerzen
2024-06-10 21:53:27,918 - textile_logger - INFO - [nouns_table] already available Arzt
2024-06-10 21:53:27,918 - textile_logger - INFO - [nouns_table] already available Nachrichten
2024-06-10 21:53:27,919 - textile_logger - INFO - [nouns_table] already available Geschichte
2024-06-10 21:53:27,919 - textile_logger - INFO - [nouns_table] already available Pflanzen
2024-06-10 21:53:27,919 - textile_logger - INFO - [nouns_table] already available  Mittel
2024-06-10 21:53:27,920 - textile_logger - INFO - [nouns_table] already available Chemie
2024-06-10 21:53:27,920 - textile_logger - INFO - [nouns_table] already available  Vertrag
2024-06-10 21:53:27,920 - textile_logger - INFO - [nouns_table] already available Bundesregierung
2024-06-10 21:53:27,921 - textile_logger - INFO - [nouns_table] already available Verkauf
2024-06-10 21:53:27,921 - textile_logger - INFO - [nouns_table] already available Parteien
2024-06-10 21:53:27,921 - textile_logger - INFO - [nouns_table] already available Gehirn
2024-06-10 21:53:27,922 - textile_logger - INFO - [nouns_table] already available Sand
2024-06-10 21:53:27,922 - textile_logger - INFO - [nouns_table] already available Drogenhändler
2024-06-10 21:53:27,922 - textile_logger - INFO - [nouns_table] already available Leute
2024-06-10 21:53:27,922 - textile_logger - INFO - [nouns_table] already available Zucker
2024-06-10 21:53:27,923 - textile_logger - INFO - [nouns_table] already available  Händler
2024-06-10 21:53:27,923 - textile_logger - INFO - [nouns_table] already available Blätter
2024-06-10 21:53:27,923 - textile_logger - INFO - [nouns_table] already available Beispiel
2024-06-10 21:53:27,924 - textile_logger - INFO - [nouns_table] already available Streit
2024-06-10 21:53:27,924 - textile_logger - INFO - [nouns_table] already available Bedingungen
2024-06-10 21:53:27,924 - textile_logger - INFO - [nouns_table] already available Rausch
2024-06-10 21:53:27,925 - textile_logger - INFO - [nouns_table] already available Cannabis
2024-06-10 21:53:27,925 - textile_logger - INFO - [nouns_table] already available Erlaubnis
2024-06-10 21:53:27,925 - textile_logger - INFO - [nouns_table] already available Koalitionsvertrag
2024-06-10 21:53:27,926 - textile_logger - INFO - [nouns_table] already available  Minister
2024-06-10 21:53:27,926 - textile_logger - INFO - [nouns_table] already available Drogenhändlern
2024-06-10 21:53:27,926 - textile_logger - INFO - [nouns_table] already available Fachleute
2024-06-10 21:53:27,927 - textile_logger - INFO - [nouns_table] already available Droge
2024-06-10 21:53:27,927 - textile_logger - INFO - [nouns_table] already available Geschäfte
2024-06-10 21:53:27,927 - textile_logger - INFO - [nouns_table] already available Teile
2024-06-10 21:53:27,928 - textile_logger - INFO - [nouns_table] already available Gewürze
2024-06-10 21:53:27,928 - textile_logger - INFO - [nouns_table] already available Ärzte
2024-06-10 21:53:27,928 - textile_logger - INFO - [nouns_table] already available Vereine
2024-06-10 21:53:27,928 - textile_logger - INFO - [nouns_table] already available  Regierung
2024-06-10 21:53:27,929 - textile_logger - INFO - [nouns_table] already available Gesundheits
2024-06-10 21:53:27,929 - textile_logger - INFO - [nouns_table] already available Gegenden
2024-06-10 21:53:27,929 - textile_logger - INFO - [nouns_table] already available Pflanze
2024-06-10 21:53:27,930 - textile_logger - INFO - [nouns_table] already available Moment
2024-06-10 21:53:27,930 - textile_logger - INFO - [nouns_table] already available Angst
2024-06-10 21:53:27,930 - textile_logger - INFO - [nouns_table] already available Drogen
2024-06-10 21:53:27,931 - textile_logger - INFO - [nouns_table] already available Gesundheitsminister
2024-06-10 21:53:27,931 - textile_logger - INFO - [nouns_table] already available Erwachsene
2024-06-10 21:53:27,931 - textile_logger - INFO - [nouns_table] already available Qualität
2024-06-10 21:53:27,932 - textile_logger - INFO - [nouns_table] already available Hause
2024-06-10 21:53:27,932 - textile_logger - INFO - [nouns_table] already available Dezember
2024-06-10 21:53:27,932 - textile_logger - INFO - [nouns_table] already available  Team
2024-06-10 21:53:27,933 - textile_logger - INFO - [nouns_table] already available Hinspiel
2024-06-10 21:53:27,933 - textile_logger - INFO - [nouns_table] already available WM
2024-06-10 21:53:27,933 - textile_logger - INFO - [nouns_table] already available Qualifikation
2024-06-10 21:53:27,934 - textile_logger - INFO - [nouns_table] already available Frauen
2024-06-10 21:53:27,934 - textile_logger - INFO - [nouns_table] already available Hin
2024-06-10 21:53:27,934 - textile_logger - INFO - [nouns_table] already available  Meisterschaft
2024-06-10 21:53:27,935 - textile_logger - INFO - [nouns_table] already available Grund
2024-06-10 21:53:27,935 - textile_logger - INFO - [nouns_table] already available Rück
2024-06-10 21:53:27,935 - textile_logger - INFO - [nouns_table] already available Ländern
2024-06-10 21:53:27,936 - textile_logger - INFO - [nouns_table] already available Toren
2024-06-10 21:53:27,936 - textile_logger - INFO - [nouns_table] already available Handballerinnen
2024-06-10 21:53:27,936 - textile_logger - INFO - [nouns_table] already available Weltmeisterschaft
2024-06-10 21:53:27,936 - textile_logger - INFO - [nouns_table] already available November
2024-06-10 21:53:27,937 - textile_logger - INFO - [nouns_table] already available Rückspiel
2024-06-10 21:53:27,937 - textile_logger - INFO - [nouns_table] already available  Spiel
2024-06-10 21:53:27,937 - textile_logger - INFO - [nouns_table] already available Potter
2024-06-10 21:53:27,938 - textile_logger - INFO - [nouns_table] already available Kinofilmen
2024-06-10 21:53:27,938 - textile_logger - INFO - [nouns_table] already available Geschichten
2024-06-10 21:53:27,938 - textile_logger - INFO - [nouns_table] already available Serie
2024-06-10 21:53:27,939 - textile_logger - INFO - [nouns_table] already available Firma
2024-06-10 21:53:27,939 - textile_logger - INFO - [nouns_table] already available Autorin
2024-06-10 21:53:27,939 - textile_logger - INFO - [nouns_table] already available Schauspielerinnen
2024-06-10 21:53:27,940 - textile_logger - INFO - [nouns_table] already available Platz
2024-06-10 21:53:27,940 - textile_logger - INFO - [nouns_table] already available Kino
2024-06-10 21:53:27,940 - textile_logger - INFO - [nouns_table] already available  Spieler
2024-06-10 21:53:27,941 - textile_logger - INFO - [nouns_table] already available Schau
2024-06-10 21:53:27,941 - textile_logger - INFO - [nouns_table] already available Einzelheiten
2024-06-10 21:53:27,941 - textile_logger - INFO - [nouns_table] already available Kinofilm
2024-06-10 21:53:27,942 - textile_logger - INFO - [nouns_table] already available Potter“büchern
2024-06-10 21:53:27,942 - textile_logger - INFO - [nouns_table] already available Potter“
2024-06-10 21:53:27,942 - textile_logger - INFO - [nouns_table] already available Bücher
2024-06-10 21:53:27,942 - textile_logger - INFO - [nouns_table] already available  Filmen
2024-06-10 21:53:27,943 - textile_logger - INFO - [nouns_table] already available  Film
2024-06-10 21:53:27,943 - textile_logger - INFO - [nouns_table] already available Streaming
2024-06-10 21:53:27,943 - textile_logger - INFO - [nouns_table] already available  Dienst
2024-06-10 21:53:27,944 - textile_logger - INFO - [nouns_table] already available Kinofilme
2024-06-10 21:53:27,944 - textile_logger - INFO - [nouns_table] already available Fernseh
2024-06-10 21:53:27,944 - textile_logger - INFO - [nouns_table] already available  Büchern
2024-06-10 21:53:27,945 - textile_logger - INFO - [nouns_table] already available Zauberer
2024-06-10 21:53:27,945 - textile_logger - INFO - [nouns_table] already available Fernsehserie
2024-06-10 21:53:27,945 - textile_logger - INFO - [nouns_table] already available  Serie
2024-06-10 21:53:27,946 - textile_logger - INFO - [nouns_table] already available Schauspieler
2024-06-10 21:53:27,946 - textile_logger - INFO - [nouns_table] already available Helfer
2024-06-10 21:53:27,946 - textile_logger - INFO - [nouns_table] already available Trinkwasser
2024-06-10 21:53:27,947 - textile_logger - INFO - [nouns_table] already available Armee
2024-06-10 21:53:27,947 - textile_logger - INFO - [nouns_table] already available Tagen
2024-06-10 21:53:27,947 - textile_logger - INFO - [nouns_table] already available  Armee
2024-06-10 21:53:27,948 - textile_logger - INFO - [nouns_table] already available Rebellen
2024-06-10 21:53:27,948 - textile_logger - INFO - [nouns_table] already available Wohn
2024-06-10 21:53:27,948 - textile_logger - INFO - [nouns_table] already available  Viertel
2024-06-10 21:53:27,948 - textile_logger - INFO - [nouns_table] already available Tote
2024-06-10 21:53:27,949 - textile_logger - INFO - [nouns_table] already available Rücksicht
2024-06-10 21:53:27,949 - textile_logger - INFO - [nouns_table] already available Macht
2024-06-10 21:53:27,949 - textile_logger - INFO - [nouns_table] already available Kämpfe
2024-06-10 21:53:27,950 - textile_logger - INFO - [nouns_table] already available Strom
2024-06-10 21:53:27,950 - textile_logger - INFO - [nouns_table] already available Armeen
2024-06-10 21:53:27,950 - textile_logger - INFO - [nouns_table] already available Trink
2024-06-10 21:53:27,951 - textile_logger - INFO - [nouns_table] already available  Wasser
2024-06-10 21:53:27,951 - textile_logger - INFO - [nouns_table] already available Wohnviertel
2024-06-10 21:53:27,951 - textile_logger - INFO - [nouns_table] already available Kontinent
2024-06-10 21:53:27,952 - textile_logger - INFO - [nouns_table] already available Kämpfen
2024-06-10 21:53:27,952 - textile_logger - INFO - [nouns_table] already available Helferinnen
2024-06-10 21:53:27,952 - textile_logger - INFO - [nouns_table] already available Hilfsorganisation
2024-06-10 21:53:27,953 - textile_logger - INFO - [nouns_table] already available Verkehrs
2024-06-10 21:53:27,953 - textile_logger - INFO - [nouns_table] already available Autos
2024-06-10 21:53:27,953 - textile_logger - INFO - [nouns_table] already available Auto
2024-06-10 21:53:27,953 - textile_logger - INFO - [nouns_table] already available Barrikaden
2024-06-10 21:53:27,954 - textile_logger - INFO - [nouns_table] already available Waffe
2024-06-10 21:53:27,954 - textile_logger - INFO - [nouns_table] already available Verkehrskontrolle
2024-06-10 21:53:27,954 - textile_logger - INFO - [nouns_table] already available Einrichtungen
2024-06-10 21:53:27,955 - textile_logger - INFO - [nouns_table] already available Müll
2024-06-10 21:53:27,955 - textile_logger - INFO - [nouns_table] already available Kugel
2024-06-10 21:53:27,955 - textile_logger - INFO - [nouns_table] already available Krawalle
2024-06-10 21:53:27,956 - textile_logger - INFO - [nouns_table] already available Video
2024-06-10 21:53:27,956 - textile_logger - INFO - [nouns_table] already available  Container
2024-06-10 21:53:27,956 - textile_logger - INFO - [nouns_table] already available Festnahmen
2024-06-10 21:53:27,957 - textile_logger - INFO - [nouns_table] already available 17
2024-06-10 21:53:27,957 - textile_logger - INFO - [nouns_table] already available Staat
2024-06-10 21:53:27,957 - textile_logger - INFO - [nouns_table] already available  Kontrolle
2024-06-10 21:53:27,958 - textile_logger - INFO - [nouns_table] already available Gewalt
2024-06-10 21:53:27,958 - textile_logger - INFO - [nouns_table] already available Satz
2024-06-10 21:53:27,958 - textile_logger - INFO - [nouns_table] already available Hauptstadt
2024-06-10 21:53:27,959 - textile_logger - INFO - [nouns_table] already available Feuerwerkskörpern
2024-06-10 21:53:27,959 - textile_logger - INFO - [nouns_table] already available Vorfall
2024-06-10 21:53:27,959 - textile_logger - INFO - [nouns_table] already available Demonstrierende
2024-06-10 21:53:27,959 - textile_logger - INFO - [nouns_table] already available Polizist
2024-06-10 21:53:27,960 - textile_logger - INFO - [nouns_table] already available Feuerwerks
2024-06-10 21:53:27,960 - textile_logger - INFO - [nouns_table] already available Vororten
2024-06-10 21:53:27,960 - textile_logger - INFO - [nouns_table] already available Müllcontainer
2024-06-10 21:53:27,961 - textile_logger - INFO - [nouns_table] already available  Körpern
2024-06-10 21:53:27,961 - textile_logger - INFO - [nouns_table] already available Polizisten
2024-06-10 21:53:27,961 - textile_logger - INFO - [nouns_table] already available Einsatz
2024-06-10 21:53:27,962 - textile_logger - INFO - [nouns_table] already available Jugendliche
2024-06-10 21:53:27,962 - textile_logger - INFO - [nouns_table] already available Kopf
2024-06-10 21:53:27,962 - textile_logger - INFO - [nouns_table] already available Stimmen
2024-06-10 21:53:27,963 - textile_logger - INFO - [nouns_table] already available  Wahl
2024-06-10 21:53:27,963 - textile_logger - INFO - [nouns_table] already available Ergebnis
2024-06-10 21:53:27,963 - textile_logger - INFO - [nouns_table] already available Sieg
2024-06-10 21:53:27,964 - textile_logger - INFO - [nouns_table] already available Polizeifoto
2024-06-10 21:53:27,964 - textile_logger - INFO - [nouns_table] already available  Präsident
2024-06-10 21:53:27,964 - textile_logger - INFO - [nouns_table] already available Verbrecher“foto
2024-06-10 21:53:27,964 - textile_logger - INFO - [nouns_table] already available Vorwürfe
2024-06-10 21:53:27,965 - textile_logger - INFO - [nouns_table] already available Medien
2024-06-10 21:53:27,965 - textile_logger - INFO - [nouns_table] already available Hexenjagd
2024-06-10 21:53:27,965 - textile_logger - INFO - [nouns_table] already available Behörden
2024-06-10 21:53:27,966 - textile_logger - INFO - [nouns_table] already available Verbrecher
2024-06-10 21:53:27,966 - textile_logger - INFO - [nouns_table] already available Bundesstaat
2024-06-10 21:53:27,966 - textile_logger - INFO - [nouns_table] already available  Foto
2024-06-10 21:53:27,967 - textile_logger - INFO - [nouns_table] already available Woche
2024-06-10 21:53:27,967 - textile_logger - INFO - [nouns_table] already available  Jagd
2024-06-10 21:53:27,968 - textile_logger - INFO - [nouns_table] already available  Bundes
2024-06-10 21:53:27,968 - textile_logger - INFO - [nouns_table] already available  Staat
2024-06-10 21:53:27,968 - textile_logger - INFO - [nouns_table] already available  Kampf
2024-06-10 21:53:27,969 - textile_logger - INFO - [nouns_table] already available Us
2024-06-10 21:53:27,969 - textile_logger - INFO - [nouns_table] already available  Shirts
2024-06-10 21:53:27,970 - textile_logger - INFO - [nouns_table] already available Hexen
2024-06-10 21:53:27,970 - textile_logger - INFO - [nouns_table] already available T
2024-06-10 21:53:27,970 - textile_logger - INFO - [nouns_table] already available Straßen
2024-06-10 21:53:27,973 - textile_logger - INFO - [nouns_table] already available Weg
2024-06-10 21:53:27,974 - textile_logger - INFO - [nouns_table] already available Wetter
2024-06-10 21:53:27,974 - textile_logger - INFO - [nouns_table] already available Wasser
2024-06-10 21:53:27,974 - textile_logger - INFO - [nouns_table] already available Reise
2024-06-10 21:53:27,975 - textile_logger - INFO - [nouns_table] already available Sonne
2024-06-10 21:53:27,975 - textile_logger - INFO - [nouns_table] already available Frau
2024-06-10 21:53:27,975 - textile_logger - INFO - [nouns_table] already available Route
2024-06-10 21:53:27,976 - textile_logger - INFO - [nouns_table] already available Flasche
2024-06-10 21:53:27,976 - textile_logger - INFO - [nouns_table] already available Buch
2024-06-10 21:53:27,976 - textile_logger - INFO - [nouns_table] already available Mann
2024-06-10 21:53:27,977 - textile_logger - INFO - [nouns_table] already available Bäumen
2024-06-10 21:53:27,977 - textile_logger - INFO - [nouns_table] already available Natur
2024-06-10 21:53:27,978 - textile_logger - INFO - [nouns_table] already available Bälle
2024-06-10 21:53:27,978 - textile_logger - INFO - [nouns_table] already available Park
2024-06-10 21:53:27,978 - textile_logger - INFO - [nouns_table] already available Vögel
2024-06-10 21:53:27,978 - textile_logger - INFO - [nouns_table] already available Wiese
2024-06-10 21:53:27,979 - textile_logger - INFO - [nouns_table] already available Mädchen
2024-06-10 21:53:27,979 - textile_logger - INFO - [nouns_table] already available Ball
2024-06-10 21:53:27,979 - textile_logger - INFO - [nouns_table] already available Hund
2024-06-10 21:53:27,980 - textile_logger - INFO - [nouns_table] already available Experimentieren
2024-06-10 21:53:27,980 - textile_logger - INFO - [nouns_table] already available Vordergrund
2024-06-10 21:53:27,980 - textile_logger - INFO - [nouns_table] already available Schmerzes
2024-06-10 21:53:27,981 - textile_logger - INFO - [nouns_table] already available Abendessen
2024-06-10 21:53:27,981 - textile_logger - INFO - [nouns_table] already available Möglichkeit
2024-06-10 21:53:27,981 - textile_logger - INFO - [nouns_table] already available Gemüse
2024-06-10 21:53:27,982 - textile_logger - INFO - [nouns_table] already available Höhen
2024-06-10 21:53:27,982 - textile_logger - INFO - [nouns_table] already available Küche
2024-06-10 21:53:27,982 - textile_logger - INFO - [nouns_table] already available Tränen
2024-06-10 21:53:27,983 - textile_logger - INFO - [nouns_table] already available Oscar
2024-06-10 21:53:27,983 - textile_logger - INFO - [nouns_table] already available Weltkrieg
2024-06-10 21:53:27,983 - textile_logger - INFO - [nouns_table] already available Regisseur
2024-06-10 21:53:27,984 - textile_logger - INFO - [nouns_table] already available Wasch
2024-06-10 21:53:27,984 - textile_logger - INFO - [nouns_table] already available Filmmusik
2024-06-10 21:53:27,984 - textile_logger - INFO - [nouns_table] already available Neues
2024-06-10 21:53:27,985 - textile_logger - INFO - [nouns_table] already available Film
2024-06-10 21:53:27,985 - textile_logger - INFO - [nouns_table] already available Oscars
2024-06-10 21:53:27,985 - textile_logger - INFO - [nouns_table] already available Generationen
2024-06-10 21:53:27,986 - textile_logger - INFO - [nouns_table] already available anderen
2024-06-10 21:53:27,986 - textile_logger - INFO - [nouns_table] already available Älteren
2024-06-10 21:53:27,986 - textile_logger - INFO - [nouns_table] already available Krankenschwester
2024-06-10 21:53:27,986 - textile_logger - INFO - [nouns_table] already available Alters
2024-06-10 21:53:27,987 - textile_logger - INFO - [nouns_table] already available Gemeinschaftsbereich
2024-06-10 21:53:27,987 - textile_logger - INFO - [nouns_table] already available Füreinander
2024-06-10 21:53:27,987 - textile_logger - INFO - [nouns_table] already available Gegenzug
2024-06-10 21:53:27,988 - textile_logger - INFO - [nouns_table] already available Unabhängigkeit
2024-06-10 21:53:27,988 - textile_logger - INFO - [nouns_table] already available Fähigkeiten
2024-06-10 21:53:27,988 - textile_logger - INFO - [nouns_table] already available Erziehung
2024-06-10 21:53:27,989 - textile_logger - INFO - [nouns_table] already available Erfahrungen
2024-06-10 21:53:27,989 - textile_logger - INFO - [nouns_table] already available Ende
2024-06-10 21:53:27,989 - textile_logger - INFO - [nouns_table] already available Gemeinschaft
2024-06-10 21:53:27,990 - textile_logger - INFO - [nouns_table] already available Teil
2024-06-10 21:53:27,990 - textile_logger - INFO - [nouns_table] already available Lösung
2024-06-10 21:53:27,990 - textile_logger - INFO - [nouns_table] already available Kindern
2024-06-10 21:53:27,991 - textile_logger - INFO - [nouns_table] already available  Jährige
2024-06-10 21:53:27,991 - textile_logger - INFO - [nouns_table] already available Schulaufgaben
2024-06-10 21:53:27,991 - textile_logger - INFO - [nouns_table] already available Geschwistern
2024-06-10 21:53:27,992 - textile_logger - INFO - [nouns_table] already available Motto
2024-06-10 21:53:27,992 - textile_logger - INFO - [nouns_table] already available Berufslebens
2024-06-10 21:53:27,992 - textile_logger - INFO - [nouns_table] already available 70
2024-06-10 21:53:27,993 - textile_logger - INFO - [nouns_table] already available Können
2024-06-10 21:53:27,993 - textile_logger - INFO - [nouns_table] already available Lebensgefühl
2024-06-10 21:53:27,993 - textile_logger - INFO - [nouns_table] already available Alter
2024-06-10 21:53:27,993 - textile_logger - INFO - [nouns_table] already available Altersheim
2024-06-10 21:53:28,199 - textile_logger - INFO - [nouns_table] already available Menschen
2024-06-10 21:53:28,199 - textile_logger - INFO - [nouns_table] already available Lebensgefühl
2024-06-10 21:53:28,200 - textile_logger - INFO - [nouns_table] already available Geschwistern
2024-06-10 21:53:28,200 - textile_logger - INFO - [nouns_table] already available Erwachsene
2024-06-10 21:53:28,200 - textile_logger - INFO - [nouns_table] already available Krankenschwester
2024-06-10 21:53:28,201 - textile_logger - INFO - [nouns_table] already available Wunder
2024-06-10 21:53:28,201 - textile_logger - INFO - [nouns_table] already available Alter
2024-06-10 21:53:29,015 - textile_logger - INFO - [nouns_table] parsing Gesellschaft
2024-06-10 21:53:29,016 - textile_logger - INFO - [nouns_table] already available Alters
2024-06-10 21:53:29,018 - textile_logger - INFO - [nouns_table] already available Altersheim
2024-06-10 21:53:29,601 - textile_logger - INFO - [nouns_table] parsing Option
2024-06-10 21:53:29,601 - textile_logger - INFO - [nouns_table] already available Lösung
2024-06-10 21:53:29,997 - textile_logger - INFO - [nouns_table] parsing Mehrgenerationenwohnen
2024-06-10 21:53:29,997 - textile_logger - INFO - [nouns_table] already available Motto
2024-06-10 21:53:30,000 - textile_logger - INFO - [nouns_table] already available Füreinander
2024-06-10 21:53:30,001 - textile_logger - INFO - [nouns_table] already available Älteren
2024-06-10 21:53:30,636 - textile_logger - INFO - [nouns_table] parsing Mehrgenerationenhaus
2024-06-10 21:53:31,144 - textile_logger - INFO - [nouns_table] parsing Wohnung
2024-06-10 21:53:31,145 - textile_logger - INFO - [nouns_table] already available Unabhängigkeit
2024-06-10 21:53:31,148 - textile_logger - INFO - [nouns_table] already available Zeit
2024-06-10 21:53:31,150 - textile_logger - INFO - [nouns_table] already available Gemeinschaftsbereich
2024-06-10 21:53:31,581 - textile_logger - INFO - [nouns_table] parsing Treff
2024-06-10 21:53:32,056 - textile_logger - INFO - [nouns_table] parsing Gespräch
2024-06-10 21:53:32,812 - textile_logger - INFO - [nouns_table] parsing Wohnzimmer
2024-06-10 21:53:33,212 - textile_logger - INFO - [nouns_table] parsing Treffpunkt
2024-06-10 21:53:33,213 - textile_logger - INFO - [nouns_table] already available Generationen
2024-06-10 21:53:33,214 - textile_logger - INFO - [nouns_table] already available Erfahrungen
2024-06-10 21:53:33,215 - textile_logger - INFO - [nouns_table] already available Fähigkeiten
2024-06-10 21:53:34,002 - textile_logger - INFO - [nouns_table] parsing Wissen
2024-06-10 21:53:34,002 - textile_logger - INFO - [nouns_table] already available Können
2024-06-10 21:53:34,005 - textile_logger - INFO - [nouns_table] already available anderen
2024-06-10 21:53:34,007 - textile_logger - INFO - [nouns_table] already available Kindern
2024-06-10 21:53:34,007 - textile_logger - INFO - [nouns_table] already available Schulaufgaben
2024-06-10 21:53:34,008 - textile_logger - INFO - [nouns_table] already available Eltern
2024-06-10 21:53:34,008 - textile_logger - INFO - [nouns_table] already available Erziehung
2024-06-10 21:53:34,169 - textile_logger - INFO - [nouns_table] parsing Ohr
2024-06-10 21:53:34,169 - textile_logger - INFO - [nouns_table] already available Gegenzug
2024-06-10 21:53:34,172 - textile_logger - INFO - [nouns_table] already available Teil
2024-06-10 21:53:34,175 - textile_logger - INFO - [nouns_table] already available Gemeinschaft
2024-06-10 21:53:34,177 - textile_logger - INFO - [nouns_table] already available Ende
2024-06-10 21:53:34,180 - textile_logger - INFO - [nouns_table] already available Berufslebens
2024-06-10 21:53:34,182 - textile_logger - INFO - [nouns_table] already available 70
2024-06-10 21:53:34,185 - textile_logger - INFO - [nouns_table] already available  Jährige
2024-06-10 21:53:35,178 - textile_logger - INFO - [nouns_table] parsing 70jährige
